2025-12-12 17:55:01,752 [INFO    ] [root                ] [MainThread] --- Logging diinisialisasi. File: output\pipeline_20251212_175501.log
2025-12-12 17:55:01,752 [INFO    ] [root                ] [MainThread] --- ================================================================================
2025-12-12 17:55:01,752 [INFO    ] [root                ] [MainThread] ---                             VOLCANOAI SYSTEM STARTUP                            
2025-12-12 17:55:01,752 [INFO    ] [root                ] [MainThread] --- ================================================================================
2025-12-12 17:55:01,775 [WARNING ] [VolcanoAI.processing.realtime_data_stream] [MainThread] --- File MIROVA tidak ditemukan di path: output/realtime/mirova_log.txt
2025-12-12 17:55:01,775 [INFO    ] [VolcanoAiPipeline   ] [MainThread] --- Pipeline VolcanoAI 5.2.0-TITAN-EXCEL initialized successfully.
2025-12-12 17:55:01,775 [INFO    ] [VolcanoAiPipeline   ] [MainThread] --- Starting Pipeline Execution...
2025-12-12 17:55:01,775 [INFO    ] [VolcanoAiPipeline   ] [MainThread] --- 
========== PHASE 1: DATA LOADING ==========
2025-12-12 17:55:01,775 [INFO    ] [SystemMonitor       ] [MainThread] --- RAM Usage: 59.9%
2025-12-12 17:55:01,784 [INFO    ] [VolcanoAiPipeline   ] [MainThread] --- 
========== PHASE 2: FEATURE ENGINEERING ==========
2025-12-12 17:55:01,800 [INFO    ] [FeatureEngineer     ] [MainThread] --- >>> FE TRAIN: Initializing new preprocessor state.
2025-12-12 17:55:01,955 [INFO    ] [FeatureEngineer     ] [MainThread] --- Smart Classifier Trained.
2025-12-12 17:55:02,002 [WARNING ] [FeatureEngineer     ] [MainThread] --- Imputer Warning: Kolom berikut kosong total saat training -> diisi 0.0: ['OLI_total (W)', 'MSI_total (W)']
2025-12-12 17:55:02,591 [INFO    ] [VolcanoAI.processing.feature_engineer] [MainThread] --- Preprocessor state saved to: output\feature_preprocessor.pkl
2025-12-12 17:55:02,593 [INFO    ] [FeatureEngineer     ] [MainThread] --- Feature Engineering Complete. Shape: (1307, 55)
2025-12-12 17:55:02,593 [INFO    ] [FeatureEngineer     ] [MainThread] --- >>> FE TRAIN: Initializing new preprocessor state.
2025-12-12 17:55:02,691 [INFO    ] [FeatureEngineer     ] [MainThread] --- Smart Classifier Trained.
2025-12-12 17:55:02,722 [WARNING ] [FeatureEngineer     ] [MainThread] --- Imputer Warning: Kolom berikut kosong total saat training -> diisi 0.0: ['OLI_total (W)', 'MSI_total (W)']
