2025-12-17 23:38:44,290 [INFO    ] [root                ] [MainThread] --- Logging diinisialisasi. File: output\pipeline_20251217_233844.log
2025-12-17 23:38:44,291 [INFO    ] [root                ] [MainThread] --- ================================================================================
2025-12-17 23:38:44,293 [INFO    ] [root                ] [MainThread] ---                             VOLCANOAI SYSTEM STARTUP                            
2025-12-17 23:38:44,295 [INFO    ] [root                ] [MainThread] --- ================================================================================
2025-12-17 23:38:44,339 [WARNING ] [VolcanoAI.processing.realtime_data_stream] [MainThread] --- File MIROVA tidak ditemukan di path: output/realtime/mirova_log.txt
2025-12-17 23:38:44,342 [INFO    ] [VolcanoAiPipeline   ] [MainThread] --- Pipeline VolcanoAI 5.2.0-TITAN-EXCEL initialized successfully.
2025-12-17 23:38:44,345 [INFO    ] [VolcanoAiPipeline   ] [MainThread] --- Starting Pipeline Execution...
2025-12-17 23:38:44,346 [INFO    ] [VolcanoAiPipeline   ] [MainThread] --- 
========== PHASE 1: DATA LOADING ==========
2025-12-17 23:38:44,520 [INFO    ] [VolcanoAiPipeline   ] [MainThread] --- 
========== PHASE 2: FEATURE ENGINEERING ==========
2025-12-17 23:38:44,554 [INFO    ] [FeatureEngineer     ] [MainThread] --- >>> FE TRAIN: Initializing new preprocessor state.
2025-12-17 23:38:44,986 [INFO    ] [FeatureEngineer     ] [MainThread] --- Smart Classifier Trained.
2025-12-17 23:38:45,186 [WARNING ] [FeatureEngineer     ] [MainThread] --- Imputer Warning: Kolom berikut kosong total saat training -> diisi 0.0: ['OLI_total (W)', 'MSI_total (W)']
2025-12-17 23:38:46,995 [INFO    ] [VolcanoAI.processing.feature_engineer] [MainThread] --- Preprocessor state saved to: output\feature_preprocessor.pkl
2025-12-17 23:38:46,997 [INFO    ] [FeatureEngineer     ] [MainThread] --- Feature Engineering Complete. Shape: (1307, 55)
2025-12-17 23:38:47,000 [INFO    ] [FeatureEngineer     ] [MainThread] --- >>> FE TRAIN: Initializing new preprocessor state.
2025-12-17 23:38:47,550 [INFO    ] [FeatureEngineer     ] [MainThread] --- Smart Classifier Trained.
2025-12-17 23:38:47,650 [WARNING ] [FeatureEngineer     ] [MainThread] --- Imputer Warning: Kolom berikut kosong total saat training -> diisi 0.0: ['OLI_total (W)', 'MSI_total (W)']
2025-12-17 23:38:49,082 [INFO    ] [VolcanoAI.processing.feature_engineer] [MainThread] --- Preprocessor state saved to: output\feature_preprocessor.pkl
2025-12-17 23:38:49,084 [INFO    ] [FeatureEngineer     ] [MainThread] --- Feature Engineering Complete. Shape: (561, 55)
2025-12-17 23:38:49,089 [INFO    ] [VolcanoAiPipeline   ] [MainThread] --- 
========== PHASE 3: MODEL TRAINING ==========
2025-12-17 23:38:49,885 [INFO    ] [ACO_Engine_Master   ] [MainThread] --- [ACO] Melanjutkan dari brain state sebelumnya.
2025-12-17 23:39:11,435 [INFO    ] [ACO_Engine_Master   ] [MainThread] --- [ACO Iter-41] Stagnasi (41) → Smooth Reset Pheromone.
2025-12-17 23:39:31,034 [INFO    ] [ACO_Engine_Master   ] [MainThread] --- [ACO Iter-105] Stagnasi (41) → Smooth Reset Pheromone.
2025-12-17 23:39:42,180 [INFO    ] [ACO_Engine_Master   ] [MainThread] --- [ACO Iter-146] Stagnasi (41) → Smooth Reset Pheromone.
2025-12-17 23:40:01,373 [WARNING ] [ACO_Engine_Master   ] [MainThread] --- [ACO] Dataframe kosong atau kurang kolom untuk visualisasi.
2025-12-17 23:40:01,378 [CRITICAL] [PipelineGuard       ] [MainThread] --- CRASH di _run_training_flow: 'Lintang'
2025-12-17 23:40:01,852 [CRITICAL] [VolcanoAiPipeline   ] [MainThread] --- PIPELINE FAILED: 'Lintang'
Traceback (most recent call last):
  File "C:\Users\USER\Downloads\Earthquake_Volcan\Earthquake_Volcano\env\lib\site-packages\pandas\core\indexes\base.py", line 3812, in get_loc
    return self._engine.get_loc(casted_key)
  File "pandas/_libs/index.pyx", line 167, in pandas._libs.index.IndexEngine.get_loc
  File "pandas/_libs/index.pyx", line 196, in pandas._libs.index.IndexEngine.get_loc
  File "pandas/_libs/hashtable_class_helper.pxi", line 7088, in pandas._libs.hashtable.PyObjectHashTable.get_item
  File "pandas/_libs/hashtable_class_helper.pxi", line 7096, in pandas._libs.hashtable.PyObjectHashTable.get_item
KeyError: 'Lintang'

The above exception was the direct cause of the following exception:

Traceback (most recent call last):
  File "C:\Users\USER\Downloads\Earthquake_Volcan\Earthquake_Volcano\main.py", line 505, in run
    self._run_training_flow()
  File "C:\Users\USER\Downloads\Earthquake_Volcan\Earthquake_Volcano\main.py", line 100, in wrapper
    raise e
  File "C:\Users\USER\Downloads\Earthquake_Volcan\Earthquake_Volcano\main.py", line 93, in wrapper
    return func(*args, **kwargs)
  File "C:\Users\USER\Downloads\Earthquake_Volcan\Earthquake_Volcano\main.py", line 294, in _run_training_flow
    df_processed, _ = self.aco_engine.run(df_processed)
  File "C:\Users\USER\Downloads\Earthquake_Volcan\Earthquake_Volcano\VolcanoAI\engines\aco_engine.py", line 612, in run
    return self._finalize_results(df)
  File "C:\Users\USER\Downloads\Earthquake_Volcan\Earthquake_Volcano\VolcanoAI\engines\aco_engine.py", line 673, in _finalize_results
    center_info = self._compute_impact_center(df_out)
  File "C:\Users\USER\Downloads\Earthquake_Volcan\Earthquake_Volcano\VolcanoAI\engines\aco_engine.py", line 499, in _compute_impact_center
    lat_center = np.average(df['Lintang'].values, weights=weights)
  File "C:\Users\USER\Downloads\Earthquake_Volcan\Earthquake_Volcano\env\lib\site-packages\pandas\core\frame.py", line 4113, in __getitem__
    indexer = self.columns.get_loc(key)
  File "C:\Users\USER\Downloads\Earthquake_Volcan\Earthquake_Volcano\env\lib\site-packages\pandas\core\indexes\base.py", line 3819, in get_loc
    raise KeyError(key) from err
KeyError: 'Lintang'
2025-12-17 23:40:01,861 [INFO    ] [VolcanoAiPipeline   ] [MainThread] --- System shutdown. Uptime: 77.51s
