2025-12-09 03:31:40,998 [INFO    ] [root                ] [MainThread] --- Logging diinisialisasi. File: output\pipeline_20251209_033140.log
2025-12-09 03:31:40,998 [INFO    ] [root                ] [MainThread] --- ================================================================================
2025-12-09 03:31:40,998 [INFO    ] [root                ] [MainThread] ---                             VOLCANOAI SYSTEM STARTUP                            
2025-12-09 03:31:40,998 [INFO    ] [root                ] [MainThread] --- ================================================================================
2025-12-09 03:31:41,016 [INFO    ] [VolcanoAiPipeline   ] [MainThread] --- Pipeline VolcanoAI 5.2.0-TITAN-EXCEL initialized successfully.
2025-12-09 03:31:41,016 [INFO    ] [VolcanoAiPipeline   ] [MainThread] --- Starting Pipeline Execution...
2025-12-09 03:31:41,017 [INFO    ] [VolcanoAiPipeline   ] [MainThread] --- 
========== PHASE 1: DATA LOADING ==========
2025-12-09 03:31:41,017 [INFO    ] [SystemMonitor       ] [MainThread] --- RAM Usage: 77.1%
2025-12-09 03:31:41,027 [INFO    ] [VolcanoAiPipeline   ] [MainThread] --- Memuat data dari cache...
2025-12-09 03:31:41,045 [INFO    ] [VolcanoAiPipeline   ] [MainThread] --- 
========== PHASE 2: FEATURE ENGINEERING ==========
2025-12-09 03:31:41,045 [INFO    ] [FeatureEngineer     ] [MainThread] --- >>> FE TRAIN: Initializing new preprocessor state.
2025-12-09 03:31:41,185 [INFO    ] [FeatureEngineer     ] [MainThread] --- Smart Classifier Trained.
2025-12-09 03:31:41,256 [WARNING ] [VolcanoAI.FeatureEngineer] [MainThread] --- Kolom berikut kosong total dan diisi 0: ['VRP_Max', 'OLI_total (W)', 'MSI_total (W)']
2025-12-09 03:31:41,311 [INFO    ] [VolcanoAI.FeatureEngineer] [MainThread] --- Preprocessor state saved to: output/feature_preprocessor.pkl
2025-12-09 03:31:41,311 [INFO    ] [FeatureEngineer     ] [MainThread] --- Feature Engineering Complete. Shape: (1307, 53)
2025-12-09 03:31:41,311 [INFO    ] [FeatureEngineer     ] [MainThread] --- >>> FE INFERENCE: Using existing preprocessor state.
2025-12-09 03:31:41,392 [INFO    ] [FeatureEngineer     ] [MainThread] --- Feature Engineering Complete. Shape: (561, 53)
2025-12-09 03:31:41,401 [INFO    ] [VolcanoAiPipeline   ] [MainThread] --- 
========== PHASE 3: MODEL TRAINING ==========
2025-12-09 03:31:41,402 [INFO    ] [VolcanoAiPipeline   ] [MainThread] --- Running ACO Engine (Step 1)...
2025-12-09 03:31:41,431 [INFO    ] [VolcanoAiPipeline   ] [MainThread] --- Loaded ACO results from cache.
2025-12-09 03:31:41,432 [INFO    ] [VolcanoAiPipeline   ] [MainThread] --- Running GA Engine (Step 2)...
2025-12-09 03:31:41,432 [INFO    ] [VolcanoAI.GaEngine  ] [MainThread] --- 
================================================================================
2025-12-09 03:31:41,432 [INFO    ] [VolcanoAI.GaEngine  ] [MainThread] ---                             === GA ENGINE START ===                             
2025-12-09 03:31:41,433 [INFO    ] [VolcanoAI.GaEngine  ] [MainThread] --- ================================================================================
2025-12-09 03:31:41,442 [INFO    ] [VolcanoAI.GaEngine  ] [MainThread] --- GA Evolution Start → Pop=80, Gen=150
2025-12-09 03:31:41,457 [INFO    ] [VolcanoAI.GaEngine  ] [MainThread] --- Resuming GA from checkpoint...
2025-12-09 03:32:00,596 [INFO    ] [VolcanoAI.GaEngine  ] [MainThread] --- GA Map saved → output\ga_results\ga_path_map.html
2025-12-09 03:32:05,483 [INFO    ] [VolcanoAI.GaEngine  ] [MainThread] --- Excel exported → output\ga_results\ga_report.xlsx
2025-12-09 03:32:05,493 [INFO    ] [VolcanoAI.GaEngine  ] [MainThread] ---                            === GA ENGINE COMPLETE ===                           
2025-12-09 03:32:05,494 [INFO    ] [VolcanoAiPipeline   ] [MainThread] --- Training LSTM Engine (Step 3)...
2025-12-09 03:32:05,494 [INFO    ] [VolcanoAI.LstmEngine] [MainThread] --- === LSTM V6.0 TITAN TRAINING START ===
2025-12-09 03:32:05,530 [INFO    ] [VolcanoAI.LstmEngine] [MainThread] --- Processing Cluster 0...
2025-12-09 03:32:05,544 [INFO    ] [VolcanoAI.LstmEngine] [MainThread] ---     [Tuner] Menjalankan 3 trial optimasi...
2025-12-09 03:32:06,296 [WARNING ] [tensorflow          ] [MainThread] --- From C:\Program Files\Python311\Lib\site-packages\keras\src\backend\common\global_state.py:82: The name tf.reset_default_graph is deprecated. Please use tf.compat.v1.reset_default_graph instead.

2025-12-09 03:32:46,105 [INFO    ] [VolcanoAI.LstmEngine] [MainThread] ---     [Tuner] Parameter Terbaik: {'latent_dim': 128, 'learning_rate': 0.0001, 'dropout_rate': 0.2} (Loss: 0.1024)
2025-12-09 03:33:24,009 [INFO    ] [VolcanoAiPipeline   ] [MainThread] --- Training CNN Engine (Step 4)...
2025-12-09 03:33:24,009 [INFO    ] [VolcanoAI_CNN       ] [MainThread] --- === MEMULAI CNN TRAINING PIPELINE V5.0 (TITAN) ===
2025-12-09 03:33:24,010 [INFO    ] [VolcanoAI_CNN       ] [MainThread] --- 
>>> Training CNN Cluster 0
2025-12-09 03:33:26,707 [INFO    ] [VolcanoAI_CNN       ] [MainThread] ---     [CNN Tuner] Memulai 2 trial...
2025-12-09 03:33:26,758 [WARNING ] [tensorflow          ] [MainThread] --- From C:\Program Files\Python311\Lib\site-packages\keras\src\backend\common\global_state.py:82: The name tf.reset_default_graph is deprecated. Please use tf.compat.v1.reset_default_graph instead.

2025-12-09 03:35:39,959 [INFO    ] [VolcanoAI_CNN       ] [MainThread] ---     [CNN Tuner] Terbaik: {'base_filters': 32, 'learning_rate': 0.001, 'dropout': 0.2} (Loss: 0.1455)
2025-12-09 03:41:15,941 [INFO    ] [VolcanoAiPipeline   ] [MainThread] --- Training Naive Bayes Engine (Step 5)...
2025-12-09 03:41:15,969 [INFO    ] [VolcanoAI.NaiveBayesEngine] [MainThread] --- Fitur Terpilih (7): ['Magnitudo', 'Kedalaman (km)', 'isTektonik', 'R3_final', 'PheromoneScore', 'luas_cnn', 'lstm_prediction']
2025-12-09 03:41:15,985 [WARNING ] [VolcanoAI.NaiveBayesEngine] [MainThread] --- Calibrated CV gagal (Requesting 3-fold cross-validation but provided less than 3 examples for at least one class.), fallback ke GaussianNB biasa.
2025-12-09 03:41:15,990 [INFO    ] [VolcanoAI.NaiveBayesEngine] [MainThread] --- Training selesai. Model: GaussianNB
2025-12-09 03:41:15,993 [INFO    ] [VolcanoAiPipeline   ] [MainThread] --- 
========== PHASE 4: MODEL EVALUATION ==========
2025-12-09 03:41:15,996 [CRITICAL] [PipelineGuard       ] [MainThread] --- CRASH di _run_evaluation_flow: 'Lintang'
2025-12-09 03:41:16,054 [CRITICAL] [VolcanoAiPipeline   ] [MainThread] --- PIPELINE FAILED: 'Lintang'
Traceback (most recent call last):
  File "C:\Users\mauli\AppData\Roaming\Python\Python311\site-packages\pandas\core\indexes\base.py", line 3812, in get_loc
    return self._engine.get_loc(casted_key)
           ^^^^^^^^^^^^^^^^^^^^^^^^^^^^^^^^
  File "pandas/_libs/index.pyx", line 167, in pandas._libs.index.IndexEngine.get_loc
  File "pandas/_libs/index.pyx", line 196, in pandas._libs.index.IndexEngine.get_loc
  File "pandas/_libs/hashtable_class_helper.pxi", line 7088, in pandas._libs.hashtable.PyObjectHashTable.get_item
  File "pandas/_libs/hashtable_class_helper.pxi", line 7096, in pandas._libs.hashtable.PyObjectHashTable.get_item
KeyError: 'Lintang'

The above exception was the direct cause of the following exception:

Traceback (most recent call last):
  File "C:\Soft-project\Soft-project\TA\Earthquake_Volcano\main.py", line 426, in run
    df_final, metrics, anomalies = self._run_evaluation_flow()
                                   ^^^^^^^^^^^^^^^^^^^^^^^^^^^
  File "C:\Soft-project\Soft-project\TA\Earthquake_Volcano\main.py", line 94, in wrapper
    raise e
  File "C:\Soft-project\Soft-project\TA\Earthquake_Volcano\main.py", line 87, in wrapper
    return func(*args, **kwargs)
           ^^^^^^^^^^^^^^^^^^^^^
  File "C:\Soft-project\Soft-project\TA\Earthquake_Volcano\main.py", line 342, in _run_evaluation_flow
    df_eval = aco_temp.run(df_eval)
              ^^^^^^^^^^^^^^^^^^^^^
  File "C:\Soft-project\Soft-project\TA\Earthquake_Volcano\VolcanoAI\engines\aco_engine.py", line 354, in run
    self.env_manager = EnvironmentManager(df, self.logger)
                       ^^^^^^^^^^^^^^^^^^^^^^^^^^^^^^^^^^^
  File "C:\Soft-project\Soft-project\TA\Earthquake_Volcano\VolcanoAI\engines\aco_engine.py", line 101, in __init__
    self._build_distance_matrix()
  File "C:\Soft-project\Soft-project\TA\Earthquake_Volcano\VolcanoAI\engines\aco_engine.py", line 107, in _build_distance_matrix
    lats = self.df['Lintang'].values
           ~~~~~~~^^^^^^^^^^^
  File "C:\Users\mauli\AppData\Roaming\Python\Python311\site-packages\pandas\core\frame.py", line 4107, in __getitem__
    indexer = self.columns.get_loc(key)
              ^^^^^^^^^^^^^^^^^^^^^^^^^
  File "C:\Users\mauli\AppData\Roaming\Python\Python311\site-packages\pandas\core\indexes\base.py", line 3819, in get_loc
    raise KeyError(key) from err
KeyError: 'Lintang'
2025-12-09 03:41:16,056 [INFO    ] [VolcanoAiPipeline   ] [MainThread] --- System shutdown. Uptime: 575.04s
