2025-12-10 02:06:16,475 [INFO    ] [root                ] [MainThread] --- Logging diinisialisasi. File: output\pipeline_20251210_020616.log
2025-12-10 02:06:16,475 [INFO    ] [root                ] [MainThread] --- ================================================================================
2025-12-10 02:06:16,476 [INFO    ] [root                ] [MainThread] ---                             VOLCANOAI SYSTEM STARTUP                            
2025-12-10 02:06:16,476 [INFO    ] [root                ] [MainThread] --- ================================================================================
2025-12-10 02:06:16,487 [INFO    ] [VolcanoAiPipeline   ] [MainThread] --- Pipeline VolcanoAI 5.2.0-TITAN-EXCEL initialized successfully.
2025-12-10 02:06:16,487 [INFO    ] [VolcanoAiPipeline   ] [MainThread] --- Starting Pipeline Execution...
2025-12-10 02:06:16,487 [INFO    ] [VolcanoAiPipeline   ] [MainThread] --- 
========== PHASE 1: DATA LOADING ==========
2025-12-10 02:06:16,488 [INFO    ] [SystemMonitor       ] [MainThread] --- RAM Usage: 87.8%
2025-12-10 02:06:16,491 [INFO    ] [VolcanoAiPipeline   ] [MainThread] --- Memuat data dari cache...
2025-12-10 02:06:16,508 [INFO    ] [VolcanoAiPipeline   ] [MainThread] --- 
========== PHASE 2: FEATURE ENGINEERING ==========
2025-12-10 02:06:16,518 [INFO    ] [FeatureEngineer     ] [MainThread] --- >>> FE TRAIN: Initializing new preprocessor state.
2025-12-10 02:06:16,653 [INFO    ] [FeatureEngineer     ] [MainThread] --- Smart Classifier Trained.
2025-12-10 02:06:16,701 [WARNING ] [FeatureEngineer     ] [MainThread] --- Imputer Warning: kolom kosong total → diisi 0: ['OLI_total (W)', 'MSI_total (W)']
2025-12-10 02:06:16,757 [INFO    ] [VolcanoAI.FeatureEngineer] [MainThread] --- Preprocessor state saved to: output/feature_preprocessor.pkl
2025-12-10 02:06:16,757 [INFO    ] [FeatureEngineer     ] [MainThread] --- Feature Engineering Complete. Shape: (1307, 57)
2025-12-10 02:06:16,758 [INFO    ] [FeatureEngineer     ] [MainThread] --- >>> FE INFERENCE: Using existing preprocessor state.
2025-12-10 02:06:16,802 [WARNING ] [FeatureEngineer     ] [MainThread] --- Imputer Warning: kolom kosong total → diisi 0: ['OLI_total (W)', 'MSI_total (W)']
2025-12-10 02:06:16,833 [INFO    ] [FeatureEngineer     ] [MainThread] --- Feature Engineering Complete. Shape: (561, 57)
2025-12-10 02:06:16,845 [INFO    ] [VolcanoAiPipeline   ] [MainThread] --- 
========== PHASE 3: MODEL TRAINING ==========
2025-12-10 02:06:16,846 [INFO    ] [VolcanoAiPipeline   ] [MainThread] --- Running ACO Engine (Step 1)...
2025-12-10 02:06:16,859 [INFO    ] [VolcanoAiPipeline   ] [MainThread] --- Loaded ACO results from cache.
2025-12-10 02:06:16,859 [INFO    ] [VolcanoAiPipeline   ] [MainThread] --- Running GA Engine (Step 2)...
2025-12-10 02:06:16,860 [INFO    ] [VolcanoAI.GaEngine  ] [MainThread] --- 
================================================================================
2025-12-10 02:06:16,860 [INFO    ] [VolcanoAI.GaEngine  ] [MainThread] ---                             === GA ENGINE START ===                             
2025-12-10 02:06:16,860 [INFO    ] [VolcanoAI.GaEngine  ] [MainThread] --- ================================================================================
2025-12-10 02:06:16,868 [INFO    ] [VolcanoAI.GaEngine  ] [MainThread] --- GA Evolution Start → Pop=80, Gen=150
2025-12-10 02:06:16,881 [INFO    ] [VolcanoAI.GaEngine  ] [MainThread] --- Resuming GA from checkpoint...
2025-12-10 02:06:41,068 [INFO    ] [VolcanoAI.GaEngine  ] [MainThread] --- GA Map saved → output\ga_results\ga_path_map.html
2025-12-10 02:06:49,591 [INFO    ] [VolcanoAI.GaEngine  ] [MainThread] --- Excel exported → output\ga_results\ga_report.xlsx
2025-12-10 02:06:49,602 [INFO    ] [VolcanoAI.GaEngine  ] [MainThread] ---                            === GA ENGINE COMPLETE ===                           
2025-12-10 02:06:49,604 [INFO    ] [VolcanoAiPipeline   ] [MainThread] --- Training LSTM Engine (Step 3)...
2025-12-10 02:06:49,605 [INFO    ] [VolcanoAI.LstmEngine] [MainThread] --- === LSTM V6.0 TITAN TRAINING START ===
2025-12-10 02:06:49,688 [INFO    ] [VolcanoAI.LstmEngine] [MainThread] --- Processing Cluster 0...
2025-12-10 02:06:49,705 [INFO    ] [VolcanoAI.LstmEngine] [MainThread] ---     [Tuner] Menjalankan 3 trial optimasi...
2025-12-10 02:06:50,971 [WARNING ] [tensorflow          ] [MainThread] --- From C:\Program Files\Python311\Lib\site-packages\keras\src\backend\common\global_state.py:82: The name tf.reset_default_graph is deprecated. Please use tf.compat.v1.reset_default_graph instead.

2025-12-10 02:07:37,353 [INFO    ] [VolcanoAI.LstmEngine] [MainThread] ---     [Tuner] Parameter Terbaik: {'latent_dim': 128, 'learning_rate': 0.0005, 'dropout_rate': 0.1} (Loss: 0.0892)
2025-12-10 02:08:14,978 [INFO    ] [VolcanoAiPipeline   ] [MainThread] --- Training CNN Engine (Step 4)...
2025-12-10 02:08:14,978 [INFO    ] [VolcanoAI_CNN       ] [MainThread] --- === MEMULAI CNN TRAINING PIPELINE V5.0 (TITAN) ===
2025-12-10 02:08:14,979 [INFO    ] [VolcanoAI_CNN       ] [MainThread] --- 
>>> Training CNN Cluster 0
2025-12-10 02:08:17,983 [INFO    ] [VolcanoAI_CNN       ] [MainThread] ---     [CNN Tuner] Memulai 2 trial...
2025-12-10 02:08:18,026 [WARNING ] [tensorflow          ] [MainThread] --- From C:\Program Files\Python311\Lib\site-packages\keras\src\backend\common\global_state.py:82: The name tf.reset_default_graph is deprecated. Please use tf.compat.v1.reset_default_graph instead.

2025-12-10 02:10:22,548 [INFO    ] [VolcanoAI_CNN       ] [MainThread] ---     [CNN Tuner] Terbaik: {'base_filters': 32, 'learning_rate': 0.001, 'dropout': 0.1} (Loss: 0.1416)
2025-12-10 02:18:57,151 [INFO    ] [VolcanoAiPipeline   ] [MainThread] --- Training Naive Bayes Engine (Step 5)...
2025-12-10 02:18:57,189 [INFO    ] [VolcanoAI.NaiveBayesEngine] [MainThread] --- Fitur Terpilih (7): ['Magnitudo', 'Kedalaman (km)', 'isVulkanik', 'isTektonik', 'R3_final', 'luas_cnn', 'lstm_prediction']
2025-12-10 02:18:57,228 [INFO    ] [VolcanoAI.NaiveBayesEngine] [MainThread] --- Training selesai. Model: CalibratedClassifierCV
2025-12-10 02:18:57,230 [INFO    ] [VolcanoAiPipeline   ] [MainThread] --- 
========== PHASE 4: MODEL EVALUATION ==========
2025-12-10 02:18:57,263 [INFO    ] [ACO_Engine_Master   ] [MainThread] --- [ACO] Melanjutkan dari brain state sebelumnya.
2025-12-10 02:19:22,669 [INFO    ] [ACO_Engine_Master   ] [MainThread] --- [ACO] Stagnasi terdeteksi → smooth reset pheromone.
2025-12-10 02:19:29,596 [INFO    ] [ACO_Engine_Master   ] [MainThread] --- [ACO] Stagnasi terdeteksi → smooth reset pheromone.
2025-12-10 02:19:34,764 [INFO    ] [ACO_Engine_Master   ] [MainThread] --- Visual ACO tersimpan: C:\Soft-project\Soft-project\TA\Earthquake_Volcano\output\aco_results/aco_impact_zones.html
2025-12-10 02:19:40,423 [INFO    ] [VolcanoAI.NaiveBayesEngine] [MainThread] --- 
=== Laporan Klasifikasi ===
              precision    recall  f1-score   support

      Ringan       0.98      0.76      0.86       109
      Sedang       0.73      0.80      0.76       211
       Parah       0.83      0.85      0.84       241

    accuracy                           0.81       561
   macro avg       0.85      0.80      0.82       561
weighted avg       0.82      0.81      0.82       561

2025-12-10 02:19:41,154 [INFO    ] [VolcanoAI.Reporter  ] [MainThread] --- Generating Dual Dashboard HTML...
2025-12-10 02:19:42,369 [INFO    ] [VolcanoAI.Reporter  ] [MainThread] --- Dashboard Updated: output\VolcanoAI_Analysis_STATIC.html
2025-12-10 02:19:42,371 [INFO    ] [VolcanoAI.Reporter  ] [MainThread] --- Dashboard Updated: output\VolcanoAI_Monitor_LIVE.html
2025-12-10 02:19:42,372 [INFO    ] [VolcanoAI.Reporter  ] [MainThread] --- ✅ Dual Dashboard Updated. Files: LIVE, STATIC.
2025-12-10 02:19:42,372 [INFO    ] [VolcanoAiPipeline   ] [MainThread] --- 
========== PHASE 5: LIVE MONITORING ==========
2025-12-10 02:19:42,373 [INFO    ] [VolcanoAiPipeline   ] [MainThread] --- System is now ACTIVE. Watching for BMKG updates...
2025-12-10 02:19:42,374 [INFO    ] [VolcanoAI.LstmEngine] [MainThread] --- Loading 1307 rows to buffer.
2025-12-10 02:19:42,410 [INFO    ] [BMKG_Sensor         ] [MainThread] --- Menghubungi Server BMKG (Mencari Gempa Jatim)...
2025-12-10 02:19:42,544 [INFO    ] [BMKG_Sensor         ] [MainThread] --- Ditemukan 1 gempa baru di area Jawa Timur.
2025-12-10 02:19:42,545 [INFO    ] [VolcanoAiPipeline   ] [MainThread] --- 🚨 DETEKSI GEMPA BARU: 1 kejadian.
2025-12-10 02:19:42,547 [INFO    ] [FeatureEngineer     ] [MainThread] --- >>> FE INFERENCE: Using existing preprocessor state.
2025-12-10 02:19:42,566 [INFO    ] [FeatureEngineer     ] [MainThread] --- Smart Inference classified 1 unknown events.
2025-12-10 02:19:42,589 [WARNING ] [FeatureEngineer     ] [MainThread] --- Imputer Warning: kolom kosong total → diisi 0: ['time_since_last_event_days', 'OLI_total (W)', 'MSI_total (W)']
2025-12-10 02:19:42,615 [INFO    ] [FeatureEngineer     ] [MainThread] --- Feature Engineering Complete. Shape: (1, 57)
2025-12-10 02:19:42,688 [INFO    ] [VolcanoAI.NaiveBayesEngine] [MainThread] --- 
=== Laporan Klasifikasi ===
              precision    recall  f1-score   support

      Ringan       0.00      0.00      0.00         0
      Sedang       0.00      0.00      0.00         0
       Parah       1.00      1.00      1.00         1

    accuracy                           1.00         1
   macro avg       0.33      0.33      0.33         1
weighted avg       1.00      1.00      1.00         1

2025-12-10 02:19:43,357 [INFO    ] [VolcanoAiPipeline   ] [MainThread] --- Updating Dashboard Data (output\hasil_akhir_analisis.xlsx)...
2025-12-10 02:19:43,432 [INFO    ] [VolcanoAI.Reporter  ] [MainThread] --- Generating Dual Dashboard HTML...
2025-12-10 02:19:43,774 [INFO    ] [VolcanoAI.Reporter  ] [MainThread] --- Dashboard Updated: output\VolcanoAI_Analysis_STATIC.html
2025-12-10 02:19:43,775 [INFO    ] [VolcanoAI.Reporter  ] [MainThread] --- Dashboard Updated: output\VolcanoAI_Monitor_LIVE.html
2025-12-10 02:19:43,777 [INFO    ] [VolcanoAI.Reporter  ] [MainThread] --- ✅ Dual Dashboard Updated. Files: LIVE, STATIC.
2025-12-10 02:19:43,777 [INFO    ] [VolcanoAiPipeline   ] [MainThread] --- ✅ Cycle Complete.
2025-12-10 02:24:43,778 [INFO    ] [BMKG_Sensor         ] [MainThread] --- Menghubungi Server BMKG (Mencari Gempa Jatim)...
2025-12-10 02:24:43,889 [INFO    ] [BMKG_Sensor         ] [MainThread] --- Ditemukan 1 gempa baru di area Jawa Timur.
2025-12-10 02:24:43,892 [INFO    ] [VolcanoAiPipeline   ] [MainThread] --- 🚨 DETEKSI GEMPA BARU: 1 kejadian.
2025-12-10 02:24:43,892 [INFO    ] [FeatureEngineer     ] [MainThread] --- >>> FE INFERENCE: Using existing preprocessor state.
2025-12-10 02:24:43,911 [INFO    ] [FeatureEngineer     ] [MainThread] --- Smart Inference classified 1 unknown events.
2025-12-10 02:24:43,931 [WARNING ] [FeatureEngineer     ] [MainThread] --- Imputer Warning: kolom kosong total → diisi 0: ['time_since_last_event_days', 'OLI_total (W)', 'MSI_total (W)']
2025-12-10 02:24:43,955 [INFO    ] [FeatureEngineer     ] [MainThread] --- Feature Engineering Complete. Shape: (1, 57)
2025-12-10 02:24:44,019 [INFO    ] [VolcanoAI.NaiveBayesEngine] [MainThread] --- 
=== Laporan Klasifikasi ===
              precision    recall  f1-score   support

      Ringan       0.00      0.00      0.00         0
      Sedang       0.00      0.00      0.00         0
       Parah       1.00      1.00      1.00         1

    accuracy                           1.00         1
   macro avg       0.33      0.33      0.33         1
weighted avg       1.00      1.00      1.00         1

2025-12-10 02:24:44,630 [INFO    ] [VolcanoAiPipeline   ] [MainThread] --- Updating Dashboard Data (output\hasil_akhir_analisis.xlsx)...
2025-12-10 02:24:44,683 [INFO    ] [VolcanoAI.Reporter  ] [MainThread] --- Generating Dual Dashboard HTML...
2025-12-10 02:24:45,003 [INFO    ] [VolcanoAI.Reporter  ] [MainThread] --- Dashboard Updated: output\VolcanoAI_Analysis_STATIC.html
2025-12-10 02:24:45,004 [INFO    ] [VolcanoAI.Reporter  ] [MainThread] --- Dashboard Updated: output\VolcanoAI_Monitor_LIVE.html
2025-12-10 02:24:45,005 [INFO    ] [VolcanoAI.Reporter  ] [MainThread] --- ✅ Dual Dashboard Updated. Files: LIVE, STATIC.
2025-12-10 02:24:45,005 [INFO    ] [VolcanoAiPipeline   ] [MainThread] --- ✅ Cycle Complete.
2025-12-10 02:29:45,006 [INFO    ] [BMKG_Sensor         ] [MainThread] --- Menghubungi Server BMKG (Mencari Gempa Jatim)...
2025-12-10 02:29:45,196 [INFO    ] [BMKG_Sensor         ] [MainThread] --- Ditemukan 1 gempa baru di area Jawa Timur.
2025-12-10 02:29:45,198 [INFO    ] [VolcanoAiPipeline   ] [MainThread] --- 🚨 DETEKSI GEMPA BARU: 1 kejadian.
2025-12-10 02:29:45,199 [INFO    ] [FeatureEngineer     ] [MainThread] --- >>> FE INFERENCE: Using existing preprocessor state.
2025-12-10 02:29:45,218 [INFO    ] [FeatureEngineer     ] [MainThread] --- Smart Inference classified 1 unknown events.
2025-12-10 02:29:45,238 [WARNING ] [FeatureEngineer     ] [MainThread] --- Imputer Warning: kolom kosong total → diisi 0: ['time_since_last_event_days', 'OLI_total (W)', 'MSI_total (W)']
2025-12-10 02:29:45,264 [INFO    ] [FeatureEngineer     ] [MainThread] --- Feature Engineering Complete. Shape: (1, 57)
2025-12-10 02:29:45,332 [INFO    ] [VolcanoAI.NaiveBayesEngine] [MainThread] --- 
=== Laporan Klasifikasi ===
              precision    recall  f1-score   support

      Ringan       0.00      0.00      0.00         0
      Sedang       0.00      0.00      0.00         0
       Parah       1.00      1.00      1.00         1

    accuracy                           1.00         1
   macro avg       0.33      0.33      0.33         1
weighted avg       1.00      1.00      1.00         1

2025-12-10 02:29:45,960 [INFO    ] [VolcanoAiPipeline   ] [MainThread] --- Updating Dashboard Data (output\hasil_akhir_analisis.xlsx)...
2025-12-10 02:29:46,011 [INFO    ] [VolcanoAI.Reporter  ] [MainThread] --- Generating Dual Dashboard HTML...
2025-12-10 02:29:46,333 [INFO    ] [VolcanoAI.Reporter  ] [MainThread] --- Dashboard Updated: output\VolcanoAI_Analysis_STATIC.html
2025-12-10 02:29:46,334 [INFO    ] [VolcanoAI.Reporter  ] [MainThread] --- Dashboard Updated: output\VolcanoAI_Monitor_LIVE.html
2025-12-10 02:29:46,335 [INFO    ] [VolcanoAI.Reporter  ] [MainThread] --- ✅ Dual Dashboard Updated. Files: LIVE, STATIC.
2025-12-10 02:29:46,335 [INFO    ] [VolcanoAiPipeline   ] [MainThread] --- ✅ Cycle Complete.
2025-12-10 02:34:46,336 [INFO    ] [BMKG_Sensor         ] [MainThread] --- Menghubungi Server BMKG (Mencari Gempa Jatim)...
2025-12-10 02:34:46,527 [INFO    ] [BMKG_Sensor         ] [MainThread] --- Ditemukan 1 gempa baru di area Jawa Timur.
2025-12-10 02:34:46,529 [INFO    ] [VolcanoAiPipeline   ] [MainThread] --- 🚨 DETEKSI GEMPA BARU: 1 kejadian.
2025-12-10 02:34:46,530 [INFO    ] [FeatureEngineer     ] [MainThread] --- >>> FE INFERENCE: Using existing preprocessor state.
2025-12-10 02:34:46,549 [INFO    ] [FeatureEngineer     ] [MainThread] --- Smart Inference classified 1 unknown events.
2025-12-10 02:34:46,569 [WARNING ] [FeatureEngineer     ] [MainThread] --- Imputer Warning: kolom kosong total → diisi 0: ['time_since_last_event_days', 'OLI_total (W)', 'MSI_total (W)']
2025-12-10 02:34:46,596 [INFO    ] [FeatureEngineer     ] [MainThread] --- Feature Engineering Complete. Shape: (1, 57)
2025-12-10 02:34:46,667 [INFO    ] [VolcanoAI.NaiveBayesEngine] [MainThread] --- 
=== Laporan Klasifikasi ===
              precision    recall  f1-score   support

      Ringan       0.00      0.00      0.00         0
      Sedang       0.00      0.00      0.00         0
       Parah       1.00      1.00      1.00         1

    accuracy                           1.00         1
   macro avg       0.33      0.33      0.33         1
weighted avg       1.00      1.00      1.00         1

2025-12-10 02:34:47,334 [INFO    ] [VolcanoAiPipeline   ] [MainThread] --- Updating Dashboard Data (output\hasil_akhir_analisis.xlsx)...
2025-12-10 02:34:47,392 [INFO    ] [VolcanoAI.Reporter  ] [MainThread] --- Generating Dual Dashboard HTML...
2025-12-10 02:34:47,732 [INFO    ] [VolcanoAI.Reporter  ] [MainThread] --- Dashboard Updated: output\VolcanoAI_Analysis_STATIC.html
2025-12-10 02:34:47,735 [INFO    ] [VolcanoAI.Reporter  ] [MainThread] --- Dashboard Updated: output\VolcanoAI_Monitor_LIVE.html
2025-12-10 02:34:47,735 [INFO    ] [VolcanoAI.Reporter  ] [MainThread] --- ✅ Dual Dashboard Updated. Files: LIVE, STATIC.
2025-12-10 02:34:47,736 [INFO    ] [VolcanoAiPipeline   ] [MainThread] --- ✅ Cycle Complete.
2025-12-10 02:39:47,737 [INFO    ] [BMKG_Sensor         ] [MainThread] --- Menghubungi Server BMKG (Mencari Gempa Jatim)...
2025-12-10 02:39:47,908 [INFO    ] [BMKG_Sensor         ] [MainThread] --- Ditemukan 1 gempa baru di area Jawa Timur.
2025-12-10 02:39:47,911 [INFO    ] [VolcanoAiPipeline   ] [MainThread] --- 🚨 DETEKSI GEMPA BARU: 1 kejadian.
2025-12-10 02:39:47,912 [INFO    ] [FeatureEngineer     ] [MainThread] --- >>> FE INFERENCE: Using existing preprocessor state.
2025-12-10 02:39:47,933 [INFO    ] [FeatureEngineer     ] [MainThread] --- Smart Inference classified 1 unknown events.
2025-12-10 02:39:47,957 [WARNING ] [FeatureEngineer     ] [MainThread] --- Imputer Warning: kolom kosong total → diisi 0: ['time_since_last_event_days', 'OLI_total (W)', 'MSI_total (W)']
2025-12-10 02:39:47,985 [INFO    ] [FeatureEngineer     ] [MainThread] --- Feature Engineering Complete. Shape: (1, 57)
2025-12-10 02:39:48,068 [INFO    ] [VolcanoAI.NaiveBayesEngine] [MainThread] --- 
=== Laporan Klasifikasi ===
              precision    recall  f1-score   support

      Ringan       0.00      0.00      0.00         0
      Sedang       0.00      0.00      0.00         0
       Parah       1.00      1.00      1.00         1

    accuracy                           1.00         1
   macro avg       0.33      0.33      0.33         1
weighted avg       1.00      1.00      1.00         1

2025-12-10 02:39:48,733 [INFO    ] [VolcanoAiPipeline   ] [MainThread] --- Updating Dashboard Data (output\hasil_akhir_analisis.xlsx)...
2025-12-10 02:39:48,785 [INFO    ] [VolcanoAI.Reporter  ] [MainThread] --- Generating Dual Dashboard HTML...
2025-12-10 02:39:49,119 [INFO    ] [VolcanoAI.Reporter  ] [MainThread] --- Dashboard Updated: output\VolcanoAI_Analysis_STATIC.html
2025-12-10 02:39:49,121 [INFO    ] [VolcanoAI.Reporter  ] [MainThread] --- Dashboard Updated: output\VolcanoAI_Monitor_LIVE.html
2025-12-10 02:39:49,122 [INFO    ] [VolcanoAI.Reporter  ] [MainThread] --- ✅ Dual Dashboard Updated. Files: LIVE, STATIC.
2025-12-10 02:39:49,122 [INFO    ] [VolcanoAiPipeline   ] [MainThread] --- ✅ Cycle Complete.
