2025-12-10 02:40:22,340 [INFO    ] [root                ] [MainThread] --- Logging diinisialisasi. File: output\pipeline_20251210_024022.log
2025-12-10 02:40:22,341 [INFO    ] [root                ] [MainThread] --- ================================================================================
2025-12-10 02:40:22,341 [INFO    ] [root                ] [MainThread] ---                             VOLCANOAI SYSTEM STARTUP                            
2025-12-10 02:40:22,342 [INFO    ] [root                ] [MainThread] --- ================================================================================
2025-12-10 02:40:22,353 [INFO    ] [VolcanoAiPipeline   ] [MainThread] --- Pipeline VolcanoAI 5.2.0-TITAN-EXCEL initialized successfully.
2025-12-10 02:40:22,353 [INFO    ] [VolcanoAiPipeline   ] [MainThread] --- Starting Pipeline Execution...
2025-12-10 02:40:22,354 [INFO    ] [VolcanoAiPipeline   ] [MainThread] --- 
========== PHASE 1: DATA LOADING ==========
2025-12-10 02:40:22,354 [INFO    ] [SystemMonitor       ] [MainThread] --- RAM Usage: 75.9%
2025-12-10 02:40:22,357 [INFO    ] [VolcanoAiPipeline   ] [MainThread] --- Memuat data dari cache...
2025-12-10 02:40:22,374 [INFO    ] [VolcanoAiPipeline   ] [MainThread] --- 
========== PHASE 2: FEATURE ENGINEERING ==========
2025-12-10 02:40:22,384 [INFO    ] [FeatureEngineer     ] [MainThread] --- >>> FE TRAIN: Initializing new preprocessor state.
2025-12-10 02:40:22,532 [INFO    ] [FeatureEngineer     ] [MainThread] --- Smart Classifier Trained.
2025-12-10 02:40:22,588 [WARNING ] [FeatureEngineer     ] [MainThread] --- Imputer Warning: kolom kosong total → diisi 0: ['OLI_total (W)', 'MSI_total (W)']
2025-12-10 02:40:22,660 [INFO    ] [VolcanoAI.FeatureEngineer] [MainThread] --- Preprocessor state saved to: output/feature_preprocessor.pkl
2025-12-10 02:40:22,661 [INFO    ] [FeatureEngineer     ] [MainThread] --- Feature Engineering Complete. Shape: (1307, 55)
2025-12-10 02:40:22,661 [INFO    ] [FeatureEngineer     ] [MainThread] --- >>> FE TRAIN: Initializing new preprocessor state.
2025-12-10 02:40:22,779 [INFO    ] [FeatureEngineer     ] [MainThread] --- Smart Classifier Trained.
2025-12-10 02:40:22,814 [WARNING ] [FeatureEngineer     ] [MainThread] --- Imputer Warning: kolom kosong total → diisi 0: ['OLI_total (W)', 'MSI_total (W)']
2025-12-10 02:40:22,866 [INFO    ] [VolcanoAI.FeatureEngineer] [MainThread] --- Preprocessor state saved to: output/feature_preprocessor.pkl
2025-12-10 02:40:22,866 [INFO    ] [FeatureEngineer     ] [MainThread] --- Feature Engineering Complete. Shape: (561, 55)
2025-12-10 02:40:22,878 [INFO    ] [VolcanoAiPipeline   ] [MainThread] --- 
========== PHASE 3: MODEL TRAINING ==========
2025-12-10 02:40:22,878 [INFO    ] [VolcanoAiPipeline   ] [MainThread] --- Running ACO Engine (Step 1)...
2025-12-10 02:40:22,893 [INFO    ] [VolcanoAiPipeline   ] [MainThread] --- Loaded ACO results from cache.
2025-12-10 02:40:22,894 [INFO    ] [VolcanoAiPipeline   ] [MainThread] --- Running GA Engine (Step 2)...
2025-12-10 02:40:22,894 [INFO    ] [VolcanoAI.GaEngine  ] [MainThread] --- 
================================================================================
2025-12-10 02:40:22,894 [INFO    ] [VolcanoAI.GaEngine  ] [MainThread] ---                             === GA ENGINE START ===                             
2025-12-10 02:40:22,894 [INFO    ] [VolcanoAI.GaEngine  ] [MainThread] --- ================================================================================
2025-12-10 02:40:22,903 [INFO    ] [VolcanoAI.GaEngine  ] [MainThread] --- GA Evolution Start → Pop=80, Gen=150
2025-12-10 02:40:22,914 [INFO    ] [VolcanoAI.GaEngine  ] [MainThread] --- Resuming GA from checkpoint...
2025-12-10 02:40:42,971 [INFO    ] [VolcanoAI.GaEngine  ] [MainThread] --- GA Map saved → output\ga_results\ga_path_map.html
2025-12-10 02:40:47,817 [INFO    ] [VolcanoAI.GaEngine  ] [MainThread] --- Excel exported → output\ga_results\ga_report.xlsx
2025-12-10 02:40:47,824 [INFO    ] [VolcanoAI.GaEngine  ] [MainThread] ---                            === GA ENGINE COMPLETE ===                           
2025-12-10 02:40:47,825 [INFO    ] [VolcanoAiPipeline   ] [MainThread] --- Training LSTM Engine (Step 3)...
2025-12-10 02:40:47,825 [INFO    ] [VolcanoAI.LstmEngine] [MainThread] --- === LSTM V6.0 TITAN TRAINING START ===
2025-12-10 02:40:47,858 [INFO    ] [VolcanoAI.LstmEngine] [MainThread] --- Processing Cluster 0...
2025-12-10 02:40:47,871 [INFO    ] [VolcanoAI.LstmEngine] [MainThread] ---     [Tuner] Menjalankan 3 trial optimasi...
2025-12-10 02:40:48,484 [WARNING ] [tensorflow          ] [MainThread] --- From C:\Program Files\Python311\Lib\site-packages\keras\src\backend\common\global_state.py:82: The name tf.reset_default_graph is deprecated. Please use tf.compat.v1.reset_default_graph instead.

2025-12-10 02:41:30,024 [INFO    ] [VolcanoAI.LstmEngine] [MainThread] ---     [Tuner] Parameter Terbaik: {'latent_dim': 64, 'learning_rate': 0.0005, 'dropout_rate': 0.3} (Loss: 0.0872)
2025-12-10 02:42:01,046 [INFO    ] [VolcanoAiPipeline   ] [MainThread] --- Training CNN Engine (Step 4)...
2025-12-10 02:42:01,047 [INFO    ] [VolcanoAI_CNN       ] [MainThread] --- === MEMULAI CNN TRAINING PIPELINE V5.0 (TITAN) ===
2025-12-10 02:42:01,047 [INFO    ] [VolcanoAI_CNN       ] [MainThread] --- 
>>> Training CNN Cluster 0
2025-12-10 02:42:03,582 [INFO    ] [VolcanoAI_CNN       ] [MainThread] ---     [CNN Tuner] Memulai 2 trial...
2025-12-10 02:42:03,623 [WARNING ] [tensorflow          ] [MainThread] --- From C:\Program Files\Python311\Lib\site-packages\keras\src\backend\common\global_state.py:82: The name tf.reset_default_graph is deprecated. Please use tf.compat.v1.reset_default_graph instead.

2025-12-10 02:43:49,141 [INFO    ] [VolcanoAI_CNN       ] [MainThread] ---     [CNN Tuner] Terbaik: {'base_filters': 32, 'learning_rate': 0.0005, 'dropout': 0.2} (Loss: 0.1632)
2025-12-10 02:50:43,174 [INFO    ] [VolcanoAiPipeline   ] [MainThread] --- Training Naive Bayes Engine (Step 5)...
2025-12-10 02:50:43,213 [INFO    ] [VolcanoAI.NaiveBayesEngine] [MainThread] --- Fitur Terpilih (7): ['Magnitudo', 'Kedalaman (km)', 'isVulkanik', 'isTektonik', 'R3_final', 'luas_cnn', 'lstm_prediction']
2025-12-10 02:50:43,249 [INFO    ] [VolcanoAI.NaiveBayesEngine] [MainThread] --- Training selesai. Model: CalibratedClassifierCV
2025-12-10 02:50:43,252 [INFO    ] [VolcanoAiPipeline   ] [MainThread] --- 
========== PHASE 4: MODEL EVALUATION ==========
2025-12-10 02:50:43,281 [INFO    ] [ACO_Engine_Master   ] [MainThread] --- [ACO] Melanjutkan dari brain state sebelumnya.
2025-12-10 02:50:50,313 [INFO    ] [ACO_Engine_Master   ] [MainThread] --- [ACO] Stagnasi terdeteksi → smooth reset pheromone.
2025-12-10 02:51:07,514 [INFO    ] [ACO_Engine_Master   ] [MainThread] --- [ACO] Stagnasi terdeteksi → smooth reset pheromone.
2025-12-10 02:51:14,058 [INFO    ] [ACO_Engine_Master   ] [MainThread] --- [ACO] Stagnasi terdeteksi → smooth reset pheromone.
2025-12-10 02:51:15,583 [WARNING ] [ACO_Engine_Master   ] [MainThread] --- [ACO] Dataframe kosong atau kurang kolom untuk visualisasi.
2025-12-10 02:51:20,976 [INFO    ] [VolcanoAI.NaiveBayesEngine] [MainThread] --- 
=== Laporan Klasifikasi ===
              precision    recall  f1-score   support

      Ringan       0.97      0.79      0.87       109
      Sedang       0.76      0.86      0.80       211
       Parah       0.88      0.85      0.87       241

    accuracy                           0.84       561
   macro avg       0.87      0.83      0.85       561
weighted avg       0.85      0.84      0.84       561

2025-12-10 02:51:21,660 [INFO    ] [VolcanoAI.Reporter  ] [MainThread] --- Generating Dual Dashboard HTML...
2025-12-10 02:51:22,780 [INFO    ] [VolcanoAI.Reporter  ] [MainThread] --- Dashboard Updated: output\VolcanoAI_Analysis_STATIC.html
2025-12-10 02:51:22,783 [INFO    ] [VolcanoAI.Reporter  ] [MainThread] --- Dashboard Updated: output\VolcanoAI_Monitor_LIVE.html
2025-12-10 02:51:22,783 [INFO    ] [VolcanoAI.Reporter  ] [MainThread] --- ✅ Dual Dashboard Updated. Files: LIVE, STATIC.
2025-12-10 02:51:22,783 [INFO    ] [VolcanoAiPipeline   ] [MainThread] --- 
========== PHASE 5: LIVE MONITORING ==========
2025-12-10 02:51:22,784 [INFO    ] [VolcanoAiPipeline   ] [MainThread] --- System is now ACTIVE. Watching for BMKG updates...
2025-12-10 02:51:22,784 [INFO    ] [VolcanoAI.LstmEngine] [MainThread] --- Loading 1307 rows to buffer.
2025-12-10 02:51:22,820 [INFO    ] [BMKG_Sensor         ] [MainThread] --- Menghubungi Server BMKG (Mencari Gempa Jatim)...
2025-12-10 02:51:23,011 [INFO    ] [BMKG_Sensor         ] [MainThread] --- Ditemukan 1 gempa baru di area Jawa Timur.
2025-12-10 02:51:23,013 [INFO    ] [VolcanoAiPipeline   ] [MainThread] --- 🚨 DETEKSI GEMPA BARU: 1 kejadian.
2025-12-10 02:51:23,013 [INFO    ] [FeatureEngineer     ] [MainThread] --- >>> FE TRAIN: Initializing new preprocessor state.
2025-12-10 02:51:23,026 [CRITICAL] [VolcanoAiPipeline   ] [MainThread] --- Monitoring Error: Found array with 0 sample(s) (shape=(0, 4)) while a minimum of 1 is required by RandomForestClassifier.
Traceback (most recent call last):
  File "C:\Soft-project\Soft-project\TA\Earthquake_Volcano\main.py", line 378, in start_monitoring_loop
    df_proc, _ = self.feature_engineer.run(df_new, preprocessor=self.feature_preprocessor)
                 ^^^^^^^^^^^^^^^^^^^^^^^^^^^^^^^^^^^^^^^^^^^^^^^^^^^^^^^^^^^^^^^^^^^^^^^^^
  File "C:\Soft-project\Soft-project\TA\Earthquake_Volcano\VolcanoAI\processing\feature_engineer.py", line 377, in run
    df_proc = self._exec_smart_classification(df_proc, is_training)
              ^^^^^^^^^^^^^^^^^^^^^^^^^^^^^^^^^^^^^^^^^^^^^^^^^^^^^
  File "C:\Soft-project\Soft-project\TA\Earthquake_Volcano\VolcanoAI\processing\feature_engineer.py", line 446, in _exec_smart_classification
    clf.fit(ml_feats.loc[labeled_mask], y_train.loc[labeled_mask])
  File "C:\Users\mauli\AppData\Roaming\Python\Python311\site-packages\sklearn\base.py", line 1365, in wrapper
    return fit_method(estimator, *args, **kwargs)
           ^^^^^^^^^^^^^^^^^^^^^^^^^^^^^^^^^^^^^^
  File "C:\Users\mauli\AppData\Roaming\Python\Python311\site-packages\sklearn\ensemble\_forest.py", line 359, in fit
    X, y = validate_data(
           ^^^^^^^^^^^^^^
  File "C:\Users\mauli\AppData\Roaming\Python\Python311\site-packages\sklearn\utils\validation.py", line 2971, in validate_data
    X, y = check_X_y(X, y, **check_params)
           ^^^^^^^^^^^^^^^^^^^^^^^^^^^^^^^
  File "C:\Users\mauli\AppData\Roaming\Python\Python311\site-packages\sklearn\utils\validation.py", line 1368, in check_X_y
    X = check_array(
        ^^^^^^^^^^^^
  File "C:\Users\mauli\AppData\Roaming\Python\Python311\site-packages\sklearn\utils\validation.py", line 1128, in check_array
    raise ValueError(
ValueError: Found array with 0 sample(s) (shape=(0, 4)) while a minimum of 1 is required by RandomForestClassifier.
2025-12-10 02:51:23,059 [INFO    ] [VolcanoAiPipeline   ] [MainThread] --- System shutdown. Uptime: 660.71s
