2025-12-24 20:30:33,419 [INFO    ] [root                ] [MainThread] --- Logging diinisialisasi. File: output\pipeline_20251224_203033.log
2025-12-24 20:30:33,422 [INFO    ] [root                ] [MainThread] --- ================================================================================
2025-12-24 20:30:33,424 [INFO    ] [root                ] [MainThread] ---                             VOLCANOAI SYSTEM STARTUP                            
2025-12-24 20:30:33,424 [INFO    ] [root                ] [MainThread] --- ================================================================================
2025-12-24 20:30:33,426 [INFO    ] [root                ] [MainThread] --- [Dashboard] Starting Flask server in background thread (monitoring enabled)...
2025-12-24 20:30:33,447 [INFO    ] [RealtimeSensorManager] [MainThread] --- [MIROVA] Menggunakan log terbaru: output/realtime\mirova_log_20251003-094000.txt
2025-12-24 20:30:33,447 [INFO    ] [VolcanoAiPipeline   ] [MainThread] --- Pipeline VolcanoAI 5.2.0-TITAN-EXCEL initialized successfully.
2025-12-24 20:30:33,447 [INFO    ] [VolcanoAiPipeline   ] [MainThread] --- Starting Pipeline Execution...
2025-12-24 20:30:33,451 [INFO    ] [VolcanoAiPipeline   ] [MainThread] --- 
========== PHASE 1: DATA LOADING ==========
2025-12-24 20:30:33,485 [INFO    ] [VolcanoAiPipeline   ] [MainThread] --- 
========== PHASE 2: FEATURE ENGINEERING ==========
2025-12-24 20:30:33,545 [INFO    ] [FeatureEngineer     ] [MainThread] --- >>> FE TRAIN: Initializing new preprocessor state.
2025-12-24 20:30:33,651 [INFO    ] [FeatureEngineer     ] [MainThread] --- Smart Classifier Trained.
2025-12-24 20:30:33,693 [WARNING ] [FeatureEngineer     ] [MainThread] --- Imputer Warning: Kolom berikut kosong total saat training -> diisi 0.0: ['OLI_total (W)', 'MSI_total (W)']
2025-12-24 20:30:34,076 [INFO    ] [werkzeug            ] [Thread-1 (_run)] --- [31m[1mWARNING: This is a development server. Do not use it in a production deployment. Use a production WSGI server instead.[0m
 * Running on http://127.0.0.1:5000
2025-12-24 20:30:34,076 [INFO    ] [werkzeug            ] [Thread-1 (_run)] --- [33mPress CTRL+C to quit[0m
2025-12-24 20:30:34,207 [INFO    ] [VolcanoAI.processing.feature_engineer] [MainThread] --- Preprocessor state saved to: output\feature_preprocessor.pkl
2025-12-24 20:30:34,210 [INFO    ] [FeatureEngineer     ] [MainThread] --- Feature Engineering Complete. Shape: (21, 60)
2025-12-24 20:30:34,242 [INFO    ] [FeatureEngineer     ] [MainThread] --- >>> FE TRAIN: Initializing new preprocessor state.
2025-12-24 20:30:34,350 [INFO    ] [FeatureEngineer     ] [MainThread] --- Smart Classifier Trained.
2025-12-24 20:30:34,395 [INFO    ] [werkzeug            ] [Thread-174 (process_request_thread)] --- 127.0.0.1 - - [24/Dec/2025 20:30:34] "GET / HTTP/1.1" 200 -
2025-12-24 20:30:34,613 [INFO    ] [werkzeug            ] [Thread-175 (process_request_thread)] --- 127.0.0.1 - - [24/Dec/2025 20:30:34] "[36mGET /files/output/naive_bayes_results/confusion_matrix.png HTTP/1.1[0m" 304 -
2025-12-24 20:30:34,614 [INFO    ] [werkzeug            ] [Thread-178 (process_request_thread)] --- 127.0.0.1 - - [24/Dec/2025 20:30:34] "[36mGET /files/output/naive_bayes_results/roc_curves.png HTTP/1.1[0m" 304 -
2025-12-24 20:30:34,929 [INFO    ] [werkzeug            ] [Thread-179 (process_request_thread)] --- 127.0.0.1 - - [24/Dec/2025 20:30:34] "[36mGET /files/output/aco_results/aco_impact_zones.html HTTP/1.1[0m" 304 -
2025-12-24 20:30:35,087 [INFO    ] [werkzeug            ] [Thread-180 (process_request_thread)] --- 127.0.0.1 - - [24/Dec/2025 20:30:35] "[36mGET /files/output/ga_results/ga_path_map.html HTTP/1.1[0m" 304 -
2025-12-24 20:30:35,091 [INFO    ] [werkzeug            ] [Thread-181 (process_request_thread)] --- 127.0.0.1 - - [24/Dec/2025 20:30:35] "[36mGET /files/output/cnn_results/cnn_prediction_map.html HTTP/1.1[0m" 304 -
2025-12-24 20:30:38,338 [WARNING ] [FeatureEngineer     ] [MainThread] --- Imputer Warning: Kolom berikut kosong total saat training -> diisi 0.0: ['OLI_total (W)', 'MSI_total (W)']
2025-12-24 20:30:38,795 [INFO    ] [VolcanoAI.processing.feature_engineer] [MainThread] --- Preprocessor state saved to: output\feature_preprocessor.pkl
2025-12-24 20:30:38,795 [INFO    ] [FeatureEngineer     ] [MainThread] --- Feature Engineering Complete. Shape: (9, 60)
2025-12-24 20:30:38,799 [INFO    ] [VolcanoAiPipeline   ] [MainThread] --- 
========== PHASE 3: MODEL TRAINING ==========
2025-12-24 20:30:49,334 [INFO    ] [ACO_Engine_Master   ] [MainThread] --- [ACO Iter-133] Stagnasi (41) → Smooth Reset Pheromone.
2025-12-24 20:30:53,141 [INFO    ] [ACO_Engine_Master   ] [MainThread] --- [ACO Iter-174] Stagnasi (41) → Smooth Reset Pheromone.
2025-12-24 20:30:54,794 [INFO    ] [ACO_Engine_Master   ] [MainThread] --- [ACO] Output GA tersimpan → C:\Users\laygenda surya putra\Documents\JOKI\gempavulkanik\output\aco_results\aco_to_ga.json
2025-12-24 20:30:55,136 [INFO    ] [ACO_Engine_Master   ] [MainThread] --- [ACO] Visual ACO tersimpan → C:\Users\laygenda surya putra\Documents\JOKI\gempavulkanik\output\aco_results/aco_impact_zones.html
2025-12-24 20:30:55,137 [INFO    ] [VolcanoAI.GaEngine  ] [MainThread] --- 
================================================================================
2025-12-24 20:30:55,138 [INFO    ] [VolcanoAI.GaEngine  ] [MainThread] ---                             === GA ENGINE START ===                             
2025-12-24 20:30:55,138 [INFO    ] [VolcanoAI.GaEngine  ] [MainThread] --- ================================================================================
2025-12-24 20:30:55,145 [INFO    ] [VolcanoAI.GaEngine  ] [MainThread] --- GA Evolution Start → Pop=80, Gen=150
2025-12-24 20:30:55,149 [INFO    ] [VolcanoAI.GaEngine  ] [MainThread] --- Resuming GA from checkpoint...
2025-12-24 20:30:55,169 [INFO    ] [VolcanoAI.GaEngine  ] [MainThread] --- [GA] next_event berhasil ditulis ke output\aco_results\aco_to_ga.json (valid=True)
2025-12-24 20:30:55,171 [INFO    ] [VolcanoAI.GaEngine  ] [MainThread] --- GA vector JSON saved → output\ga_results\ga_vector.json
2025-12-24 20:30:55,299 [INFO    ] [VolcanoAI.GaEngine  ] [MainThread] --- GA Map saved → output\ga_results\ga_path_map.html
2025-12-24 20:30:55,404 [INFO    ] [VolcanoAI.GaEngine  ] [MainThread] --- Excel exported → output\ga_results\ga_report.xlsx
2025-12-24 20:30:55,406 [INFO    ] [VolcanoAI.GaEngine  ] [MainThread] ---                            === GA ENGINE COMPLETE ===                           
2025-12-24 20:30:55,408 [INFO    ] [VolcanoAI.LstmEngine] [MainThread] --- === LSTM V6.0 TITAN TRAINING START ===
2025-12-24 20:30:55,441 [INFO    ] [VolcanoAI.LstmEngine] [MainThread] --- Processing Cluster 0...
2025-12-24 20:30:55,451 [WARNING ] [VolcanoAI.LstmEngine] [MainThread] --- Sample c0 terlalu sedikit (0). Skip training.
2025-12-24 20:30:56,006 [INFO    ] [VolcanoAI.LstmEngine] [MainThread] --- [Vault] Model Cluster 0 berhasil dimuat.
2025-12-24 20:30:56,032 [INFO    ] [VolcanoAI.LstmEngine] [MainThread] --- [LSTM] Saved CSV (overwrite-safe): master=output\lstm_results\lstm_records_2y_20251224.csv, recent=output\lstm_results\lstm_recent_15d_20251224.csv, anomalies=output\lstm_results\lstm_anomalies_20251224.csv
2025-12-24 20:30:56,032 [INFO    ] [VolcanoAI_CNN       ] [MainThread] --- === MEMULAI CNN TRAINING PIPELINE V5.0 (TITAN) ===
2025-12-24 20:30:56,034 [INFO    ] [VolcanoAI_CNN       ] [MainThread] --- 
>>> Training CNN Cluster 0
2025-12-24 20:30:56,209 [INFO    ] [VolcanoAI.LstmEngine] [MainThread] --- [Vault] Model Cluster 0 berhasil dimuat.
2025-12-24 20:30:56,209 [WARNING ] [VolcanoAI_CNN       ] [MainThread] --- Skip c0: Gagal get LSTM features (mungkin data kurang).
2025-12-24 20:30:57,109 [INFO    ] [VolcanoAI_CNN       ] [MainThread] --- [CNN] Loaded model for cluster 0 from disk.
2025-12-24 20:30:57,261 [INFO    ] [VolcanoAI.LstmEngine] [MainThread] --- [Vault] Model Cluster 0 berhasil dimuat.
2025-12-24 20:30:57,261 [WARNING ] [VolcanoAI_CNN       ] [MainThread] --- [CNN] Skip c0: no LSTM features — applying fallback area.
2025-12-24 20:30:57,269 [INFO    ] [VolcanoAiPipeline   ] [MainThread] --- ✅ CNN latest overwritten: output\cnn_results\results\cnn_predictions_latest.csv
2025-12-24 20:30:57,279 [INFO    ] [VolcanoAI.postprocess.cnn_csv_to_json] [MainThread] --- ✅ CNN JSON written: output\cnn_results\cnn_predictions_latest.json
2025-12-24 20:30:57,279 [INFO    ] [VolcanoAiPipeline   ] [MainThread] --- ✅ CNN JSON generated: output\cnn_results\cnn_predictions_latest.json
2025-12-24 20:30:57,289 [INFO    ] [VolcanoAI.engines.cnn_map_generator] [MainThread] --- CNNMapGenerator: map saved -> output\cnn_results\cnn_prediction_map.html
2025-12-24 20:30:57,289 [INFO    ] [VolcanoAiPipeline   ] [MainThread] --- 🗺️ CNN map generated: output\cnn_results\cnn_prediction_map.html
2025-12-24 20:30:57,296 [INFO    ] [VolcanoAiPipeline   ] [MainThread] ---  CNN archive saved: output\cnn_results\results\cnn_predictions_20251224_203057.csv
2025-12-24 20:30:57,320 [INFO    ] [VolcanoAI.NaiveBayesEngine] [MainThread] --- Fitur terpilih (7): ['Magnitudo', 'Kedalaman (km)', 'isVulkanik', 'isTektonik', 'R3_final', 'PheromoneScore', 'luas_cnn']
2025-12-24 20:30:57,331 [INFO    ] [VolcanoAI.NaiveBayesEngine] [MainThread] --- Training Naive Bayes selesai.
2025-12-24 20:30:57,331 [INFO    ] [VolcanoAiPipeline   ] [MainThread] --- 
========== PHASE 4: MODEL EVALUATION ==========
2025-12-24 20:31:00,652 [INFO    ] [ACO_Engine_Master   ] [MainThread] --- [ACO Iter-51] Stagnasi (41) → Smooth Reset Pheromone.
2025-12-24 20:31:03,084 [INFO    ] [ACO_Engine_Master   ] [MainThread] --- [ACO Iter-92] Stagnasi (41) → Smooth Reset Pheromone.
2025-12-24 20:31:06,994 [INFO    ] [ACO_Engine_Master   ] [MainThread] --- [ACO Iter-155] Stagnasi (41) → Smooth Reset Pheromone.
2025-12-24 20:31:09,444 [INFO    ] [ACO_Engine_Master   ] [MainThread] --- [ACO Iter-196] Stagnasi (41) → Smooth Reset Pheromone.
2025-12-24 20:31:09,588 [INFO    ] [ACO_Engine_Master   ] [MainThread] --- [ACO] Output GA tersimpan → C:\Users\laygenda surya putra\Documents\JOKI\gempavulkanik\output\aco_results\aco_to_ga.json
2025-12-24 20:31:09,646 [INFO    ] [ACO_Engine_Master   ] [MainThread] --- [ACO] Visual ACO tersimpan → C:\Users\laygenda surya putra\Documents\JOKI\gempavulkanik\output\aco_results/aco_impact_zones.html
2025-12-24 20:31:09,663 [INFO    ] [VolcanoAI.LstmEngine] [MainThread] --- [LSTM] Saved CSV (overwrite-safe): master=output\lstm_results\lstm_records_2y_20251224.csv, recent=output\lstm_results\lstm_recent_15d_20251224.csv, anomalies=output\lstm_results\lstm_anomalies_20251224.csv
2025-12-24 20:31:09,821 [INFO    ] [VolcanoAI.LstmEngine] [MainThread] --- [Vault] Model Cluster 0 berhasil dimuat.
2025-12-24 20:31:09,823 [WARNING ] [VolcanoAI_CNN       ] [MainThread] --- [CNN] Skip c0: no LSTM features — applying fallback area.
2025-12-24 20:31:09,837 [ERROR   ] [VolcanoAI.NaiveBayesEngine] [MainThread] --- Evaluasi gagal: Number of classes, 2, does not match size of target_names, 3. Try specifying the labels parameter
2025-12-24 20:31:10,034 [INFO    ] [VolcanoAI.NaiveBayesEngine] [MainThread] --- Output Naive Bayes berhasil disimpan.
2025-12-24 20:31:10,062 [INFO    ] [VolcanoAiPipeline   ] [MainThread] --- Reporter metrics keys being passed: ['class_names', 'accuracy', 'confusion_matrix', 'aco_center', 'aco_area', 'aco_map', 'ga_map', 'cnn_pred_csv', 'cnn_pred_json', 'nb_confusion_png', 'nb_roc_png', 'nb_pred_csv', 'nb_metrics_json']
2025-12-24 20:31:10,121 [INFO    ] [VolcanoAI.Reporter  ] [MainThread] --- Generating Dual Dashboard HTML...
2025-12-24 20:31:10,423 [INFO    ] [VolcanoAI.Reporter  ] [MainThread] --- Dashboard berhasil dibuat: output\VolcanoAI_Analysis_STATIC.html
2025-12-24 20:31:10,438 [INFO    ] [VolcanoAI.Reporter  ] [MainThread] --- Dashboard berhasil dibuat: output\VolcanoAI_Monitor_LIVE.html
2025-12-24 20:31:10,439 [INFO    ] [VolcanoAI.Reporter  ] [MainThread] --- ✅ Dual Dashboard Updated. Files: LIVE, STATIC.
2025-12-24 20:31:10,439 [INFO    ] [VolcanoAiPipeline   ] [MainThread] --- 
========== PHASE 5: LIVE MONITORING ==========
2025-12-24 20:31:10,439 [INFO    ] [VolcanoAI.LstmEngine] [MainThread] --- Loading 21 rows to buffer.
2025-12-24 20:31:10,490 [INFO    ] [RealtimeSensorManager] [MainThread] --- [MIROVA] Berhasil membaca 13 baris dari log.
2025-12-24 20:31:19,358 [INFO    ] [werkzeug            ] [Thread-355 (process_request_thread)] --- 127.0.0.1 - - [24/Dec/2025 20:31:19] "GET / HTTP/1.1" 200 -
2025-12-24 20:31:19,411 [INFO    ] [werkzeug            ] [Thread-354 (process_request_thread)] --- 127.0.0.1 - - [24/Dec/2025 20:31:19] "GET /files/output/naive_bayes_results/confusion_matrix.png HTTP/1.1" 200 -
2025-12-24 20:31:19,413 [INFO    ] [werkzeug            ] [Thread-356 (process_request_thread)] --- 127.0.0.1 - - [24/Dec/2025 20:31:19] "[36mGET /files/output/naive_bayes_results/roc_curves.png HTTP/1.1[0m" 304 -
2025-12-24 20:31:19,596 [INFO    ] [werkzeug            ] [Thread-357 (process_request_thread)] --- 127.0.0.1 - - [24/Dec/2025 20:31:19] "GET /files/output/aco_results/aco_impact_zones.html HTTP/1.1" 200 -
2025-12-24 20:31:19,598 [INFO    ] [werkzeug            ] [Thread-358 (process_request_thread)] --- 127.0.0.1 - - [24/Dec/2025 20:31:19] "GET /files/output/cnn_results/cnn_prediction_map.html HTTP/1.1" 200 -
2025-12-24 20:31:19,622 [INFO    ] [werkzeug            ] [Thread-359 (process_request_thread)] --- 127.0.0.1 - - [24/Dec/2025 20:31:19] "GET /files/output/ga_results/ga_path_map.html HTTP/1.1" 200 -
2025-12-24 20:32:19,887 [INFO    ] [werkzeug            ] [Thread-361 (process_request_thread)] --- 127.0.0.1 - - [24/Dec/2025 20:32:19] "GET / HTTP/1.1" 200 -
2025-12-24 20:32:19,935 [INFO    ] [werkzeug            ] [Thread-360 (process_request_thread)] --- 127.0.0.1 - - [24/Dec/2025 20:32:19] "[36mGET /files/output/naive_bayes_results/confusion_matrix.png HTTP/1.1[0m" 304 -
2025-12-24 20:32:19,951 [INFO    ] [werkzeug            ] [Thread-362 (process_request_thread)] --- 127.0.0.1 - - [24/Dec/2025 20:32:19] "[36mGET /files/output/naive_bayes_results/roc_curves.png HTTP/1.1[0m" 304 -
2025-12-24 20:32:20,183 [INFO    ] [werkzeug            ] [Thread-363 (process_request_thread)] --- 127.0.0.1 - - [24/Dec/2025 20:32:20] "[36mGET /files/output/aco_results/aco_impact_zones.html HTTP/1.1[0m" 304 -
2025-12-24 20:32:20,188 [INFO    ] [werkzeug            ] [Thread-364 (process_request_thread)] --- 127.0.0.1 - - [24/Dec/2025 20:32:20] "[36mGET /files/output/ga_results/ga_path_map.html HTTP/1.1[0m" 304 -
2025-12-24 20:32:20,191 [INFO    ] [werkzeug            ] [Thread-365 (process_request_thread)] --- 127.0.0.1 - - [24/Dec/2025 20:32:20] "[36mGET /files/output/cnn_results/cnn_prediction_map.html HTTP/1.1[0m" 304 -
2025-12-24 20:32:42,774 [INFO    ] [VolcanoAiPipeline   ] [MainThread] --- Monitoring dihentikan. Melakukan penyimpanan akhir...
2025-12-24 20:32:42,794 [INFO    ] [root                ] [MainThread] --- [BUFFER SAVED] output/realtime/processed.csv
2025-12-24 20:32:42,794 [INFO    ] [VolcanoAiPipeline   ] [MainThread] --- Penyimpanan buffer live selesai.
2025-12-24 20:32:42,794 [INFO    ] [VolcanoAiPipeline   ] [MainThread] --- System shutdown. Uptime: 129.35s
