2025-12-19 18:21:13,865 [INFO    ] [root                ] [MainThread] --- Logging diinisialisasi. File: output\pipeline_20251219_182113.log
2025-12-19 18:21:13,870 [INFO    ] [root                ] [MainThread] --- ================================================================================
2025-12-19 18:21:13,870 [INFO    ] [root                ] [MainThread] ---                             VOLCANOAI SYSTEM STARTUP                            
2025-12-19 18:21:13,870 [INFO    ] [root                ] [MainThread] --- ================================================================================
2025-12-19 18:21:13,878 [WARNING ] [VolcanoAI.processing.realtime_data_stream] [MainThread] --- File MIROVA tidak ditemukan di path: output/realtime/mirova_log.txt
2025-12-19 18:21:13,878 [INFO    ] [VolcanoAiPipeline   ] [MainThread] --- Pipeline VolcanoAI 5.2.0-TITAN-EXCEL initialized successfully.
2025-12-19 18:21:13,878 [INFO    ] [VolcanoAiPipeline   ] [MainThread] --- Starting Pipeline Execution...
2025-12-19 18:21:13,893 [INFO    ] [VolcanoAiPipeline   ] [MainThread] --- 
========== PHASE 1: DATA LOADING ==========
2025-12-19 18:21:13,957 [INFO    ] [VolcanoAiPipeline   ] [MainThread] --- 
========== PHASE 2: FEATURE ENGINEERING ==========
2025-12-19 18:21:13,972 [INFO    ] [FeatureEngineer     ] [MainThread] --- >>> FE TRAIN: Initializing new preprocessor state.
2025-12-19 18:21:14,281 [INFO    ] [FeatureEngineer     ] [MainThread] --- Smart Classifier Trained.
2025-12-19 18:21:14,374 [WARNING ] [FeatureEngineer     ] [MainThread] --- Imputer Warning: Kolom berikut kosong total saat training -> diisi 0.0: ['OLI_total (W)', 'MSI_total (W)']
2025-12-19 18:21:14,908 [INFO    ] [VolcanoAI.processing.feature_engineer] [MainThread] --- Preprocessor state saved to: output\feature_preprocessor.pkl
2025-12-19 18:21:14,909 [INFO    ] [FeatureEngineer     ] [MainThread] --- Feature Engineering Complete. Shape: (1307, 55)
2025-12-19 18:21:14,909 [INFO    ] [FeatureEngineer     ] [MainThread] --- >>> FE TRAIN: Initializing new preprocessor state.
2025-12-19 18:21:15,000 [INFO    ] [FeatureEngineer     ] [MainThread] --- Smart Classifier Trained.
2025-12-19 18:21:15,030 [WARNING ] [FeatureEngineer     ] [MainThread] --- Imputer Warning: Kolom berikut kosong total saat training -> diisi 0.0: ['OLI_total (W)', 'MSI_total (W)']
2025-12-19 18:21:15,605 [INFO    ] [VolcanoAI.processing.feature_engineer] [MainThread] --- Preprocessor state saved to: output\feature_preprocessor.pkl
2025-12-19 18:21:15,605 [INFO    ] [FeatureEngineer     ] [MainThread] --- Feature Engineering Complete. Shape: (561, 55)
2025-12-19 18:21:15,621 [INFO    ] [VolcanoAiPipeline   ] [MainThread] --- 
========== PHASE 3: MODEL TRAINING ==========
2025-12-19 18:21:42,131 [INFO    ] [ACO_Engine_Master   ] [MainThread] --- [ACO Iter-61] Stagnasi (41) → Smooth Reset Pheromone.
2025-12-19 18:21:53,950 [INFO    ] [ACO_Engine_Master   ] [MainThread] --- [ACO Iter-102] Stagnasi (41) → Smooth Reset Pheromone.
2025-12-19 18:22:07,994 [INFO    ] [ACO_Engine_Master   ] [MainThread] --- [ACO Iter-143] Stagnasi (41) → Smooth Reset Pheromone.
2025-12-19 18:22:23,034 [INFO    ] [ACO_Engine_Master   ] [MainThread] --- [ACO Iter-184] Stagnasi (41) → Smooth Reset Pheromone.
2025-12-19 18:22:31,489 [INFO    ] [ACO_Engine_Master   ] [MainThread] --- Visual ACO tersimpan: C:\Users\USER\Downloads\Earthquake_Volcan\Earthquake_Volcano\output\aco_results/aco_impact_zones.html
2025-12-19 18:22:31,494 [INFO    ] [ACO_Engine_Master   ] [MainThread] --- [ACO] Output GA tersimpan → C:\Users\USER\Downloads\Earthquake_Volcan\Earthquake_Volcano\output\aco_results\aco_to_ga.json
2025-12-19 18:22:31,494 [INFO    ] [ACO_Engine_Master   ] [MainThread] --- [ACO] Impact Center: {'center_lat': -8.038227342769021, 'center_lon': 113.34181243887251, 'lat_column_used': 'Lintang', 'lon_column_used': 'Bujur'} | Impact Area (km²): 203.89936505858796
2025-12-19 18:22:31,497 [INFO    ] [VolcanoAI.GaEngine  ] [MainThread] --- 
================================================================================
2025-12-19 18:22:31,497 [INFO    ] [VolcanoAI.GaEngine  ] [MainThread] ---                             === GA ENGINE START ===                             
2025-12-19 18:22:31,497 [INFO    ] [VolcanoAI.GaEngine  ] [MainThread] --- ================================================================================
2025-12-19 18:22:31,510 [INFO    ] [VolcanoAI.GaEngine  ] [MainThread] --- GA Evolution Start → Pop=80, Gen=150
2025-12-19 18:22:31,528 [INFO    ] [VolcanoAI.GaEngine  ] [MainThread] --- Resuming GA from checkpoint...
2025-12-19 18:22:31,546 [INFO    ] [VolcanoAI.GaEngine  ] [MainThread] --- GA vector JSON saved → output\ga_results\ga_vector.json
2025-12-19 18:22:49,324 [INFO    ] [VolcanoAI.GaEngine  ] [MainThread] --- GA Map saved → output\ga_results\ga_path_map.html
2025-12-19 18:22:53,196 [INFO    ] [VolcanoAI.GaEngine  ] [MainThread] --- Excel exported → output\ga_results\ga_report.xlsx
2025-12-19 18:22:53,199 [INFO    ] [VolcanoAI.GaEngine  ] [MainThread] ---                            === GA ENGINE COMPLETE ===                           
2025-12-19 18:22:53,199 [INFO    ] [VolcanoAI.LstmEngine] [MainThread] --- === LSTM V6.0 TITAN TRAINING START ===
2025-12-19 18:22:53,234 [INFO    ] [VolcanoAI.LstmEngine] [MainThread] --- Processing Cluster 0...
2025-12-19 18:22:53,248 [INFO    ] [VolcanoAI.LstmEngine] [MainThread] ---     [Tuner] Menjalankan 3 trial optimasi...
2025-12-19 18:22:54,355 [WARNING ] [tensorflow          ] [MainThread] --- From C:\Users\USER\Downloads\Earthquake_Volcan\Earthquake_Volcano\env\lib\site-packages\keras\src\backend\common\global_state.py:82: The name tf.reset_default_graph is deprecated. Please use tf.compat.v1.reset_default_graph instead.

2025-12-19 18:22:54,919 [INFO    ] [VolcanoAI.LstmEngine] [MainThread] --- Model LSTM berhasil dikompilasi (Standard MAE). Input: 30x6
2025-12-19 18:23:06,823 [INFO    ] [VolcanoAI.LstmEngine] [MainThread] --- Model LSTM berhasil dikompilasi (Standard MAE). Input: 30x6
2025-12-19 18:23:18,775 [INFO    ] [VolcanoAI.LstmEngine] [MainThread] --- Model LSTM berhasil dikompilasi (Standard MAE). Input: 30x6
2025-12-19 18:23:29,885 [INFO    ] [VolcanoAI.LstmEngine] [MainThread] ---     [Tuner] Parameter Terbaik: {'latent_dim': 128, 'learning_rate': 0.0005, 'dropout_rate': 0.2} (Loss: 0.5294)
2025-12-19 18:23:30,014 [INFO    ] [VolcanoAI.LstmEngine] [MainThread] --- Model LSTM berhasil dikompilasi (Standard MAE). Input: 30x6
2025-12-19 18:24:01,620 [INFO    ] [VolcanoAI.LstmEngine] [MainThread] --- [Vault] Model Cluster 0 berhasil dimuat.
2025-12-19 18:24:04,629 [INFO    ] [VolcanoAI.LstmEngine] [MainThread] --- [LSTM] Saved CSV (overwrite-safe): master=output\lstm_results\lstm_records_2y_20241230.csv, recent=output\lstm_results\lstm_recent_15d_20241230.csv, anomalies=output\lstm_results\lstm_anomalies_20241230.csv
2025-12-19 18:24:04,631 [INFO    ] [VolcanoAI_CNN       ] [MainThread] --- === MEMULAI CNN TRAINING PIPELINE V5.0 (TITAN) ===
2025-12-19 18:24:04,633 [INFO    ] [VolcanoAI_CNN       ] [MainThread] --- 
>>> Training CNN Cluster 0
2025-12-19 18:24:04,814 [INFO    ] [VolcanoAI.LstmEngine] [MainThread] --- [Vault] Model Cluster 0 berhasil dimuat.
2025-12-19 18:24:04,821 [WARNING ] [VolcanoAI_CNN       ] [MainThread] --- Skip c0: Gagal get LSTM features (mungkin data kurang).
2025-12-19 18:24:05,643 [INFO    ] [VolcanoAI.LstmEngine] [MainThread] --- [Vault] Model Cluster 0 berhasil dimuat.
2025-12-19 18:24:05,657 [INFO    ] [VolcanoAiPipeline   ] [MainThread] --- ✅ CNN latest overwritten: output\cnn_results\results\cnn_predictions_latest.csv
2025-12-19 18:24:05,700 [INFO    ] [VolcanoAI.postprocess.cnn_csv_to_json] [MainThread] --- ✅ CNN JSON written: output\cnn_results\cnn_predictions_latest.json
2025-12-19 18:24:05,700 [INFO    ] [VolcanoAiPipeline   ] [MainThread] --- ✅ CNN JSON updated for client
2025-12-19 18:24:05,711 [INFO    ] [VolcanoAiPipeline   ] [MainThread] ---  CNN archive saved: output\cnn_results\results\cnn_predictions_20251219_182405.csv
2025-12-19 18:24:05,747 [INFO    ] [VolcanoAI.NaiveBayesEngine] [MainThread] --- Fitur Terpilih (7): ['Magnitudo', 'Kedalaman (km)', 'isVulkanik', 'isTektonik', 'R3_final', 'PheromoneScore', 'lstm_prediction']
2025-12-19 18:24:07,301 [INFO    ] [VolcanoAI.NaiveBayesEngine] [MainThread] --- Training selesai. Model: CalibratedClassifierCV (Classes: ['Parah' 'Ringan' 'Sedang'])
2025-12-19 18:24:07,349 [INFO    ] [VolcanoAiPipeline   ] [MainThread] --- 
========== PHASE 4: MODEL EVALUATION ==========
2025-12-19 18:24:20,146 [INFO    ] [ACO_Engine_Master   ] [MainThread] --- [ACO Iter-67] Stagnasi (41) → Smooth Reset Pheromone.
2025-12-19 18:24:27,028 [INFO    ] [ACO_Engine_Master   ] [MainThread] --- [ACO Iter-108] Stagnasi (41) → Smooth Reset Pheromone.
2025-12-19 18:24:34,332 [INFO    ] [ACO_Engine_Master   ] [MainThread] --- [ACO Iter-149] Stagnasi (41) → Smooth Reset Pheromone.
2025-12-19 18:24:41,791 [INFO    ] [ACO_Engine_Master   ] [MainThread] --- [ACO Iter-190] Stagnasi (41) → Smooth Reset Pheromone.
2025-12-19 18:24:45,364 [INFO    ] [ACO_Engine_Master   ] [MainThread] --- Visual ACO tersimpan: C:\Users\USER\Downloads\Earthquake_Volcan\Earthquake_Volcano\output\aco_results/aco_impact_zones.html
2025-12-19 18:24:45,367 [INFO    ] [ACO_Engine_Master   ] [MainThread] --- [ACO] Output GA tersimpan → C:\Users\USER\Downloads\Earthquake_Volcan\Earthquake_Volcano\output\aco_results\aco_to_ga.json
2025-12-19 18:24:45,367 [INFO    ] [ACO_Engine_Master   ] [MainThread] --- [ACO] Impact Center: {'center_lat': -8.029007007592197, 'center_lon': 113.33473738232829, 'lat_column_used': 'Lintang', 'lon_column_used': 'Bujur'} | Impact Area (km²): 209.70878742691895
2025-12-19 18:24:46,473 [INFO    ] [VolcanoAI.LstmEngine] [MainThread] --- [LSTM] Saved CSV (overwrite-safe): master=output\lstm_results\lstm_records_2y_20241230.csv, recent=output\lstm_results\lstm_recent_15d_20241230.csv, anomalies=output\lstm_results\lstm_anomalies_20241230.csv
2025-12-19 18:24:46,679 [INFO    ] [VolcanoAI.LstmEngine] [MainThread] --- [Vault] Model Cluster 0 berhasil dimuat.
2025-12-19 18:24:46,724 [ERROR   ] [VolcanoAI.NaiveBayesEngine] [MainThread] --- Evaluasi gagal: At least one label specified must be in y_true
2025-12-19 18:24:47,146 [INFO    ] [VolcanoAiPipeline   ] [MainThread] --- Reporter metrics keys being passed: ['class_names', 'accuracy', 'aco_center', 'aco_area', 'aco_map', 'ga_map', 'lstm_master_csv', 'lstm_recent_csv', 'lstm_anomalies_csv', 'cnn_pred_csv', 'cnn_pred_json']
2025-12-19 18:24:47,146 [INFO    ] [VolcanoAI.Reporter  ] [MainThread] --- Generating Dual Dashboard HTML...
2025-12-19 18:24:48,714 [INFO    ] [VolcanoAI.Reporter  ] [MainThread] --- Dashboard berhasil dibuat: output\VolcanoAI_Analysis_STATIC.html
2025-12-19 18:24:48,730 [INFO    ] [VolcanoAI.Reporter  ] [MainThread] --- Dashboard berhasil dibuat: output\VolcanoAI_Monitor_LIVE.html
2025-12-19 18:24:48,730 [INFO    ] [VolcanoAI.Reporter  ] [MainThread] --- ✅ Dual Dashboard Updated. Files: LIVE, STATIC.
2025-12-19 18:24:48,730 [INFO    ] [VolcanoAiPipeline   ] [MainThread] --- 
========== PHASE 5: LIVE MONITORING ==========
2025-12-19 18:24:48,730 [INFO    ] [VolcanoAI.LstmEngine] [MainThread] --- Loading 1307 rows to buffer.
2025-12-19 18:24:48,780 [INFO    ] [VolcanoAI.processing.realtime_data_stream] [MainThread] --- === RealtimeSensorManager: START Fetching Data ===
2025-12-19 18:24:48,781 [WARNING ] [VolcanoAI.processing.realtime_data_stream] [MainThread] --- [MIROVA] Log tidak ditemukan: output/realtime/mirova_log.txt
2025-12-19 18:24:49,184 [INFO    ] [VolcanoAI.processing.realtime_data_stream] [MainThread] --- [BMKG] Events: 8
2025-12-19 18:24:49,234 [INFO    ] [VolcanoAI.processing.realtime_data_stream] [MainThread] --- [Injection] Rows: 3
2025-12-19 18:24:49,234 [INFO    ] [VolcanoAI.processing.realtime_data_stream] [MainThread] --- === RealtimeSensorManager: DONE. Sizes: M(0), B(8), I(3) ===
2025-12-19 18:24:49,234 [INFO    ] [FeatureEngineer     ] [MainThread] --- >>> FE INFERENCE: Using existing preprocessor state.
2025-12-19 18:24:49,264 [INFO    ] [FeatureEngineer     ] [MainThread] --- Smart Inference classified 11 unknown events.
2025-12-19 18:24:49,470 [INFO    ] [FeatureEngineer     ] [MainThread] --- Feature Engineering Complete. Shape: (101, 59)
2025-12-19 18:24:49,470 [INFO    ] [VolcanoAiPipeline   ] [MainThread] --- Gempa baru terdeteksi, tetapi di luar area fokus yang dilatih. Skip prediksi.
2025-12-19 18:29:49,478 [INFO    ] [VolcanoAI.processing.realtime_data_stream] [MainThread] --- === RealtimeSensorManager: START Fetching Data ===
2025-12-19 18:29:49,478 [WARNING ] [VolcanoAI.processing.realtime_data_stream] [MainThread] --- [MIROVA] Log tidak ditemukan: output/realtime/mirova_log.txt
2025-12-19 18:29:49,802 [INFO    ] [VolcanoAI.processing.realtime_data_stream] [MainThread] --- [BMKG] Events: 8
2025-12-19 18:29:49,817 [INFO    ] [VolcanoAI.processing.realtime_data_stream] [MainThread] --- [Injection] Rows: 3
2025-12-19 18:29:49,819 [INFO    ] [VolcanoAI.processing.realtime_data_stream] [MainThread] --- === RealtimeSensorManager: DONE. Sizes: M(0), B(8), I(3) ===
2025-12-19 18:29:49,822 [INFO    ] [FeatureEngineer     ] [MainThread] --- >>> FE INFERENCE: Using existing preprocessor state.
2025-12-19 18:29:49,838 [INFO    ] [FeatureEngineer     ] [MainThread] --- Smart Inference classified 11 unknown events.
2025-12-19 18:29:50,044 [INFO    ] [FeatureEngineer     ] [MainThread] --- Feature Engineering Complete. Shape: (101, 59)
2025-12-19 18:29:50,044 [INFO    ] [VolcanoAiPipeline   ] [MainThread] --- Gempa baru terdeteksi, tetapi di luar area fokus yang dilatih. Skip prediksi.
2025-12-19 18:34:50,058 [INFO    ] [VolcanoAI.processing.realtime_data_stream] [MainThread] --- === RealtimeSensorManager: START Fetching Data ===
2025-12-19 18:34:50,060 [WARNING ] [VolcanoAI.processing.realtime_data_stream] [MainThread] --- [MIROVA] Log tidak ditemukan: output/realtime/mirova_log.txt
2025-12-19 18:34:53,527 [INFO    ] [VolcanoAI.processing.realtime_data_stream] [MainThread] --- [BMKG] Events: 8
2025-12-19 18:34:53,551 [INFO    ] [VolcanoAI.processing.realtime_data_stream] [MainThread] --- [Injection] Rows: 3
2025-12-19 18:34:53,551 [INFO    ] [VolcanoAI.processing.realtime_data_stream] [MainThread] --- === RealtimeSensorManager: DONE. Sizes: M(0), B(8), I(3) ===
2025-12-19 18:34:53,551 [INFO    ] [FeatureEngineer     ] [MainThread] --- >>> FE INFERENCE: Using existing preprocessor state.
2025-12-19 18:34:53,575 [INFO    ] [FeatureEngineer     ] [MainThread] --- Smart Inference classified 11 unknown events.
2025-12-19 18:34:53,799 [INFO    ] [FeatureEngineer     ] [MainThread] --- Feature Engineering Complete. Shape: (101, 59)
2025-12-19 18:34:53,802 [INFO    ] [VolcanoAiPipeline   ] [MainThread] --- Gempa baru terdeteksi, tetapi di luar area fokus yang dilatih. Skip prediksi.
2025-12-19 18:39:53,806 [INFO    ] [VolcanoAI.processing.realtime_data_stream] [MainThread] --- === RealtimeSensorManager: START Fetching Data ===
2025-12-19 18:39:53,807 [WARNING ] [VolcanoAI.processing.realtime_data_stream] [MainThread] --- [MIROVA] Log tidak ditemukan: output/realtime/mirova_log.txt
2025-12-19 18:39:54,294 [INFO    ] [VolcanoAI.processing.realtime_data_stream] [MainThread] --- [BMKG] Events: 8
2025-12-19 18:39:54,343 [INFO    ] [VolcanoAI.processing.realtime_data_stream] [MainThread] --- [Injection] Rows: 3
2025-12-19 18:39:54,347 [INFO    ] [VolcanoAI.processing.realtime_data_stream] [MainThread] --- === RealtimeSensorManager: DONE. Sizes: M(0), B(8), I(3) ===
2025-12-19 18:39:54,355 [INFO    ] [FeatureEngineer     ] [MainThread] --- >>> FE INFERENCE: Using existing preprocessor state.
2025-12-19 18:39:54,400 [INFO    ] [FeatureEngineer     ] [MainThread] --- Smart Inference classified 11 unknown events.
2025-12-19 18:39:54,678 [INFO    ] [FeatureEngineer     ] [MainThread] --- Feature Engineering Complete. Shape: (101, 59)
2025-12-19 18:39:54,688 [INFO    ] [VolcanoAiPipeline   ] [MainThread] --- Gempa baru terdeteksi, tetapi di luar area fokus yang dilatih. Skip prediksi.
2025-12-19 18:44:54,699 [INFO    ] [VolcanoAI.processing.realtime_data_stream] [MainThread] --- === RealtimeSensorManager: START Fetching Data ===
2025-12-19 18:44:54,700 [WARNING ] [VolcanoAI.processing.realtime_data_stream] [MainThread] --- [MIROVA] Log tidak ditemukan: output/realtime/mirova_log.txt
2025-12-19 18:44:55,060 [INFO    ] [VolcanoAI.processing.realtime_data_stream] [MainThread] --- [BMKG] Events: 8
2025-12-19 18:44:55,081 [INFO    ] [VolcanoAI.processing.realtime_data_stream] [MainThread] --- [Injection] Rows: 3
2025-12-19 18:44:55,081 [INFO    ] [VolcanoAI.processing.realtime_data_stream] [MainThread] --- === RealtimeSensorManager: DONE. Sizes: M(0), B(8), I(3) ===
2025-12-19 18:44:55,081 [INFO    ] [FeatureEngineer     ] [MainThread] --- >>> FE INFERENCE: Using existing preprocessor state.
2025-12-19 18:44:55,092 [INFO    ] [FeatureEngineer     ] [MainThread] --- Smart Inference classified 11 unknown events.
2025-12-19 18:44:55,316 [INFO    ] [FeatureEngineer     ] [MainThread] --- Feature Engineering Complete. Shape: (101, 59)
2025-12-19 18:44:55,316 [INFO    ] [VolcanoAiPipeline   ] [MainThread] --- Gempa baru terdeteksi, tetapi di luar area fokus yang dilatih. Skip prediksi.
2025-12-19 18:49:55,324 [INFO    ] [VolcanoAI.processing.realtime_data_stream] [MainThread] --- === RealtimeSensorManager: START Fetching Data ===
2025-12-19 18:49:55,325 [WARNING ] [VolcanoAI.processing.realtime_data_stream] [MainThread] --- [MIROVA] Log tidak ditemukan: output/realtime/mirova_log.txt
2025-12-19 18:49:55,638 [INFO    ] [VolcanoAI.processing.realtime_data_stream] [MainThread] --- [BMKG] Events: 8
2025-12-19 18:49:55,663 [INFO    ] [VolcanoAI.processing.realtime_data_stream] [MainThread] --- [Injection] Rows: 3
2025-12-19 18:49:55,663 [INFO    ] [VolcanoAI.processing.realtime_data_stream] [MainThread] --- === RealtimeSensorManager: DONE. Sizes: M(0), B(8), I(3) ===
2025-12-19 18:49:55,667 [INFO    ] [FeatureEngineer     ] [MainThread] --- >>> FE INFERENCE: Using existing preprocessor state.
2025-12-19 18:49:55,682 [INFO    ] [FeatureEngineer     ] [MainThread] --- Smart Inference classified 11 unknown events.
2025-12-19 18:49:55,898 [INFO    ] [FeatureEngineer     ] [MainThread] --- Feature Engineering Complete. Shape: (101, 59)
2025-12-19 18:49:55,901 [INFO    ] [VolcanoAiPipeline   ] [MainThread] --- Gempa baru terdeteksi, tetapi di luar area fokus yang dilatih. Skip prediksi.
2025-12-19 18:54:55,910 [INFO    ] [VolcanoAI.processing.realtime_data_stream] [MainThread] --- === RealtimeSensorManager: START Fetching Data ===
2025-12-19 18:54:55,910 [WARNING ] [VolcanoAI.processing.realtime_data_stream] [MainThread] --- [MIROVA] Log tidak ditemukan: output/realtime/mirova_log.txt
2025-12-19 18:54:59,462 [INFO    ] [VolcanoAI.processing.realtime_data_stream] [MainThread] --- [BMKG] Events: 8
2025-12-19 18:54:59,477 [INFO    ] [VolcanoAI.processing.realtime_data_stream] [MainThread] --- [Injection] Rows: 3
2025-12-19 18:54:59,483 [INFO    ] [VolcanoAI.processing.realtime_data_stream] [MainThread] --- === RealtimeSensorManager: DONE. Sizes: M(0), B(8), I(3) ===
2025-12-19 18:54:59,487 [INFO    ] [FeatureEngineer     ] [MainThread] --- >>> FE INFERENCE: Using existing preprocessor state.
2025-12-19 18:54:59,500 [INFO    ] [FeatureEngineer     ] [MainThread] --- Smart Inference classified 11 unknown events.
2025-12-19 18:54:59,683 [INFO    ] [FeatureEngineer     ] [MainThread] --- Feature Engineering Complete. Shape: (101, 59)
2025-12-19 18:54:59,687 [INFO    ] [VolcanoAiPipeline   ] [MainThread] --- Gempa baru terdeteksi, tetapi di luar area fokus yang dilatih. Skip prediksi.
2025-12-19 18:59:59,692 [INFO    ] [VolcanoAI.processing.realtime_data_stream] [MainThread] --- === RealtimeSensorManager: START Fetching Data ===
2025-12-19 18:59:59,692 [WARNING ] [VolcanoAI.processing.realtime_data_stream] [MainThread] --- [MIROVA] Log tidak ditemukan: output/realtime/mirova_log.txt
2025-12-19 19:00:00,036 [INFO    ] [VolcanoAI.processing.realtime_data_stream] [MainThread] --- [BMKG] Events: 8
2025-12-19 19:00:00,047 [INFO    ] [VolcanoAI.processing.realtime_data_stream] [MainThread] --- [Injection] Rows: 3
2025-12-19 19:00:00,047 [INFO    ] [VolcanoAI.processing.realtime_data_stream] [MainThread] --- === RealtimeSensorManager: DONE. Sizes: M(0), B(8), I(3) ===
2025-12-19 19:00:00,047 [INFO    ] [FeatureEngineer     ] [MainThread] --- >>> FE INFERENCE: Using existing preprocessor state.
2025-12-19 19:00:00,068 [INFO    ] [FeatureEngineer     ] [MainThread] --- Smart Inference classified 11 unknown events.
2025-12-19 19:00:00,271 [INFO    ] [FeatureEngineer     ] [MainThread] --- Feature Engineering Complete. Shape: (101, 59)
2025-12-19 19:00:00,282 [INFO    ] [VolcanoAiPipeline   ] [MainThread] --- Gempa baru terdeteksi, tetapi di luar area fokus yang dilatih. Skip prediksi.
2025-12-19 19:05:00,296 [INFO    ] [VolcanoAI.processing.realtime_data_stream] [MainThread] --- === RealtimeSensorManager: START Fetching Data ===
2025-12-19 19:05:00,297 [WARNING ] [VolcanoAI.processing.realtime_data_stream] [MainThread] --- [MIROVA] Log tidak ditemukan: output/realtime/mirova_log.txt
2025-12-19 19:05:00,643 [INFO    ] [VolcanoAI.processing.realtime_data_stream] [MainThread] --- [BMKG] Events: 8
2025-12-19 19:05:00,664 [INFO    ] [VolcanoAI.processing.realtime_data_stream] [MainThread] --- [Injection] Rows: 3
2025-12-19 19:05:00,664 [INFO    ] [VolcanoAI.processing.realtime_data_stream] [MainThread] --- === RealtimeSensorManager: DONE. Sizes: M(0), B(8), I(3) ===
2025-12-19 19:05:00,664 [INFO    ] [FeatureEngineer     ] [MainThread] --- >>> FE INFERENCE: Using existing preprocessor state.
2025-12-19 19:05:00,686 [INFO    ] [FeatureEngineer     ] [MainThread] --- Smart Inference classified 11 unknown events.
2025-12-19 19:05:00,901 [INFO    ] [FeatureEngineer     ] [MainThread] --- Feature Engineering Complete. Shape: (101, 59)
2025-12-19 19:05:00,910 [INFO    ] [VolcanoAiPipeline   ] [MainThread] --- Gempa baru terdeteksi, tetapi di luar area fokus yang dilatih. Skip prediksi.
2025-12-19 19:10:00,921 [INFO    ] [VolcanoAI.processing.realtime_data_stream] [MainThread] --- === RealtimeSensorManager: START Fetching Data ===
2025-12-19 19:10:00,921 [WARNING ] [VolcanoAI.processing.realtime_data_stream] [MainThread] --- [MIROVA] Log tidak ditemukan: output/realtime/mirova_log.txt
2025-12-19 19:10:01,172 [INFO    ] [VolcanoAI.processing.realtime_data_stream] [MainThread] --- [BMKG] Events: 8
2025-12-19 19:10:01,198 [INFO    ] [VolcanoAI.processing.realtime_data_stream] [MainThread] --- [Injection] Rows: 3
2025-12-19 19:10:01,198 [INFO    ] [VolcanoAI.processing.realtime_data_stream] [MainThread] --- === RealtimeSensorManager: DONE. Sizes: M(0), B(8), I(3) ===
2025-12-19 19:10:01,209 [INFO    ] [FeatureEngineer     ] [MainThread] --- >>> FE INFERENCE: Using existing preprocessor state.
2025-12-19 19:10:01,228 [INFO    ] [FeatureEngineer     ] [MainThread] --- Smart Inference classified 11 unknown events.
2025-12-19 19:10:01,409 [INFO    ] [FeatureEngineer     ] [MainThread] --- Feature Engineering Complete. Shape: (101, 59)
2025-12-19 19:10:01,409 [INFO    ] [VolcanoAiPipeline   ] [MainThread] --- Gempa baru terdeteksi, tetapi di luar area fokus yang dilatih. Skip prediksi.
2025-12-19 19:15:01,419 [INFO    ] [VolcanoAI.processing.realtime_data_stream] [MainThread] --- === RealtimeSensorManager: START Fetching Data ===
2025-12-19 19:15:01,421 [WARNING ] [VolcanoAI.processing.realtime_data_stream] [MainThread] --- [MIROVA] Log tidak ditemukan: output/realtime/mirova_log.txt
2025-12-19 19:15:01,804 [INFO    ] [VolcanoAI.processing.realtime_data_stream] [MainThread] --- [BMKG] Events: 8
2025-12-19 19:15:01,840 [INFO    ] [VolcanoAI.processing.realtime_data_stream] [MainThread] --- [Injection] Rows: 3
2025-12-19 19:15:01,841 [INFO    ] [VolcanoAI.processing.realtime_data_stream] [MainThread] --- === RealtimeSensorManager: DONE. Sizes: M(0), B(8), I(3) ===
2025-12-19 19:15:01,846 [INFO    ] [FeatureEngineer     ] [MainThread] --- >>> FE INFERENCE: Using existing preprocessor state.
2025-12-19 19:15:01,865 [INFO    ] [FeatureEngineer     ] [MainThread] --- Smart Inference classified 11 unknown events.
2025-12-19 19:15:02,105 [INFO    ] [FeatureEngineer     ] [MainThread] --- Feature Engineering Complete. Shape: (101, 59)
2025-12-19 19:15:02,109 [INFO    ] [VolcanoAiPipeline   ] [MainThread] --- Gempa baru terdeteksi, tetapi di luar area fokus yang dilatih. Skip prediksi.
2025-12-19 19:20:02,110 [INFO    ] [VolcanoAI.processing.realtime_data_stream] [MainThread] --- === RealtimeSensorManager: START Fetching Data ===
2025-12-19 19:20:02,111 [WARNING ] [VolcanoAI.processing.realtime_data_stream] [MainThread] --- [MIROVA] Log tidak ditemukan: output/realtime/mirova_log.txt
2025-12-19 19:20:02,489 [INFO    ] [VolcanoAI.processing.realtime_data_stream] [MainThread] --- [BMKG] Events: 8
2025-12-19 19:20:02,513 [INFO    ] [VolcanoAI.processing.realtime_data_stream] [MainThread] --- [Injection] Rows: 3
2025-12-19 19:20:02,514 [INFO    ] [VolcanoAI.processing.realtime_data_stream] [MainThread] --- === RealtimeSensorManager: DONE. Sizes: M(0), B(8), I(3) ===
2025-12-19 19:20:02,519 [INFO    ] [FeatureEngineer     ] [MainThread] --- >>> FE INFERENCE: Using existing preprocessor state.
2025-12-19 19:20:02,551 [INFO    ] [FeatureEngineer     ] [MainThread] --- Smart Inference classified 11 unknown events.
2025-12-19 19:20:02,848 [INFO    ] [FeatureEngineer     ] [MainThread] --- Feature Engineering Complete. Shape: (101, 59)
2025-12-19 19:20:02,853 [INFO    ] [VolcanoAiPipeline   ] [MainThread] --- Gempa baru terdeteksi, tetapi di luar area fokus yang dilatih. Skip prediksi.
2025-12-19 19:25:02,876 [INFO    ] [VolcanoAI.processing.realtime_data_stream] [MainThread] --- === RealtimeSensorManager: START Fetching Data ===
2025-12-19 19:25:02,888 [WARNING ] [VolcanoAI.processing.realtime_data_stream] [MainThread] --- [MIROVA] Log tidak ditemukan: output/realtime/mirova_log.txt
2025-12-19 19:25:03,466 [INFO    ] [VolcanoAI.processing.realtime_data_stream] [MainThread] --- [BMKG] Events: 8
2025-12-19 19:25:03,521 [INFO    ] [VolcanoAI.processing.realtime_data_stream] [MainThread] --- [Injection] Rows: 3
2025-12-19 19:25:03,521 [INFO    ] [VolcanoAI.processing.realtime_data_stream] [MainThread] --- === RealtimeSensorManager: DONE. Sizes: M(0), B(8), I(3) ===
2025-12-19 19:25:03,528 [INFO    ] [FeatureEngineer     ] [MainThread] --- >>> FE INFERENCE: Using existing preprocessor state.
2025-12-19 19:25:03,556 [INFO    ] [FeatureEngineer     ] [MainThread] --- Smart Inference classified 11 unknown events.
2025-12-19 19:25:03,831 [INFO    ] [FeatureEngineer     ] [MainThread] --- Feature Engineering Complete. Shape: (101, 59)
2025-12-19 19:25:03,838 [INFO    ] [VolcanoAiPipeline   ] [MainThread] --- Gempa baru terdeteksi, tetapi di luar area fokus yang dilatih. Skip prediksi.
2025-12-19 19:30:03,854 [INFO    ] [VolcanoAI.processing.realtime_data_stream] [MainThread] --- === RealtimeSensorManager: START Fetching Data ===
2025-12-19 19:30:03,859 [WARNING ] [VolcanoAI.processing.realtime_data_stream] [MainThread] --- [MIROVA] Log tidak ditemukan: output/realtime/mirova_log.txt
2025-12-19 19:30:04,288 [INFO    ] [VolcanoAI.processing.realtime_data_stream] [MainThread] --- [BMKG] Events: 8
2025-12-19 19:30:04,325 [INFO    ] [VolcanoAI.processing.realtime_data_stream] [MainThread] --- [Injection] Rows: 3
2025-12-19 19:30:04,327 [INFO    ] [VolcanoAI.processing.realtime_data_stream] [MainThread] --- === RealtimeSensorManager: DONE. Sizes: M(0), B(8), I(3) ===
2025-12-19 19:30:04,333 [INFO    ] [FeatureEngineer     ] [MainThread] --- >>> FE INFERENCE: Using existing preprocessor state.
2025-12-19 19:30:04,349 [INFO    ] [FeatureEngineer     ] [MainThread] --- Smart Inference classified 11 unknown events.
2025-12-19 19:30:04,587 [INFO    ] [FeatureEngineer     ] [MainThread] --- Feature Engineering Complete. Shape: (101, 59)
2025-12-19 19:30:04,590 [INFO    ] [VolcanoAiPipeline   ] [MainThread] --- Gempa baru terdeteksi, tetapi di luar area fokus yang dilatih. Skip prediksi.
2025-12-19 19:35:04,594 [INFO    ] [VolcanoAI.processing.realtime_data_stream] [MainThread] --- === RealtimeSensorManager: START Fetching Data ===
2025-12-19 19:35:04,595 [WARNING ] [VolcanoAI.processing.realtime_data_stream] [MainThread] --- [MIROVA] Log tidak ditemukan: output/realtime/mirova_log.txt
2025-12-19 19:35:04,921 [INFO    ] [VolcanoAI.processing.realtime_data_stream] [MainThread] --- [BMKG] Events: 8
2025-12-19 19:35:04,952 [INFO    ] [VolcanoAI.processing.realtime_data_stream] [MainThread] --- [Injection] Rows: 3
2025-12-19 19:35:04,952 [INFO    ] [VolcanoAI.processing.realtime_data_stream] [MainThread] --- === RealtimeSensorManager: DONE. Sizes: M(0), B(8), I(3) ===
2025-12-19 19:35:04,956 [INFO    ] [FeatureEngineer     ] [MainThread] --- >>> FE INFERENCE: Using existing preprocessor state.
2025-12-19 19:35:04,972 [INFO    ] [FeatureEngineer     ] [MainThread] --- Smart Inference classified 11 unknown events.
2025-12-19 19:35:05,185 [INFO    ] [FeatureEngineer     ] [MainThread] --- Feature Engineering Complete. Shape: (101, 59)
2025-12-19 19:35:05,188 [INFO    ] [VolcanoAiPipeline   ] [MainThread] --- Gempa baru terdeteksi, tetapi di luar area fokus yang dilatih. Skip prediksi.
2025-12-19 19:40:05,203 [INFO    ] [VolcanoAI.processing.realtime_data_stream] [MainThread] --- === RealtimeSensorManager: START Fetching Data ===
2025-12-19 19:40:05,223 [WARNING ] [VolcanoAI.processing.realtime_data_stream] [MainThread] --- [MIROVA] Log tidak ditemukan: output/realtime/mirova_log.txt
2025-12-19 19:40:05,675 [INFO    ] [VolcanoAI.processing.realtime_data_stream] [MainThread] --- [BMKG] Events: 8
2025-12-19 19:40:05,744 [INFO    ] [VolcanoAI.processing.realtime_data_stream] [MainThread] --- [Injection] Rows: 3
2025-12-19 19:40:05,747 [INFO    ] [VolcanoAI.processing.realtime_data_stream] [MainThread] --- === RealtimeSensorManager: DONE. Sizes: M(0), B(8), I(3) ===
2025-12-19 19:40:05,756 [INFO    ] [FeatureEngineer     ] [MainThread] --- >>> FE INFERENCE: Using existing preprocessor state.
2025-12-19 19:40:05,794 [INFO    ] [FeatureEngineer     ] [MainThread] --- Smart Inference classified 11 unknown events.
2025-12-19 19:40:06,091 [INFO    ] [FeatureEngineer     ] [MainThread] --- Feature Engineering Complete. Shape: (101, 59)
2025-12-19 19:40:06,097 [INFO    ] [VolcanoAiPipeline   ] [MainThread] --- Gempa baru terdeteksi, tetapi di luar area fokus yang dilatih. Skip prediksi.
2025-12-19 19:43:48,403 [INFO    ] [VolcanoAiPipeline   ] [MainThread] --- Monitoring dihentikan. Melakukan penyimpanan akhir...
2025-12-19 19:43:48,462 [INFO    ] [root                ] [MainThread] --- [BUFFER SAVED] output/realtime/processed.csv
2025-12-19 19:43:48,462 [INFO    ] [VolcanoAiPipeline   ] [MainThread] --- Penyimpanan buffer live selesai.
2025-12-19 19:43:48,467 [INFO    ] [VolcanoAiPipeline   ] [MainThread] --- System shutdown. Uptime: 4954.59s
