2025-12-31 17:40:55,848 [INFO    ] [root                ] [MainThread] --- Logging diinisialisasi. File: output\pipeline_20251231_174055.log
2025-12-31 17:40:55,857 [INFO    ] [root                ] [MainThread] --- ================================================================================
2025-12-31 17:40:55,858 [INFO    ] [root                ] [MainThread] ---                             VOLCANOAI SYSTEM STARTUP                            
2025-12-31 17:40:55,858 [INFO    ] [root                ] [MainThread] --- ================================================================================
2025-12-31 17:40:55,867 [INFO    ] [root                ] [MainThread] --- [Dashboard] Starting Flask server in background thread (monitoring enabled)...
2025-12-31 17:40:55,985 [INFO    ] [RealtimeSensorManager] [MainThread] --- [MIROVA] Menggunakan log terbaru: output/realtime\mirova_log_20251003-094000.txt
2025-12-31 17:40:55,985 [INFO    ] [VolcanoAiPipeline   ] [MainThread] --- Pipeline VolcanoAI 5.2.0-TITAN-EXCEL initialized successfully.
2025-12-31 17:40:55,986 [INFO    ] [VolcanoAiPipeline   ] [MainThread] --- Starting Pipeline Execution...
2025-12-31 17:40:55,986 [INFO    ] [VolcanoAiPipeline   ] [MainThread] --- 
========== PHASE 1: DATA LOADING ==========
2025-12-31 17:40:56,021 [INFO    ] [VolcanoAiPipeline   ] [MainThread] --- 
========== PHASE 2: FEATURE ENGINEERING ==========
2025-12-31 17:40:56,076 [INFO    ] [FeatureEngineer     ] [MainThread] --- >>> FE TRAIN: Initializing new preprocessor state.
2025-12-31 17:40:56,131 [WARNING ] [FeatureEngineer     ] [MainThread] --- Smart Classifier SKIPPED: Tidak ada data berlabel cukup (fallback ke rule-based).
2025-12-31 17:40:56,178 [WARNING ] [FeatureEngineer     ] [MainThread] --- Imputer Warning: Kolom berikut kosong total saat training -> diisi 0.0: ['OLI_total (W)', 'MSI_total (W)']
2025-12-31 17:40:56,883 [INFO    ] [werkzeug            ] [Thread-1 (_run)] --- [31m[1mWARNING: This is a development server. Do not use it in a production deployment. Use a production WSGI server instead.[0m
 * Running on http://127.0.0.1:5000
2025-12-31 17:40:56,885 [INFO    ] [werkzeug            ] [Thread-1 (_run)] --- [33mPress CTRL+C to quit[0m
2025-12-31 17:40:57,387 [INFO    ] [VolcanoAI.processing.feature_engineer] [MainThread] --- Preprocessor state saved to: output\feature_preprocessor.pkl
2025-12-31 17:40:57,389 [INFO    ] [FeatureEngineer     ] [MainThread] --- Feature Engineering Complete. Shape: (21, 70)
2025-12-31 17:40:57,476 [INFO    ] [FeatureEngineer     ] [MainThread] --- >>> FE TRAIN: Initializing new preprocessor state.
2025-12-31 17:40:57,574 [WARNING ] [FeatureEngineer     ] [MainThread] --- Smart Classifier SKIPPED: Tidak ada data berlabel cukup (fallback ke rule-based).
2025-12-31 17:40:58,540 [INFO    ] [werkzeug            ] [Thread-176 (process_request_thread)] --- 127.0.0.1 - - [31/Dec/2025 17:40:58] "GET / HTTP/1.1" 200 -
2025-12-31 17:40:59,427 [INFO    ] [werkzeug            ] [Thread-178 (process_request_thread)] --- 127.0.0.1 - - [31/Dec/2025 17:40:59] "[36mGET /files/output/naive_bayes_results/roc_curves.png HTTP/1.1[0m" 304 -
2025-12-31 17:40:59,433 [INFO    ] [werkzeug            ] [Thread-177 (process_request_thread)] --- 127.0.0.1 - - [31/Dec/2025 17:40:59] "GET /files/output/naive_bayes_results/confusion_matrix.png HTTP/1.1" 200 -
2025-12-31 17:41:00,346 [INFO    ] [werkzeug            ] [Thread-179 (process_request_thread)] --- 127.0.0.1 - - [31/Dec/2025 17:41:00] "GET /files/output/aco_results/aco_impact_zones.html HTTP/1.1" 200 -
2025-12-31 17:41:00,528 [INFO    ] [werkzeug            ] [Thread-181 (process_request_thread)] --- 127.0.0.1 - - [31/Dec/2025 17:41:00] "GET /files/output/cnn_results/maps/cnn_prediction_map_20251231_172302.html HTTP/1.1" 200 -
2025-12-31 17:41:00,629 [INFO    ] [werkzeug            ] [Thread-180 (process_request_thread)] --- 127.0.0.1 - - [31/Dec/2025 17:41:00] "GET / HTTP/1.1" 200 -
2025-12-31 17:41:00,926 [INFO    ] [werkzeug            ] [Thread-182 (process_request_thread)] --- 127.0.0.1 - - [31/Dec/2025 17:41:00] "[36mGET /files/output/naive_bayes_results/confusion_matrix.png HTTP/1.1[0m" 304 -
2025-12-31 17:41:00,932 [INFO    ] [werkzeug            ] [Thread-183 (process_request_thread)] --- 127.0.0.1 - - [31/Dec/2025 17:41:00] "[36mGET /files/output/naive_bayes_results/roc_curves.png HTTP/1.1[0m" 304 -
2025-12-31 17:41:01,808 [INFO    ] [werkzeug            ] [Thread-184 (process_request_thread)] --- 127.0.0.1 - - [31/Dec/2025 17:41:01] "[36mGET /files/output/aco_results/aco_impact_zones.html HTTP/1.1[0m" 304 -
2025-12-31 17:41:01,886 [INFO    ] [werkzeug            ] [Thread-185 (process_request_thread)] --- 127.0.0.1 - - [31/Dec/2025 17:41:01] "[36mGET /files/output/cnn_results/maps/cnn_prediction_map_20251231_172302.html HTTP/1.1[0m" 304 -
2025-12-31 17:41:05,562 [WARNING ] [FeatureEngineer     ] [MainThread] --- Imputer Warning: Kolom berikut kosong total saat training -> diisi 0.0: ['OLI_total (W)', 'MSI_total (W)']
2025-12-31 17:41:08,008 [INFO    ] [VolcanoAI.processing.feature_engineer] [MainThread] --- Preprocessor state saved to: output\feature_preprocessor.pkl
2025-12-31 17:41:08,010 [INFO    ] [FeatureEngineer     ] [MainThread] --- Feature Engineering Complete. Shape: (9, 70)
2025-12-31 17:41:08,018 [INFO    ] [VolcanoAiPipeline   ] [MainThread] --- 
========== PHASE 3: MODEL TRAINING ==========
2025-12-31 17:41:08,022 [DEBUG   ] [ACO_Engine_Master   ] [MainThread] --- [ACO] DataFrame masuk: 21 baris, 70 kolom
2025-12-31 17:41:08,024 [DEBUG   ] [ACO_Engine_Master   ] [MainThread] --- [ACO] Kolom: ['Tanggal', 'Lintang', 'Bujur', 'Magnitudo', 'Kedalaman (km)', 'Lokasi', 'Sumber', 'Acquired_Date', 'Nama', 'EQ_Lintang', 'EQ_Bujur', 'VRP_Max', 'MSI_summit (W)', 'MSI_total (W)', 'Hembusan', 'Tektonik_Lokal', 'Tektonik_Jauh', 'Tremor_Menerus', 'Vulkanik_Dangkal', 'Vulkanik_Dalam', 'Letusan_Erupsi', 'Guguran', 'Harmonik', 'Tremor_Non_Harmonik', 'Magnitudo_Original', 'Kedalaman_Original', 'Keterangan', 'isVulkanik', 'isTektonik', 'seismic_energy_log10', 'R1_final', 'R2_final', 'R3_final', 'AreaTerdampak_km2', 'tfe_doy_sin', 'tfe_doy_cos', 'tfe_weekday_sin', 'Intensity', 'cluster_id', 'time_since_last_event_days', 'OLI_total (W)', 'Magnitudo_scaled', 'Kedalaman (km)_scaled', 'seismic_energy_log10_scaled', 'time_since_last_event_days_scaled', 'impact_level', 'Magnitudo_lag1', 'Magnitudo_lag3', 'Magnitudo_roll_mean3', 'Magnitudo_roll_std3', 'Magnitudo_roll_mean7', 'Magnitudo_roll_std7', 'VRP_Max_lag1', 'VRP_Max_lag3', 'VRP_Max_roll_mean3', 'VRP_Max_roll_std3', 'VRP_Max_roll_mean7', 'VRP_Max_roll_std7', 'R3_final_lag1', 'R3_final_lag3', 'R3_final_roll_mean3', 'R3_final_roll_std3', 'R3_final_roll_mean7', 'R3_final_roll_std7', 'seismic_energy_log10_lag1', 'seismic_energy_log10_lag3', 'seismic_energy_log10_roll_mean3', 'seismic_energy_log10_roll_std3', 'seismic_energy_log10_roll_mean7', 'seismic_energy_log10_roll_std7']
2025-12-31 17:41:08,072 [DEBUG   ] [ACO_Engine_Master   ] [MainThread] ---               Tanggal  Lintang  Bujur  Magnitudo  Kedalaman (km) Lokasi            Sumber       Acquired_Date    Nama  EQ_Lintang  EQ_Bujur  VRP_Max  MSI_summit (W)  MSI_total (W)  Hembusan  Tektonik_Lokal  Tektonik_Jauh  Tremor_Menerus  Vulkanik_Dangkal  Vulkanik_Dalam  Letusan_Erupsi  Guguran  Harmonik  Tremor_Non_Harmonik  Magnitudo_Original  Kedalaman_Original Keterangan  isVulkanik  isTektonik  seismic_energy_log10   R1_final   R2_final   R3_final  AreaTerdampak_km2  tfe_doy_sin  tfe_doy_cos  tfe_weekday_sin  Intensity  cluster_id  time_since_last_event_days  OLI_total (W)  Magnitudo_scaled  Kedalaman (km)_scaled  seismic_energy_log10_scaled  time_since_last_event_days_scaled impact_level  Magnitudo_lag1  Magnitudo_lag3  Magnitudo_roll_mean3  Magnitudo_roll_std3  Magnitudo_roll_mean7  Magnitudo_roll_std7  VRP_Max_lag1  VRP_Max_lag3  VRP_Max_roll_mean3  VRP_Max_roll_std3  VRP_Max_roll_mean7  VRP_Max_roll_std7  R3_final_lag1  R3_final_lag3  R3_final_roll_mean3  R3_final_roll_std3  R3_final_roll_mean7  R3_final_roll_std7  seismic_energy_log10_lag1  seismic_energy_log10_lag3  seismic_energy_log10_roll_mean3  seismic_energy_log10_roll_std3  seismic_energy_log10_roll_mean7  seismic_energy_log10_roll_std7
0 2025-12-09 22:47:00      NaN    NaN        2.9            17.0    NaN  VolcanoDiscovery 2025-12-09 22:47:00    Ijen       -8.01    114.18      0.0             NaN            0.0         0              10              5               1                 1               1               0        0         0                    0                 2.9                17.0    Unknown           0           1                  9.15  10.043499  22.095698  40.173997        5070.373457    -0.373477     0.927640         0.781831       29.0           0                    0.349247            0.0          0.571429               1.285714                     0.571429                           0.693873       Sedang             0.0             0.0              2.900000             0.000000              2.900000              0.00000           0.0           0.0                 0.0                0.0                 0.0                0.0       0.000000       0.000000            40.173997            0.000000            40.173997            0.000000                       0.00                       0.00                             9.15                        0.000000                             9.15                        0.000000
1 2025-12-09 22:47:00      NaN    NaN        2.9            17.0    NaN  VolcanoDiscovery 2025-12-09 22:47:00   Raung       -8.01    114.18      0.0             NaN            0.0         8               6              5               1                 0               0               0        0         0                    0                 2.9                17.0    Unknown           0           1                  9.15  10.043499  22.095698  40.173997        5070.373457    -0.373477     0.927640         0.781831       29.0           0                    0.000000            0.0          0.571429               1.285714                     0.571429                          -0.042460       Sedang             2.9             0.0              2.900000             0.000000              2.900000              0.00000           0.0           0.0                 0.0                0.0                 0.0                0.0      40.173997       0.000000            40.173997            0.000000            40.173997            0.000000                       9.15                       0.00                             9.15                        0.000000                             9.15                        0.000000
2 2025-12-09 23:16:00      NaN    NaN        2.1             8.0    NaN  VolcanoDiscovery 2025-12-09 23:16:00   Bromo       -7.96    112.77      0.0             NaN            0.0         0               0              0               1                 0               1               0        0         0                    0                 2.1                 8.0    Unknown           0           1                  7.95   9.240000  20.328000  36.960000        4291.546255    -0.373477     0.927640         0.781831       21.0           0                    0.020139            0.0         -0.571429               0.000000                    -0.571429                           0.000000       Sedang             2.9             0.0              2.633333             0.461880              2.633333              0.46188           0.0           0.0                 0.0                0.0                 0.0                0.0      40.173997       0.000000            39.102664            1.855602            39.102664            1.855602                       9.15                       0.00                             8.75                        0.692820                             8.75                        0.692820
3 2025-12-09 23:16:00      NaN    NaN        2.1             8.0    NaN  VolcanoDiscovery 2025-12-09 23:16:00  Semeru       -7.96    112.77      0.0             NaN            0.0         4               0              0               0                 0               0              46        2         6                    0                 2.1                 8.0    Unknown           0           1                  7.95   9.240000  20.328000  36.960000        4291.546255    -0.373477     0.927640         0.781831       21.0           0                    0.000000            0.0         -0.571429               0.000000                    -0.571429                          -0.042460       Sedang             2.1             2.9              2.366667             0.461880              2.500000              0.46188           0.0           0.0                 0.0                0.0                 0.0                0.0      36.960000      40.173997            38.031332            1.855602            38.566998            1.855602                       7.95                       9.15                             8.35                        0.692820                             8.55                        0.692820
4 2025-12-11 03:22:00      NaN    NaN        2.2             4.0    NaN  VolcanoDiscovery 2025-12-11 03:22:00   Raung       -7.98    114.15      0.0             NaN            0.0         5               7              4               1                 0               0               0        0         0                    0                 2.2                 4.0    Unknown           0           1                  8.10  12.905000  28.391000  51.620000        8371.164440    -0.341347     0.939938         0.433884       22.0           0                    1.170833            0.0         -0.428571              -0.571429                    -0.428571                           2.426061       Sedang             2.1             2.9              2.133333             0.057735              2.440000              0.42190           0.0           0.0                 0.0                0.0                 0.0                0.0      36.960000      40.173997            41.846667            8.463955            41.177599            6.054636                       7.95                       9.15                             8.00                        0.086603                             8.46                        0.632851
2025-12-31 17:41:27,189 [INFO    ] [ACO_Engine_Master   ] [MainThread] --- [ACO Iter-102] Stagnasi (41) → Smooth Reset Pheromone.
2025-12-31 17:41:32,364 [INFO    ] [ACO_Engine_Master   ] [MainThread] --- [ACO Iter-157] Stagnasi (41) → Smooth Reset Pheromone.
2025-12-31 17:41:35,856 [INFO    ] [ACO_Engine_Master   ] [MainThread] --- [ACO Iter-198] Stagnasi (41) → Smooth Reset Pheromone.
2025-12-31 17:41:35,968 [INFO    ] [ACO_Engine_Master   ] [MainThread] --- [ACO] Minimal GA input saved → C:\Users\laygenda surya putra\Documents\JOKI\gempavulkanik\output\aco_results\aco_to_ga.json (atomic)
2025-12-31 17:41:35,972 [INFO    ] [ACO_Engine_Master   ] [MainThread] --- [ACO] Minimal GA input saved → C:\Users\laygenda surya putra\Documents\JOKI\gempavulkanik\output\aco_results\aco_to_ga.json (atomic)
2025-12-31 17:41:36,856 [INFO    ] [ACO_Engine_Master   ] [MainThread] --- [ACO] Visual ACO tersimpan → C:\Users\laygenda surya putra\Documents\JOKI\gempavulkanik\output\aco_results/aco_impact_zones.html
2025-12-31 17:41:36,860 [INFO    ] [VolcanoAI.GaEngine  ] [MainThread] --- 
================================================================================
2025-12-31 17:41:36,864 [INFO    ] [VolcanoAI.GaEngine  ] [MainThread] ---                  === GA ENGINE START (Input from ACO Only) ===                  
2025-12-31 17:41:36,868 [INFO    ] [VolcanoAI.GaEngine  ] [MainThread] --- ================================================================================
2025-12-31 17:41:38,076 [INFO    ] [VolcanoAI.GaEngine  ] [MainThread] --- GA Map saved (atomic) → output\ga_results\ga_from_aco_map.html
2025-12-31 17:41:38,077 [INFO    ] [VolcanoAI.GaEngine  ] [MainThread] ---                      === GA ENGINE COMPLETE (ACO Mode) ===                      
2025-12-31 17:41:38,078 [INFO    ] [VolcanoAI.LstmEngine] [MainThread] --- === LSTM V6.0 TITAN TRAINING START ===
2025-12-31 17:41:38,123 [INFO    ] [VolcanoAI.LstmEngine] [MainThread] --- Processing Cluster 0...
2025-12-31 17:41:38,136 [WARNING ] [VolcanoAI.LstmEngine] [MainThread] --- Sample c0 terlalu sedikit (0). Skip training.
2025-12-31 17:41:38,963 [INFO    ] [VolcanoAI.LstmEngine] [MainThread] --- [Vault] Model Cluster 0 berhasil dimuat.
2025-12-31 17:41:39,011 [INFO    ] [VolcanoAI.LstmEngine] [MainThread] --- [LSTM] Saved CSV (overwrite-safe): master=output\lstm_results\lstm_records_2y_20251231.csv, recent=output\lstm_results\lstm_recent_15d_20251231.csv, anomalies=output\lstm_results\lstm_anomalies_20251231.csv
2025-12-31 17:41:39,017 [INFO    ] [VolcanoAI_CNN       ] [MainThread] --- === MEMULAI CNN TRAINING PIPELINE V5.0 (TITAN) ===
2025-12-31 17:41:39,078 [INFO    ] [VolcanoAiPipeline   ] [MainThread] --- System shutdown. Uptime: 43.09s
