2025-12-19 22:32:41,103 [INFO    ] [root                ] [MainThread] --- Logging diinisialisasi. File: output\pipeline_20251219_223241.log
2025-12-19 22:32:41,104 [INFO    ] [root                ] [MainThread] --- ================================================================================
2025-12-19 22:32:41,104 [INFO    ] [root                ] [MainThread] ---                             VOLCANOAI SYSTEM STARTUP                            
2025-12-19 22:32:41,106 [INFO    ] [root                ] [MainThread] --- ================================================================================
2025-12-19 22:32:41,182 [INFO    ] [RealtimeSensorManager] [MainThread] --- [MIROVA] Menggunakan log terbaru: output/realtime\mirova_log_20251003-094000.txt
2025-12-19 22:32:41,183 [INFO    ] [VolcanoAiPipeline   ] [MainThread] --- Pipeline VolcanoAI 5.2.0-TITAN-EXCEL initialized successfully.
2025-12-19 22:32:41,185 [INFO    ] [VolcanoAiPipeline   ] [MainThread] --- Starting Pipeline Execution...
2025-12-19 22:32:41,186 [INFO    ] [VolcanoAiPipeline   ] [MainThread] --- 
========== PHASE 1: DATA LOADING ==========
2025-12-19 22:32:41,500 [INFO    ] [VolcanoAiPipeline   ] [MainThread] --- 
========== PHASE 2: FEATURE ENGINEERING ==========
2025-12-19 22:32:41,519 [INFO    ] [FeatureEngineer     ] [MainThread] --- >>> FE TRAIN: Initializing new preprocessor state.
2025-12-19 22:32:41,948 [INFO    ] [FeatureEngineer     ] [MainThread] --- Smart Classifier Trained.
2025-12-19 22:32:42,312 [WARNING ] [FeatureEngineer     ] [MainThread] --- Imputer Warning: Kolom berikut kosong total saat training -> diisi 0.0: ['OLI_total (W)', 'MSI_total (W)']
2025-12-19 22:32:43,180 [INFO    ] [VolcanoAI.processing.feature_engineer] [MainThread] --- Preprocessor state saved to: output\feature_preprocessor.pkl
2025-12-19 22:32:43,181 [INFO    ] [FeatureEngineer     ] [MainThread] --- Feature Engineering Complete. Shape: (1307, 55)
2025-12-19 22:32:43,182 [INFO    ] [FeatureEngineer     ] [MainThread] --- >>> FE TRAIN: Initializing new preprocessor state.
2025-12-19 22:32:43,462 [INFO    ] [FeatureEngineer     ] [MainThread] --- Smart Classifier Trained.
2025-12-19 22:32:43,527 [WARNING ] [FeatureEngineer     ] [MainThread] --- Imputer Warning: Kolom berikut kosong total saat training -> diisi 0.0: ['OLI_total (W)', 'MSI_total (W)']
2025-12-19 22:32:44,488 [INFO    ] [VolcanoAI.processing.feature_engineer] [MainThread] --- Preprocessor state saved to: output\feature_preprocessor.pkl
2025-12-19 22:32:44,490 [INFO    ] [FeatureEngineer     ] [MainThread] --- Feature Engineering Complete. Shape: (561, 55)
2025-12-19 22:32:44,518 [INFO    ] [VolcanoAiPipeline   ] [MainThread] --- 
========== PHASE 3: MODEL TRAINING ==========
2025-12-19 22:33:06,555 [INFO    ] [werkzeug            ] [Thread-863 (process_request_thread)] --- 127.0.0.1 - - [19/Dec/2025 22:33:06] "GET / HTTP/1.1" 200 -
2025-12-19 22:33:06,818 [INFO    ] [werkzeug            ] [Thread-865 (process_request_thread)] --- 127.0.0.1 - - [19/Dec/2025 22:33:06] "[36mGET /files/output/aco_results/aco_impact_zones.html HTTP/1.1[0m" 304 -
2025-12-19 22:33:06,901 [INFO    ] [werkzeug            ] [Thread-866 (process_request_thread)] --- 127.0.0.1 - - [19/Dec/2025 22:33:06] "[36mGET /files/output/ga_results/ga_path_map.html HTTP/1.1[0m" 304 -
2025-12-19 22:33:07,093 [INFO    ] [werkzeug            ] [Thread-864 (process_request_thread)] --- 127.0.0.1 - - [19/Dec/2025 22:33:07] "GET / HTTP/1.1" 200 -
2025-12-19 22:33:16,409 [INFO    ] [ACO_Engine_Master   ] [MainThread] --- [ACO Iter-53] Stagnasi (41) → Smooth Reset Pheromone.
2025-12-19 22:33:36,281 [INFO    ] [VolcanoAiPipeline   ] [MainThread] --- System shutdown. Uptime: 55.10s
