2025-12-19 23:11:44,619 [INFO    ] [root                ] [MainThread] --- Logging diinisialisasi. File: output\pipeline_20251219_231144.log
2025-12-19 23:11:44,620 [INFO    ] [root                ] [MainThread] --- ================================================================================
2025-12-19 23:11:44,621 [INFO    ] [root                ] [MainThread] ---                             VOLCANOAI SYSTEM STARTUP                            
2025-12-19 23:11:44,623 [INFO    ] [root                ] [MainThread] --- ================================================================================
2025-12-19 23:11:44,642 [INFO    ] [RealtimeSensorManager] [MainThread] --- [MIROVA] Menggunakan log terbaru: output/realtime\mirova_log_20251003-094000.txt
2025-12-19 23:11:44,644 [INFO    ] [VolcanoAiPipeline   ] [MainThread] --- Pipeline VolcanoAI 5.2.0-TITAN-EXCEL initialized successfully.
2025-12-19 23:11:44,645 [INFO    ] [VolcanoAiPipeline   ] [MainThread] --- Starting Pipeline Execution...
2025-12-19 23:11:44,648 [INFO    ] [VolcanoAiPipeline   ] [MainThread] --- 
========== PHASE 1: DATA LOADING ==========
2025-12-19 23:11:44,742 [INFO    ] [VolcanoAiPipeline   ] [MainThread] --- 
========== PHASE 2: FEATURE ENGINEERING ==========
2025-12-19 23:11:44,777 [INFO    ] [FeatureEngineer     ] [MainThread] --- >>> FE TRAIN: Initializing new preprocessor state.
2025-12-19 23:11:45,023 [INFO    ] [FeatureEngineer     ] [MainThread] --- Smart Classifier Trained.
2025-12-19 23:11:45,106 [WARNING ] [FeatureEngineer     ] [MainThread] --- Imputer Warning: Kolom berikut kosong total saat training -> diisi 0.0: ['OLI_total (W)', 'MSI_total (W)']
2025-12-19 23:11:45,813 [INFO    ] [VolcanoAI.processing.feature_engineer] [MainThread] --- Preprocessor state saved to: output\feature_preprocessor.pkl
2025-12-19 23:11:45,815 [INFO    ] [FeatureEngineer     ] [MainThread] --- Feature Engineering Complete. Shape: (1307, 55)
2025-12-19 23:11:45,818 [INFO    ] [FeatureEngineer     ] [MainThread] --- >>> FE TRAIN: Initializing new preprocessor state.
2025-12-19 23:11:46,018 [INFO    ] [werkzeug            ] [Thread-635 (process_request_thread)] --- 127.0.0.1 - - [19/Dec/2025 23:11:46] "GET / HTTP/1.1" 200 -
2025-12-19 23:11:46,138 [INFO    ] [werkzeug            ] [Thread-638 (process_request_thread)] --- 127.0.0.1 - - [19/Dec/2025 23:11:46] "[36mGET /files/output/ga_results/ga_path_map.html HTTP/1.1[0m" 304 -
2025-12-19 23:11:46,180 [INFO    ] [FeatureEngineer     ] [MainThread] --- Smart Classifier Trained.
2025-12-19 23:11:46,271 [WARNING ] [FeatureEngineer     ] [MainThread] --- Imputer Warning: Kolom berikut kosong total saat training -> diisi 0.0: ['OLI_total (W)', 'MSI_total (W)']
2025-12-19 23:11:46,286 [INFO    ] [werkzeug            ] [Thread-636 (process_request_thread)] --- 127.0.0.1 - - [19/Dec/2025 23:11:46] "GET / HTTP/1.1" 200 -
2025-12-19 23:11:46,595 [INFO    ] [werkzeug            ] [Thread-637 (process_request_thread)] --- 127.0.0.1 - - [19/Dec/2025 23:11:46] "GET /files/output/aco_results/aco_impact_zones.html HTTP/1.1" 200 -
2025-12-19 23:11:47,409 [INFO    ] [VolcanoAI.processing.feature_engineer] [MainThread] --- Preprocessor state saved to: output\feature_preprocessor.pkl
2025-12-19 23:11:47,414 [INFO    ] [FeatureEngineer     ] [MainThread] --- Feature Engineering Complete. Shape: (561, 55)
2025-12-19 23:11:47,482 [INFO    ] [VolcanoAiPipeline   ] [MainThread] --- 
========== PHASE 3: MODEL TRAINING ==========
2025-12-19 23:12:14,545 [INFO    ] [ACO_Engine_Master   ] [MainThread] --- [ACO Iter-73] Stagnasi (41) → Smooth Reset Pheromone.
2025-12-19 23:12:26,265 [INFO    ] [ACO_Engine_Master   ] [MainThread] --- [ACO Iter-114] Stagnasi (41) → Smooth Reset Pheromone.
2025-12-19 23:12:33,972 [INFO    ] [VolcanoAiPipeline   ] [MainThread] --- System shutdown. Uptime: 49.33s
