2025-12-19 02:35:10,973 [INFO    ] [root                ] [MainThread] --- Logging diinisialisasi. File: output\pipeline_20251219_023510.log
2025-12-19 02:35:10,973 [INFO    ] [root                ] [MainThread] --- ================================================================================
2025-12-19 02:35:10,974 [INFO    ] [root                ] [MainThread] ---                             VOLCANOAI SYSTEM STARTUP                            
2025-12-19 02:35:10,974 [INFO    ] [root                ] [MainThread] --- ================================================================================
2025-12-19 02:35:10,984 [WARNING ] [VolcanoAI.processing.realtime_data_stream] [MainThread] --- File MIROVA tidak ditemukan di path: output/realtime/mirova_log.txt
2025-12-19 02:35:10,985 [INFO    ] [VolcanoAiPipeline   ] [MainThread] --- Pipeline VolcanoAI 5.2.0-TITAN-EXCEL initialized successfully.
2025-12-19 02:35:10,985 [INFO    ] [VolcanoAiPipeline   ] [MainThread] --- Starting Pipeline Execution...
2025-12-19 02:35:10,986 [INFO    ] [VolcanoAiPipeline   ] [MainThread] --- 
========== PHASE 1: DATA LOADING ==========
2025-12-19 02:35:11,042 [INFO    ] [VolcanoAiPipeline   ] [MainThread] --- 
========== PHASE 2: FEATURE ENGINEERING ==========
2025-12-19 02:35:11,053 [INFO    ] [FeatureEngineer     ] [MainThread] --- >>> FE TRAIN: Initializing new preprocessor state.
2025-12-19 02:35:11,186 [INFO    ] [FeatureEngineer     ] [MainThread] --- Smart Classifier Trained.
2025-12-19 02:35:11,254 [WARNING ] [FeatureEngineer     ] [MainThread] --- Imputer Warning: Kolom berikut kosong total saat training -> diisi 0.0: ['OLI_total (W)', 'MSI_total (W)']
2025-12-19 02:35:11,680 [INFO    ] [VolcanoAI.processing.feature_engineer] [MainThread] --- Preprocessor state saved to: output\feature_preprocessor.pkl
2025-12-19 02:35:11,682 [INFO    ] [FeatureEngineer     ] [MainThread] --- Feature Engineering Complete. Shape: (1307, 55)
2025-12-19 02:35:11,684 [INFO    ] [FeatureEngineer     ] [MainThread] --- >>> FE TRAIN: Initializing new preprocessor state.
2025-12-19 02:35:11,767 [INFO    ] [FeatureEngineer     ] [MainThread] --- Smart Classifier Trained.
2025-12-19 02:35:11,788 [WARNING ] [FeatureEngineer     ] [MainThread] --- Imputer Warning: Kolom berikut kosong total saat training -> diisi 0.0: ['OLI_total (W)', 'MSI_total (W)']
2025-12-19 02:35:12,190 [INFO    ] [VolcanoAI.processing.feature_engineer] [MainThread] --- Preprocessor state saved to: output\feature_preprocessor.pkl
2025-12-19 02:35:12,191 [INFO    ] [FeatureEngineer     ] [MainThread] --- Feature Engineering Complete. Shape: (561, 55)
2025-12-19 02:35:12,204 [INFO    ] [VolcanoAiPipeline   ] [MainThread] --- 
========== PHASE 3: MODEL TRAINING ==========
2025-12-19 02:35:23,571 [INFO    ] [ACO_Engine_Master   ] [MainThread] --- [ACO Iter-56] Stagnasi (41) → Smooth Reset Pheromone.
2025-12-19 02:35:31,196 [INFO    ] [ACO_Engine_Master   ] [MainThread] --- [ACO Iter-97] Stagnasi (41) → Smooth Reset Pheromone.
2025-12-19 02:35:38,678 [INFO    ] [ACO_Engine_Master   ] [MainThread] --- [ACO Iter-138] Stagnasi (41) → Smooth Reset Pheromone.
2025-12-19 02:35:46,105 [INFO    ] [ACO_Engine_Master   ] [MainThread] --- [ACO Iter-179] Stagnasi (41) → Smooth Reset Pheromone.
2025-12-19 02:35:52,161 [INFO    ] [ACO_Engine_Master   ] [MainThread] --- Visual ACO tersimpan: C:\Users\USER\Downloads\Earthquake_Volcan\Earthquake_Volcano\output\aco_results/aco_impact_zones.html
2025-12-19 02:35:52,165 [INFO    ] [ACO_Engine_Master   ] [MainThread] --- [ACO] Output GA tersimpan → C:\Users\USER\Downloads\Earthquake_Volcan\Earthquake_Volcano\output\aco_results\aco_to_ga.json
2025-12-19 02:35:52,166 [INFO    ] [ACO_Engine_Master   ] [MainThread] --- [ACO] Impact Center: {'center_lat': -8.036703196321165, 'center_lon': 113.31797720294873, 'lat_column_used': 'Lintang', 'lon_column_used': 'Bujur'} | Impact Area (km²): 202.08368930869253
2025-12-19 02:35:52,168 [INFO    ] [VolcanoAI.GaEngine  ] [MainThread] --- 
================================================================================
2025-12-19 02:35:52,169 [INFO    ] [VolcanoAI.GaEngine  ] [MainThread] ---                             === GA ENGINE START ===                             
2025-12-19 02:35:52,169 [INFO    ] [VolcanoAI.GaEngine  ] [MainThread] --- ================================================================================
2025-12-19 02:35:52,188 [INFO    ] [VolcanoAI.GaEngine  ] [MainThread] --- GA Evolution Start → Pop=80, Gen=150
2025-12-19 02:35:52,202 [INFO    ] [VolcanoAI.GaEngine  ] [MainThread] --- Resuming GA from checkpoint...
2025-12-19 02:35:52,217 [INFO    ] [VolcanoAI.GaEngine  ] [MainThread] --- GA vector JSON saved → output\ga_results\ga_vector.json
2025-12-19 02:36:02,978 [INFO    ] [VolcanoAI.GaEngine  ] [MainThread] --- GA Map saved → output\ga_results\ga_path_map.html
2025-12-19 02:36:07,896 [INFO    ] [VolcanoAI.GaEngine  ] [MainThread] --- Excel exported → output\ga_results\ga_report.xlsx
2025-12-19 02:36:07,898 [INFO    ] [VolcanoAI.GaEngine  ] [MainThread] ---                            === GA ENGINE COMPLETE ===                           
2025-12-19 02:36:07,899 [INFO    ] [VolcanoAI.LstmEngine] [MainThread] --- === LSTM V6.0 TITAN TRAINING START ===
2025-12-19 02:36:08,231 [INFO    ] [VolcanoAI.LstmEngine] [MainThread] --- Processing Cluster 0...
2025-12-19 02:36:08,276 [INFO    ] [VolcanoAI.LstmEngine] [MainThread] ---     [Tuner] Menjalankan 3 trial optimasi...
2025-12-19 02:36:10,669 [WARNING ] [tensorflow          ] [MainThread] --- From C:\Users\USER\Downloads\Earthquake_Volcan\Earthquake_Volcano\env\lib\site-packages\keras\src\backend\common\global_state.py:82: The name tf.reset_default_graph is deprecated. Please use tf.compat.v1.reset_default_graph instead.

2025-12-19 02:36:11,225 [INFO    ] [VolcanoAI.LstmEngine] [MainThread] --- Model LSTM berhasil dikompilasi (Standard MAE). Input: 30x6
2025-12-19 02:36:25,186 [INFO    ] [VolcanoAI.LstmEngine] [MainThread] --- Model LSTM berhasil dikompilasi (Standard MAE). Input: 30x6
2025-12-19 02:36:33,779 [INFO    ] [VolcanoAI.LstmEngine] [MainThread] --- Model LSTM berhasil dikompilasi (Standard MAE). Input: 30x6
2025-12-19 02:36:41,991 [INFO    ] [VolcanoAI.LstmEngine] [MainThread] ---     [Tuner] Parameter Terbaik: {'latent_dim': 128, 'learning_rate': 5e-05, 'dropout_rate': 0.1} (Loss: 0.5303)
2025-12-19 02:36:42,096 [INFO    ] [VolcanoAI.LstmEngine] [MainThread] --- Model LSTM berhasil dikompilasi (Standard MAE). Input: 30x6
2025-12-19 02:36:58,992 [INFO    ] [VolcanoAI.LstmEngine] [MainThread] --- [Vault] Model Cluster 0 berhasil dimuat.
2025-12-19 02:37:01,157 [INFO    ] [VolcanoAI.LstmEngine] [MainThread] --- [LSTM] Saved CSV (overwrite-safe): master=output\lstm_results\lstm_records_2y_20241230.csv, recent=output\lstm_results\lstm_recent_15d_20241230.csv, anomalies=output\lstm_results\lstm_anomalies_20241230.csv
2025-12-19 02:37:01,159 [INFO    ] [VolcanoAI_CNN       ] [MainThread] --- === MEMULAI CNN TRAINING PIPELINE V5.0 (TITAN) ===
2025-12-19 02:37:01,160 [INFO    ] [VolcanoAI_CNN       ] [MainThread] --- 
>>> Training CNN Cluster 0
2025-12-19 02:37:01,316 [INFO    ] [VolcanoAI.LstmEngine] [MainThread] --- [Vault] Model Cluster 0 berhasil dimuat.
2025-12-19 02:37:01,321 [WARNING ] [VolcanoAI_CNN       ] [MainThread] --- Skip c0: Gagal get LSTM features (mungkin data kurang).
2025-12-19 02:37:02,025 [INFO    ] [VolcanoAI.LstmEngine] [MainThread] --- [Vault] Model Cluster 0 berhasil dimuat.
2025-12-19 02:37:02,164 [INFO    ] [VolcanoAiPipeline   ] [MainThread] --- ✅ CNN latest overwritten: output\cnn_results\results\cnn_predictions_latest.csv
2025-12-19 02:37:03,560 [INFO    ] [VolcanoAI.postprocess.cnn_csv_to_json] [MainThread] --- ✅ CNN JSON written: output\cnn_results\cnn_predictions_latest.json
2025-12-19 02:37:03,561 [INFO    ] [VolcanoAiPipeline   ] [MainThread] --- ✅ CNN JSON updated for client
2025-12-19 02:37:03,626 [INFO    ] [VolcanoAiPipeline   ] [MainThread] ---  CNN archive saved: output\cnn_results\results\cnn_predictions_20251219_023703.csv
2025-12-19 02:37:04,074 [INFO    ] [VolcanoAI.NaiveBayesEngine] [MainThread] --- Fitur Terpilih (7): ['Magnitudo', 'Kedalaman (km)', 'isVulkanik', 'isTektonik', 'R3_final', 'PheromoneScore', 'lstm_prediction']
2025-12-19 02:37:04,627 [INFO    ] [VolcanoAI.NaiveBayesEngine] [MainThread] --- Training selesai. Model: CalibratedClassifierCV (Classes: ['Parah' 'Ringan' 'Sedang'])
2025-12-19 02:37:04,650 [INFO    ] [VolcanoAiPipeline   ] [MainThread] --- 
========== PHASE 4: MODEL EVALUATION ==========
2025-12-19 02:37:10,441 [INFO    ] [ACO_Engine_Master   ] [MainThread] --- [ACO Iter-48] Stagnasi (41) → Smooth Reset Pheromone.
2025-12-19 02:37:23,709 [INFO    ] [ACO_Engine_Master   ] [MainThread] --- [ACO Iter-159] Stagnasi (41) → Smooth Reset Pheromone.
2025-12-19 02:37:29,315 [INFO    ] [ACO_Engine_Master   ] [MainThread] --- Visual ACO tersimpan: C:\Users\USER\Downloads\Earthquake_Volcan\Earthquake_Volcano\output\aco_results/aco_impact_zones.html
2025-12-19 02:37:29,318 [INFO    ] [ACO_Engine_Master   ] [MainThread] --- [ACO] Output GA tersimpan → C:\Users\USER\Downloads\Earthquake_Volcan\Earthquake_Volcano\output\aco_results\aco_to_ga.json
2025-12-19 02:37:29,319 [INFO    ] [ACO_Engine_Master   ] [MainThread] --- [ACO] Impact Center: {'center_lat': -8.026653456629775, 'center_lon': 113.32117719435959, 'lat_column_used': 'Lintang', 'lon_column_used': 'Bujur'} | Impact Area (km²): 205.5927933913078
2025-12-19 02:37:30,090 [INFO    ] [VolcanoAI.LstmEngine] [MainThread] --- [LSTM] Saved CSV (overwrite-safe): master=output\lstm_results\lstm_records_2y_20241230.csv, recent=output\lstm_results\lstm_recent_15d_20241230.csv, anomalies=output\lstm_results\lstm_anomalies_20241230.csv
2025-12-19 02:37:30,240 [INFO    ] [VolcanoAI.LstmEngine] [MainThread] --- [Vault] Model Cluster 0 berhasil dimuat.
2025-12-19 02:37:30,271 [ERROR   ] [VolcanoAI.NaiveBayesEngine] [MainThread] --- Evaluasi gagal: At least one label specified must be in y_true
2025-12-19 02:37:30,558 [INFO    ] [VolcanoAI.Reporter  ] [MainThread] --- Generating Dual Dashboard HTML...
2025-12-19 02:37:31,218 [CRITICAL] [VolcanoAiPipeline   ] [MainThread] --- PIPELINE FAILED: name 'Path' is not defined
Traceback (most recent call last):
  File "C:\Users\USER\Downloads\Earthquake_Volcan\Earthquake_Volcano\main.py", line 611, in run
    self.reporter.run(df_final, metrics, anomalies)
  File "C:\Users\USER\Downloads\Earthquake_Volcan\Earthquake_Volcano\VolcanoAI\reporting\comprehensive_reporter.py", line 277, in run
    self._build_and_save_dashboard(self.dashboard_path_static, html_map_static, latest_row, img_trend, is_live=False)
  File "C:\Users\USER\Downloads\Earthquake_Volcan\Earthquake_Volcano\VolcanoAI\reporting\comprehensive_reporter.py", line 321, in _build_and_save_dashboard
    Path(__file__).parent /
NameError: name 'Path' is not defined
2025-12-19 02:37:31,221 [INFO    ] [VolcanoAiPipeline   ] [MainThread] --- System shutdown. Uptime: 140.24s
