2025-12-22 01:37:42,966 [INFO    ] [root                ] [MainThread] --- Logging diinisialisasi. File: output\pipeline_20251222_013742.log
2025-12-22 01:37:42,967 [INFO    ] [root                ] [MainThread] --- ================================================================================
2025-12-22 01:37:42,968 [INFO    ] [root                ] [MainThread] ---                             VOLCANOAI SYSTEM STARTUP                            
2025-12-22 01:37:42,969 [INFO    ] [root                ] [MainThread] --- ================================================================================
2025-12-22 01:37:42,971 [INFO    ] [root                ] [MainThread] --- [Dashboard] Starting Flask server in background thread (monitoring enabled)...
2025-12-22 01:37:42,979 [INFO    ] [RealtimeSensorManager] [MainThread] --- [MIROVA] Menggunakan log terbaru: output/realtime\mirova_log_20251003-094000.txt
2025-12-22 01:37:42,979 [INFO    ] [VolcanoAiPipeline   ] [MainThread] --- Pipeline VolcanoAI 5.2.0-TITAN-EXCEL initialized successfully.
2025-12-22 01:37:42,980 [INFO    ] [VolcanoAiPipeline   ] [MainThread] --- Starting Pipeline Execution...
2025-12-22 01:37:42,981 [INFO    ] [VolcanoAiPipeline   ] [MainThread] --- 
========== PHASE 1: DATA LOADING ==========
2025-12-22 01:37:43,013 [INFO    ] [VolcanoAiPipeline   ] [MainThread] --- 
========== PHASE 2: FEATURE ENGINEERING ==========
2025-12-22 01:37:43,057 [INFO    ] [FeatureEngineer     ] [MainThread] --- >>> FE TRAIN: Initializing new preprocessor state.
2025-12-22 01:37:43,147 [INFO    ] [FeatureEngineer     ] [MainThread] --- Smart Classifier Trained.
2025-12-22 01:37:43,180 [WARNING ] [FeatureEngineer     ] [MainThread] --- Imputer Warning: Kolom berikut kosong total saat training -> diisi 0.0: ['OLI_total (W)', 'MSI_total (W)']
2025-12-22 01:37:43,434 [INFO    ] [werkzeug            ] [Thread-1 (_run)] --- [31m[1mWARNING: This is a development server. Do not use it in a production deployment. Use a production WSGI server instead.[0m
 * Running on http://127.0.0.1:5000
2025-12-22 01:37:43,435 [INFO    ] [werkzeug            ] [Thread-1 (_run)] --- [33mPress CTRL+C to quit[0m
2025-12-22 01:37:43,501 [INFO    ] [werkzeug            ] [Thread-123 (process_request_thread)] --- 127.0.0.1 - - [22/Dec/2025 01:37:43] "GET / HTTP/1.1" 200 -
2025-12-22 01:37:43,784 [INFO    ] [VolcanoAI.processing.feature_engineer] [MainThread] --- Preprocessor state saved to: output\feature_preprocessor.pkl
2025-12-22 01:37:43,786 [INFO    ] [werkzeug            ] [Thread-146 (process_request_thread)] --- 127.0.0.1 - - [22/Dec/2025 01:37:43] "[36mGET /files/output/naive_bayes_results/confusion_matrix.png HTTP/1.1[0m" 304 -
2025-12-22 01:37:43,786 [INFO    ] [FeatureEngineer     ] [MainThread] --- Feature Engineering Complete. Shape: (21, 60)
2025-12-22 01:37:43,788 [INFO    ] [werkzeug            ] [Thread-148 (process_request_thread)] --- 127.0.0.1 - - [22/Dec/2025 01:37:43] "[36mGET /files/output/naive_bayes_results/roc_curves.png HTTP/1.1[0m" 304 -
2025-12-22 01:37:43,811 [INFO    ] [FeatureEngineer     ] [MainThread] --- >>> FE TRAIN: Initializing new preprocessor state.
2025-12-22 01:37:43,862 [INFO    ] [werkzeug            ] [Thread-178 (process_request_thread)] --- 127.0.0.1 - - [22/Dec/2025 01:37:43] "[36mGET /files/output/aco_results/aco_impact_zones.html HTTP/1.1[0m" 304 -
2025-12-22 01:37:43,870 [INFO    ] [werkzeug            ] [Thread-183 (process_request_thread)] --- 127.0.0.1 - - [22/Dec/2025 01:37:43] "[36mGET /files/output/ga_results/ga_path_map.html HTTP/1.1[0m" 304 -
2025-12-22 01:37:43,917 [INFO    ] [werkzeug            ] [Thread-185 (process_request_thread)] --- 127.0.0.1 - - [22/Dec/2025 01:37:43] "[36mGET /files/output/cnn_results/cnn_prediction_map.html HTTP/1.1[0m" 304 -
2025-12-22 01:37:43,945 [INFO    ] [FeatureEngineer     ] [MainThread] --- Smart Classifier Trained.
2025-12-22 01:37:46,884 [WARNING ] [FeatureEngineer     ] [MainThread] --- Imputer Warning: Kolom berikut kosong total saat training -> diisi 0.0: ['OLI_total (W)', 'MSI_total (W)']
2025-12-22 01:37:47,292 [INFO    ] [VolcanoAI.processing.feature_engineer] [MainThread] --- Preprocessor state saved to: output\feature_preprocessor.pkl
2025-12-22 01:37:47,293 [INFO    ] [FeatureEngineer     ] [MainThread] --- Feature Engineering Complete. Shape: (9, 60)
2025-12-22 01:37:47,295 [INFO    ] [VolcanoAiPipeline   ] [MainThread] --- 
========== PHASE 3: MODEL TRAINING ==========
2025-12-22 01:37:47,347 [WARNING ] [ACO_Engine_Master   ] [MainThread] --- [ACO] Heuristic Matrix kosong/flat/NaN. Menggunakan Fallback uniform.
2025-12-22 01:37:50,865 [INFO    ] [ACO_Engine_Master   ] [MainThread] --- [ACO Iter-41] Stagnasi (41) → Smooth Reset Pheromone.
2025-12-22 01:37:54,019 [INFO    ] [ACO_Engine_Master   ] [MainThread] --- [ACO Iter-82] Stagnasi (41) → Smooth Reset Pheromone.
2025-12-22 01:37:57,308 [INFO    ] [ACO_Engine_Master   ] [MainThread] --- [ACO Iter-123] Stagnasi (41) → Smooth Reset Pheromone.
2025-12-22 01:38:00,870 [INFO    ] [ACO_Engine_Master   ] [MainThread] --- [ACO Iter-164] Stagnasi (41) → Smooth Reset Pheromone.
2025-12-22 01:38:03,802 [INFO    ] [VolcanoAI.GaEngine  ] [MainThread] --- 
================================================================================
2025-12-22 01:38:03,811 [INFO    ] [VolcanoAI.GaEngine  ] [MainThread] ---                             === GA ENGINE START ===                             
2025-12-22 01:38:03,811 [INFO    ] [VolcanoAI.GaEngine  ] [MainThread] --- ================================================================================
2025-12-22 01:38:03,819 [INFO    ] [VolcanoAI.GaEngine  ] [MainThread] --- GA Evolution Start → Pop=80, Gen=150
2025-12-22 01:38:03,823 [INFO    ] [VolcanoAI.GaEngine  ] [MainThread] --- Resuming GA from checkpoint...
2025-12-22 01:38:03,836 [INFO    ] [VolcanoAI.GaEngine  ] [MainThread] --- [GA] next_event berhasil ditulis ke aco_to_ga.json
2025-12-22 01:38:03,843 [INFO    ] [VolcanoAI.GaEngine  ] [MainThread] --- GA vector JSON saved → output\ga_results\ga_vector.json
2025-12-22 01:38:03,992 [INFO    ] [VolcanoAI.GaEngine  ] [MainThread] --- GA Map saved → output\ga_results\ga_path_map.html
2025-12-22 01:38:04,505 [INFO    ] [VolcanoAI.GaEngine  ] [MainThread] --- Excel exported → output\ga_results\ga_report.xlsx
2025-12-22 01:38:04,517 [INFO    ] [VolcanoAI.GaEngine  ] [MainThread] ---                            === GA ENGINE COMPLETE ===                           
2025-12-22 01:38:04,519 [INFO    ] [VolcanoAI.LstmEngine] [MainThread] --- === LSTM V6.0 TITAN TRAINING START ===
2025-12-22 01:38:04,536 [INFO    ] [VolcanoAI.LstmEngine] [MainThread] --- Processing Cluster 0...
2025-12-22 01:38:04,547 [WARNING ] [VolcanoAI.LstmEngine] [MainThread] --- Sample c0 terlalu sedikit (0). Skip training.
2025-12-22 01:38:05,081 [INFO    ] [VolcanoAI.LstmEngine] [MainThread] --- [Vault] Model Cluster 0 berhasil dimuat.
2025-12-22 01:38:05,094 [ERROR   ] [VolcanoAI.LstmEngine] [MainThread] --- [LSTM] Gagal menyimpan CSV LSTM: [Errno 13] Permission denied: 'output\\lstm_results\\lstm_recent_15d_20251222.csv'
2025-12-22 01:38:05,094 [INFO    ] [VolcanoAI_CNN       ] [MainThread] --- === MEMULAI CNN TRAINING PIPELINE V5.0 (TITAN) ===
2025-12-22 01:38:05,098 [INFO    ] [VolcanoAI_CNN       ] [MainThread] --- 
>>> Training CNN Cluster 0
2025-12-22 01:38:05,285 [INFO    ] [VolcanoAI.LstmEngine] [MainThread] --- [Vault] Model Cluster 0 berhasil dimuat.
2025-12-22 01:38:05,285 [WARNING ] [VolcanoAI_CNN       ] [MainThread] --- Skip c0: Gagal get LSTM features (mungkin data kurang).
2025-12-22 01:38:06,201 [INFO    ] [VolcanoAI.LstmEngine] [MainThread] --- [Vault] Model Cluster 0 berhasil dimuat.
2025-12-22 01:38:06,209 [INFO    ] [VolcanoAiPipeline   ] [MainThread] --- ✅ CNN latest overwritten: output\cnn_results\results\cnn_predictions_latest.csv
2025-12-22 01:38:06,222 [INFO    ] [VolcanoAI.engines.cnn_map_generator] [MainThread] --- CNNMapGenerator: map saved -> output\cnn_results\cnn_prediction_map.html
2025-12-22 01:38:06,222 [INFO    ] [VolcanoAiPipeline   ] [MainThread] --- 🗺️ CNN map generated: output\cnn_results\cnn_prediction_map.html
2025-12-22 01:38:06,222 [INFO    ] [VolcanoAiPipeline   ] [MainThread] ---  CNN archive saved: output\cnn_results\results\cnn_predictions_20251222_013806.csv
2025-12-22 01:38:06,251 [INFO    ] [VolcanoAI.NaiveBayesEngine] [MainThread] --- Fitur terpilih (7): ['Magnitudo', 'Kedalaman (km)', 'isVulkanik', 'isTektonik', 'R3_final', 'PheromoneScore', 'luas_cnn']
2025-12-22 01:38:06,254 [INFO    ] [VolcanoAI.NaiveBayesEngine] [MainThread] --- Training Naive Bayes selesai.
2025-12-22 01:38:06,264 [INFO    ] [VolcanoAiPipeline   ] [MainThread] --- 
========== PHASE 4: MODEL EVALUATION ==========
2025-12-22 01:38:06,364 [WARNING ] [ACO_Engine_Master   ] [MainThread] --- [ACO] Heuristic Matrix kosong/flat/NaN. Menggunakan Fallback uniform.
2025-12-22 01:38:10,412 [INFO    ] [ACO_Engine_Master   ] [MainThread] --- [ACO Iter-41] Stagnasi (41) → Smooth Reset Pheromone.
2025-12-22 01:38:13,566 [INFO    ] [ACO_Engine_Master   ] [MainThread] --- [ACO Iter-82] Stagnasi (41) → Smooth Reset Pheromone.
2025-12-22 01:38:17,315 [INFO    ] [ACO_Engine_Master   ] [MainThread] --- [ACO Iter-123] Stagnasi (41) → Smooth Reset Pheromone.
2025-12-22 01:38:22,295 [INFO    ] [ACO_Engine_Master   ] [MainThread] --- [ACO Iter-164] Stagnasi (41) → Smooth Reset Pheromone.
2025-12-22 01:38:25,727 [ERROR   ] [VolcanoAI.LstmEngine] [MainThread] --- [LSTM] Gagal menyimpan CSV LSTM: [Errno 13] Permission denied: 'output\\lstm_results\\lstm_recent_15d_20251222.csv'
2025-12-22 01:38:25,977 [INFO    ] [VolcanoAI.LstmEngine] [MainThread] --- [Vault] Model Cluster 0 berhasil dimuat.
2025-12-22 01:38:25,995 [ERROR   ] [VolcanoAI.NaiveBayesEngine] [MainThread] --- Evaluasi gagal: Number of classes, 2, does not match size of target_names, 3. Try specifying the labels parameter
2025-12-22 01:38:26,425 [INFO    ] [VolcanoAI.NaiveBayesEngine] [MainThread] --- Output Naive Bayes berhasil disimpan.
2025-12-22 01:38:26,433 [INFO    ] [VolcanoAiPipeline   ] [MainThread] --- Reporter metrics keys being passed: ['class_names', 'accuracy', 'confusion_matrix', 'aco_center', 'aco_area', 'aco_map', 'ga_map', 'cnn_pred_csv', 'cnn_pred_json', 'nb_confusion_png', 'nb_roc_png', 'nb_pred_csv', 'nb_metrics_json']
2025-12-22 01:38:26,573 [INFO    ] [VolcanoAI.Reporter  ] [MainThread] --- Generating Dual Dashboard HTML...
2025-12-22 01:38:27,081 [INFO    ] [VolcanoAI.Reporter  ] [MainThread] --- Dashboard berhasil dibuat: output\VolcanoAI_Analysis_STATIC.html
2025-12-22 01:38:27,097 [INFO    ] [VolcanoAI.Reporter  ] [MainThread] --- Dashboard berhasil dibuat: output\VolcanoAI_Monitor_LIVE.html
2025-12-22 01:38:27,099 [INFO    ] [VolcanoAI.Reporter  ] [MainThread] --- ✅ Dual Dashboard Updated. Files: LIVE, STATIC.
2025-12-22 01:38:27,099 [INFO    ] [VolcanoAiPipeline   ] [MainThread] --- 
========== PHASE 5: LIVE MONITORING ==========
2025-12-22 01:38:27,099 [INFO    ] [VolcanoAI.LstmEngine] [MainThread] --- Loading 21 rows to buffer.
2025-12-22 01:38:27,142 [INFO    ] [RealtimeSensorManager] [MainThread] --- [MIROVA] Berhasil membaca 13 baris dari log.
2025-12-22 01:38:43,663 [INFO    ] [werkzeug            ] [Thread-418 (process_request_thread)] --- 127.0.0.1 - - [22/Dec/2025 01:38:43] "GET / HTTP/1.1" 200 -
2025-12-22 01:38:43,712 [INFO    ] [werkzeug            ] [Thread-419 (process_request_thread)] --- 127.0.0.1 - - [22/Dec/2025 01:38:43] "GET /files/output/naive_bayes_results/confusion_matrix.png HTTP/1.1" 200 -
2025-12-22 01:38:43,714 [INFO    ] [werkzeug            ] [Thread-420 (process_request_thread)] --- 127.0.0.1 - - [22/Dec/2025 01:38:43] "[36mGET /files/output/naive_bayes_results/roc_curves.png HTTP/1.1[0m" 304 -
2025-12-22 01:38:43,748 [INFO    ] [werkzeug            ] [Thread-421 (process_request_thread)] --- 127.0.0.1 - - [22/Dec/2025 01:38:43] "[36mGET /files/output/aco_results/aco_impact_zones.html HTTP/1.1[0m" 304 -
2025-12-22 01:38:43,765 [INFO    ] [werkzeug            ] [Thread-422 (process_request_thread)] --- 127.0.0.1 - - [22/Dec/2025 01:38:43] "GET /files/output/ga_results/ga_path_map.html HTTP/1.1" 200 -
2025-12-22 01:38:43,770 [INFO    ] [werkzeug            ] [Thread-423 (process_request_thread)] --- 127.0.0.1 - - [22/Dec/2025 01:38:43] "GET /files/output/cnn_results/cnn_prediction_map.html HTTP/1.1" 200 -
2025-12-22 01:39:23,381 [INFO    ] [VolcanoAiPipeline   ] [MainThread] --- Monitoring dihentikan. Melakukan penyimpanan akhir...
2025-12-22 01:39:23,381 [ERROR   ] [root                ] [MainThread] --- [SAFE SAVE ERROR] output/realtime/processed.csv → [Errno 13] Permission denied: 'output/realtime/processed.csv'
2025-12-22 01:39:23,381 [INFO    ] [VolcanoAiPipeline   ] [MainThread] --- Penyimpanan buffer live selesai.
2025-12-22 01:39:23,381 [INFO    ] [VolcanoAiPipeline   ] [MainThread] --- System shutdown. Uptime: 100.40s
