2025-12-12 00:00:50,385 [INFO    ] [root                ] [MainThread] --- Logging diinisialisasi. File: output\pipeline_20251212_000050.log
2025-12-12 00:00:50,385 [INFO    ] [root                ] [MainThread] --- ================================================================================
2025-12-12 00:00:50,386 [INFO    ] [root                ] [MainThread] ---                             VOLCANOAI SYSTEM STARTUP                            
2025-12-12 00:00:50,386 [INFO    ] [root                ] [MainThread] --- ================================================================================
2025-12-12 00:00:50,394 [WARNING ] [VolcanoAI.processing.realtime_data_stream] [MainThread] --- File MIROVA tidak ditemukan di path: output/realtime/mirova_log.txt
2025-12-12 00:00:50,395 [INFO    ] [VolcanoAiPipeline   ] [MainThread] --- Pipeline VolcanoAI 5.2.0-TITAN-EXCEL initialized successfully.
2025-12-12 00:00:50,395 [INFO    ] [VolcanoAiPipeline   ] [MainThread] --- Starting Pipeline Execution...
2025-12-12 00:00:50,395 [INFO    ] [VolcanoAiPipeline   ] [MainThread] --- 
========== PHASE 1: DATA LOADING ==========
2025-12-12 00:00:50,396 [INFO    ] [SystemMonitor       ] [MainThread] --- RAM Usage: 86.7%
2025-12-12 00:00:50,414 [INFO    ] [VolcanoAiPipeline   ] [MainThread] --- 
========== PHASE 2: FEATURE ENGINEERING ==========
2025-12-12 00:00:50,424 [INFO    ] [FeatureEngineer     ] [MainThread] --- >>> FE TRAIN: Initializing new preprocessor state.
2025-12-12 00:00:50,560 [INFO    ] [FeatureEngineer     ] [MainThread] --- Smart Classifier Trained.
2025-12-12 00:00:50,608 [WARNING ] [FeatureEngineer     ] [MainThread] --- Imputer Warning: Kolom berikut kosong total saat training -> diisi 0.0: ['OLI_total (W)', 'MSI_total (W)']
2025-12-12 00:00:51,198 [INFO    ] [VolcanoAI.processing.feature_engineer] [MainThread] --- Preprocessor state saved to: output\feature_preprocessor.pkl
2025-12-12 00:00:51,200 [INFO    ] [FeatureEngineer     ] [MainThread] --- Feature Engineering Complete. Shape: (1307, 55)
2025-12-12 00:00:51,200 [INFO    ] [FeatureEngineer     ] [MainThread] --- >>> FE TRAIN: Initializing new preprocessor state.
2025-12-12 00:00:51,311 [INFO    ] [FeatureEngineer     ] [MainThread] --- Smart Classifier Trained.
2025-12-12 00:00:51,342 [WARNING ] [FeatureEngineer     ] [MainThread] --- Imputer Warning: Kolom berikut kosong total saat training -> diisi 0.0: ['OLI_total (W)', 'MSI_total (W)']
2025-12-12 00:00:51,998 [INFO    ] [VolcanoAI.processing.feature_engineer] [MainThread] --- Preprocessor state saved to: output\feature_preprocessor.pkl
2025-12-12 00:00:51,999 [INFO    ] [FeatureEngineer     ] [MainThread] --- Feature Engineering Complete. Shape: (561, 55)
2025-12-12 00:00:52,000 [INFO    ] [VolcanoAiPipeline   ] [MainThread] --- 
========== PHASE 3: MODEL TRAINING ==========
2025-12-12 00:00:52,173 [INFO    ] [ACO_Engine_Master   ] [MainThread] --- [ACO] Melanjutkan dari brain state sebelumnya.
2025-12-12 00:01:02,195 [INFO    ] [ACO_Engine_Master   ] [MainThread] --- [ACO Iter-43] Stagnasi (41) → Smooth Reset Pheromone.
2025-12-12 00:01:11,256 [INFO    ] [ACO_Engine_Master   ] [MainThread] --- [ACO Iter-84] Stagnasi (41) → Smooth Reset Pheromone.
2025-12-12 00:01:20,266 [INFO    ] [ACO_Engine_Master   ] [MainThread] --- [ACO Iter-125] Stagnasi (41) → Smooth Reset Pheromone.
2025-12-12 00:01:29,230 [INFO    ] [ACO_Engine_Master   ] [MainThread] --- [ACO Iter-166] Stagnasi (41) → Smooth Reset Pheromone.
2025-12-12 00:01:37,272 [WARNING ] [ACO_Engine_Master   ] [MainThread] --- [ACO] Dataframe kosong atau kurang kolom untuk visualisasi.
2025-12-12 00:01:37,274 [INFO    ] [VolcanoAI.GaEngine  ] [MainThread] --- 
================================================================================
2025-12-12 00:01:37,274 [INFO    ] [VolcanoAI.GaEngine  ] [MainThread] ---                             === GA ENGINE START ===                             
2025-12-12 00:01:37,274 [INFO    ] [VolcanoAI.GaEngine  ] [MainThread] --- ================================================================================
2025-12-12 00:01:37,283 [INFO    ] [VolcanoAI.GaEngine  ] [MainThread] --- GA Evolution Start → Pop=80, Gen=150
2025-12-12 00:01:37,292 [INFO    ] [VolcanoAI.GaEngine  ] [MainThread] --- Resuming GA from checkpoint...
2025-12-12 00:01:56,459 [INFO    ] [VolcanoAI.GaEngine  ] [MainThread] --- GA Map saved → output\ga_results\ga_path_map.html
2025-12-12 00:02:01,827 [INFO    ] [VolcanoAI.GaEngine  ] [MainThread] --- Excel exported → output\ga_results\ga_report.xlsx
2025-12-12 00:02:01,829 [INFO    ] [VolcanoAI.GaEngine  ] [MainThread] ---                            === GA ENGINE COMPLETE ===                           
2025-12-12 00:02:01,830 [INFO    ] [VolcanoAI.LstmEngine] [MainThread] --- === LSTM V6.0 TITAN TRAINING START ===
2025-12-12 00:02:01,870 [INFO    ] [VolcanoAI.LstmEngine] [MainThread] --- Processing Cluster 0...
2025-12-12 00:02:01,885 [INFO    ] [VolcanoAI.LstmEngine] [MainThread] ---     [Tuner] Menjalankan 3 trial optimasi...
2025-12-12 00:02:02,507 [WARNING ] [tensorflow          ] [MainThread] --- From C:\Program Files\Python311\Lib\site-packages\keras\src\backend\common\global_state.py:82: The name tf.reset_default_graph is deprecated. Please use tf.compat.v1.reset_default_graph instead.

2025-12-12 00:02:02,910 [INFO    ] [VolcanoAI.LstmEngine] [MainThread] --- Model LSTM berhasil dikompilasi. Input: 30x6
2025-12-12 00:02:11,601 [INFO    ] [VolcanoAI.LstmEngine] [MainThread] --- Model LSTM berhasil dikompilasi. Input: 30x6
2025-12-12 00:02:20,115 [INFO    ] [VolcanoAI.LstmEngine] [MainThread] --- Model LSTM berhasil dikompilasi. Input: 30x6
2025-12-12 00:02:28,200 [INFO    ] [VolcanoAI.LstmEngine] [MainThread] ---     [Tuner] Parameter Terbaik: {} (Loss: inf)
2025-12-12 00:02:28,324 [INFO    ] [VolcanoAI.LstmEngine] [MainThread] --- Model LSTM berhasil dikompilasi. Input: 30x6
2025-12-12 00:02:42,576 [ERROR   ] [VolcanoAI.LstmEngine] [MainThread] --- [Vault] GAGAL memuat model c0: Requested the deserialization of a `Lambda` layer whose `function` is a Python lambda. This carries a potential risk of arbitrary code execution and thus it is disallowed by default. If you trust the source of the artifact, you can override this error by passing `safe_mode=False` to the loading function, or calling `keras.config.enable_unsafe_deserialization().. File mungkin corrupt atau TF version mismatch.
2025-12-12 00:02:42,577 [INFO    ] [VolcanoAI_CNN       ] [MainThread] --- === MEMULAI CNN TRAINING PIPELINE V5.0 (TITAN) ===
2025-12-12 00:02:42,578 [INFO    ] [VolcanoAI_CNN       ] [MainThread] --- 
>>> Training CNN Cluster 0
2025-12-12 00:02:42,670 [ERROR   ] [VolcanoAI.LstmEngine] [MainThread] --- [Vault] GAGAL memuat model c0: Requested the deserialization of a `Lambda` layer whose `function` is a Python lambda. This carries a potential risk of arbitrary code execution and thus it is disallowed by default. If you trust the source of the artifact, you can override this error by passing `safe_mode=False` to the loading function, or calling `keras.config.enable_unsafe_deserialization().. File mungkin corrupt atau TF version mismatch.
2025-12-12 00:02:42,671 [WARNING ] [VolcanoAI_CNN       ] [MainThread] --- Skip c0: Gagal get LSTM features (mungkin data kurang).
2025-12-12 00:02:43,384 [ERROR   ] [VolcanoAI.LstmEngine] [MainThread] --- [Vault] GAGAL memuat model c0: Requested the deserialization of a `Lambda` layer whose `function` is a Python lambda. This carries a potential risk of arbitrary code execution and thus it is disallowed by default. If you trust the source of the artifact, you can override this error by passing `safe_mode=False` to the loading function, or calling `keras.config.enable_unsafe_deserialization().. File mungkin corrupt atau TF version mismatch.
2025-12-12 00:02:43,418 [INFO    ] [VolcanoAI.NaiveBayesEngine] [MainThread] --- Fitur Terpilih (7): ['Magnitudo', 'Kedalaman (km)', 'isVulkanik', 'isTektonik', 'R3_final', 'PheromoneScore', 'luas_cnn']
2025-12-12 00:02:43,461 [INFO    ] [VolcanoAI.NaiveBayesEngine] [MainThread] --- Training selesai. Model: CalibratedClassifierCV
2025-12-12 00:02:43,463 [INFO    ] [VolcanoAiPipeline   ] [MainThread] --- 
========== PHASE 4: MODEL EVALUATION ==========
2025-12-12 00:02:50,453 [INFO    ] [ACO_Engine_Master   ] [MainThread] --- [ACO Iter-44] Stagnasi (41) → Smooth Reset Pheromone.
2025-12-12 00:02:56,869 [INFO    ] [ACO_Engine_Master   ] [MainThread] --- [ACO Iter-85] Stagnasi (41) → Smooth Reset Pheromone.
2025-12-12 00:03:07,892 [INFO    ] [ACO_Engine_Master   ] [MainThread] --- [ACO Iter-156] Stagnasi (41) → Smooth Reset Pheromone.
2025-12-12 00:03:14,168 [INFO    ] [ACO_Engine_Master   ] [MainThread] --- [ACO Iter-197] Stagnasi (41) → Smooth Reset Pheromone.
2025-12-12 00:03:14,700 [WARNING ] [ACO_Engine_Master   ] [MainThread] --- [ACO] Dataframe kosong atau kurang kolom untuk visualisasi.
2025-12-12 00:03:14,826 [ERROR   ] [VolcanoAI.LstmEngine] [MainThread] --- [Vault] GAGAL memuat model c0: Requested the deserialization of a `Lambda` layer whose `function` is a Python lambda. This carries a potential risk of arbitrary code execution and thus it is disallowed by default. If you trust the source of the artifact, you can override this error by passing `safe_mode=False` to the loading function, or calling `keras.config.enable_unsafe_deserialization().. File mungkin corrupt atau TF version mismatch.
2025-12-12 00:03:14,920 [ERROR   ] [VolcanoAI.LstmEngine] [MainThread] --- [Vault] GAGAL memuat model c0: Requested the deserialization of a `Lambda` layer whose `function` is a Python lambda. This carries a potential risk of arbitrary code execution and thus it is disallowed by default. If you trust the source of the artifact, you can override this error by passing `safe_mode=False` to the loading function, or calling `keras.config.enable_unsafe_deserialization().. File mungkin corrupt atau TF version mismatch.
2025-12-12 00:03:14,962 [INFO    ] [VolcanoAI.NaiveBayesEngine] [MainThread] --- 
=== Laporan Klasifikasi ===
              precision    recall  f1-score   support

      Ringan       0.94      0.81      0.87       109
      Sedang       0.80      0.89      0.84       211
       Parah       0.93      0.89      0.91       241

    accuracy                           0.88       561
   macro avg       0.89      0.86      0.87       561
weighted avg       0.88      0.88      0.88       561

2025-12-12 00:03:15,380 [INFO    ] [VolcanoAI.Reporter  ] [MainThread] --- Generating Dual Dashboard HTML...
2025-12-12 00:03:16,483 [INFO    ] [VolcanoAI.Reporter  ] [MainThread] --- Dashboard Updated: output\VolcanoAI_Analysis_STATIC.html
2025-12-12 00:03:16,485 [INFO    ] [VolcanoAI.Reporter  ] [MainThread] --- Dashboard Updated: output\VolcanoAI_Monitor_LIVE.html
2025-12-12 00:03:16,486 [INFO    ] [VolcanoAI.Reporter  ] [MainThread] --- ✅ Dual Dashboard Updated. Files: LIVE, STATIC.
2025-12-12 00:03:16,486 [INFO    ] [VolcanoAiPipeline   ] [MainThread] --- 
========== PHASE 5: LIVE MONITORING ==========
2025-12-12 00:03:16,487 [INFO    ] [VolcanoAI.LstmEngine] [MainThread] --- Loading 1307 rows to buffer.
2025-12-12 00:03:16,752 [INFO    ] [VolcanoAI.processing.realtime_data_stream] [MainThread] --- [BMKG] Events: 8
2025-12-12 00:03:16,753 [INFO    ] [VolcanoAiPipeline   ] [MainThread] --- 🚨 GEMPA BARU TERDETEKSI: 8
2025-12-12 00:03:16,758 [INFO    ] [FeatureEngineer     ] [MainThread] --- >>> FE INFERENCE: Using existing preprocessor state.
2025-12-12 00:03:16,776 [INFO    ] [FeatureEngineer     ] [MainThread] --- Smart Inference classified 8 unknown events.
2025-12-12 00:03:17,031 [INFO    ] [FeatureEngineer     ] [MainThread] --- Feature Engineering Complete. Shape: (98, 59)
2025-12-12 00:03:17,151 [ERROR   ] [VolcanoAI.LstmEngine] [MainThread] --- [Vault] GAGAL memuat model c0: Requested the deserialization of a `Lambda` layer whose `function` is a Python lambda. This carries a potential risk of arbitrary code execution and thus it is disallowed by default. If you trust the source of the artifact, you can override this error by passing `safe_mode=False` to the loading function, or calling `keras.config.enable_unsafe_deserialization().. File mungkin corrupt atau TF version mismatch.
2025-12-12 00:03:17,182 [INFO    ] [VolcanoAI.NaiveBayesEngine] [MainThread] --- 
=== Laporan Klasifikasi ===
              precision    recall  f1-score   support

      Ringan       0.00      0.00      0.00       0.0
      Sedang       0.00      0.00      0.00       8.0
       Parah       0.00      0.00      0.00       0.0

    accuracy                           0.00       8.0
   macro avg       0.00      0.00      0.00       8.0
weighted avg       0.00      0.00      0.00       8.0

2025-12-12 00:08:17,723 [INFO    ] [VolcanoAI.processing.realtime_data_stream] [MainThread] --- [BMKG] Events: 8
2025-12-12 00:08:17,724 [INFO    ] [VolcanoAiPipeline   ] [MainThread] --- 🚨 GEMPA BARU TERDETEKSI: 8
2025-12-12 00:08:17,728 [INFO    ] [FeatureEngineer     ] [MainThread] --- >>> FE INFERENCE: Using existing preprocessor state.
2025-12-12 00:08:17,745 [INFO    ] [FeatureEngineer     ] [MainThread] --- Smart Inference classified 16 unknown events.
2025-12-12 00:08:18,045 [INFO    ] [FeatureEngineer     ] [MainThread] --- Feature Engineering Complete. Shape: (98, 68)
2025-12-12 00:08:18,179 [ERROR   ] [VolcanoAI.LstmEngine] [MainThread] --- [Vault] GAGAL memuat model c0: Requested the deserialization of a `Lambda` layer whose `function` is a Python lambda. This carries a potential risk of arbitrary code execution and thus it is disallowed by default. If you trust the source of the artifact, you can override this error by passing `safe_mode=False` to the loading function, or calling `keras.config.enable_unsafe_deserialization().. File mungkin corrupt atau TF version mismatch.
2025-12-12 00:08:18,212 [INFO    ] [VolcanoAI.NaiveBayesEngine] [MainThread] --- 
=== Laporan Klasifikasi ===
              precision    recall  f1-score   support

      Ringan       0.00      0.00      0.00       0.0
      Sedang       0.00      0.00      0.00       4.0
       Parah       0.00      0.00      0.00       0.0

    accuracy                           0.00       4.0
   macro avg       0.00      0.00      0.00       4.0
weighted avg       0.00      0.00      0.00       4.0

2025-12-12 00:13:18,778 [INFO    ] [VolcanoAI.processing.realtime_data_stream] [MainThread] --- [BMKG] Events: 8
2025-12-12 00:13:18,779 [INFO    ] [VolcanoAiPipeline   ] [MainThread] --- 🚨 GEMPA BARU TERDETEKSI: 8
2025-12-12 00:13:18,783 [INFO    ] [FeatureEngineer     ] [MainThread] --- >>> FE INFERENCE: Using existing preprocessor state.
2025-12-12 00:13:18,799 [INFO    ] [FeatureEngineer     ] [MainThread] --- Smart Inference classified 16 unknown events.
2025-12-12 00:13:19,050 [INFO    ] [FeatureEngineer     ] [MainThread] --- Feature Engineering Complete. Shape: (98, 68)
2025-12-12 00:13:19,177 [ERROR   ] [VolcanoAI.LstmEngine] [MainThread] --- [Vault] GAGAL memuat model c0: Requested the deserialization of a `Lambda` layer whose `function` is a Python lambda. This carries a potential risk of arbitrary code execution and thus it is disallowed by default. If you trust the source of the artifact, you can override this error by passing `safe_mode=False` to the loading function, or calling `keras.config.enable_unsafe_deserialization().. File mungkin corrupt atau TF version mismatch.
2025-12-12 00:13:19,206 [INFO    ] [VolcanoAI.NaiveBayesEngine] [MainThread] --- 
=== Laporan Klasifikasi ===
              precision    recall  f1-score   support

      Ringan       0.00      0.00      0.00       0.0
      Sedang       0.00      0.00      0.00       4.0
       Parah       0.00      0.00      0.00       0.0

    accuracy                           0.00       4.0
   macro avg       0.00      0.00      0.00       4.0
weighted avg       0.00      0.00      0.00       4.0

