2025-12-24 19:29:56,831 [INFO    ] [root                ] [MainThread] --- Logging diinisialisasi. File: output\pipeline_20251224_192956.log
2025-12-24 19:29:56,833 [INFO    ] [root                ] [MainThread] --- ================================================================================
2025-12-24 19:29:56,833 [INFO    ] [root                ] [MainThread] ---                             VOLCANOAI SYSTEM STARTUP                            
2025-12-24 19:29:56,833 [INFO    ] [root                ] [MainThread] --- ================================================================================
2025-12-24 19:29:56,835 [INFO    ] [root                ] [MainThread] --- [Dashboard] Starting Flask server in background thread (monitoring enabled)...
2025-12-24 19:29:56,842 [INFO    ] [RealtimeSensorManager] [MainThread] --- [MIROVA] Menggunakan log terbaru: output/realtime\mirova_log_20251003-094000.txt
2025-12-24 19:29:56,842 [INFO    ] [VolcanoAiPipeline   ] [MainThread] --- Pipeline VolcanoAI 5.2.0-TITAN-EXCEL initialized successfully.
2025-12-24 19:29:56,842 [INFO    ] [VolcanoAiPipeline   ] [MainThread] --- Starting Pipeline Execution...
2025-12-24 19:29:56,842 [INFO    ] [VolcanoAiPipeline   ] [MainThread] --- 
========== PHASE 1: DATA LOADING ==========
2025-12-24 19:29:56,906 [INFO    ] [VolcanoAiPipeline   ] [MainThread] --- 
========== PHASE 2: FEATURE ENGINEERING ==========
2025-12-24 19:29:56,961 [INFO    ] [FeatureEngineer     ] [MainThread] --- >>> FE TRAIN: Initializing new preprocessor state.
2025-12-24 19:29:57,044 [INFO    ] [FeatureEngineer     ] [MainThread] --- Smart Classifier Trained.
2025-12-24 19:29:57,077 [WARNING ] [FeatureEngineer     ] [MainThread] --- Imputer Warning: Kolom berikut kosong total saat training -> diisi 0.0: ['OLI_total (W)', 'MSI_total (W)']
2025-12-24 19:29:57,332 [INFO    ] [werkzeug            ] [Thread-1 (_run)] --- [31m[1mWARNING: This is a development server. Do not use it in a production deployment. Use a production WSGI server instead.[0m
 * Running on http://127.0.0.1:5000
2025-12-24 19:29:57,332 [INFO    ] [werkzeug            ] [Thread-1 (_run)] --- [33mPress CTRL+C to quit[0m
2025-12-24 19:29:57,503 [INFO    ] [werkzeug            ] [Thread-167 (process_request_thread)] --- 127.0.0.1 - - [24/Dec/2025 19:29:57] "GET / HTTP/1.1" 200 -
2025-12-24 19:29:57,589 [INFO    ] [VolcanoAI.processing.feature_engineer] [MainThread] --- Preprocessor state saved to: output\feature_preprocessor.pkl
2025-12-24 19:29:57,589 [INFO    ] [FeatureEngineer     ] [MainThread] --- Feature Engineering Complete. Shape: (21, 60)
2025-12-24 19:29:57,615 [INFO    ] [FeatureEngineer     ] [MainThread] --- >>> FE TRAIN: Initializing new preprocessor state.
2025-12-24 19:29:57,748 [INFO    ] [FeatureEngineer     ] [MainThread] --- Smart Classifier Trained.
2025-12-24 19:29:57,985 [INFO    ] [werkzeug            ] [Thread-208 (process_request_thread)] --- 127.0.0.1 - - [24/Dec/2025 19:29:57] "[36mGET /files/output/naive_bayes_results/roc_curves.png HTTP/1.1[0m" 304 -
2025-12-24 19:29:57,989 [INFO    ] [werkzeug            ] [Thread-207 (process_request_thread)] --- 127.0.0.1 - - [24/Dec/2025 19:29:57] "[36mGET /files/output/naive_bayes_results/confusion_matrix.png HTTP/1.1[0m" 304 -
2025-12-24 19:29:58,078 [INFO    ] [werkzeug            ] [Thread-210 (process_request_thread)] --- 127.0.0.1 - - [24/Dec/2025 19:29:58] "GET /files/output/ga_results/ga_path_map.html HTTP/1.1" 200 -
2025-12-24 19:29:58,086 [INFO    ] [werkzeug            ] [Thread-209 (process_request_thread)] --- 127.0.0.1 - - [24/Dec/2025 19:29:58] "GET /files/output/aco_results/aco_impact_zones.html HTTP/1.1" 200 -
2025-12-24 19:29:58,096 [INFO    ] [werkzeug            ] [Thread-211 (process_request_thread)] --- 127.0.0.1 - - [24/Dec/2025 19:29:58] "GET /files/output/cnn_results/cnn_prediction_map.html HTTP/1.1" 200 -
2025-12-24 19:30:00,872 [WARNING ] [FeatureEngineer     ] [MainThread] --- Imputer Warning: Kolom berikut kosong total saat training -> diisi 0.0: ['OLI_total (W)', 'MSI_total (W)']
2025-12-24 19:30:01,287 [INFO    ] [VolcanoAI.processing.feature_engineer] [MainThread] --- Preprocessor state saved to: output\feature_preprocessor.pkl
2025-12-24 19:30:01,287 [INFO    ] [FeatureEngineer     ] [MainThread] --- Feature Engineering Complete. Shape: (9, 60)
2025-12-24 19:30:01,290 [INFO    ] [VolcanoAiPipeline   ] [MainThread] --- 
========== PHASE 3: MODEL TRAINING ==========
2025-12-24 19:30:01,334 [INFO    ] [ACO_Engine_Master   ] [MainThread] --- [ACO] Melanjutkan dari brain state sebelumnya.
2025-12-24 19:30:04,863 [INFO    ] [ACO_Engine_Master   ] [MainThread] --- [ACO Iter-47] Stagnasi (41) → Smooth Reset Pheromone.
2025-12-24 19:30:07,864 [INFO    ] [ACO_Engine_Master   ] [MainThread] --- [ACO Iter-88] Stagnasi (41) → Smooth Reset Pheromone.
2025-12-24 19:30:10,754 [INFO    ] [ACO_Engine_Master   ] [MainThread] --- [ACO Iter-129] Stagnasi (41) → Smooth Reset Pheromone.
2025-12-24 19:30:13,660 [INFO    ] [ACO_Engine_Master   ] [MainThread] --- [ACO Iter-170] Stagnasi (41) → Smooth Reset Pheromone.
2025-12-24 19:30:15,647 [INFO    ] [ACO_Engine_Master   ] [MainThread] --- [ACO] Output GA tersimpan → C:\Users\USER\Downloads\Earthquake_Volcan\Earthquake_Volcano\output\aco_results\aco_to_ga.json
2025-12-24 19:30:15,999 [ERROR   ] [ACO_Engine_Master   ] [MainThread] --- Gagal menyimpan output ACO: [Errno 13] Permission denied: 'C:\\Users\\USER\\Downloads\\Earthquake_Volcan\\Earthquake_Volcano\\output\\aco_results/aco_epicenters.csv'
2025-12-24 19:30:16,037 [INFO    ] [ACO_Engine_Master   ] [MainThread] --- [ACO] Visual ACO tersimpan → C:\Users\USER\Downloads\Earthquake_Volcan\Earthquake_Volcano\output\aco_results/aco_impact_zones.html
2025-12-24 19:30:16,037 [INFO    ] [VolcanoAI.GaEngine  ] [MainThread] --- 
================================================================================
2025-12-24 19:30:16,038 [INFO    ] [VolcanoAI.GaEngine  ] [MainThread] ---                             === GA ENGINE START ===                             
2025-12-24 19:30:16,038 [INFO    ] [VolcanoAI.GaEngine  ] [MainThread] --- ================================================================================
2025-12-24 19:30:16,042 [INFO    ] [VolcanoAI.GaEngine  ] [MainThread] --- GA Evolution Start → Pop=80, Gen=150
2025-12-24 19:30:16,042 [INFO    ] [VolcanoAI.GaEngine  ] [MainThread] --- Resuming GA from checkpoint...
2025-12-24 19:30:16,076 [INFO    ] [VolcanoAI.GaEngine  ] [MainThread] --- [GA] next_event berhasil ditulis ke output\aco_results\aco_to_ga.json (valid=True)
2025-12-24 19:30:16,076 [INFO    ] [VolcanoAI.GaEngine  ] [MainThread] --- GA vector JSON saved → output\ga_results\ga_vector.json
2025-12-24 19:30:16,175 [INFO    ] [VolcanoAI.GaEngine  ] [MainThread] --- GA Map saved → output\ga_results\ga_path_map.html
2025-12-24 19:30:16,291 [INFO    ] [VolcanoAI.GaEngine  ] [MainThread] --- Excel exported → output\ga_results\ga_report.xlsx
2025-12-24 19:30:16,291 [INFO    ] [VolcanoAI.GaEngine  ] [MainThread] ---                            === GA ENGINE COMPLETE ===                           
2025-12-24 19:30:16,291 [INFO    ] [VolcanoAI.LstmEngine] [MainThread] --- === LSTM V6.0 TITAN TRAINING START ===
2025-12-24 19:30:16,314 [INFO    ] [VolcanoAI.LstmEngine] [MainThread] --- Processing Cluster 0...
2025-12-24 19:30:16,324 [WARNING ] [VolcanoAI.LstmEngine] [MainThread] --- Sample c0 terlalu sedikit (0). Skip training.
2025-12-24 19:30:16,872 [INFO    ] [VolcanoAI.LstmEngine] [MainThread] --- [Vault] Model Cluster 0 berhasil dimuat.
2025-12-24 19:30:16,895 [INFO    ] [VolcanoAI.LstmEngine] [MainThread] --- [LSTM] Saved CSV (overwrite-safe): master=output\lstm_results\lstm_records_2y_20251224.csv, recent=output\lstm_results\lstm_recent_15d_20251224.csv, anomalies=output\lstm_results\lstm_anomalies_20251224.csv
2025-12-24 19:30:16,895 [INFO    ] [VolcanoAI_CNN       ] [MainThread] --- === MEMULAI CNN TRAINING PIPELINE V5.0 (TITAN) ===
2025-12-24 19:30:16,895 [INFO    ] [VolcanoAI_CNN       ] [MainThread] --- 
>>> Training CNN Cluster 0
2025-12-24 19:30:17,114 [INFO    ] [VolcanoAI.LstmEngine] [MainThread] --- [Vault] Model Cluster 0 berhasil dimuat.
2025-12-24 19:30:17,114 [WARNING ] [VolcanoAI_CNN       ] [MainThread] --- Skip c0: Gagal get LSTM features (mungkin data kurang).
2025-12-24 19:30:17,952 [INFO    ] [VolcanoAI_CNN       ] [MainThread] --- [CNN] Loaded model for cluster 0 from disk.
2025-12-24 19:30:18,140 [INFO    ] [VolcanoAI.LstmEngine] [MainThread] --- [Vault] Model Cluster 0 berhasil dimuat.
2025-12-24 19:30:18,140 [WARNING ] [VolcanoAI_CNN       ] [MainThread] --- [CNN] Skip c0: no LSTM features — applying fallback area.
2025-12-24 19:30:18,146 [INFO    ] [VolcanoAiPipeline   ] [MainThread] --- ✅ CNN latest overwritten: output\cnn_results\results\cnn_predictions_latest.csv
2025-12-24 19:30:18,152 [INFO    ] [VolcanoAI.postprocess.cnn_csv_to_json] [MainThread] --- ✅ CNN JSON written: output\cnn_results\cnn_predictions_latest.json
2025-12-24 19:30:18,152 [INFO    ] [VolcanoAiPipeline   ] [MainThread] --- ✅ CNN JSON generated: output\cnn_results\cnn_predictions_latest.json
2025-12-24 19:30:18,165 [INFO    ] [VolcanoAI.engines.cnn_map_generator] [MainThread] --- CNNMapGenerator: map saved -> output\cnn_results\cnn_prediction_map.html
2025-12-24 19:30:18,165 [INFO    ] [VolcanoAiPipeline   ] [MainThread] --- 🗺️ CNN map generated: output\cnn_results\cnn_prediction_map.html
2025-12-24 19:30:18,178 [INFO    ] [VolcanoAiPipeline   ] [MainThread] ---  CNN archive saved: output\cnn_results\results\cnn_predictions_20251224_193018.csv
2025-12-24 19:30:18,195 [INFO    ] [VolcanoAI.NaiveBayesEngine] [MainThread] --- Fitur terpilih (7): ['Magnitudo', 'Kedalaman (km)', 'isVulkanik', 'isTektonik', 'R3_final', 'PheromoneScore', 'luas_cnn']
2025-12-24 19:30:18,199 [INFO    ] [VolcanoAI.NaiveBayesEngine] [MainThread] --- Training Naive Bayes selesai.
2025-12-24 19:30:18,199 [INFO    ] [VolcanoAiPipeline   ] [MainThread] --- 
========== PHASE 4: MODEL EVALUATION ==========
2025-12-24 19:30:25,392 [INFO    ] [ACO_Engine_Master   ] [MainThread] --- [ACO Iter-89] Stagnasi (41) → Smooth Reset Pheromone.
2025-12-24 19:30:28,501 [INFO    ] [ACO_Engine_Master   ] [MainThread] --- [ACO Iter-131] Stagnasi (41) → Smooth Reset Pheromone.
2025-12-24 19:30:31,970 [INFO    ] [ACO_Engine_Master   ] [MainThread] --- [ACO Iter-172] Stagnasi (41) → Smooth Reset Pheromone.
2025-12-24 19:30:34,253 [INFO    ] [ACO_Engine_Master   ] [MainThread] --- [ACO] Output GA tersimpan → C:\Users\USER\Downloads\Earthquake_Volcan\Earthquake_Volcano\output\aco_results\aco_to_ga.json
2025-12-24 19:30:34,274 [INFO    ] [werkzeug            ] [Thread-418 (process_request_thread)] --- 127.0.0.1 - - [24/Dec/2025 19:30:34] "GET / HTTP/1.1" 200 -
2025-12-24 19:30:34,278 [ERROR   ] [ACO_Engine_Master   ] [MainThread] --- Gagal menyimpan output ACO: [Errno 13] Permission denied: 'C:\\Users\\USER\\Downloads\\Earthquake_Volcan\\Earthquake_Volcano\\output\\aco_results/aco_epicenters.csv'
2025-12-24 19:30:34,304 [INFO    ] [ACO_Engine_Master   ] [MainThread] --- [ACO] Visual ACO tersimpan → C:\Users\USER\Downloads\Earthquake_Volcan\Earthquake_Volcano\output\aco_results/aco_impact_zones.html
2025-12-24 19:30:34,337 [INFO    ] [werkzeug            ] [Thread-419 (process_request_thread)] --- 127.0.0.1 - - [24/Dec/2025 19:30:34] "[36mGET /files/output/naive_bayes_results/confusion_matrix.png HTTP/1.1[0m" 304 -
2025-12-24 19:30:34,348 [INFO    ] [werkzeug            ] [Thread-420 (process_request_thread)] --- 127.0.0.1 - - [24/Dec/2025 19:30:34] "[36mGET /files/output/naive_bayes_results/roc_curves.png HTTP/1.1[0m" 304 -
2025-12-24 19:30:34,359 [INFO    ] [werkzeug            ] [Thread-422 (process_request_thread)] --- 127.0.0.1 - - [24/Dec/2025 19:30:34] "GET /files/output/ga_results/ga_path_map.html HTTP/1.1" 200 -
2025-12-24 19:30:34,359 [INFO    ] [werkzeug            ] [Thread-423 (process_request_thread)] --- 127.0.0.1 - - [24/Dec/2025 19:30:34] "GET /files/output/cnn_results/cnn_prediction_map.html HTTP/1.1" 200 -
2025-12-24 19:30:34,359 [INFO    ] [VolcanoAI.LstmEngine] [MainThread] --- [LSTM] Saved CSV (overwrite-safe): master=output\lstm_results\lstm_records_2y_20251224.csv, recent=output\lstm_results\lstm_recent_15d_20251224.csv, anomalies=output\lstm_results\lstm_anomalies_20251224.csv
2025-12-24 19:30:34,438 [INFO    ] [werkzeug            ] [Thread-421 (process_request_thread)] --- 127.0.0.1 - - [24/Dec/2025 19:30:34] "GET /files/output/aco_results/aco_impact_zones.html HTTP/1.1" 200 -
2025-12-24 19:30:34,560 [INFO    ] [VolcanoAI.LstmEngine] [MainThread] --- [Vault] Model Cluster 0 berhasil dimuat.
2025-12-24 19:30:34,560 [WARNING ] [VolcanoAI_CNN       ] [MainThread] --- [CNN] Skip c0: no LSTM features — applying fallback area.
2025-12-24 19:30:34,571 [ERROR   ] [VolcanoAI.NaiveBayesEngine] [MainThread] --- Evaluasi gagal: Number of classes, 2, does not match size of target_names, 3. Try specifying the labels parameter
2025-12-24 19:30:34,763 [INFO    ] [VolcanoAI.NaiveBayesEngine] [MainThread] --- Output Naive Bayes berhasil disimpan.
2025-12-24 19:30:34,768 [INFO    ] [VolcanoAiPipeline   ] [MainThread] --- Reporter metrics keys being passed: ['class_names', 'accuracy', 'confusion_matrix', 'aco_center', 'aco_area', 'aco_map', 'ga_map', 'cnn_pred_csv', 'cnn_pred_json', 'nb_confusion_png', 'nb_roc_png', 'nb_pred_csv', 'nb_metrics_json']
2025-12-24 19:30:34,808 [INFO    ] [VolcanoAI.Reporter  ] [MainThread] --- Generating Dual Dashboard HTML...
2025-12-24 19:30:35,052 [INFO    ] [VolcanoAI.Reporter  ] [MainThread] --- Dashboard berhasil dibuat: output\VolcanoAI_Analysis_STATIC.html
2025-12-24 19:30:35,061 [INFO    ] [VolcanoAI.Reporter  ] [MainThread] --- Dashboard berhasil dibuat: output\VolcanoAI_Monitor_LIVE.html
2025-12-24 19:30:35,061 [INFO    ] [VolcanoAI.Reporter  ] [MainThread] --- ✅ Dual Dashboard Updated. Files: LIVE, STATIC.
2025-12-24 19:30:35,061 [INFO    ] [VolcanoAiPipeline   ] [MainThread] --- 
========== PHASE 5: LIVE MONITORING ==========
2025-12-24 19:30:35,061 [INFO    ] [VolcanoAI.LstmEngine] [MainThread] --- Loading 21 rows to buffer.
2025-12-24 19:30:35,094 [INFO    ] [RealtimeSensorManager] [MainThread] --- [MIROVA] Berhasil membaca 13 baris dari log.
2025-12-24 19:31:07,665 [INFO    ] [werkzeug            ] [Thread-424 (process_request_thread)] --- 127.0.0.1 - - [24/Dec/2025 19:31:07] "GET / HTTP/1.1" 200 -
2025-12-24 19:31:07,681 [INFO    ] [werkzeug            ] [Thread-425 (process_request_thread)] --- 127.0.0.1 - - [24/Dec/2025 19:31:07] "GET /files/output/naive_bayes_results/confusion_matrix.png HTTP/1.1" 200 -
2025-12-24 19:31:07,682 [INFO    ] [werkzeug            ] [Thread-426 (process_request_thread)] --- 127.0.0.1 - - [24/Dec/2025 19:31:07] "[36mGET /files/output/naive_bayes_results/roc_curves.png HTTP/1.1[0m" 304 -
2025-12-24 19:31:07,703 [INFO    ] [werkzeug            ] [Thread-427 (process_request_thread)] --- 127.0.0.1 - - [24/Dec/2025 19:31:07] "[36mGET /files/output/aco_results/aco_impact_zones.html HTTP/1.1[0m" 304 -
2025-12-24 19:31:07,703 [INFO    ] [werkzeug            ] [Thread-428 (process_request_thread)] --- 127.0.0.1 - - [24/Dec/2025 19:31:07] "[36mGET /files/output/ga_results/ga_path_map.html HTTP/1.1[0m" 304 -
2025-12-24 19:31:07,712 [INFO    ] [werkzeug            ] [Thread-429 (process_request_thread)] --- 127.0.0.1 - - [24/Dec/2025 19:31:07] "[36mGET /files/output/cnn_results/cnn_prediction_map.html HTTP/1.1[0m" 304 -
2025-12-24 19:31:10,905 [INFO    ] [VolcanoAiPipeline   ] [MainThread] --- Monitoring dihentikan. Melakukan penyimpanan akhir...
2025-12-24 19:31:10,913 [INFO    ] [root                ] [MainThread] --- [BUFFER SAVED] output/realtime/processed.csv
2025-12-24 19:31:10,913 [INFO    ] [VolcanoAiPipeline   ] [MainThread] --- Penyimpanan buffer live selesai.
2025-12-24 19:31:10,913 [INFO    ] [VolcanoAiPipeline   ] [MainThread] --- System shutdown. Uptime: 74.07s
