2025-12-31 17:00:33,977 [INFO    ] [root                ] [MainThread] --- Logging diinisialisasi. File: output\pipeline_20251231_170033.log
2025-12-31 17:00:33,979 [INFO    ] [root                ] [MainThread] --- ================================================================================
2025-12-31 17:00:33,979 [INFO    ] [root                ] [MainThread] ---                             VOLCANOAI SYSTEM STARTUP                            
2025-12-31 17:00:33,980 [INFO    ] [root                ] [MainThread] --- ================================================================================
2025-12-31 17:00:33,982 [INFO    ] [root                ] [MainThread] --- [Dashboard] Starting Flask server in background thread (monitoring enabled)...
2025-12-31 17:00:33,990 [INFO    ] [RealtimeSensorManager] [MainThread] --- [MIROVA] Menggunakan log terbaru: output/realtime\mirova_log_20251003-094000.txt
2025-12-31 17:00:33,990 [INFO    ] [VolcanoAiPipeline   ] [MainThread] --- Pipeline VolcanoAI 5.2.0-TITAN-EXCEL initialized successfully.
2025-12-31 17:00:33,990 [INFO    ] [VolcanoAiPipeline   ] [MainThread] --- Starting Pipeline Execution...
2025-12-31 17:00:33,991 [INFO    ] [VolcanoAiPipeline   ] [MainThread] --- 
========== PHASE 1: DATA LOADING ==========
2025-12-31 17:00:34,014 [INFO    ] [VolcanoAiPipeline   ] [MainThread] --- 
========== PHASE 2: FEATURE ENGINEERING ==========
2025-12-31 17:00:34,046 [INFO    ] [FeatureEngineer     ] [MainThread] --- >>> FE TRAIN: Initializing new preprocessor state.
2025-12-31 17:00:34,069 [WARNING ] [FeatureEngineer     ] [MainThread] --- Smart Classifier SKIPPED: Tidak ada data berlabel cukup (fallback ke rule-based).
2025-12-31 17:00:34,093 [WARNING ] [FeatureEngineer     ] [MainThread] --- Imputer Warning: Kolom berikut kosong total saat training -> diisi 0.0: ['OLI_total (W)', 'MSI_total (W)']
2025-12-31 17:00:34,377 [INFO    ] [werkzeug            ] [Thread-1 (_run)] --- [31m[1mWARNING: This is a development server. Do not use it in a production deployment. Use a production WSGI server instead.[0m
 * Running on http://127.0.0.1:5000
2025-12-31 17:00:34,378 [INFO    ] [werkzeug            ] [Thread-1 (_run)] --- [33mPress CTRL+C to quit[0m
2025-12-31 17:00:34,587 [INFO    ] [werkzeug            ] [Thread-167 (process_request_thread)] --- 127.0.0.1 - - [31/Dec/2025 17:00:34] "GET / HTTP/1.1" 200 -
2025-12-31 17:00:34,718 [INFO    ] [VolcanoAI.processing.feature_engineer] [MainThread] --- Preprocessor state saved to: output\feature_preprocessor.pkl
2025-12-31 17:00:34,720 [INFO    ] [FeatureEngineer     ] [MainThread] --- Feature Engineering Complete. Shape: (21, 70)
2025-12-31 17:00:34,769 [INFO    ] [FeatureEngineer     ] [MainThread] --- >>> FE TRAIN: Initializing new preprocessor state.
2025-12-31 17:00:34,862 [WARNING ] [FeatureEngineer     ] [MainThread] --- Smart Classifier SKIPPED: Tidak ada data berlabel cukup (fallback ke rule-based).
2025-12-31 17:00:35,068 [INFO    ] [werkzeug            ] [Thread-207 (process_request_thread)] --- 127.0.0.1 - - [31/Dec/2025 17:00:35] "[36mGET /files/output/naive_bayes_results/confusion_matrix.png HTTP/1.1[0m" 304 -
2025-12-31 17:00:35,076 [INFO    ] [werkzeug            ] [Thread-208 (process_request_thread)] --- 127.0.0.1 - - [31/Dec/2025 17:00:35] "[36mGET /files/output/naive_bayes_results/roc_curves.png HTTP/1.1[0m" 304 -
2025-12-31 17:00:35,097 [INFO    ] [werkzeug            ] [Thread-209 (process_request_thread)] --- 127.0.0.1 - - [31/Dec/2025 17:00:35] "[36mGET /files/output/aco_results/aco_impact_zones.html HTTP/1.1[0m" 304 -
2025-12-31 17:00:35,126 [INFO    ] [werkzeug            ] [Thread-211 (process_request_thread)] --- 127.0.0.1 - - [31/Dec/2025 17:00:35] "[36mGET /files/output/cnn_results/maps/cnn_prediction_map_20251231_165932.html HTTP/1.1[0m" 304 -
2025-12-31 17:00:35,130 [INFO    ] [werkzeug            ] [Thread-210 (process_request_thread)] --- 127.0.0.1 - - [31/Dec/2025 17:00:35] "[36mGET /files/output/ga_results/ga_from_aco_map.html HTTP/1.1[0m" 304 -
2025-12-31 17:00:35,492 [INFO    ] [werkzeug            ] [Thread-214 (process_request_thread)] --- 127.0.0.1 - - [31/Dec/2025 17:00:35] "[33mGET /favicon.ico HTTP/1.1[0m" 404 -
2025-12-31 17:00:40,443 [WARNING ] [FeatureEngineer     ] [MainThread] --- Imputer Warning: Kolom berikut kosong total saat training -> diisi 0.0: ['OLI_total (W)', 'MSI_total (W)']
2025-12-31 17:00:40,980 [INFO    ] [VolcanoAI.processing.feature_engineer] [MainThread] --- Preprocessor state saved to: output\feature_preprocessor.pkl
2025-12-31 17:00:40,980 [INFO    ] [FeatureEngineer     ] [MainThread] --- Feature Engineering Complete. Shape: (9, 70)
2025-12-31 17:00:40,982 [INFO    ] [VolcanoAiPipeline   ] [MainThread] --- 
========== PHASE 3: MODEL TRAINING ==========
2025-12-31 17:00:40,983 [DEBUG   ] [ACO_Engine_Master   ] [MainThread] --- [ACO] DataFrame masuk: 21 baris, 70 kolom
2025-12-31 17:00:40,984 [DEBUG   ] [ACO_Engine_Master   ] [MainThread] --- [ACO] Kolom: ['Tanggal', 'Lintang', 'Bujur', 'Magnitudo', 'Kedalaman (km)', 'Lokasi', 'Sumber', 'Acquired_Date', 'Nama', 'EQ_Lintang', 'EQ_Bujur', 'VRP_Max', 'MSI_summit (W)', 'MSI_total (W)', 'Hembusan', 'Tektonik_Lokal', 'Tektonik_Jauh', 'Tremor_Menerus', 'Vulkanik_Dangkal', 'Vulkanik_Dalam', 'Letusan_Erupsi', 'Guguran', 'Harmonik', 'Tremor_Non_Harmonik', 'Magnitudo_Original', 'Kedalaman_Original', 'Keterangan', 'isVulkanik', 'isTektonik', 'seismic_energy_log10', 'R1_final', 'R2_final', 'R3_final', 'AreaTerdampak_km2', 'tfe_doy_sin', 'tfe_doy_cos', 'tfe_weekday_sin', 'Intensity', 'cluster_id', 'time_since_last_event_days', 'OLI_total (W)', 'Magnitudo_scaled', 'Kedalaman (km)_scaled', 'seismic_energy_log10_scaled', 'time_since_last_event_days_scaled', 'impact_level', 'Magnitudo_lag1', 'Magnitudo_lag3', 'Magnitudo_roll_mean3', 'Magnitudo_roll_std3', 'Magnitudo_roll_mean7', 'Magnitudo_roll_std7', 'VRP_Max_lag1', 'VRP_Max_lag3', 'VRP_Max_roll_mean3', 'VRP_Max_roll_std3', 'VRP_Max_roll_mean7', 'VRP_Max_roll_std7', 'R3_final_lag1', 'R3_final_lag3', 'R3_final_roll_mean3', 'R3_final_roll_std3', 'R3_final_roll_mean7', 'R3_final_roll_std7', 'seismic_energy_log10_lag1', 'seismic_energy_log10_lag3', 'seismic_energy_log10_roll_mean3', 'seismic_energy_log10_roll_std3', 'seismic_energy_log10_roll_mean7', 'seismic_energy_log10_roll_std7']
2025-12-31 17:00:40,998 [DEBUG   ] [ACO_Engine_Master   ] [MainThread] ---               Tanggal  Lintang  Bujur  Magnitudo  Kedalaman (km) Lokasi            Sumber       Acquired_Date    Nama  EQ_Lintang  EQ_Bujur  VRP_Max  MSI_summit (W)  MSI_total (W)  Hembusan  Tektonik_Lokal  Tektonik_Jauh  Tremor_Menerus  Vulkanik_Dangkal  Vulkanik_Dalam  Letusan_Erupsi  Guguran  Harmonik  Tremor_Non_Harmonik  Magnitudo_Original  Kedalaman_Original Keterangan  isVulkanik  isTektonik  seismic_energy_log10   R1_final   R2_final   R3_final  AreaTerdampak_km2  tfe_doy_sin  tfe_doy_cos  tfe_weekday_sin  Intensity  cluster_id  time_since_last_event_days  OLI_total (W)  Magnitudo_scaled  Kedalaman (km)_scaled  seismic_energy_log10_scaled  time_since_last_event_days_scaled impact_level  Magnitudo_lag1  Magnitudo_lag3  Magnitudo_roll_mean3  Magnitudo_roll_std3  Magnitudo_roll_mean7  Magnitudo_roll_std7  VRP_Max_lag1  VRP_Max_lag3  VRP_Max_roll_mean3  VRP_Max_roll_std3  VRP_Max_roll_mean7  VRP_Max_roll_std7  R3_final_lag1  R3_final_lag3  R3_final_roll_mean3  R3_final_roll_std3  R3_final_roll_mean7  R3_final_roll_std7  seismic_energy_log10_lag1  seismic_energy_log10_lag3  seismic_energy_log10_roll_mean3  seismic_energy_log10_roll_std3  seismic_energy_log10_roll_mean7  seismic_energy_log10_roll_std7
0 2025-12-09 22:47:00      NaN    NaN        2.9            17.0    NaN  VolcanoDiscovery 2025-12-09 22:47:00    Ijen       -8.01    114.18      0.0             NaN            0.0         0              10              5               1                 1               1               0        0         0                    0                 2.9                17.0    Unknown           0           1                  9.15  10.043499  22.095698  40.173997        5070.373457    -0.373477     0.927640         0.781831       29.0           0                    0.349247            0.0          0.571429               1.285714                     0.571429                           0.693873       Sedang             0.0             0.0              2.900000             0.000000              2.900000              0.00000           0.0           0.0                 0.0                0.0                 0.0                0.0       0.000000       0.000000            40.173997            0.000000            40.173997            0.000000                       0.00                       0.00                             9.15                        0.000000                             9.15                        0.000000
1 2025-12-09 22:47:00      NaN    NaN        2.9            17.0    NaN  VolcanoDiscovery 2025-12-09 22:47:00   Raung       -8.01    114.18      0.0             NaN            0.0         8               6              5               1                 0               0               0        0         0                    0                 2.9                17.0    Unknown           0           1                  9.15  10.043499  22.095698  40.173997        5070.373457    -0.373477     0.927640         0.781831       29.0           0                    0.000000            0.0          0.571429               1.285714                     0.571429                          -0.042460       Sedang             2.9             0.0              2.900000             0.000000              2.900000              0.00000           0.0           0.0                 0.0                0.0                 0.0                0.0      40.173997       0.000000            40.173997            0.000000            40.173997            0.000000                       9.15                       0.00                             9.15                        0.000000                             9.15                        0.000000
2 2025-12-09 23:16:00      NaN    NaN        2.1             8.0    NaN  VolcanoDiscovery 2025-12-09 23:16:00   Bromo       -7.96    112.77      0.0             NaN            0.0         0               0              0               1                 0               1               0        0         0                    0                 2.1                 8.0    Unknown           0           1                  7.95   9.240000  20.328000  36.960000        4291.546255    -0.373477     0.927640         0.781831       21.0           0                    0.020139            0.0         -0.571429               0.000000                    -0.571429                           0.000000       Sedang             2.9             0.0              2.633333             0.461880              2.633333              0.46188           0.0           0.0                 0.0                0.0                 0.0                0.0      40.173997       0.000000            39.102664            1.855602            39.102664            1.855602                       9.15                       0.00                             8.75                        0.692820                             8.75                        0.692820
3 2025-12-09 23:16:00      NaN    NaN        2.1             8.0    NaN  VolcanoDiscovery 2025-12-09 23:16:00  Semeru       -7.96    112.77      0.0             NaN            0.0         4               0              0               0                 0               0              46        2         6                    0                 2.1                 8.0    Unknown           0           1                  7.95   9.240000  20.328000  36.960000        4291.546255    -0.373477     0.927640         0.781831       21.0           0                    0.000000            0.0         -0.571429               0.000000                    -0.571429                          -0.042460       Sedang             2.1             2.9              2.366667             0.461880              2.500000              0.46188           0.0           0.0                 0.0                0.0                 0.0                0.0      36.960000      40.173997            38.031332            1.855602            38.566998            1.855602                       7.95                       9.15                             8.35                        0.692820                             8.55                        0.692820
4 2025-12-11 03:22:00      NaN    NaN        2.2             4.0    NaN  VolcanoDiscovery 2025-12-11 03:22:00   Raung       -7.98    114.15      0.0             NaN            0.0         5               7              4               1                 0               0               0        0         0                    0                 2.2                 4.0    Unknown           0           1                  8.10  12.905000  28.391000  51.620000        8371.164440    -0.341347     0.939938         0.433884       22.0           0                    1.170833            0.0         -0.428571              -0.571429                    -0.428571                           2.426061       Sedang             2.1             2.9              2.133333             0.057735              2.440000              0.42190           0.0           0.0                 0.0                0.0                 0.0                0.0      36.960000      40.173997            41.846667            8.463955            41.177599            6.054636                       7.95                       9.15                             8.00                        0.086603                             8.46                        0.632851
2025-12-31 17:00:47,997 [INFO    ] [ACO_Engine_Master   ] [MainThread] --- [ACO Iter-80] Stagnasi (41) → Smooth Reset Pheromone.
2025-12-31 17:00:52,151 [INFO    ] [ACO_Engine_Master   ] [MainThread] --- [ACO Iter-121] Stagnasi (41) → Smooth Reset Pheromone.
2025-12-31 17:00:52,155 [INFO    ] [werkzeug            ] [Thread-419 (process_request_thread)] --- 127.0.0.1 - - [31/Dec/2025 17:00:52] "GET / HTTP/1.1" 200 -
2025-12-31 17:00:52,475 [INFO    ] [werkzeug            ] [Thread-420 (process_request_thread)] --- 127.0.0.1 - - [31/Dec/2025 17:00:52] "[36mGET /files/output/naive_bayes_results/confusion_matrix.png HTTP/1.1[0m" 304 -
2025-12-31 17:00:52,484 [INFO    ] [werkzeug            ] [Thread-423 (process_request_thread)] --- 127.0.0.1 - - [31/Dec/2025 17:00:52] "[36mGET /files/output/ga_results/ga_from_aco_map.html HTTP/1.1[0m" 304 -
2025-12-31 17:00:52,538 [INFO    ] [werkzeug            ] [Thread-421 (process_request_thread)] --- 127.0.0.1 - - [31/Dec/2025 17:00:52] "[36mGET /files/output/naive_bayes_results/roc_curves.png HTTP/1.1[0m" 304 -
2025-12-31 17:00:52,578 [INFO    ] [werkzeug            ] [Thread-422 (process_request_thread)] --- 127.0.0.1 - - [31/Dec/2025 17:00:52] "[36mGET /files/output/aco_results/aco_impact_zones.html HTTP/1.1[0m" 304 -
2025-12-31 17:00:52,604 [INFO    ] [werkzeug            ] [Thread-424 (process_request_thread)] --- 127.0.0.1 - - [31/Dec/2025 17:00:52] "[36mGET /files/output/cnn_results/maps/cnn_prediction_map_20251231_165932.html HTTP/1.1[0m" 304 -
2025-12-31 17:00:55,504 [INFO    ] [ACO_Engine_Master   ] [MainThread] --- [ACO Iter-162] Stagnasi (41) → Smooth Reset Pheromone.
2025-12-31 17:00:58,753 [INFO    ] [ACO_Engine_Master   ] [MainThread] --- [ACO] Minimal GA input saved → C:\Users\USER\Downloads\Earthquake_Volcan\Earthquake_Volcano\output\aco_results\aco_to_ga.json (atomic)
2025-12-31 17:00:58,766 [INFO    ] [werkzeug            ] [Thread-425 (process_request_thread)] --- 127.0.0.1 - - [31/Dec/2025 17:00:58] "GET / HTTP/1.1" 200 -
2025-12-31 17:00:58,788 [INFO    ] [ACO_Engine_Master   ] [MainThread] --- [ACO] Minimal GA input saved → C:\Users\USER\Downloads\Earthquake_Volcan\Earthquake_Volcano\output\aco_results\aco_to_ga.json (atomic)
2025-12-31 17:00:58,798 [INFO    ] [werkzeug            ] [Thread-426 (process_request_thread)] --- 127.0.0.1 - - [31/Dec/2025 17:00:58] "[36mGET /files/output/naive_bayes_results/confusion_matrix.png HTTP/1.1[0m" 304 -
2025-12-31 17:00:58,802 [INFO    ] [werkzeug            ] [Thread-427 (process_request_thread)] --- 127.0.0.1 - - [31/Dec/2025 17:00:58] "[36mGET /files/output/naive_bayes_results/roc_curves.png HTTP/1.1[0m" 304 -
2025-12-31 17:00:58,827 [INFO    ] [werkzeug            ] [Thread-428 (process_request_thread)] --- 127.0.0.1 - - [31/Dec/2025 17:00:58] "[36mGET /files/output/aco_results/aco_impact_zones.html HTTP/1.1[0m" 304 -
2025-12-31 17:00:58,838 [INFO    ] [werkzeug            ] [Thread-429 (process_request_thread)] --- 127.0.0.1 - - [31/Dec/2025 17:00:58] "[36mGET /files/output/ga_results/ga_from_aco_map.html HTTP/1.1[0m" 304 -
2025-12-31 17:00:58,844 [INFO    ] [werkzeug            ] [Thread-430 (process_request_thread)] --- 127.0.0.1 - - [31/Dec/2025 17:00:58] "[36mGET /files/output/cnn_results/maps/cnn_prediction_map_20251231_165932.html HTTP/1.1[0m" 304 -
2025-12-31 17:00:59,468 [INFO    ] [ACO_Engine_Master   ] [MainThread] --- [ACO] Visual ACO tersimpan → C:\Users\USER\Downloads\Earthquake_Volcan\Earthquake_Volcano\output\aco_results/aco_impact_zones.html
2025-12-31 17:00:59,470 [INFO    ] [VolcanoAI.GaEngine  ] [MainThread] --- 
================================================================================
2025-12-31 17:00:59,472 [INFO    ] [VolcanoAI.GaEngine  ] [MainThread] ---                  === GA ENGINE START (Input from ACO Only) ===                  
2025-12-31 17:00:59,473 [INFO    ] [VolcanoAI.GaEngine  ] [MainThread] --- ================================================================================
2025-12-31 17:00:59,881 [INFO    ] [VolcanoAI.GaEngine  ] [MainThread] --- GA Map saved → output\ga_results\ga_from_aco_map.html
2025-12-31 17:00:59,883 [INFO    ] [VolcanoAI.GaEngine  ] [MainThread] ---                      === GA ENGINE COMPLETE (ACO Mode) ===                      
2025-12-31 17:00:59,886 [INFO    ] [VolcanoAI.LstmEngine] [MainThread] --- === LSTM V6.0 TITAN TRAINING START ===
2025-12-31 17:00:59,916 [INFO    ] [VolcanoAI.LstmEngine] [MainThread] --- Processing Cluster 0...
2025-12-31 17:00:59,929 [WARNING ] [VolcanoAI.LstmEngine] [MainThread] --- Sample c0 terlalu sedikit (0). Skip training.
2025-12-31 17:01:00,514 [INFO    ] [VolcanoAI.LstmEngine] [MainThread] --- [Vault] Model Cluster 0 berhasil dimuat.
2025-12-31 17:01:00,539 [INFO    ] [VolcanoAI.LstmEngine] [MainThread] --- [LSTM] Saved CSV (overwrite-safe): master=output\lstm_results\lstm_records_2y_20251231.csv, recent=output\lstm_results\lstm_recent_15d_20251231.csv, anomalies=output\lstm_results\lstm_anomalies_20251231.csv
2025-12-31 17:01:00,541 [INFO    ] [VolcanoAI_CNN       ] [MainThread] --- === MEMULAI CNN TRAINING PIPELINE V5.0 (TITAN) ===
2025-12-31 17:01:01,717 [INFO    ] [VolcanoAI_CNN       ] [MainThread] --- [CNN] Loaded model for cluster 0 from disk.
2025-12-31 17:01:01,956 [INFO    ] [VolcanoAI.LstmEngine] [MainThread] --- [Vault] Model Cluster 0 berhasil dimuat.
2025-12-31 17:01:01,958 [WARNING ] [VolcanoAI_CNN       ] [MainThread] --- [CNN] Skip c0: no LSTM features — applying fallback area.
2025-12-31 17:01:01,963 [INFO    ] [VolcanoAiPipeline   ] [MainThread] --- ✅ CNN latest overwritten: output\cnn_results\results\cnn_predictions_latest.csv
2025-12-31 17:01:01,969 [INFO    ] [VolcanoAI.postprocess.cnn_csv_to_json] [MainThread] --- ✅ CNN JSON written: output\cnn_results\cnn_predictions_latest.json
2025-12-31 17:01:01,970 [INFO    ] [VolcanoAiPipeline   ] [MainThread] --- ✅ CNN JSON generated: output\cnn_results\cnn_predictions_latest.json
2025-12-31 17:01:01,994 [INFO    ] [VolcanoAI.engines.cnn_map_generator] [MainThread] --- CNNMapGenerator: map saved -> output\cnn_results\maps\cnn_prediction_map_20251231_170101.html
2025-12-31 17:01:01,995 [INFO    ] [VolcanoAiPipeline   ] [MainThread] --- 🗺️ CNN map generated: output\cnn_results\maps\cnn_prediction_map_20251231_170101.html
2025-12-31 17:01:01,998 [INFO    ] [VolcanoAiPipeline   ] [MainThread] --- [CNN MAP] latest pointer saved → output\cnn_results\maps\latest_map.txt
2025-12-31 17:01:02,002 [INFO    ] [VolcanoAiPipeline   ] [MainThread] ---  CNN archive saved: output\cnn_results\results\cnn_predictions_20251231_170101.csv
2025-12-31 17:01:02,008 [INFO    ] [VolcanoAI.NaiveBayesEngine] [MainThread] --- Distribusi Kelas Training:
magma_status
Awas      11
Siaga      7
Normal     3
Name: count, dtype: int64
2025-12-31 17:01:02,018 [INFO    ] [VolcanoAI.NaiveBayesEngine] [MainThread] --- Fitur terpilih (7): ['Magnitudo', 'Kedalaman (km)', 'isVulkanik', 'isTektonik', 'R3_final', 'PheromoneScore', 'luas_cnn']
2025-12-31 17:01:02,028 [INFO    ] [VolcanoAI.NaiveBayesEngine] [MainThread] --- Training Naive Bayes (Magma Params) selesai.
2025-12-31 17:01:02,030 [INFO    ] [VolcanoAiPipeline   ] [MainThread] --- 
========== PHASE 4: MODEL EVALUATION ==========
2025-12-31 17:01:02,031 [DEBUG   ] [ACO_Engine_Master   ] [MainThread] --- [ACO] DataFrame masuk: 9 baris, 70 kolom
2025-12-31 17:01:02,031 [DEBUG   ] [ACO_Engine_Master   ] [MainThread] --- [ACO] Kolom: ['Tanggal', 'Lintang', 'Bujur', 'Magnitudo', 'Kedalaman (km)', 'Lokasi', 'Sumber', 'Acquired_Date', 'Nama', 'EQ_Lintang', 'EQ_Bujur', 'VRP_Max', 'MSI_summit (W)', 'MSI_total (W)', 'Hembusan', 'Tektonik_Lokal', 'Tektonik_Jauh', 'Tremor_Menerus', 'Vulkanik_Dangkal', 'Vulkanik_Dalam', 'Letusan_Erupsi', 'Guguran', 'Harmonik', 'Tremor_Non_Harmonik', 'Magnitudo_Original', 'Kedalaman_Original', 'Keterangan', 'isVulkanik', 'isTektonik', 'seismic_energy_log10', 'R1_final', 'R2_final', 'R3_final', 'AreaTerdampak_km2', 'tfe_doy_sin', 'tfe_doy_cos', 'tfe_weekday_sin', 'Intensity', 'cluster_id', 'time_since_last_event_days', 'OLI_total (W)', 'Magnitudo_scaled', 'Kedalaman (km)_scaled', 'seismic_energy_log10_scaled', 'time_since_last_event_days_scaled', 'impact_level', 'Magnitudo_lag1', 'Magnitudo_lag3', 'Magnitudo_roll_mean3', 'Magnitudo_roll_std3', 'Magnitudo_roll_mean7', 'Magnitudo_roll_std7', 'VRP_Max_lag1', 'VRP_Max_lag3', 'VRP_Max_roll_mean3', 'VRP_Max_roll_std3', 'VRP_Max_roll_mean7', 'VRP_Max_roll_std7', 'R3_final_lag1', 'R3_final_lag3', 'R3_final_roll_mean3', 'R3_final_roll_std3', 'R3_final_roll_mean7', 'R3_final_roll_std7', 'seismic_energy_log10_lag1', 'seismic_energy_log10_lag3', 'seismic_energy_log10_roll_mean3', 'seismic_energy_log10_roll_std3', 'seismic_energy_log10_roll_mean7', 'seismic_energy_log10_roll_std7']
2025-12-31 17:01:02,049 [DEBUG   ] [ACO_Engine_Master   ] [MainThread] ---               Tanggal  Lintang  Bujur  Magnitudo  Kedalaman (km) Lokasi            Sumber       Acquired_Date   Nama  EQ_Lintang  EQ_Bujur  VRP_Max  MSI_summit (W)  MSI_total (W)  Hembusan  Tektonik_Lokal  Tektonik_Jauh  Tremor_Menerus  Vulkanik_Dangkal  Vulkanik_Dalam  Letusan_Erupsi  Guguran  Harmonik  Tremor_Non_Harmonik  Magnitudo_Original  Kedalaman_Original Keterangan  isVulkanik  isTektonik  seismic_energy_log10   R1_final   R2_final   R3_final  AreaTerdampak_km2  tfe_doy_sin  tfe_doy_cos  tfe_weekday_sin  Intensity  cluster_id  time_since_last_event_days  OLI_total (W)  Magnitudo_scaled  Kedalaman (km)_scaled  seismic_energy_log10_scaled  time_since_last_event_days_scaled impact_level  Magnitudo_lag1  Magnitudo_lag3  Magnitudo_roll_mean3  Magnitudo_roll_std3  Magnitudo_roll_mean7  Magnitudo_roll_std7  VRP_Max_lag1  VRP_Max_lag3  VRP_Max_roll_mean3  VRP_Max_roll_std3  VRP_Max_roll_mean7  VRP_Max_roll_std7  R3_final_lag1  R3_final_lag3  R3_final_roll_mean3  R3_final_roll_std3  R3_final_roll_mean7  R3_final_roll_std7  seismic_energy_log10_lag1  seismic_energy_log10_lag3  seismic_energy_log10_roll_mean3  seismic_energy_log10_roll_std3  seismic_energy_log10_roll_mean7  seismic_energy_log10_roll_std7
0 2025-12-12 03:22:00      NaN    NaN        2.1            11.0    NaN  VolcanoDiscovery 2025-12-12 03:22:00  Raung       -8.00    114.19      0.0             NaN            0.0        16               4              8               1                 0               0               0        0         0                    0                 2.1                11.0    Unknown           0           1                  7.95   8.385713  18.448568  33.542851        3534.677741    -0.325128     0.945670        -0.433884       21.0           0                    0.470339            0.0             -0.25                    0.0                        -0.25                           0.000000       Ringan             0.0             0.0              2.100000             0.000000              2.100000             0.000000           0.0           0.0                 0.0                0.0                 0.0                0.0       0.000000       0.000000            33.542851            0.000000            33.542851            0.000000                       0.00                       0.00                             7.95                        0.000000                             7.95                        0.000000
1 2025-12-12 03:22:00      NaN    NaN        2.1            11.0    NaN  VolcanoDiscovery 2025-12-12 03:22:00   Ijen       -8.00    114.19      0.0             NaN            0.0         1               4              1               1                 0               1               0        0         0                    0                 2.1                11.0    Unknown           0           1                  7.95   8.385713  18.448568  33.542851        3534.677741    -0.325128     0.945670        -0.433884       21.0           0                    0.000000            0.0             -0.25                    0.0                        -0.25                          -3.023605       Ringan             2.1             0.0              2.100000             0.000000              2.100000             0.000000           0.0           0.0                 0.0                0.0                 0.0                0.0      33.542851       0.000000            33.542851            0.000000            33.542851            0.000000                       7.95                       0.00                             7.95                        0.000000                             7.95                        0.000000
2 2025-12-12 05:41:00      NaN    NaN        2.2             6.0    NaN  VolcanoDiscovery 2025-12-12 05:41:00   Ijen       -7.97    114.13      0.0             NaN            0.0         1               4              1               1                 0               1               0        0         0                    0                 2.2                 6.0    Unknown           0           1                  8.10  10.636944  23.401278  42.547778        5687.267259    -0.325128     0.945670        -0.433884       22.0           0                    0.096528            0.0              0.00                   -5.0                         0.00                          -2.403069       Sedang             2.1             0.0              2.133333             0.057735              2.133333             0.057735           0.0           0.0                 0.0                0.0                 0.0                0.0      33.542851       0.000000            36.544493            5.198997            36.544493            5.198997                       7.95                       0.00                             8.00                        0.086603                             8.00                        0.086603
3 2025-12-12 18:16:00      NaN    NaN        2.0            14.0    NaN  VolcanoDiscovery 2025-12-12 18:16:00  Raung       -7.91    114.14      0.0             NaN            0.0        16               4              8               1                 0               0               0        0         0                    0                 2.0                14.0    Unknown           0           1                  7.80   7.601020  16.722245  30.404082        2904.113947    -0.325128     0.945670        -0.433884       20.0           0                    0.524306            0.0             -0.50                    3.0                        -0.50                           0.346931       Ringan             2.2             2.1              2.100000             0.100000              2.100000             0.081650           0.0           0.0                 0.0                0.0                 0.0                0.0      42.547778      33.542851            35.498237            6.303570            35.009390            5.238881                       8.10                       7.95                             7.95                        0.150000                             7.95                        0.122474
4 2025-12-13 15:03:00      NaN    NaN        3.1            10.0    NaN  VolcanoDiscovery 2025-12-13 15:03:00   Ijen       -7.98    114.24      0.0             NaN            0.0         0               6              0               1                 1               1               0        0         0                    0                 3.1                10.0    Unknown           0           1                  9.45  11.723750  25.792250  46.895000        6908.805288    -0.308812     0.951123        -0.974928       31.0           0                    0.865972            0.0              2.25                   -1.0                         2.25                           2.543359       Sedang             2.0             2.1              2.433333             0.585947              2.300000             0.452769           0.0           0.0                 0.0                0.0                 0.0                0.0      30.404082      33.542851            39.948953            8.547106            37.386512            6.988415                       7.80                       7.95                             8.45                        0.878920                             8.25                        0.679154
2025-12-31 17:01:09,382 [INFO    ] [ACO_Engine_Master   ] [MainThread] --- [ACO Iter-80] Stagnasi (41) → Smooth Reset Pheromone.
2025-12-31 17:01:12,829 [INFO    ] [ACO_Engine_Master   ] [MainThread] --- [ACO Iter-121] Stagnasi (41) → Smooth Reset Pheromone.
2025-12-31 17:01:19,668 [INFO    ] [ACO_Engine_Master   ] [MainThread] --- [ACO] Minimal GA input saved → C:\Users\USER\Downloads\Earthquake_Volcan\Earthquake_Volcano\output\aco_results\aco_to_ga.json (atomic)
2025-12-31 17:01:19,707 [INFO    ] [ACO_Engine_Master   ] [MainThread] --- [ACO] Minimal GA input saved → C:\Users\USER\Downloads\Earthquake_Volcan\Earthquake_Volcano\output\aco_results\aco_to_ga.json (atomic)
2025-12-31 17:01:19,820 [INFO    ] [ACO_Engine_Master   ] [MainThread] --- [ACO] Visual ACO tersimpan → C:\Users\USER\Downloads\Earthquake_Volcan\Earthquake_Volcano\output\aco_results/aco_impact_zones.html
2025-12-31 17:01:19,900 [INFO    ] [VolcanoAI.LstmEngine] [MainThread] --- [LSTM] Saved CSV (overwrite-safe): master=output\lstm_results\lstm_records_2y_20251231.csv, recent=output\lstm_results\lstm_recent_15d_20251231.csv, anomalies=output\lstm_results\lstm_anomalies_20251231.csv
2025-12-31 17:01:20,201 [INFO    ] [VolcanoAI.LstmEngine] [MainThread] --- [Vault] Model Cluster 0 berhasil dimuat.
2025-12-31 17:01:20,204 [WARNING ] [VolcanoAI_CNN       ] [MainThread] --- [CNN] Skip c0: no LSTM features — applying fallback area.
2025-12-31 17:01:20,239 [INFO    ] [VolcanoAI.NaiveBayesEngine] [MainThread] --- 
=== Classification Report ===
              precision    recall  f1-score   support

      Normal       0.00      0.00      0.00       0.0
     Waspada       0.00      0.00      0.00       0.0
       Siaga       0.00      0.00      0.00       0.0
        Awas       0.00      0.00      0.00       9.0

    accuracy                           0.00       9.0
   macro avg       0.00      0.00      0.00       9.0
weighted avg       0.00      0.00      0.00       9.0

2025-12-31 17:01:20,933 [INFO    ] [VolcanoAiPipeline   ] [MainThread] --- Reporter metrics keys being passed: ['class_names', 'accuracy', 'confusion_matrix', 'report_str', 'roc_auc', 'aco_center', 'aco_area', 'aco_map', 'ga_map', 'cnn_pred_csv', 'cnn_pred_json', 'nb_confusion_png', 'nb_roc_png', 'nb_pred_csv', 'nb_metrics_json']
2025-12-31 17:01:20,993 [INFO    ] [VolcanoAI.Reporter  ] [MainThread] --- Generating Dual Dashboard HTML...
2025-12-31 17:01:21,400 [INFO    ] [VolcanoAI.Reporter  ] [MainThread] --- Dashboard berhasil dibuat: output\VolcanoAI_Analysis_STATIC.html
2025-12-31 17:01:21,417 [INFO    ] [VolcanoAI.Reporter  ] [MainThread] --- Dashboard berhasil dibuat: output\VolcanoAI_Monitor_LIVE.html
2025-12-31 17:01:21,417 [INFO    ] [VolcanoAI.Reporter  ] [MainThread] --- ✅ Dual Dashboard Updated. Files: LIVE, STATIC.
2025-12-31 17:01:21,418 [INFO    ] [VolcanoAiPipeline   ] [MainThread] --- 
========== PHASE 5: LIVE MONITORING ==========
2025-12-31 17:01:21,419 [INFO    ] [VolcanoAI.LstmEngine] [MainThread] --- Loading 21 rows to buffer.
2025-12-31 17:01:21,474 [INFO    ] [RealtimeSensorManager] [MainThread] --- [MIROVA] Berhasil membaca 13 baris dari log.
2025-12-31 17:01:36,402 [INFO    ] [VolcanoAiPipeline   ] [MainThread] --- Monitoring dihentikan. Melakukan penyimpanan akhir...
2025-12-31 17:01:36,406 [INFO    ] [root                ] [MainThread] --- [BUFFER SAVED] output/realtime/processed.csv
2025-12-31 17:01:36,406 [INFO    ] [VolcanoAiPipeline   ] [MainThread] --- Penyimpanan buffer live selesai.
2025-12-31 17:01:36,407 [INFO    ] [VolcanoAiPipeline   ] [MainThread] --- System shutdown. Uptime: 62.42s
