2025-12-22 01:18:55,491 [INFO    ] [root                ] [MainThread] --- Logging diinisialisasi. File: output\pipeline_20251222_011855.log
2025-12-22 01:18:55,491 [INFO    ] [root                ] [MainThread] --- ================================================================================
2025-12-22 01:18:55,491 [INFO    ] [root                ] [MainThread] ---                             VOLCANOAI SYSTEM STARTUP                            
2025-12-22 01:18:55,491 [INFO    ] [root                ] [MainThread] --- ================================================================================
2025-12-22 01:18:55,491 [INFO    ] [root                ] [MainThread] --- [Dashboard] Starting Flask server in background thread (monitoring enabled)...
2025-12-22 01:18:55,503 [INFO    ] [RealtimeSensorManager] [MainThread] --- [MIROVA] Menggunakan log terbaru: output/realtime\mirova_log_20251003-094000.txt
2025-12-22 01:18:55,504 [INFO    ] [VolcanoAiPipeline   ] [MainThread] --- Pipeline VolcanoAI 5.2.0-TITAN-EXCEL initialized successfully.
2025-12-22 01:18:55,504 [INFO    ] [VolcanoAiPipeline   ] [MainThread] --- Starting Pipeline Execution...
2025-12-22 01:18:55,505 [INFO    ] [VolcanoAiPipeline   ] [MainThread] --- 
========== PHASE 1: DATA LOADING ==========
2025-12-22 01:18:55,527 [INFO    ] [VolcanoAiPipeline   ] [MainThread] --- 
========== PHASE 2: FEATURE ENGINEERING ==========
2025-12-22 01:18:55,540 [INFO    ] [FeatureEngineer     ] [MainThread] --- >>> FE TRAIN: Initializing new preprocessor state.
2025-12-22 01:18:55,606 [INFO    ] [FeatureEngineer     ] [MainThread] --- Smart Classifier Trained.
2025-12-22 01:18:55,626 [WARNING ] [FeatureEngineer     ] [MainThread] --- Imputer Warning: Kolom berikut kosong total saat training -> diisi 0.0: ['OLI_total (W)', 'MSI_total (W)']
2025-12-22 01:18:55,924 [INFO    ] [werkzeug            ] [Thread-1 (_run)] --- [31m[1mWARNING: This is a development server. Do not use it in a production deployment. Use a production WSGI server instead.[0m
 * Running on http://127.0.0.1:5000
2025-12-22 01:18:55,924 [INFO    ] [werkzeug            ] [Thread-1 (_run)] --- [33mPress CTRL+C to quit[0m
2025-12-22 01:18:56,002 [INFO    ] [werkzeug            ] [Thread-148 (process_request_thread)] --- 127.0.0.1 - - [22/Dec/2025 01:18:56] "GET / HTTP/1.1" 200 -
2025-12-22 01:18:56,206 [INFO    ] [werkzeug            ] [Thread-168 (process_request_thread)] --- 127.0.0.1 - - [22/Dec/2025 01:18:56] "GET /files/output/naive_bayes_results/confusion_matrix.png HTTP/1.1" 200 -
2025-12-22 01:18:56,206 [INFO    ] [werkzeug            ] [Thread-169 (process_request_thread)] --- 127.0.0.1 - - [22/Dec/2025 01:18:56] "[36mGET /files/output/naive_bayes_results/roc_curves.png HTTP/1.1[0m" 304 -
2025-12-22 01:18:56,212 [INFO    ] [VolcanoAI.processing.feature_engineer] [MainThread] --- Preprocessor state saved to: output\feature_preprocessor.pkl
2025-12-22 01:18:56,220 [INFO    ] [FeatureEngineer     ] [MainThread] --- Feature Engineering Complete. Shape: (21, 60)
2025-12-22 01:18:56,220 [INFO    ] [FeatureEngineer     ] [MainThread] --- >>> FE TRAIN: Initializing new preprocessor state.
2025-12-22 01:18:56,276 [INFO    ] [werkzeug            ] [Thread-185 (process_request_thread)] --- 127.0.0.1 - - [22/Dec/2025 01:18:56] "GET /files/output/cnn_results/cnn_prediction_map.html HTTP/1.1" 200 -
2025-12-22 01:18:56,276 [INFO    ] [werkzeug            ] [Thread-183 (process_request_thread)] --- 127.0.0.1 - - [22/Dec/2025 01:18:56] "[36mGET /files/output/aco_results/aco_impact_zones.html HTTP/1.1[0m" 304 -
2025-12-22 01:18:56,287 [INFO    ] [werkzeug            ] [Thread-184 (process_request_thread)] --- 127.0.0.1 - - [22/Dec/2025 01:18:56] "GET /files/output/ga_results/ga_path_map.html HTTP/1.1" 200 -
2025-12-22 01:18:56,333 [INFO    ] [FeatureEngineer     ] [MainThread] --- Smart Classifier Trained.
2025-12-22 01:18:58,151 [WARNING ] [FeatureEngineer     ] [MainThread] --- Imputer Warning: Kolom berikut kosong total saat training -> diisi 0.0: ['OLI_total (W)', 'MSI_total (W)']
2025-12-22 01:18:58,601 [INFO    ] [VolcanoAI.processing.feature_engineer] [MainThread] --- Preprocessor state saved to: output\feature_preprocessor.pkl
2025-12-22 01:18:58,602 [INFO    ] [FeatureEngineer     ] [MainThread] --- Feature Engineering Complete. Shape: (9, 60)
2025-12-22 01:18:58,605 [INFO    ] [VolcanoAiPipeline   ] [MainThread] --- 
========== PHASE 3: MODEL TRAINING ==========
2025-12-22 01:18:58,645 [WARNING ] [ACO_Engine_Master   ] [MainThread] --- [ACO] Heuristic Matrix kosong/flat/NaN. Menggunakan Fallback uniform.
2025-12-22 01:19:01,679 [INFO    ] [ACO_Engine_Master   ] [MainThread] --- [ACO Iter-41] Stagnasi (41) → Smooth Reset Pheromone.
2025-12-22 01:19:04,565 [INFO    ] [ACO_Engine_Master   ] [MainThread] --- [ACO Iter-82] Stagnasi (41) → Smooth Reset Pheromone.
2025-12-22 01:19:07,601 [INFO    ] [ACO_Engine_Master   ] [MainThread] --- [ACO Iter-123] Stagnasi (41) → Smooth Reset Pheromone.
2025-12-22 01:19:10,592 [INFO    ] [ACO_Engine_Master   ] [MainThread] --- [ACO Iter-164] Stagnasi (41) → Smooth Reset Pheromone.
2025-12-22 01:19:13,167 [INFO    ] [VolcanoAI.GaEngine  ] [MainThread] --- 
================================================================================
2025-12-22 01:19:13,169 [INFO    ] [VolcanoAI.GaEngine  ] [MainThread] ---                             === GA ENGINE START ===                             
2025-12-22 01:19:13,169 [INFO    ] [VolcanoAI.GaEngine  ] [MainThread] --- ================================================================================
2025-12-22 01:19:13,173 [INFO    ] [VolcanoAI.GaEngine  ] [MainThread] --- GA Evolution Start → Pop=80, Gen=150
2025-12-22 01:19:13,195 [INFO    ] [VolcanoAI.GaEngine  ] [MainThread] --- Resuming GA from checkpoint...
2025-12-22 01:19:13,206 [INFO    ] [VolcanoAI.GaEngine  ] [MainThread] --- [GA] next_event berhasil ditulis ke aco_to_ga.json
2025-12-22 01:19:13,206 [INFO    ] [VolcanoAI.GaEngine  ] [MainThread] --- GA vector JSON saved → output\ga_results\ga_vector.json
2025-12-22 01:19:13,313 [INFO    ] [VolcanoAI.GaEngine  ] [MainThread] --- GA Map saved → output\ga_results\ga_path_map.html
2025-12-22 01:19:13,740 [INFO    ] [VolcanoAI.GaEngine  ] [MainThread] --- Excel exported → output\ga_results\ga_report.xlsx
2025-12-22 01:19:13,749 [INFO    ] [VolcanoAI.GaEngine  ] [MainThread] ---                            === GA ENGINE COMPLETE ===                           
2025-12-22 01:19:13,749 [INFO    ] [VolcanoAI.LstmEngine] [MainThread] --- === LSTM V6.0 TITAN TRAINING START ===
2025-12-22 01:19:13,764 [INFO    ] [VolcanoAI.LstmEngine] [MainThread] --- Processing Cluster 0...
2025-12-22 01:19:13,772 [WARNING ] [VolcanoAI.LstmEngine] [MainThread] --- Sample c0 terlalu sedikit (0). Skip training.
2025-12-22 01:19:14,038 [INFO    ] [VolcanoAI.LstmEngine] [MainThread] --- [Vault] Model Cluster 0 berhasil dimuat.
2025-12-22 01:19:14,048 [ERROR   ] [VolcanoAI.LstmEngine] [MainThread] --- [LSTM] Gagal menyimpan CSV LSTM: [Errno 13] Permission denied: 'output\\lstm_results\\lstm_recent_15d_20251222.csv'
2025-12-22 01:19:14,048 [INFO    ] [VolcanoAI_CNN       ] [MainThread] --- === MEMULAI CNN TRAINING PIPELINE V5.0 (TITAN) ===
2025-12-22 01:19:14,055 [INFO    ] [VolcanoAI_CNN       ] [MainThread] --- 
>>> Training CNN Cluster 0
2025-12-22 01:19:14,223 [INFO    ] [VolcanoAI.LstmEngine] [MainThread] --- [Vault] Model Cluster 0 berhasil dimuat.
2025-12-22 01:19:14,223 [WARNING ] [VolcanoAI_CNN       ] [MainThread] --- Skip c0: Gagal get LSTM features (mungkin data kurang).
2025-12-22 01:19:15,285 [INFO    ] [VolcanoAI.LstmEngine] [MainThread] --- [Vault] Model Cluster 0 berhasil dimuat.
2025-12-22 01:19:15,290 [INFO    ] [VolcanoAiPipeline   ] [MainThread] --- ✅ CNN latest overwritten: output\cnn_results\results\cnn_predictions_latest.csv
2025-12-22 01:19:15,298 [INFO    ] [VolcanoAI.engines.cnn_map_generator] [MainThread] --- CNNMapGenerator: map saved -> output\cnn_results\cnn_prediction_map.html
2025-12-22 01:19:15,298 [INFO    ] [VolcanoAiPipeline   ] [MainThread] --- 🗺️ CNN map generated: output\cnn_results\cnn_prediction_map.html
2025-12-22 01:19:15,306 [INFO    ] [VolcanoAiPipeline   ] [MainThread] ---  CNN archive saved: output\cnn_results\results\cnn_predictions_20251222_011915.csv
2025-12-22 01:19:15,322 [INFO    ] [VolcanoAI.NaiveBayesEngine] [MainThread] --- Fitur terpilih (7): ['Magnitudo', 'Kedalaman (km)', 'isVulkanik', 'isTektonik', 'R3_final', 'PheromoneScore', 'luas_cnn']
2025-12-22 01:19:15,330 [INFO    ] [VolcanoAI.NaiveBayesEngine] [MainThread] --- Training Naive Bayes selesai.
2025-12-22 01:19:15,330 [INFO    ] [VolcanoAiPipeline   ] [MainThread] --- 
========== PHASE 4: MODEL EVALUATION ==========
2025-12-22 01:19:15,387 [WARNING ] [ACO_Engine_Master   ] [MainThread] --- [ACO] Heuristic Matrix kosong/flat/NaN. Menggunakan Fallback uniform.
2025-12-22 01:19:19,237 [INFO    ] [ACO_Engine_Master   ] [MainThread] --- [ACO Iter-41] Stagnasi (41) → Smooth Reset Pheromone.
2025-12-22 01:19:22,763 [INFO    ] [ACO_Engine_Master   ] [MainThread] --- [ACO Iter-82] Stagnasi (41) → Smooth Reset Pheromone.
2025-12-22 01:19:26,059 [INFO    ] [ACO_Engine_Master   ] [MainThread] --- [ACO Iter-123] Stagnasi (41) → Smooth Reset Pheromone.
2025-12-22 01:19:29,458 [INFO    ] [ACO_Engine_Master   ] [MainThread] --- [ACO Iter-164] Stagnasi (41) → Smooth Reset Pheromone.
2025-12-22 01:19:32,047 [ERROR   ] [VolcanoAI.LstmEngine] [MainThread] --- [LSTM] Gagal menyimpan CSV LSTM: [Errno 13] Permission denied: 'output\\lstm_results\\lstm_recent_15d_20251222.csv'
2025-12-22 01:19:32,205 [INFO    ] [VolcanoAI.LstmEngine] [MainThread] --- [Vault] Model Cluster 0 berhasil dimuat.
2025-12-22 01:19:32,218 [ERROR   ] [VolcanoAI.NaiveBayesEngine] [MainThread] --- Evaluasi gagal: Number of classes, 2, does not match size of target_names, 3. Try specifying the labels parameter
2025-12-22 01:19:32,437 [INFO    ] [VolcanoAI.NaiveBayesEngine] [MainThread] --- Output Naive Bayes berhasil disimpan.
2025-12-22 01:19:32,444 [INFO    ] [VolcanoAiPipeline   ] [MainThread] --- Reporter metrics keys being passed: ['class_names', 'accuracy', 'confusion_matrix', 'aco_center', 'aco_area', 'aco_map', 'ga_map', 'cnn_pred_csv', 'cnn_pred_json', 'nb_confusion_png', 'nb_roc_png', 'nb_pred_csv', 'nb_metrics_json']
2025-12-22 01:19:32,480 [INFO    ] [VolcanoAI.Reporter  ] [MainThread] --- Generating Dual Dashboard HTML...
2025-12-22 01:19:32,747 [INFO    ] [VolcanoAI.Reporter  ] [MainThread] --- Dashboard berhasil dibuat: output\VolcanoAI_Analysis_STATIC.html
2025-12-22 01:19:32,761 [INFO    ] [VolcanoAI.Reporter  ] [MainThread] --- Dashboard berhasil dibuat: output\VolcanoAI_Monitor_LIVE.html
2025-12-22 01:19:32,761 [INFO    ] [VolcanoAI.Reporter  ] [MainThread] --- ✅ Dual Dashboard Updated. Files: LIVE, STATIC.
2025-12-22 01:19:32,761 [INFO    ] [VolcanoAiPipeline   ] [MainThread] --- 
========== PHASE 5: LIVE MONITORING ==========
2025-12-22 01:19:32,761 [INFO    ] [VolcanoAI.LstmEngine] [MainThread] --- Loading 21 rows to buffer.
2025-12-22 01:19:32,790 [INFO    ] [RealtimeSensorManager] [MainThread] --- [MIROVA] Berhasil membaca 13 baris dari log.
2025-12-22 01:19:56,231 [INFO    ] [werkzeug            ] [Thread-418 (process_request_thread)] --- 127.0.0.1 - - [22/Dec/2025 01:19:56] "GET / HTTP/1.1" 200 -
2025-12-22 01:19:56,264 [INFO    ] [werkzeug            ] [Thread-419 (process_request_thread)] --- 127.0.0.1 - - [22/Dec/2025 01:19:56] "GET /files/output/naive_bayes_results/confusion_matrix.png HTTP/1.1" 200 -
2025-12-22 01:19:56,268 [INFO    ] [werkzeug            ] [Thread-420 (process_request_thread)] --- 127.0.0.1 - - [22/Dec/2025 01:19:56] "[36mGET /files/output/naive_bayes_results/roc_curves.png HTTP/1.1[0m" 304 -
2025-12-22 01:19:56,300 [INFO    ] [werkzeug            ] [Thread-421 (process_request_thread)] --- 127.0.0.1 - - [22/Dec/2025 01:19:56] "[36mGET /files/output/aco_results/aco_impact_zones.html HTTP/1.1[0m" 304 -
2025-12-22 01:19:56,310 [INFO    ] [werkzeug            ] [Thread-422 (process_request_thread)] --- 127.0.0.1 - - [22/Dec/2025 01:19:56] "GET /files/output/ga_results/ga_path_map.html HTTP/1.1" 200 -
2025-12-22 01:19:56,313 [INFO    ] [werkzeug            ] [Thread-423 (process_request_thread)] --- 127.0.0.1 - - [22/Dec/2025 01:19:56] "GET /files/output/cnn_results/cnn_prediction_map.html HTTP/1.1" 200 -
2025-12-22 01:20:57,226 [INFO    ] [werkzeug            ] [Thread-424 (process_request_thread)] --- 127.0.0.1 - - [22/Dec/2025 01:20:57] "GET / HTTP/1.1" 200 -
2025-12-22 01:20:57,271 [INFO    ] [werkzeug            ] [Thread-425 (process_request_thread)] --- 127.0.0.1 - - [22/Dec/2025 01:20:57] "[36mGET /files/output/naive_bayes_results/confusion_matrix.png HTTP/1.1[0m" 304 -
2025-12-22 01:20:57,274 [INFO    ] [werkzeug            ] [Thread-426 (process_request_thread)] --- 127.0.0.1 - - [22/Dec/2025 01:20:57] "[36mGET /files/output/naive_bayes_results/roc_curves.png HTTP/1.1[0m" 304 -
2025-12-22 01:20:57,305 [INFO    ] [werkzeug            ] [Thread-427 (process_request_thread)] --- 127.0.0.1 - - [22/Dec/2025 01:20:57] "[36mGET /files/output/aco_results/aco_impact_zones.html HTTP/1.1[0m" 304 -
2025-12-22 01:20:57,315 [INFO    ] [werkzeug            ] [Thread-428 (process_request_thread)] --- 127.0.0.1 - - [22/Dec/2025 01:20:57] "[36mGET /files/output/ga_results/ga_path_map.html HTTP/1.1[0m" 304 -
2025-12-22 01:20:57,325 [INFO    ] [werkzeug            ] [Thread-429 (process_request_thread)] --- 127.0.0.1 - - [22/Dec/2025 01:20:57] "[36mGET /files/output/cnn_results/cnn_prediction_map.html HTTP/1.1[0m" 304 -
2025-12-22 01:21:52,674 [INFO    ] [VolcanoAiPipeline   ] [MainThread] --- Monitoring dihentikan. Melakukan penyimpanan akhir...
2025-12-22 01:21:52,730 [INFO    ] [root                ] [MainThread] --- [BUFFER SAVED] output/realtime/processed.csv
2025-12-22 01:21:52,730 [INFO    ] [VolcanoAiPipeline   ] [MainThread] --- Penyimpanan buffer live selesai.
2025-12-22 01:21:52,730 [INFO    ] [VolcanoAiPipeline   ] [MainThread] --- System shutdown. Uptime: 177.23s
