2025-12-28 14:22:07,977 [INFO    ] [root                ] [MainThread] --- Logging diinisialisasi. File: output\pipeline_20251228_142207.log
2025-12-28 14:22:07,978 [INFO    ] [root                ] [MainThread] --- ================================================================================
2025-12-28 14:22:07,979 [INFO    ] [root                ] [MainThread] ---                             VOLCANOAI SYSTEM STARTUP                            
2025-12-28 14:22:07,979 [INFO    ] [root                ] [MainThread] --- ================================================================================
2025-12-28 14:22:07,983 [INFO    ] [root                ] [MainThread] --- [Dashboard] Starting Flask server in background thread (monitoring enabled)...
2025-12-28 14:22:07,994 [INFO    ] [RealtimeSensorManager] [MainThread] --- [MIROVA] Menggunakan log terbaru: output/realtime\mirova_log_20251003-094000.txt
2025-12-28 14:22:07,994 [INFO    ] [VolcanoAiPipeline   ] [MainThread] --- Pipeline VolcanoAI 5.2.0-TITAN-EXCEL initialized successfully.
2025-12-28 14:22:07,995 [INFO    ] [VolcanoAiPipeline   ] [MainThread] --- Starting Pipeline Execution...
2025-12-28 14:22:07,996 [INFO    ] [VolcanoAiPipeline   ] [MainThread] --- 
========== PHASE 1: DATA LOADING ==========
2025-12-28 14:22:08,025 [INFO    ] [VolcanoAiPipeline   ] [MainThread] --- 
========== PHASE 2: FEATURE ENGINEERING ==========
2025-12-28 14:22:08,067 [INFO    ] [FeatureEngineer     ] [MainThread] --- >>> FE TRAIN: Initializing new preprocessor state.
2025-12-28 14:22:08,164 [INFO    ] [FeatureEngineer     ] [MainThread] --- Smart Classifier Trained.
2025-12-28 14:22:08,191 [WARNING ] [FeatureEngineer     ] [MainThread] --- Imputer Warning: Kolom berikut kosong total saat training -> diisi 0.0: ['OLI_total (W)', 'MSI_total (W)']
2025-12-28 14:22:08,426 [INFO    ] [werkzeug            ] [Thread-1 (_run)] --- [31m[1mWARNING: This is a development server. Do not use it in a production deployment. Use a production WSGI server instead.[0m
 * Running on http://127.0.0.1:5000
2025-12-28 14:22:08,427 [INFO    ] [werkzeug            ] [Thread-1 (_run)] --- [33mPress CTRL+C to quit[0m
2025-12-28 14:22:08,842 [INFO    ] [werkzeug            ] [Thread-110 (process_request_thread)] --- 127.0.0.1 - - [28/Dec/2025 14:22:08] "GET / HTTP/1.1" 200 -
2025-12-28 14:22:09,022 [INFO    ] [werkzeug            ] [Thread-130 (process_request_thread)] --- 127.0.0.1 - - [28/Dec/2025 14:22:09] "[36mGET /files/output/naive_bayes_results/confusion_matrix.png HTTP/1.1[0m" 304 -
2025-12-28 14:22:09,038 [INFO    ] [werkzeug            ] [Thread-150 (process_request_thread)] --- 127.0.0.1 - - [28/Dec/2025 14:22:09] "[36mGET /files/output/naive_bayes_results/roc_curves.png HTTP/1.1[0m" 304 -
2025-12-28 14:22:09,136 [INFO    ] [werkzeug            ] [Thread-173 (process_request_thread)] --- 127.0.0.1 - - [28/Dec/2025 14:22:09] "[36mGET /files/output/cnn_results/cnn_prediction_map.html HTTP/1.1[0m" 304 -
2025-12-28 14:22:09,137 [INFO    ] [VolcanoAI.processing.feature_engineer] [MainThread] --- Preprocessor state saved to: output\feature_preprocessor.pkl
2025-12-28 14:22:09,138 [INFO    ] [FeatureEngineer     ] [MainThread] --- Feature Engineering Complete. Shape: (21, 60)
2025-12-28 14:22:09,175 [INFO    ] [FeatureEngineer     ] [MainThread] --- >>> FE TRAIN: Initializing new preprocessor state.
2025-12-28 14:22:09,256 [INFO    ] [werkzeug            ] [Thread-169 (process_request_thread)] --- 127.0.0.1 - - [28/Dec/2025 14:22:09] "GET /files/output/aco_results/aco_impact_zones.html HTTP/1.1" 200 -
2025-12-28 14:22:09,269 [INFO    ] [werkzeug            ] [Thread-171 (process_request_thread)] --- 127.0.0.1 - - [28/Dec/2025 14:22:09] "GET /files/output/ga_results/ga_path_map.html HTTP/1.1" 200 -
2025-12-28 14:22:09,344 [INFO    ] [FeatureEngineer     ] [MainThread] --- Smart Classifier Trained.
2025-12-28 14:22:13,147 [WARNING ] [FeatureEngineer     ] [MainThread] --- Imputer Warning: Kolom berikut kosong total saat training -> diisi 0.0: ['OLI_total (W)', 'MSI_total (W)']
2025-12-28 14:22:13,546 [INFO    ] [VolcanoAI.processing.feature_engineer] [MainThread] --- Preprocessor state saved to: output\feature_preprocessor.pkl
2025-12-28 14:22:13,546 [INFO    ] [FeatureEngineer     ] [MainThread] --- Feature Engineering Complete. Shape: (9, 60)
2025-12-28 14:22:13,546 [INFO    ] [VolcanoAiPipeline   ] [MainThread] --- 
========== PHASE 3: MODEL TRAINING ==========
2025-12-28 14:22:13,592 [INFO    ] [ACO_Engine_Master   ] [MainThread] --- [ACO] Melanjutkan dari brain state sebelumnya.
2025-12-28 14:22:17,275 [INFO    ] [ACO_Engine_Master   ] [MainThread] --- [ACO Iter-51] Stagnasi (41) → Smooth Reset Pheromone.
2025-12-28 14:22:20,155 [INFO    ] [ACO_Engine_Master   ] [MainThread] --- [ACO Iter-92] Stagnasi (41) → Smooth Reset Pheromone.
2025-12-28 14:22:26,976 [INFO    ] [ACO_Engine_Master   ] [MainThread] --- [ACO Iter-191] Stagnasi (41) → Smooth Reset Pheromone.
2025-12-28 14:22:27,525 [INFO    ] [ACO_Engine_Master   ] [MainThread] --- [ACO] Output GA tersimpan → C:\Users\USER\Downloads\Earthquake_Volcan\Earthquake_Volcano\output\aco_results\aco_to_ga.json
2025-12-28 14:22:27,819 [INFO    ] [ACO_Engine_Master   ] [MainThread] --- [ACO] Visual ACO tersimpan → C:\Users\USER\Downloads\Earthquake_Volcan\Earthquake_Volcano\output\aco_results/aco_impact_zones.html
2025-12-28 14:22:27,819 [INFO    ] [VolcanoAI.GaEngine  ] [MainThread] --- 
================================================================================
2025-12-28 14:22:27,819 [INFO    ] [VolcanoAI.GaEngine  ] [MainThread] ---                             === GA ENGINE START ===                             
2025-12-28 14:22:27,819 [INFO    ] [VolcanoAI.GaEngine  ] [MainThread] --- ================================================================================
2025-12-28 14:22:27,823 [INFO    ] [VolcanoAI.GaEngine  ] [MainThread] --- GA Evolution Start → Pop=80, Gen=150
2025-12-28 14:22:27,843 [INFO    ] [VolcanoAI.GaEngine  ] [MainThread] --- Resuming GA from checkpoint...
2025-12-28 14:22:27,861 [INFO    ] [VolcanoAI.GaEngine  ] [MainThread] --- [GA] next_event berhasil ditulis ke output\aco_results\aco_to_ga.json (valid=True)
2025-12-28 14:22:27,861 [INFO    ] [VolcanoAI.GaEngine  ] [MainThread] --- GA vector JSON saved → output\ga_results\ga_vector.json
2025-12-28 14:22:27,961 [INFO    ] [VolcanoAI.GaEngine  ] [MainThread] --- GA Map saved → output\ga_results\ga_path_map.html
2025-12-28 14:22:28,064 [INFO    ] [VolcanoAI.GaEngine  ] [MainThread] --- Excel exported → output\ga_results\ga_report.xlsx
2025-12-28 14:22:28,064 [INFO    ] [VolcanoAI.GaEngine  ] [MainThread] ---                            === GA ENGINE COMPLETE ===                           
2025-12-28 14:22:28,064 [INFO    ] [VolcanoAI.LstmEngine] [MainThread] --- === LSTM V6.0 TITAN TRAINING START ===
2025-12-28 14:22:28,090 [INFO    ] [VolcanoAI.LstmEngine] [MainThread] --- Processing Cluster 0...
2025-12-28 14:22:28,097 [WARNING ] [VolcanoAI.LstmEngine] [MainThread] --- Sample c0 terlalu sedikit (0). Skip training.
2025-12-28 14:22:28,540 [INFO    ] [VolcanoAI.LstmEngine] [MainThread] --- [Vault] Model Cluster 0 berhasil dimuat.
2025-12-28 14:22:28,557 [INFO    ] [VolcanoAI.LstmEngine] [MainThread] --- [LSTM] Saved CSV (overwrite-safe): master=output\lstm_results\lstm_records_2y_20251228.csv, recent=output\lstm_results\lstm_recent_15d_20251228.csv, anomalies=output\lstm_results\lstm_anomalies_20251228.csv
2025-12-28 14:22:28,557 [INFO    ] [VolcanoAI_CNN       ] [MainThread] --- === MEMULAI CNN TRAINING PIPELINE V5.0 (TITAN) ===
2025-12-28 14:22:28,559 [INFO    ] [VolcanoAI_CNN       ] [MainThread] --- 
>>> Training CNN Cluster 0
2025-12-28 14:22:28,705 [INFO    ] [VolcanoAI.LstmEngine] [MainThread] --- [Vault] Model Cluster 0 berhasil dimuat.
2025-12-28 14:22:28,705 [WARNING ] [VolcanoAI_CNN       ] [MainThread] --- Skip c0: Gagal get LSTM features (mungkin data kurang).
2025-12-28 14:22:29,429 [INFO    ] [VolcanoAI_CNN       ] [MainThread] --- [CNN] Loaded model for cluster 0 from disk.
2025-12-28 14:22:29,574 [INFO    ] [VolcanoAI.LstmEngine] [MainThread] --- [Vault] Model Cluster 0 berhasil dimuat.
2025-12-28 14:22:29,574 [WARNING ] [VolcanoAI_CNN       ] [MainThread] --- [CNN] Skip c0: no LSTM features — applying fallback area.
2025-12-28 14:22:29,579 [INFO    ] [VolcanoAiPipeline   ] [MainThread] --- ✅ CNN latest overwritten: output\cnn_results\results\cnn_predictions_latest.csv
2025-12-28 14:22:29,592 [INFO    ] [VolcanoAI.postprocess.cnn_csv_to_json] [MainThread] --- ✅ CNN JSON written: output\cnn_results\cnn_predictions_latest.json
2025-12-28 14:22:29,592 [INFO    ] [VolcanoAiPipeline   ] [MainThread] --- ✅ CNN JSON generated: output\cnn_results\cnn_predictions_latest.json
2025-12-28 14:22:29,614 [INFO    ] [VolcanoAI.engines.cnn_map_generator] [MainThread] --- CNNMapGenerator: map saved -> output\cnn_results\maps\cnn_prediction_map.html
2025-12-28 14:22:29,614 [INFO    ] [VolcanoAiPipeline   ] [MainThread] --- 🗺️ CNN map generated: output\cnn_results\maps\cnn_prediction_map.html
2025-12-28 14:22:29,614 [INFO    ] [VolcanoAiPipeline   ] [MainThread] ---  CNN archive saved: output\cnn_results\results\cnn_predictions_20251228_142229.csv
2025-12-28 14:22:29,632 [INFO    ] [VolcanoAI.NaiveBayesEngine] [MainThread] --- Fitur terpilih (7): ['Magnitudo', 'Kedalaman (km)', 'isVulkanik', 'isTektonik', 'R3_final', 'PheromoneScore', 'luas_cnn']
2025-12-28 14:22:29,644 [INFO    ] [VolcanoAI.NaiveBayesEngine] [MainThread] --- Training Naive Bayes selesai.
2025-12-28 14:22:29,646 [INFO    ] [VolcanoAiPipeline   ] [MainThread] --- 
========== PHASE 4: MODEL EVALUATION ==========
2025-12-28 14:22:35,886 [INFO    ] [ACO_Engine_Master   ] [MainThread] --- [ACO Iter-83] Stagnasi (41) → Smooth Reset Pheromone.
2025-12-28 14:22:40,374 [INFO    ] [ACO_Engine_Master   ] [MainThread] --- [ACO Iter-144] Stagnasi (41) → Smooth Reset Pheromone.
2025-12-28 14:22:43,280 [INFO    ] [ACO_Engine_Master   ] [MainThread] --- [ACO Iter-185] Stagnasi (41) → Smooth Reset Pheromone.
2025-12-28 14:22:44,267 [INFO    ] [ACO_Engine_Master   ] [MainThread] --- [ACO] Output GA tersimpan → C:\Users\USER\Downloads\Earthquake_Volcan\Earthquake_Volcano\output\aco_results\aco_to_ga.json
2025-12-28 14:22:44,301 [INFO    ] [ACO_Engine_Master   ] [MainThread] --- [ACO] Visual ACO tersimpan → C:\Users\USER\Downloads\Earthquake_Volcan\Earthquake_Volcano\output\aco_results/aco_impact_zones.html
2025-12-28 14:22:44,331 [INFO    ] [VolcanoAI.LstmEngine] [MainThread] --- [LSTM] Saved CSV (overwrite-safe): master=output\lstm_results\lstm_records_2y_20251228.csv, recent=output\lstm_results\lstm_recent_15d_20251228.csv, anomalies=output\lstm_results\lstm_anomalies_20251228.csv
2025-12-28 14:22:44,475 [INFO    ] [VolcanoAI.LstmEngine] [MainThread] --- [Vault] Model Cluster 0 berhasil dimuat.
2025-12-28 14:22:44,475 [WARNING ] [VolcanoAI_CNN       ] [MainThread] --- [CNN] Skip c0: no LSTM features — applying fallback area.
2025-12-28 14:22:44,484 [ERROR   ] [VolcanoAI.NaiveBayesEngine] [MainThread] --- Evaluasi gagal: Number of classes, 2, does not match size of target_names, 3. Try specifying the labels parameter
2025-12-28 14:22:44,745 [INFO    ] [VolcanoAI.NaiveBayesEngine] [MainThread] --- Output Naive Bayes berhasil disimpan.
2025-12-28 14:22:44,747 [INFO    ] [VolcanoAiPipeline   ] [MainThread] --- Reporter metrics keys being passed: ['class_names', 'accuracy', 'confusion_matrix', 'aco_center', 'aco_area', 'aco_map', 'ga_map', 'cnn_pred_csv', 'cnn_pred_json', 'nb_confusion_png', 'nb_roc_png', 'nb_pred_csv', 'nb_metrics_json']
2025-12-28 14:22:44,792 [INFO    ] [VolcanoAI.Reporter  ] [MainThread] --- Generating Dual Dashboard HTML...
2025-12-28 14:22:45,099 [INFO    ] [VolcanoAI.Reporter  ] [MainThread] --- Dashboard berhasil dibuat: output\VolcanoAI_Analysis_STATIC.html
2025-12-28 14:22:45,110 [INFO    ] [VolcanoAI.Reporter  ] [MainThread] --- Dashboard berhasil dibuat: output\VolcanoAI_Monitor_LIVE.html
2025-12-28 14:22:45,110 [INFO    ] [VolcanoAI.Reporter  ] [MainThread] --- ✅ Dual Dashboard Updated. Files: LIVE, STATIC.
2025-12-28 14:22:45,110 [INFO    ] [VolcanoAiPipeline   ] [MainThread] --- 
========== PHASE 5: LIVE MONITORING ==========
2025-12-28 14:22:45,113 [INFO    ] [VolcanoAI.LstmEngine] [MainThread] --- Loading 21 rows to buffer.
2025-12-28 14:22:45,142 [INFO    ] [RealtimeSensorManager] [MainThread] --- [MIROVA] Berhasil membaca 13 baris dari log.
2025-12-28 14:22:55,487 [INFO    ] [werkzeug            ] [Thread-418 (process_request_thread)] --- 127.0.0.1 - - [28/Dec/2025 14:22:55] "GET / HTTP/1.1" 200 -
2025-12-28 14:22:55,506 [INFO    ] [werkzeug            ] [Thread-419 (process_request_thread)] --- 127.0.0.1 - - [28/Dec/2025 14:22:55] "GET /files/output/naive_bayes_results/confusion_matrix.png HTTP/1.1" 200 -
2025-12-28 14:22:55,506 [INFO    ] [werkzeug            ] [Thread-420 (process_request_thread)] --- 127.0.0.1 - - [28/Dec/2025 14:22:55] "[36mGET /files/output/naive_bayes_results/roc_curves.png HTTP/1.1[0m" 304 -
2025-12-28 14:22:55,549 [INFO    ] [werkzeug            ] [Thread-421 (process_request_thread)] --- 127.0.0.1 - - [28/Dec/2025 14:22:55] "GET /files/output/aco_results/aco_impact_zones.html HTTP/1.1" 200 -
2025-12-28 14:22:55,558 [INFO    ] [werkzeug            ] [Thread-422 (process_request_thread)] --- 127.0.0.1 - - [28/Dec/2025 14:22:55] "GET /files/output/ga_results/ga_path_map.html HTTP/1.1" 200 -
2025-12-28 14:22:55,562 [INFO    ] [werkzeug            ] [Thread-423 (process_request_thread)] --- 127.0.0.1 - - [28/Dec/2025 14:22:55] "[36mGET /files/output/cnn_results/cnn_prediction_map.html HTTP/1.1[0m" 304 -
2025-12-28 14:23:56,229 [INFO    ] [werkzeug            ] [Thread-424 (process_request_thread)] --- 127.0.0.1 - - [28/Dec/2025 14:23:56] "GET / HTTP/1.1" 200 -
2025-12-28 14:23:56,256 [INFO    ] [werkzeug            ] [Thread-426 (process_request_thread)] --- 127.0.0.1 - - [28/Dec/2025 14:23:56] "[36mGET /files/output/naive_bayes_results/confusion_matrix.png HTTP/1.1[0m" 304 -
2025-12-28 14:23:56,257 [INFO    ] [werkzeug            ] [Thread-425 (process_request_thread)] --- 127.0.0.1 - - [28/Dec/2025 14:23:56] "[36mGET /files/output/naive_bayes_results/roc_curves.png HTTP/1.1[0m" 304 -
2025-12-28 14:23:56,277 [INFO    ] [werkzeug            ] [Thread-427 (process_request_thread)] --- 127.0.0.1 - - [28/Dec/2025 14:23:56] "[36mGET /files/output/aco_results/aco_impact_zones.html HTTP/1.1[0m" 304 -
2025-12-28 14:23:56,285 [INFO    ] [werkzeug            ] [Thread-428 (process_request_thread)] --- 127.0.0.1 - - [28/Dec/2025 14:23:56] "[36mGET /files/output/ga_results/ga_path_map.html HTTP/1.1[0m" 304 -
2025-12-28 14:23:56,288 [INFO    ] [werkzeug            ] [Thread-429 (process_request_thread)] --- 127.0.0.1 - - [28/Dec/2025 14:23:56] "[36mGET /files/output/cnn_results/cnn_prediction_map.html HTTP/1.1[0m" 304 -
2025-12-28 14:24:55,420 [INFO    ] [VolcanoAiPipeline   ] [MainThread] --- Monitoring dihentikan. Melakukan penyimpanan akhir...
2025-12-28 14:24:55,429 [INFO    ] [root                ] [MainThread] --- [BUFFER SAVED] output/realtime/processed.csv
2025-12-28 14:24:55,430 [INFO    ] [VolcanoAiPipeline   ] [MainThread] --- Penyimpanan buffer live selesai.
2025-12-28 14:24:55,431 [INFO    ] [VolcanoAiPipeline   ] [MainThread] --- System shutdown. Uptime: 167.44s
