2025-12-19 15:18:23,794 [INFO    ] [root                ] [MainThread] --- Logging diinisialisasi. File: output\pipeline_20251219_151823.log
2025-12-19 15:18:23,795 [INFO    ] [root                ] [MainThread] --- ================================================================================
2025-12-19 15:18:23,795 [INFO    ] [root                ] [MainThread] ---                             VOLCANOAI SYSTEM STARTUP                            
2025-12-19 15:18:23,796 [INFO    ] [root                ] [MainThread] --- ================================================================================
2025-12-19 15:18:23,811 [WARNING ] [VolcanoAI.processing.realtime_data_stream] [MainThread] --- File MIROVA tidak ditemukan di path: output/realtime/mirova_log.txt
2025-12-19 15:18:23,812 [INFO    ] [VolcanoAiPipeline   ] [MainThread] --- Pipeline VolcanoAI 5.2.0-TITAN-EXCEL initialized successfully.
2025-12-19 15:18:23,813 [INFO    ] [VolcanoAiPipeline   ] [MainThread] --- Starting Pipeline Execution...
2025-12-19 15:18:23,818 [INFO    ] [VolcanoAiPipeline   ] [MainThread] --- 
========== PHASE 1: DATA LOADING ==========
2025-12-19 15:18:23,847 [INFO    ] [VolcanoAiPipeline   ] [MainThread] --- 
========== PHASE 2: FEATURE ENGINEERING ==========
2025-12-19 15:18:23,852 [INFO    ] [FeatureEngineer     ] [MainThread] --- >>> FE TRAIN: Initializing new preprocessor state.
2025-12-19 15:18:24,076 [INFO    ] [FeatureEngineer     ] [MainThread] --- Smart Classifier Trained.
2025-12-19 15:18:24,176 [WARNING ] [FeatureEngineer     ] [MainThread] --- Imputer Warning: Kolom berikut kosong total saat training -> diisi 0.0: ['OLI_total (W)', 'MSI_total (W)']
2025-12-19 15:18:24,836 [INFO    ] [VolcanoAI.processing.feature_engineer] [MainThread] --- Preprocessor state saved to: output\feature_preprocessor.pkl
2025-12-19 15:18:24,836 [INFO    ] [FeatureEngineer     ] [MainThread] --- Feature Engineering Complete. Shape: (1307, 55)
2025-12-19 15:18:24,837 [INFO    ] [FeatureEngineer     ] [MainThread] --- >>> FE TRAIN: Initializing new preprocessor state.
2025-12-19 15:18:24,935 [INFO    ] [FeatureEngineer     ] [MainThread] --- Smart Classifier Trained.
2025-12-19 15:18:24,980 [WARNING ] [FeatureEngineer     ] [MainThread] --- Imputer Warning: Kolom berikut kosong total saat training -> diisi 0.0: ['OLI_total (W)', 'MSI_total (W)']
2025-12-19 15:18:25,417 [INFO    ] [VolcanoAI.processing.feature_engineer] [MainThread] --- Preprocessor state saved to: output\feature_preprocessor.pkl
2025-12-19 15:18:25,418 [INFO    ] [FeatureEngineer     ] [MainThread] --- Feature Engineering Complete. Shape: (561, 55)
2025-12-19 15:18:25,420 [INFO    ] [VolcanoAiPipeline   ] [MainThread] --- 
========== PHASE 3: MODEL TRAINING ==========
2025-12-19 15:18:51,750 [INFO    ] [ACO_Engine_Master   ] [MainThread] --- [ACO Iter-74] Stagnasi (41) → Smooth Reset Pheromone.
2025-12-19 15:19:06,835 [INFO    ] [ACO_Engine_Master   ] [MainThread] --- [ACO Iter-115] Stagnasi (41) → Smooth Reset Pheromone.
2025-12-19 15:19:19,506 [INFO    ] [ACO_Engine_Master   ] [MainThread] --- [ACO Iter-156] Stagnasi (41) → Smooth Reset Pheromone.
2025-12-19 15:19:33,323 [INFO    ] [ACO_Engine_Master   ] [MainThread] --- [ACO Iter-197] Stagnasi (41) → Smooth Reset Pheromone.
2025-12-19 15:19:38,421 [INFO    ] [ACO_Engine_Master   ] [MainThread] --- Visual ACO tersimpan: C:\Users\laygenda surya putra\Documents\JOKI\gempavulkanik\output\aco_results/aco_impact_zones.html
2025-12-19 15:19:38,427 [INFO    ] [ACO_Engine_Master   ] [MainThread] --- [ACO] Output GA tersimpan → C:\Users\laygenda surya putra\Documents\JOKI\gempavulkanik\output\aco_results\aco_to_ga.json
2025-12-19 15:19:38,428 [INFO    ] [ACO_Engine_Master   ] [MainThread] --- [ACO] Impact Center: {'center_lat': -8.039315742541946, 'center_lon': 113.36602012284317, 'lat_column_used': 'Lintang', 'lon_column_used': 'Bujur'} | Impact Area (km²): 206.93726692240762
2025-12-19 15:19:38,429 [INFO    ] [VolcanoAI.GaEngine  ] [MainThread] --- 
================================================================================
2025-12-19 15:19:38,430 [INFO    ] [VolcanoAI.GaEngine  ] [MainThread] ---                             === GA ENGINE START ===                             
2025-12-19 15:19:38,431 [INFO    ] [VolcanoAI.GaEngine  ] [MainThread] --- ================================================================================
2025-12-19 15:19:38,441 [INFO    ] [VolcanoAI.GaEngine  ] [MainThread] --- GA Evolution Start → Pop=80, Gen=150
2025-12-19 15:19:38,466 [INFO    ] [VolcanoAI.GaEngine  ] [MainThread] --- Resuming GA from checkpoint...
2025-12-19 15:19:38,492 [INFO    ] [VolcanoAI.GaEngine  ] [MainThread] --- GA vector JSON saved → output\ga_results\ga_vector.json
2025-12-19 15:20:05,156 [INFO    ] [VolcanoAI.GaEngine  ] [MainThread] --- GA Map saved → output\ga_results\ga_path_map.html
2025-12-19 15:20:10,283 [INFO    ] [VolcanoAI.GaEngine  ] [MainThread] --- Excel exported → output\ga_results\ga_report.xlsx
2025-12-19 15:20:10,289 [INFO    ] [VolcanoAI.GaEngine  ] [MainThread] ---                            === GA ENGINE COMPLETE ===                           
2025-12-19 15:20:10,291 [INFO    ] [VolcanoAI.LstmEngine] [MainThread] --- === LSTM V6.0 TITAN TRAINING START ===
2025-12-19 15:20:10,387 [INFO    ] [VolcanoAI.LstmEngine] [MainThread] --- Processing Cluster 0...
2025-12-19 15:20:10,417 [INFO    ] [VolcanoAI.LstmEngine] [MainThread] ---     [Tuner] Menjalankan 3 trial optimasi...
2025-12-19 15:20:11,803 [WARNING ] [tensorflow          ] [MainThread] --- From C:\Users\laygenda surya putra\Documents\JOKI\gempavulkanik\env\lib\site-packages\keras\src\backend\common\global_state.py:82: The name tf.reset_default_graph is deprecated. Please use tf.compat.v1.reset_default_graph instead.

2025-12-19 15:20:12,731 [INFO    ] [VolcanoAI.LstmEngine] [MainThread] --- Model LSTM berhasil dikompilasi (Standard MAE). Input: 30x6
2025-12-19 15:20:27,166 [INFO    ] [VolcanoAI.LstmEngine] [MainThread] --- Model LSTM berhasil dikompilasi (Standard MAE). Input: 30x6
2025-12-19 15:20:44,882 [INFO    ] [VolcanoAI.LstmEngine] [MainThread] --- Model LSTM berhasil dikompilasi (Standard MAE). Input: 30x6
2025-12-19 15:20:57,274 [INFO    ] [VolcanoAI.LstmEngine] [MainThread] ---     [Tuner] Parameter Terbaik: {'latent_dim': 64, 'learning_rate': 0.0005, 'dropout_rate': 0.2} (Loss: 0.5318)
2025-12-19 15:20:57,401 [INFO    ] [VolcanoAI.LstmEngine] [MainThread] --- Model LSTM berhasil dikompilasi (Standard MAE). Input: 30x6
2025-12-19 15:21:20,435 [INFO    ] [VolcanoAI.LstmEngine] [MainThread] --- [Vault] Model Cluster 0 berhasil dimuat.
2025-12-19 15:21:23,170 [INFO    ] [VolcanoAI.LstmEngine] [MainThread] --- [LSTM] Saved CSV (overwrite-safe): master=output\lstm_results\lstm_records_2y_20241230.csv, recent=output\lstm_results\lstm_recent_15d_20241230.csv, anomalies=output\lstm_results\lstm_anomalies_20241230.csv
2025-12-19 15:21:23,172 [INFO    ] [VolcanoAI_CNN       ] [MainThread] --- === MEMULAI CNN TRAINING PIPELINE V5.0 (TITAN) ===
2025-12-19 15:21:23,173 [INFO    ] [VolcanoAI_CNN       ] [MainThread] --- 
>>> Training CNN Cluster 0
2025-12-19 15:21:23,432 [INFO    ] [VolcanoAI.LstmEngine] [MainThread] --- [Vault] Model Cluster 0 berhasil dimuat.
2025-12-19 15:21:23,446 [WARNING ] [VolcanoAI_CNN       ] [MainThread] --- Skip c0: Gagal get LSTM features (mungkin data kurang).
2025-12-19 15:21:24,704 [INFO    ] [VolcanoAI.LstmEngine] [MainThread] --- [Vault] Model Cluster 0 berhasil dimuat.
2025-12-19 15:21:24,730 [INFO    ] [VolcanoAiPipeline   ] [MainThread] --- ✅ CNN latest overwritten: output\cnn_results\results\cnn_predictions_latest.csv
2025-12-19 15:21:24,761 [INFO    ] [VolcanoAI.postprocess.cnn_csv_to_json] [MainThread] --- ✅ CNN JSON written: output\cnn_results\cnn_predictions_latest.json
2025-12-19 15:21:24,762 [INFO    ] [VolcanoAiPipeline   ] [MainThread] --- ✅ CNN JSON updated for client
2025-12-19 15:21:24,770 [INFO    ] [VolcanoAiPipeline   ] [MainThread] ---  CNN archive saved: output\cnn_results\results\cnn_predictions_20251219_152124.csv
2025-12-19 15:21:24,809 [INFO    ] [VolcanoAI.NaiveBayesEngine] [MainThread] --- Fitur Terpilih (7): ['Magnitudo', 'Kedalaman (km)', 'isVulkanik', 'isTektonik', 'R3_final', 'PheromoneScore', 'lstm_prediction']
2025-12-19 15:21:26,028 [INFO    ] [VolcanoAI.NaiveBayesEngine] [MainThread] --- Training selesai. Model: CalibratedClassifierCV (Classes: ['Parah' 'Ringan' 'Sedang'])
2025-12-19 15:21:26,030 [INFO    ] [VolcanoAiPipeline   ] [MainThread] --- 
========== PHASE 4: MODEL EVALUATION ==========
2025-12-19 15:21:34,983 [INFO    ] [ACO_Engine_Master   ] [MainThread] --- [ACO Iter-62] Stagnasi (41) → Smooth Reset Pheromone.
2025-12-19 15:21:40,475 [INFO    ] [ACO_Engine_Master   ] [MainThread] --- [ACO Iter-103] Stagnasi (41) → Smooth Reset Pheromone.
2025-12-19 15:21:55,500 [INFO    ] [ACO_Engine_Master   ] [MainThread] --- Visual ACO tersimpan: C:\Users\laygenda surya putra\Documents\JOKI\gempavulkanik\output\aco_results/aco_impact_zones.html
2025-12-19 15:21:55,503 [INFO    ] [ACO_Engine_Master   ] [MainThread] --- [ACO] Output GA tersimpan → C:\Users\laygenda surya putra\Documents\JOKI\gempavulkanik\output\aco_results\aco_to_ga.json
2025-12-19 15:21:55,504 [INFO    ] [ACO_Engine_Master   ] [MainThread] --- [ACO] Impact Center: {'center_lat': -8.02853694252147, 'center_lon': 113.30573506923493, 'lat_column_used': 'Lintang', 'lon_column_used': 'Bujur'} | Impact Area (km²): 214.47378074792266
2025-12-19 15:21:56,579 [INFO    ] [VolcanoAI.LstmEngine] [MainThread] --- [LSTM] Saved CSV (overwrite-safe): master=output\lstm_results\lstm_records_2y_20241230.csv, recent=output\lstm_results\lstm_recent_15d_20241230.csv, anomalies=output\lstm_results\lstm_anomalies_20241230.csv
2025-12-19 15:21:56,799 [INFO    ] [VolcanoAI.LstmEngine] [MainThread] --- [Vault] Model Cluster 0 berhasil dimuat.
2025-12-19 15:21:56,852 [ERROR   ] [VolcanoAI.NaiveBayesEngine] [MainThread] --- Evaluasi gagal: At least one label specified must be in y_true
2025-12-19 15:21:57,108 [INFO    ] [VolcanoAI.Reporter  ] [MainThread] --- Generating Dual Dashboard HTML...
2025-12-19 15:21:58,138 [INFO    ] [VolcanoAI.Reporter  ] [MainThread] --- Dashboard berhasil dibuat: output\VolcanoAI_Analysis_STATIC.html
2025-12-19 15:21:58,151 [CRITICAL] [VolcanoAiPipeline   ] [MainThread] --- PIPELINE FAILED: 'utf-8' codec can't decode byte 0x97 in position 169: invalid start byte
Traceback (most recent call last):
  File "C:\Users\laygenda surya putra\Documents\JOKI\gempavulkanik\main.py", line 610, in run
    self.reporter.run(df_final, metrics, anomalies)
  File "C:\Users\laygenda surya putra\Documents\JOKI\gempavulkanik\VolcanoAI\reporting\comprehensive_reporter.py", line 283, in run
    self._build_and_save_dashboard(self.dashboard_path_live, html_map_live, latest_row, img_trend, is_live=True)
  File "C:\Users\laygenda surya putra\Documents\JOKI\gempavulkanik\VolcanoAI\reporting\comprehensive_reporter.py", line 308, in _build_and_save_dashboard
    template_html = template_path.read_text(encoding="utf-8")
  File "C:\Users\laygenda surya putra\AppData\Local\Programs\Python\Python310\lib\pathlib.py", line 1135, in read_text
    return f.read()
  File "C:\Users\laygenda surya putra\AppData\Local\Programs\Python\Python310\lib\codecs.py", line 322, in decode
    (result, consumed) = self._buffer_decode(data, self.errors, final)
UnicodeDecodeError: 'utf-8' codec can't decode byte 0x97 in position 169: invalid start byte
2025-12-19 15:21:58,161 [INFO    ] [VolcanoAiPipeline   ] [MainThread] --- System shutdown. Uptime: 214.35s
