2025-12-19 01:06:13,792 [INFO    ] [root                ] [MainThread] --- Logging diinisialisasi. File: output\pipeline_20251219_010613.log
2025-12-19 01:06:13,793 [INFO    ] [root                ] [MainThread] --- ================================================================================
2025-12-19 01:06:13,793 [INFO    ] [root                ] [MainThread] ---                             VOLCANOAI SYSTEM STARTUP                            
2025-12-19 01:06:13,794 [INFO    ] [root                ] [MainThread] --- ================================================================================
2025-12-19 01:06:13,802 [WARNING ] [VolcanoAI.processing.realtime_data_stream] [MainThread] --- File MIROVA tidak ditemukan di path: output/realtime/mirova_log.txt
2025-12-19 01:06:13,803 [INFO    ] [VolcanoAiPipeline   ] [MainThread] --- Pipeline VolcanoAI 5.2.0-TITAN-EXCEL initialized successfully.
2025-12-19 01:06:13,803 [INFO    ] [VolcanoAiPipeline   ] [MainThread] --- Starting Pipeline Execution...
2025-12-19 01:06:13,803 [INFO    ] [VolcanoAiPipeline   ] [MainThread] --- 
========== PHASE 1: DATA LOADING ==========
2025-12-19 01:06:13,835 [INFO    ] [VolcanoAiPipeline   ] [MainThread] --- 
========== PHASE 2: FEATURE ENGINEERING ==========
2025-12-19 01:06:13,846 [INFO    ] [FeatureEngineer     ] [MainThread] --- >>> FE TRAIN: Initializing new preprocessor state.
2025-12-19 01:06:13,952 [INFO    ] [FeatureEngineer     ] [MainThread] --- Smart Classifier Trained.
2025-12-19 01:06:13,995 [WARNING ] [FeatureEngineer     ] [MainThread] --- Imputer Warning: Kolom berikut kosong total saat training -> diisi 0.0: ['OLI_total (W)', 'MSI_total (W)']
2025-12-19 01:06:14,403 [INFO    ] [VolcanoAI.processing.feature_engineer] [MainThread] --- Preprocessor state saved to: output\feature_preprocessor.pkl
2025-12-19 01:06:14,405 [INFO    ] [FeatureEngineer     ] [MainThread] --- Feature Engineering Complete. Shape: (1307, 55)
2025-12-19 01:06:14,405 [INFO    ] [FeatureEngineer     ] [MainThread] --- >>> FE TRAIN: Initializing new preprocessor state.
2025-12-19 01:06:14,477 [INFO    ] [FeatureEngineer     ] [MainThread] --- Smart Classifier Trained.
2025-12-19 01:06:14,497 [WARNING ] [FeatureEngineer     ] [MainThread] --- Imputer Warning: Kolom berikut kosong total saat training -> diisi 0.0: ['OLI_total (W)', 'MSI_total (W)']
2025-12-19 01:06:14,900 [INFO    ] [VolcanoAI.processing.feature_engineer] [MainThread] --- Preprocessor state saved to: output\feature_preprocessor.pkl
2025-12-19 01:06:14,900 [INFO    ] [FeatureEngineer     ] [MainThread] --- Feature Engineering Complete. Shape: (561, 55)
2025-12-19 01:06:14,913 [INFO    ] [VolcanoAiPipeline   ] [MainThread] --- 
========== PHASE 3: MODEL TRAINING ==========
2025-12-19 01:06:29,883 [INFO    ] [ACO_Engine_Master   ] [MainThread] --- [ACO Iter-84] Stagnasi (41) → Smooth Reset Pheromone.
2025-12-19 01:06:36,985 [INFO    ] [ACO_Engine_Master   ] [MainThread] --- [ACO Iter-125] Stagnasi (41) → Smooth Reset Pheromone.
2025-12-19 01:06:44,499 [INFO    ] [ACO_Engine_Master   ] [MainThread] --- [ACO Iter-166] Stagnasi (41) → Smooth Reset Pheromone.
2025-12-19 01:06:52,324 [INFO    ] [ACO_Engine_Master   ] [MainThread] --- Visual ACO tersimpan: C:\Users\USER\Downloads\Earthquake_Volcan\Earthquake_Volcano\output\aco_results/aco_impact_zones.html
2025-12-19 01:06:52,328 [INFO    ] [ACO_Engine_Master   ] [MainThread] --- [ACO] Output GA tersimpan → C:\Users\USER\Downloads\Earthquake_Volcan\Earthquake_Volcano\output\aco_results\aco_to_ga.json
2025-12-19 01:06:52,328 [INFO    ] [ACO_Engine_Master   ] [MainThread] --- [ACO] Impact Center: {'center_lat': -8.038796998694096, 'center_lon': 113.33081310812818, 'lat_column_used': 'Lintang', 'lon_column_used': 'Bujur'} | Impact Area (km²): 204.60330773157273
2025-12-19 01:06:52,329 [INFO    ] [VolcanoAI.GaEngine  ] [MainThread] --- 
================================================================================
2025-12-19 01:06:52,330 [INFO    ] [VolcanoAI.GaEngine  ] [MainThread] ---                             === GA ENGINE START ===                             
2025-12-19 01:06:52,330 [INFO    ] [VolcanoAI.GaEngine  ] [MainThread] --- ================================================================================
2025-12-19 01:06:52,337 [INFO    ] [VolcanoAI.GaEngine  ] [MainThread] --- GA Evolution Start → Pop=80, Gen=150
2025-12-19 01:06:52,348 [INFO    ] [VolcanoAI.GaEngine  ] [MainThread] --- Resuming GA from checkpoint...
2025-12-19 01:06:52,359 [INFO    ] [VolcanoAI.GaEngine  ] [MainThread] --- GA vector JSON saved → output\ga_results\ga_vector.json
2025-12-19 01:07:03,643 [INFO    ] [VolcanoAI.GaEngine  ] [MainThread] --- GA Map saved → output\ga_results\ga_path_map.html
2025-12-19 01:07:06,658 [INFO    ] [VolcanoAI.GaEngine  ] [MainThread] --- Excel exported → output\ga_results\ga_report.xlsx
2025-12-19 01:07:06,660 [INFO    ] [VolcanoAI.GaEngine  ] [MainThread] ---                            === GA ENGINE COMPLETE ===                           
2025-12-19 01:07:06,660 [INFO    ] [VolcanoAI.LstmEngine] [MainThread] --- === LSTM V6.0 TITAN TRAINING START ===
2025-12-19 01:07:06,685 [INFO    ] [VolcanoAI.LstmEngine] [MainThread] --- Processing Cluster 0...
2025-12-19 01:07:06,696 [INFO    ] [VolcanoAI.LstmEngine] [MainThread] ---     [Tuner] Menjalankan 3 trial optimasi...
2025-12-19 01:07:07,593 [WARNING ] [tensorflow          ] [MainThread] --- From C:\Users\USER\Downloads\Earthquake_Volcan\Earthquake_Volcano\env\lib\site-packages\keras\src\backend\common\global_state.py:82: The name tf.reset_default_graph is deprecated. Please use tf.compat.v1.reset_default_graph instead.

2025-12-19 01:07:07,959 [INFO    ] [VolcanoAI.LstmEngine] [MainThread] --- Model LSTM berhasil dikompilasi (Standard MAE). Input: 30x6
2025-12-19 01:07:14,688 [INFO    ] [VolcanoAI.LstmEngine] [MainThread] --- Model LSTM berhasil dikompilasi (Standard MAE). Input: 30x6
2025-12-19 01:07:21,180 [INFO    ] [VolcanoAI.LstmEngine] [MainThread] --- Model LSTM berhasil dikompilasi (Standard MAE). Input: 30x6
2025-12-19 01:07:28,537 [INFO    ] [VolcanoAI.LstmEngine] [MainThread] ---     [Tuner] Parameter Terbaik: {'latent_dim': 128, 'learning_rate': 0.0005, 'dropout_rate': 0.2} (Loss: 0.5312)
2025-12-19 01:07:28,643 [INFO    ] [VolcanoAI.LstmEngine] [MainThread] --- Model LSTM berhasil dikompilasi (Standard MAE). Input: 30x6
2025-12-19 01:07:45,047 [INFO    ] [VolcanoAI.LstmEngine] [MainThread] --- [Vault] Model Cluster 0 berhasil dimuat.
2025-12-19 01:07:46,773 [INFO    ] [VolcanoAI.LstmEngine] [MainThread] --- [LSTM] Saved CSV (overwrite-safe): master=output\lstm_results\lstm_records_2y_20241230.csv, recent=output\lstm_results\lstm_recent_15d_20241230.csv, anomalies=output\lstm_results\lstm_anomalies_20241230.csv
2025-12-19 01:07:46,775 [INFO    ] [VolcanoAI_CNN       ] [MainThread] --- === MEMULAI CNN TRAINING PIPELINE V5.0 (TITAN) ===
2025-12-19 01:07:46,775 [INFO    ] [VolcanoAI_CNN       ] [MainThread] --- 
>>> Training CNN Cluster 0
2025-12-19 01:07:46,922 [INFO    ] [VolcanoAI.LstmEngine] [MainThread] --- [Vault] Model Cluster 0 berhasil dimuat.
2025-12-19 01:07:46,927 [WARNING ] [VolcanoAI_CNN       ] [MainThread] --- Skip c0: Gagal get LSTM features (mungkin data kurang).
2025-12-19 01:07:47,643 [INFO    ] [VolcanoAI.LstmEngine] [MainThread] --- [Vault] Model Cluster 0 berhasil dimuat.
2025-12-19 01:07:47,655 [INFO    ] [VolcanoAiPipeline   ] [MainThread] --- ✅ CNN prediction exported: output\cnn_results\results\cnn_predictions_20251219_010747.csv
2025-12-19 01:07:47,684 [INFO    ] [VolcanoAI.NaiveBayesEngine] [MainThread] --- Fitur Terpilih (7): ['Magnitudo', 'Kedalaman (km)', 'isVulkanik', 'isTektonik', 'R3_final', 'PheromoneScore', 'lstm_prediction']
2025-12-19 01:07:48,272 [INFO    ] [VolcanoAI.NaiveBayesEngine] [MainThread] --- Training selesai. Model: CalibratedClassifierCV (Classes: ['Parah' 'Ringan' 'Sedang'])
2025-12-19 01:07:48,295 [INFO    ] [VolcanoAiPipeline   ] [MainThread] --- 
========== PHASE 4: MODEL EVALUATION ==========
2025-12-19 01:07:53,314 [INFO    ] [ACO_Engine_Master   ] [MainThread] --- [ACO Iter-41] Stagnasi (41) → Smooth Reset Pheromone.
2025-12-19 01:07:58,110 [INFO    ] [ACO_Engine_Master   ] [MainThread] --- [ACO Iter-82] Stagnasi (41) → Smooth Reset Pheromone.
2025-12-19 01:08:04,763 [INFO    ] [ACO_Engine_Master   ] [MainThread] --- [ACO Iter-140] Stagnasi (41) → Smooth Reset Pheromone.
2025-12-19 01:08:09,502 [INFO    ] [ACO_Engine_Master   ] [MainThread] --- [ACO Iter-181] Stagnasi (41) → Smooth Reset Pheromone.
2025-12-19 01:08:12,505 [INFO    ] [ACO_Engine_Master   ] [MainThread] --- Visual ACO tersimpan: C:\Users\USER\Downloads\Earthquake_Volcan\Earthquake_Volcano\output\aco_results/aco_impact_zones.html
2025-12-19 01:08:12,507 [INFO    ] [ACO_Engine_Master   ] [MainThread] --- [ACO] Output GA tersimpan → C:\Users\USER\Downloads\Earthquake_Volcan\Earthquake_Volcano\output\aco_results\aco_to_ga.json
2025-12-19 01:08:12,507 [INFO    ] [ACO_Engine_Master   ] [MainThread] --- [ACO] Impact Center: {'center_lat': -8.028046849783717, 'center_lon': 113.31020742239116, 'lat_column_used': 'Lintang', 'lon_column_used': 'Bujur'} | Impact Area (km²): 210.54021813848934
2025-12-19 01:08:13,277 [INFO    ] [VolcanoAI.LstmEngine] [MainThread] --- [LSTM] Saved CSV (overwrite-safe): master=output\lstm_results\lstm_records_2y_20241230.csv, recent=output\lstm_results\lstm_recent_15d_20241230.csv, anomalies=output\lstm_results\lstm_anomalies_20241230.csv
2025-12-19 01:08:13,481 [INFO    ] [VolcanoAI.LstmEngine] [MainThread] --- [Vault] Model Cluster 0 berhasil dimuat.
2025-12-19 01:08:13,514 [ERROR   ] [VolcanoAI.NaiveBayesEngine] [MainThread] --- Evaluasi gagal: At least one label specified must be in y_true
2025-12-19 01:08:13,809 [INFO    ] [VolcanoAI.Reporter  ] [MainThread] --- Generating Dual Dashboard HTML...
2025-12-19 01:08:14,675 [INFO    ] [VolcanoAI.Reporter  ] [MainThread] --- Dashboard Updated: output\VolcanoAI_Analysis_STATIC.html
2025-12-19 01:08:14,679 [INFO    ] [VolcanoAI.Reporter  ] [MainThread] --- Dashboard Updated: output\VolcanoAI_Monitor_LIVE.html
2025-12-19 01:08:14,679 [INFO    ] [VolcanoAI.Reporter  ] [MainThread] --- ✅ Dual Dashboard Updated. Files: LIVE, STATIC.
2025-12-19 01:08:14,680 [INFO    ] [VolcanoAiPipeline   ] [MainThread] --- 
========== PHASE 5: LIVE MONITORING ==========
2025-12-19 01:08:14,681 [INFO    ] [VolcanoAI.LstmEngine] [MainThread] --- Loading 1307 rows to buffer.
2025-12-19 01:08:14,707 [INFO    ] [VolcanoAI.processing.realtime_data_stream] [MainThread] --- === RealtimeSensorManager: START Fetching Data ===
2025-12-19 01:08:14,708 [WARNING ] [VolcanoAI.processing.realtime_data_stream] [MainThread] --- [MIROVA] Log tidak ditemukan: output/realtime/mirova_log.txt
2025-12-19 01:08:15,086 [INFO    ] [VolcanoAI.processing.realtime_data_stream] [MainThread] --- [BMKG] Events: 8
2025-12-19 01:08:15,104 [INFO    ] [VolcanoAI.processing.realtime_data_stream] [MainThread] --- [Injection] Rows: 3
2025-12-19 01:08:15,105 [INFO    ] [VolcanoAI.processing.realtime_data_stream] [MainThread] --- === RealtimeSensorManager: DONE. Sizes: M(0), B(8), I(3) ===
2025-12-19 01:08:15,109 [INFO    ] [FeatureEngineer     ] [MainThread] --- >>> FE INFERENCE: Using existing preprocessor state.
2025-12-19 01:08:15,123 [INFO    ] [FeatureEngineer     ] [MainThread] --- Smart Inference classified 11 unknown events.
2025-12-19 01:08:15,333 [INFO    ] [FeatureEngineer     ] [MainThread] --- Feature Engineering Complete. Shape: (101, 59)
2025-12-19 01:08:15,336 [INFO    ] [VolcanoAiPipeline   ] [MainThread] --- Gempa baru terdeteksi, tetapi di luar area fokus yang dilatih. Skip prediksi.
2025-12-19 01:12:29,400 [INFO    ] [VolcanoAiPipeline   ] [MainThread] --- Monitoring dihentikan. Melakukan penyimpanan akhir...
2025-12-19 01:12:29,472 [INFO    ] [root                ] [MainThread] --- [BUFFER SAVED] output/realtime/processed.csv
2025-12-19 01:12:29,472 [INFO    ] [VolcanoAiPipeline   ] [MainThread] --- Penyimpanan buffer live selesai.
2025-12-19 01:12:29,479 [INFO    ] [VolcanoAiPipeline   ] [MainThread] --- System shutdown. Uptime: 375.68s
