2025-12-12 08:47:26,888 [INFO    ] [root                ] [MainThread] --- Logging diinisialisasi. File: output\pipeline_20251212_084726.log
2025-12-12 08:47:26,888 [INFO    ] [root                ] [MainThread] --- ================================================================================
2025-12-12 08:47:26,888 [INFO    ] [root                ] [MainThread] ---                             VOLCANOAI SYSTEM STARTUP                            
2025-12-12 08:47:26,888 [INFO    ] [root                ] [MainThread] --- ================================================================================
2025-12-12 08:47:26,901 [WARNING ] [VolcanoAI.processing.realtime_data_stream] [MainThread] --- File MIROVA tidak ditemukan di path: output/realtime/mirova_log.txt
2025-12-12 08:47:26,901 [INFO    ] [VolcanoAiPipeline   ] [MainThread] --- Pipeline VolcanoAI 5.2.0-TITAN-EXCEL initialized successfully.
2025-12-12 08:47:26,901 [INFO    ] [VolcanoAiPipeline   ] [MainThread] --- Starting Pipeline Execution...
2025-12-12 08:47:26,903 [INFO    ] [VolcanoAiPipeline   ] [MainThread] --- 
========== PHASE 1: DATA LOADING ==========
2025-12-12 08:47:26,903 [INFO    ] [SystemMonitor       ] [MainThread] --- RAM Usage: 73.9%
2025-12-12 08:47:26,918 [INFO    ] [VolcanoAiPipeline   ] [MainThread] --- 
========== PHASE 2: FEATURE ENGINEERING ==========
2025-12-12 08:47:26,931 [INFO    ] [FeatureEngineer     ] [MainThread] --- >>> FE TRAIN: Initializing new preprocessor state.
2025-12-12 08:47:27,058 [INFO    ] [FeatureEngineer     ] [MainThread] --- Smart Classifier Trained.
2025-12-12 08:47:27,108 [WARNING ] [FeatureEngineer     ] [MainThread] --- Imputer Warning: Kolom berikut kosong total saat training -> diisi 0.0: ['OLI_total (W)', 'MSI_total (W)']
2025-12-12 08:47:27,778 [INFO    ] [VolcanoAI.processing.feature_engineer] [MainThread] --- Preprocessor state saved to: output\feature_preprocessor.pkl
2025-12-12 08:47:27,778 [INFO    ] [FeatureEngineer     ] [MainThread] --- Feature Engineering Complete. Shape: (1307, 55)
2025-12-12 08:47:27,778 [INFO    ] [FeatureEngineer     ] [MainThread] --- >>> FE TRAIN: Initializing new preprocessor state.
2025-12-12 08:47:27,938 [INFO    ] [FeatureEngineer     ] [MainThread] --- Smart Classifier Trained.
2025-12-12 08:47:27,988 [WARNING ] [FeatureEngineer     ] [MainThread] --- Imputer Warning: Kolom berikut kosong total saat training -> diisi 0.0: ['OLI_total (W)', 'MSI_total (W)']
2025-12-12 08:47:28,638 [INFO    ] [VolcanoAI.processing.feature_engineer] [MainThread] --- Preprocessor state saved to: output\feature_preprocessor.pkl
2025-12-12 08:47:28,638 [INFO    ] [FeatureEngineer     ] [MainThread] --- Feature Engineering Complete. Shape: (561, 55)
2025-12-12 08:47:28,638 [INFO    ] [VolcanoAiPipeline   ] [MainThread] --- 
========== PHASE 3: MODEL TRAINING ==========
2025-12-12 08:47:28,768 [INFO    ] [ACO_Engine_Master   ] [MainThread] --- [ACO] Melanjutkan dari brain state sebelumnya.
2025-12-12 08:47:48,885 [INFO    ] [ACO_Engine_Master   ] [MainThread] --- [ACO Iter-54] Stagnasi (41) → Smooth Reset Pheromone.
2025-12-12 08:48:00,491 [INFO    ] [ACO_Engine_Master   ] [MainThread] --- [ACO Iter-95] Stagnasi (41) → Smooth Reset Pheromone.
2025-12-12 08:48:09,151 [INFO    ] [ACO_Engine_Master   ] [MainThread] --- [ACO Iter-136] Stagnasi (41) → Smooth Reset Pheromone.
2025-12-12 08:48:18,092 [INFO    ] [ACO_Engine_Master   ] [MainThread] --- [ACO Iter-177] Stagnasi (41) → Smooth Reset Pheromone.
2025-12-12 08:48:24,411 [WARNING ] [ACO_Engine_Master   ] [MainThread] --- [ACO] Dataframe kosong atau kurang kolom untuk visualisasi.
2025-12-12 08:48:24,412 [INFO    ] [VolcanoAI.GaEngine  ] [MainThread] --- 
================================================================================
2025-12-12 08:48:24,413 [INFO    ] [VolcanoAI.GaEngine  ] [MainThread] ---                             === GA ENGINE START ===                             
2025-12-12 08:48:24,413 [INFO    ] [VolcanoAI.GaEngine  ] [MainThread] --- ================================================================================
2025-12-12 08:48:24,426 [INFO    ] [VolcanoAI.GaEngine  ] [MainThread] --- GA Evolution Start → Pop=80, Gen=150
2025-12-12 08:48:24,437 [INFO    ] [VolcanoAI.GaEngine  ] [MainThread] --- Resuming GA from checkpoint...
2025-12-12 08:48:46,801 [INFO    ] [VolcanoAI.GaEngine  ] [MainThread] --- GA Map saved → output\ga_results\ga_path_map.html
2025-12-12 08:48:52,156 [INFO    ] [VolcanoAI.GaEngine  ] [MainThread] --- Excel exported → output\ga_results\ga_report.xlsx
2025-12-12 08:48:52,161 [INFO    ] [VolcanoAI.GaEngine  ] [MainThread] ---                            === GA ENGINE COMPLETE ===                           
2025-12-12 08:48:52,161 [INFO    ] [VolcanoAI.LstmEngine] [MainThread] --- === LSTM V6.0 TITAN TRAINING START ===
2025-12-12 08:48:52,204 [INFO    ] [VolcanoAI.LstmEngine] [MainThread] --- Processing Cluster 0...
2025-12-12 08:48:52,221 [INFO    ] [VolcanoAI.LstmEngine] [MainThread] ---     [Tuner] Menjalankan 3 trial optimasi...
2025-12-12 08:48:52,893 [WARNING ] [tensorflow          ] [MainThread] --- From C:\Program Files\Python311\Lib\site-packages\keras\src\backend\common\global_state.py:82: The name tf.reset_default_graph is deprecated. Please use tf.compat.v1.reset_default_graph instead.

2025-12-12 08:48:53,352 [INFO    ] [VolcanoAI.LstmEngine] [MainThread] --- Model LSTM berhasil dikompilasi (Standard MAE). Input: 30x6
2025-12-12 08:49:03,537 [INFO    ] [VolcanoAI.LstmEngine] [MainThread] --- Model LSTM berhasil dikompilasi (Standard MAE). Input: 30x6
2025-12-12 08:49:15,909 [INFO    ] [VolcanoAI.LstmEngine] [MainThread] --- Model LSTM berhasil dikompilasi (Standard MAE). Input: 30x6
2025-12-12 08:49:25,003 [INFO    ] [VolcanoAI.LstmEngine] [MainThread] ---     [Tuner] Parameter Terbaik: {} (Loss: inf)
2025-12-12 08:49:25,146 [INFO    ] [VolcanoAI.LstmEngine] [MainThread] --- Model LSTM berhasil dikompilasi (Standard MAE). Input: 30x6
2025-12-12 08:49:43,501 [INFO    ] [VolcanoAI.LstmEngine] [MainThread] --- [Vault] Model Cluster 0 berhasil dimuat.
2025-12-12 08:49:45,321 [INFO    ] [VolcanoAI_CNN       ] [MainThread] --- === MEMULAI CNN TRAINING PIPELINE V5.0 (TITAN) ===
2025-12-12 08:49:45,321 [INFO    ] [VolcanoAI_CNN       ] [MainThread] --- 
>>> Training CNN Cluster 0
2025-12-12 08:49:45,481 [INFO    ] [VolcanoAI.LstmEngine] [MainThread] --- [Vault] Model Cluster 0 berhasil dimuat.
2025-12-12 08:49:46,421 [CRITICAL] [PipelineGuard       ] [MainThread] --- CRASH di _run_training_flow: 'SpatialDataGenerator' object has no attribute 'create_input_mask'
2025-12-12 08:49:46,421 [CRITICAL] [VolcanoAiPipeline   ] [MainThread] --- PIPELINE FAILED: 'SpatialDataGenerator' object has no attribute 'create_input_mask'
Traceback (most recent call last):
  File "C:\Soft-project\Soft-project\TA\Earthquake_Volcano\main.py", line 459, in run
    self._run_training_flow()
  File "C:\Soft-project\Soft-project\TA\Earthquake_Volcano\main.py", line 100, in wrapper
    raise e
  File "C:\Soft-project\Soft-project\TA\Earthquake_Volcano\main.py", line 93, in wrapper
    return func(*args, **kwargs)
           ^^^^^^^^^^^^^^^^^^^^^
  File "C:\Soft-project\Soft-project\TA\Earthquake_Volcano\main.py", line 308, in _run_training_flow
    self.cnn_engine.train(df_processed, self.lstm_engine)
  File "C:\Soft-project\Soft-project\TA\Earthquake_Volcano\VolcanoAI\engines\cnn_engine.py", line 489, in train
    spatial_data = np.array([self.spatial_gen.create_input_mask(r) for _, r in df_aligned.iterrows()])
                            ^^^^^^^^^^^^^^^^^^^^^^^^^^^^^^^^^^^^^^^^^^^^^^^^^^^^^^^^^^^^^^^^^^^^^^^^^
  File "C:\Soft-project\Soft-project\TA\Earthquake_Volcano\VolcanoAI\engines\cnn_engine.py", line 489, in <listcomp>
    spatial_data = np.array([self.spatial_gen.create_input_mask(r) for _, r in df_aligned.iterrows()])
                             ^^^^^^^^^^^^^^^^^^^^^^^^^^^^^^^^^^
AttributeError: 'SpatialDataGenerator' object has no attribute 'create_input_mask'
2025-12-12 08:49:46,428 [INFO    ] [VolcanoAiPipeline   ] [MainThread] --- System shutdown. Uptime: 139.53s
