2025-12-30 18:21:40,068 [INFO    ] [root                ] [MainThread] --- Logging diinisialisasi. File: output\pipeline_20251230_182140.log
2025-12-30 18:21:40,072 [INFO    ] [root                ] [MainThread] --- ================================================================================
2025-12-30 18:21:40,072 [INFO    ] [root                ] [MainThread] ---                             VOLCANOAI SYSTEM STARTUP                            
2025-12-30 18:21:40,074 [INFO    ] [root                ] [MainThread] --- ================================================================================
2025-12-30 18:21:40,082 [INFO    ] [root                ] [MainThread] --- [Dashboard] Starting Flask server in background thread (monitoring enabled)...
2025-12-30 18:21:40,102 [INFO    ] [RealtimeSensorManager] [MainThread] --- [MIROVA] Menggunakan log terbaru: output/realtime\mirova_log_20251003-094000.txt
2025-12-30 18:21:40,102 [INFO    ] [VolcanoAiPipeline   ] [MainThread] --- Pipeline VolcanoAI 5.2.0-TITAN-EXCEL initialized successfully.
2025-12-30 18:21:40,102 [INFO    ] [VolcanoAiPipeline   ] [MainThread] --- Starting Pipeline Execution...
2025-12-30 18:21:40,105 [INFO    ] [VolcanoAiPipeline   ] [MainThread] --- 
========== PHASE 1: DATA LOADING ==========
2025-12-30 18:21:40,138 [INFO    ] [VolcanoAiPipeline   ] [MainThread] --- 
========== PHASE 2: FEATURE ENGINEERING ==========
2025-12-30 18:21:40,205 [INFO    ] [FeatureEngineer     ] [MainThread] --- >>> FE TRAIN: Initializing new preprocessor state.
2025-12-30 18:21:40,500 [INFO    ] [FeatureEngineer     ] [MainThread] --- Smart Classifier Trained.
2025-12-30 18:21:40,574 [WARNING ] [FeatureEngineer     ] [MainThread] --- Imputer Warning: Kolom berikut kosong total saat training -> diisi 0.0: ['OLI_total (W)', 'MSI_total (W)']
2025-12-30 18:21:41,108 [INFO    ] [werkzeug            ] [Thread-1 (_run)] --- [31m[1mWARNING: This is a development server. Do not use it in a production deployment. Use a production WSGI server instead.[0m
 * Running on http://127.0.0.1:5000
2025-12-30 18:21:41,162 [INFO    ] [werkzeug            ] [Thread-1 (_run)] --- [33mPress CTRL+C to quit[0m
2025-12-30 18:21:41,590 [INFO    ] [werkzeug            ] [Thread-90 (process_request_thread)] --- 127.0.0.1 - - [30/Dec/2025 18:21:41] "GET / HTTP/1.1" 200 -
2025-12-30 18:21:42,069 [INFO    ] [werkzeug            ] [Thread-107 (process_request_thread)] --- 127.0.0.1 - - [30/Dec/2025 18:21:42] "[36mGET /files/output/naive_bayes_results/roc_curves.png HTTP/1.1[0m" 304 -
2025-12-30 18:21:42,088 [INFO    ] [VolcanoAI.processing.feature_engineer] [MainThread] --- Preprocessor state saved to: output\feature_preprocessor.pkl
2025-12-30 18:21:42,090 [INFO    ] [werkzeug            ] [Thread-91 (process_request_thread)] --- 127.0.0.1 - - [30/Dec/2025 18:21:42] "[36mGET /files/output/naive_bayes_results/confusion_matrix.png HTTP/1.1[0m" 304 -
2025-12-30 18:21:42,090 [INFO    ] [FeatureEngineer     ] [MainThread] --- Feature Engineering Complete. Shape: (21, 60)
2025-12-30 18:21:42,140 [INFO    ] [FeatureEngineer     ] [MainThread] --- >>> FE TRAIN: Initializing new preprocessor state.
2025-12-30 18:21:42,463 [INFO    ] [werkzeug            ] [Thread-177 (process_request_thread)] --- 127.0.0.1 - - [30/Dec/2025 18:21:42] "[36mGET /files/output/ga_results/ga_path_map.html HTTP/1.1[0m" 304 -
2025-12-30 18:21:42,635 [INFO    ] [werkzeug            ] [Thread-178 (process_request_thread)] --- 127.0.0.1 - - [30/Dec/2025 18:21:42] "[36mGET /files/output/aco_results/aco_impact_zones.html HTTP/1.1[0m" 304 -
2025-12-30 18:21:42,636 [INFO    ] [werkzeug            ] [Thread-179 (process_request_thread)] --- 127.0.0.1 - - [30/Dec/2025 18:21:42] "[36mGET /files/output/cnn_results/maps/cnn_prediction_map_20251230_181210.html HTTP/1.1[0m" 304 -
2025-12-30 18:21:42,969 [INFO    ] [FeatureEngineer     ] [MainThread] --- Smart Classifier Trained.
2025-12-30 18:21:47,985 [WARNING ] [FeatureEngineer     ] [MainThread] --- Imputer Warning: Kolom berikut kosong total saat training -> diisi 0.0: ['OLI_total (W)', 'MSI_total (W)']
2025-12-30 18:21:48,416 [INFO    ] [VolcanoAI.processing.feature_engineer] [MainThread] --- Preprocessor state saved to: output\feature_preprocessor.pkl
2025-12-30 18:21:48,416 [INFO    ] [FeatureEngineer     ] [MainThread] --- Feature Engineering Complete. Shape: (9, 60)
2025-12-30 18:21:48,424 [INFO    ] [VolcanoAiPipeline   ] [MainThread] --- 
========== PHASE 3: MODEL TRAINING ==========
2025-12-30 18:21:52,415 [INFO    ] [ACO_Engine_Master   ] [MainThread] --- [ACO Iter-55] Stagnasi (41) → Smooth Reset Pheromone.
2025-12-30 18:21:54,981 [INFO    ] [ACO_Engine_Master   ] [MainThread] --- [ACO Iter-96] Stagnasi (41) → Smooth Reset Pheromone.
2025-12-30 18:21:58,820 [INFO    ] [ACO_Engine_Master   ] [MainThread] --- [ACO Iter-137] Stagnasi (41) → Smooth Reset Pheromone.
2025-12-30 18:22:02,771 [INFO    ] [ACO_Engine_Master   ] [MainThread] --- [ACO Iter-178] Stagnasi (41) → Smooth Reset Pheromone.
2025-12-30 18:22:04,975 [INFO    ] [ACO_Engine_Master   ] [MainThread] --- [ACO] Minimal GA input saved → C:\Users\laygenda surya putra\Documents\JOKI\gempavulkanik\output\aco_results\aco_to_ga.json
2025-12-30 18:22:05,528 [INFO    ] [ACO_Engine_Master   ] [MainThread] --- [ACO] Visual ACO tersimpan → C:\Users\laygenda surya putra\Documents\JOKI\gempavulkanik\output\aco_results/aco_impact_zones.html
2025-12-30 18:22:05,528 [INFO    ] [VolcanoAI.GaEngine  ] [MainThread] --- 
================================================================================
2025-12-30 18:22:05,528 [INFO    ] [VolcanoAI.GaEngine  ] [MainThread] ---                  === GA ENGINE START (Input from ACO Only) ===                  
2025-12-30 18:22:05,535 [INFO    ] [VolcanoAI.GaEngine  ] [MainThread] --- ================================================================================
2025-12-30 18:22:05,541 [INFO    ] [VolcanoAI.GaEngine  ] [MainThread] --- [GA] Using ACO Input: Center=(-7.973717084976317, 114.1723964209277), Area=133.93
2025-12-30 18:22:05,608 [INFO    ] [VolcanoAI.GaEngine  ] [MainThread] --- [GA] next_event (direction-only) ditulis ke aco_to_ga.json
2025-12-30 18:22:05,639 [ERROR   ] [VolcanoAI.GaEngine  ] [MainThread] --- [GA] Error processing ACO input: "None of [Index(['EQ_Lintang', 'EQ_Bujur'], dtype='object')] are in the [columns]"
Traceback (most recent call last):
  File "C:\Users\laygenda surya putra\Documents\JOKI\gempavulkanik\VolcanoAI\engines\ga_engine.py", line 1021, in run
    self.visualizer.generate_map([], df_aco, pred, out_map_path)
  File "C:\Users\laygenda surya putra\Documents\JOKI\gempavulkanik\VolcanoAI\engines\ga_engine.py", line 750, in generate_map
    coords = df[['EQ_Lintang', 'EQ_Bujur']].values
  File "C:\Users\laygenda surya putra\Documents\JOKI\gempavulkanik\env\lib\site-packages\pandas\core\frame.py", line 4119, in __getitem__
    indexer = self.columns._get_indexer_strict(key, "columns")[1]
  File "C:\Users\laygenda surya putra\Documents\JOKI\gempavulkanik\env\lib\site-packages\pandas\core\indexes\base.py", line 6212, in _get_indexer_strict
    self._raise_if_missing(keyarr, indexer, axis_name)
  File "C:\Users\laygenda surya putra\Documents\JOKI\gempavulkanik\env\lib\site-packages\pandas\core\indexes\base.py", line 6261, in _raise_if_missing
    raise KeyError(f"None of [{key}] are in the [{axis_name}]")
KeyError: "None of [Index(['EQ_Lintang', 'EQ_Bujur'], dtype='object')] are in the [columns]"
2025-12-30 18:22:05,661 [WARNING ] [VolcanoAI.GaEngine  ] [MainThread] --- [GA] ACO Input not found. Running Standard GA (No Magnitude).
2025-12-30 18:22:05,676 [ERROR   ] [VolcanoAI.GaEngine  ] [MainThread] --- Exception in run: EvolutionaryController.run() missing 1 required positional argument: 'df_train'
2025-12-30 18:22:05,678 [CRITICAL] [PipelineGuard       ] [MainThread] --- CRASH di _run_training_flow: EvolutionaryController.run() missing 1 required positional argument: 'df_train'
2025-12-30 18:22:05,684 [CRITICAL] [VolcanoAiPipeline   ] [MainThread] --- PIPELINE FAILED: EvolutionaryController.run() missing 1 required positional argument: 'df_train'
Traceback (most recent call last):
  File "C:\Users\laygenda surya putra\Documents\JOKI\gempavulkanik\main.py", line 656, in run
    self._run_training_flow() # Panggil fungsi untuk menjalankan alur pelatihan model
  File "C:\Users\laygenda surya putra\Documents\JOKI\gempavulkanik\main.py", line 102, in wrapper
    raise e
  File "C:\Users\laygenda surya putra\Documents\JOKI\gempavulkanik\main.py", line 95, in wrapper
    return func(*args, **kwargs) # coba jalankan fungsi asli yang dilindungi
  File "C:\Users\laygenda surya putra\Documents\JOKI\gempavulkanik\main.py", line 301, in _run_training_flow
    best_path, graphs_result = self.ga_engine.run(df_processed) # Jalankan engine GA pada data yang sudah di-FE
  File "C:\Users\laygenda surya putra\Documents\JOKI\gempavulkanik\VolcanoAI\engines\ga_engine.py", line 1048, in run
    best_idx, log_df, hof = evo.run()
  File "C:\Users\laygenda surya putra\Documents\JOKI\gempavulkanik\VolcanoAI\engines\ga_engine.py", line 65, in wrapper
    raise e
  File "C:\Users\laygenda surya putra\Documents\JOKI\gempavulkanik\VolcanoAI\engines\ga_engine.py", line 62, in wrapper
    return func(*args, **kwargs)
TypeError: EvolutionaryController.run() missing 1 required positional argument: 'df_train'
2025-12-30 18:22:05,688 [INFO    ] [VolcanoAiPipeline   ] [MainThread] --- System shutdown. Uptime: 25.59s
