2025-12-19 01:36:03,511 [INFO    ] [root                ] [MainThread] --- Logging diinisialisasi. File: output\pipeline_20251219_013603.log
2025-12-19 01:36:03,511 [INFO    ] [root                ] [MainThread] --- ================================================================================
2025-12-19 01:36:03,511 [INFO    ] [root                ] [MainThread] ---                             VOLCANOAI SYSTEM STARTUP                            
2025-12-19 01:36:03,511 [INFO    ] [root                ] [MainThread] --- ================================================================================
2025-12-19 01:36:03,532 [WARNING ] [VolcanoAI.processing.realtime_data_stream] [MainThread] --- File MIROVA tidak ditemukan di path: output/realtime/mirova_log.txt
2025-12-19 01:36:03,532 [INFO    ] [VolcanoAiPipeline   ] [MainThread] --- Pipeline VolcanoAI 5.2.0-TITAN-EXCEL initialized successfully.
2025-12-19 01:36:03,532 [INFO    ] [VolcanoAiPipeline   ] [MainThread] --- Starting Pipeline Execution...
2025-12-19 01:36:03,532 [INFO    ] [VolcanoAiPipeline   ] [MainThread] --- 
========== PHASE 1: DATA LOADING ==========
2025-12-19 01:36:03,576 [INFO    ] [VolcanoAiPipeline   ] [MainThread] --- 
========== PHASE 2: FEATURE ENGINEERING ==========
2025-12-19 01:36:03,588 [INFO    ] [FeatureEngineer     ] [MainThread] --- >>> FE TRAIN: Initializing new preprocessor state.
2025-12-19 01:36:03,726 [INFO    ] [FeatureEngineer     ] [MainThread] --- Smart Classifier Trained.
2025-12-19 01:36:03,801 [WARNING ] [FeatureEngineer     ] [MainThread] --- Imputer Warning: Kolom berikut kosong total saat training -> diisi 0.0: ['OLI_total (W)', 'MSI_total (W)']
2025-12-19 01:36:04,278 [INFO    ] [VolcanoAI.processing.feature_engineer] [MainThread] --- Preprocessor state saved to: output\feature_preprocessor.pkl
2025-12-19 01:36:04,278 [INFO    ] [FeatureEngineer     ] [MainThread] --- Feature Engineering Complete. Shape: (1307, 55)
2025-12-19 01:36:04,278 [INFO    ] [FeatureEngineer     ] [MainThread] --- >>> FE TRAIN: Initializing new preprocessor state.
2025-12-19 01:36:04,354 [INFO    ] [FeatureEngineer     ] [MainThread] --- Smart Classifier Trained.
2025-12-19 01:36:04,381 [WARNING ] [FeatureEngineer     ] [MainThread] --- Imputer Warning: Kolom berikut kosong total saat training -> diisi 0.0: ['OLI_total (W)', 'MSI_total (W)']
2025-12-19 01:36:04,794 [INFO    ] [VolcanoAI.processing.feature_engineer] [MainThread] --- Preprocessor state saved to: output\feature_preprocessor.pkl
2025-12-19 01:36:04,794 [INFO    ] [FeatureEngineer     ] [MainThread] --- Feature Engineering Complete. Shape: (561, 55)
2025-12-19 01:36:04,809 [INFO    ] [VolcanoAiPipeline   ] [MainThread] --- 
========== PHASE 3: MODEL TRAINING ==========
2025-12-19 01:36:18,732 [INFO    ] [ACO_Engine_Master   ] [MainThread] --- [ACO Iter-74] Stagnasi (41) → Smooth Reset Pheromone.
2025-12-19 01:36:32,406 [INFO    ] [ACO_Engine_Master   ] [MainThread] --- [ACO Iter-149] Stagnasi (41) → Smooth Reset Pheromone.
2025-12-19 01:36:39,718 [INFO    ] [ACO_Engine_Master   ] [MainThread] --- [ACO Iter-190] Stagnasi (41) → Smooth Reset Pheromone.
2025-12-19 01:36:43,762 [INFO    ] [ACO_Engine_Master   ] [MainThread] --- Visual ACO tersimpan: C:\Users\USER\Downloads\Earthquake_Volcan\Earthquake_Volcano\output\aco_results/aco_impact_zones.html
2025-12-19 01:36:43,768 [INFO    ] [ACO_Engine_Master   ] [MainThread] --- [ACO] Output GA tersimpan → C:\Users\USER\Downloads\Earthquake_Volcan\Earthquake_Volcano\output\aco_results\aco_to_ga.json
2025-12-19 01:36:43,770 [INFO    ] [ACO_Engine_Master   ] [MainThread] --- [ACO] Impact Center: {'center_lat': -8.040358069895527, 'center_lon': 113.32063899624458, 'lat_column_used': 'Lintang', 'lon_column_used': 'Bujur'} | Impact Area (km²): 205.80580301396515
2025-12-19 01:36:43,770 [INFO    ] [VolcanoAI.GaEngine  ] [MainThread] --- 
================================================================================
2025-12-19 01:36:43,770 [INFO    ] [VolcanoAI.GaEngine  ] [MainThread] ---                             === GA ENGINE START ===                             
2025-12-19 01:36:43,770 [INFO    ] [VolcanoAI.GaEngine  ] [MainThread] --- ================================================================================
2025-12-19 01:36:43,778 [INFO    ] [VolcanoAI.GaEngine  ] [MainThread] --- GA Evolution Start → Pop=80, Gen=150
2025-12-19 01:36:43,788 [INFO    ] [VolcanoAI.GaEngine  ] [MainThread] --- Resuming GA from checkpoint...
2025-12-19 01:36:43,799 [INFO    ] [VolcanoAI.GaEngine  ] [MainThread] --- GA vector JSON saved → output\ga_results\ga_vector.json
2025-12-19 01:36:54,371 [INFO    ] [VolcanoAI.GaEngine  ] [MainThread] --- GA Map saved → output\ga_results\ga_path_map.html
2025-12-19 01:36:57,742 [INFO    ] [VolcanoAI.GaEngine  ] [MainThread] --- Excel exported → output\ga_results\ga_report.xlsx
2025-12-19 01:36:57,742 [INFO    ] [VolcanoAI.GaEngine  ] [MainThread] ---                            === GA ENGINE COMPLETE ===                           
2025-12-19 01:36:57,742 [INFO    ] [VolcanoAI.LstmEngine] [MainThread] --- === LSTM V6.0 TITAN TRAINING START ===
2025-12-19 01:36:57,775 [INFO    ] [VolcanoAI.LstmEngine] [MainThread] --- Processing Cluster 0...
2025-12-19 01:36:57,784 [INFO    ] [VolcanoAI.LstmEngine] [MainThread] ---     [Tuner] Menjalankan 3 trial optimasi...
2025-12-19 01:36:58,854 [WARNING ] [tensorflow          ] [MainThread] --- From C:\Users\USER\Downloads\Earthquake_Volcan\Earthquake_Volcano\env\lib\site-packages\keras\src\backend\common\global_state.py:82: The name tf.reset_default_graph is deprecated. Please use tf.compat.v1.reset_default_graph instead.

2025-12-19 01:36:59,363 [INFO    ] [VolcanoAI.LstmEngine] [MainThread] --- Model LSTM berhasil dikompilasi (Standard MAE). Input: 30x6
2025-12-19 01:37:06,268 [INFO    ] [VolcanoAI.LstmEngine] [MainThread] --- Model LSTM berhasil dikompilasi (Standard MAE). Input: 30x6
2025-12-19 01:37:14,280 [INFO    ] [VolcanoAI.LstmEngine] [MainThread] --- Model LSTM berhasil dikompilasi (Standard MAE). Input: 30x6
2025-12-19 01:37:20,581 [INFO    ] [VolcanoAI.LstmEngine] [MainThread] ---     [Tuner] Parameter Terbaik: {'latent_dim': 64, 'learning_rate': 0.0005, 'dropout_rate': 0.2} (Loss: 0.5296)
2025-12-19 01:37:20,666 [INFO    ] [VolcanoAI.LstmEngine] [MainThread] --- Model LSTM berhasil dikompilasi (Standard MAE). Input: 30x6
2025-12-19 01:37:33,137 [INFO    ] [VolcanoAI.LstmEngine] [MainThread] --- [Vault] Model Cluster 0 berhasil dimuat.
2025-12-19 01:37:34,804 [INFO    ] [VolcanoAI.LstmEngine] [MainThread] --- [LSTM] Saved CSV (overwrite-safe): master=output\lstm_results\lstm_records_2y_20241230.csv, recent=output\lstm_results\lstm_recent_15d_20241230.csv, anomalies=output\lstm_results\lstm_anomalies_20241230.csv
2025-12-19 01:37:34,804 [INFO    ] [VolcanoAI_CNN       ] [MainThread] --- === MEMULAI CNN TRAINING PIPELINE V5.0 (TITAN) ===
2025-12-19 01:37:34,809 [INFO    ] [VolcanoAI_CNN       ] [MainThread] --- 
>>> Training CNN Cluster 0
2025-12-19 01:37:34,916 [INFO    ] [VolcanoAI.LstmEngine] [MainThread] --- [Vault] Model Cluster 0 berhasil dimuat.
2025-12-19 01:37:34,921 [WARNING ] [VolcanoAI_CNN       ] [MainThread] --- Skip c0: Gagal get LSTM features (mungkin data kurang).
2025-12-19 01:37:35,560 [INFO    ] [VolcanoAI.LstmEngine] [MainThread] --- [Vault] Model Cluster 0 berhasil dimuat.
2025-12-19 01:37:35,577 [INFO    ] [VolcanoAiPipeline   ] [MainThread] --- ✅ CNN prediction exported (latest + archive)
2025-12-19 01:37:35,601 [INFO    ] [VolcanoAI.NaiveBayesEngine] [MainThread] --- Fitur Terpilih (7): ['Magnitudo', 'Kedalaman (km)', 'isVulkanik', 'isTektonik', 'R3_final', 'PheromoneScore', 'lstm_prediction']
2025-12-19 01:37:36,155 [INFO    ] [VolcanoAI.NaiveBayesEngine] [MainThread] --- Training selesai. Model: CalibratedClassifierCV (Classes: ['Parah' 'Ringan' 'Sedang'])
2025-12-19 01:37:36,174 [INFO    ] [VolcanoAiPipeline   ] [MainThread] --- 
========== PHASE 4: MODEL EVALUATION ==========
2025-12-19 01:37:47,593 [INFO    ] [ACO_Engine_Master   ] [MainThread] --- [ACO Iter-97] Stagnasi (41) → Smooth Reset Pheromone.
2025-12-19 01:37:52,329 [INFO    ] [ACO_Engine_Master   ] [MainThread] --- [ACO Iter-138] Stagnasi (41) → Smooth Reset Pheromone.
2025-12-19 01:38:00,165 [INFO    ] [ACO_Engine_Master   ] [MainThread] --- Visual ACO tersimpan: C:\Users\USER\Downloads\Earthquake_Volcan\Earthquake_Volcano\output\aco_results/aco_impact_zones.html
2025-12-19 01:38:00,165 [INFO    ] [ACO_Engine_Master   ] [MainThread] --- [ACO] Output GA tersimpan → C:\Users\USER\Downloads\Earthquake_Volcan\Earthquake_Volcano\output\aco_results\aco_to_ga.json
2025-12-19 01:38:00,165 [INFO    ] [ACO_Engine_Master   ] [MainThread] --- [ACO] Impact Center: {'center_lat': -8.02812210010487, 'center_lon': 113.31021708696746, 'lat_column_used': 'Lintang', 'lon_column_used': 'Bujur'} | Impact Area (km²): 208.88667577267995
2025-12-19 01:38:00,844 [INFO    ] [VolcanoAI.LstmEngine] [MainThread] --- [LSTM] Saved CSV (overwrite-safe): master=output\lstm_results\lstm_records_2y_20241230.csv, recent=output\lstm_results\lstm_recent_15d_20241230.csv, anomalies=output\lstm_results\lstm_anomalies_20241230.csv
2025-12-19 01:38:00,954 [INFO    ] [VolcanoAI.LstmEngine] [MainThread] --- [Vault] Model Cluster 0 berhasil dimuat.
2025-12-19 01:38:00,984 [ERROR   ] [VolcanoAI.NaiveBayesEngine] [MainThread] --- Evaluasi gagal: At least one label specified must be in y_true
2025-12-19 01:38:01,219 [INFO    ] [VolcanoAI.Reporter  ] [MainThread] --- Generating Dual Dashboard HTML...
2025-12-19 01:38:01,820 [INFO    ] [VolcanoAI.Reporter  ] [MainThread] --- Dashboard Updated: output\VolcanoAI_Analysis_STATIC.html
2025-12-19 01:38:01,820 [INFO    ] [VolcanoAI.Reporter  ] [MainThread] --- Dashboard Updated: output\VolcanoAI_Monitor_LIVE.html
2025-12-19 01:38:01,820 [INFO    ] [VolcanoAI.Reporter  ] [MainThread] --- ✅ Dual Dashboard Updated. Files: LIVE, STATIC.
2025-12-19 01:38:01,820 [INFO    ] [VolcanoAiPipeline   ] [MainThread] --- 
========== PHASE 5: LIVE MONITORING ==========
2025-12-19 01:38:01,820 [INFO    ] [VolcanoAI.LstmEngine] [MainThread] --- Loading 1307 rows to buffer.
2025-12-19 01:38:01,851 [INFO    ] [VolcanoAI.processing.realtime_data_stream] [MainThread] --- === RealtimeSensorManager: START Fetching Data ===
2025-12-19 01:38:01,851 [WARNING ] [VolcanoAI.processing.realtime_data_stream] [MainThread] --- [MIROVA] Log tidak ditemukan: output/realtime/mirova_log.txt
2025-12-19 01:38:02,282 [INFO    ] [VolcanoAI.processing.realtime_data_stream] [MainThread] --- [BMKG] Events: 8
2025-12-19 01:38:02,299 [INFO    ] [VolcanoAI.processing.realtime_data_stream] [MainThread] --- [Injection] Rows: 3
2025-12-19 01:38:02,299 [INFO    ] [VolcanoAI.processing.realtime_data_stream] [MainThread] --- === RealtimeSensorManager: DONE. Sizes: M(0), B(8), I(3) ===
2025-12-19 01:38:02,308 [INFO    ] [FeatureEngineer     ] [MainThread] --- >>> FE INFERENCE: Using existing preprocessor state.
2025-12-19 01:38:02,325 [INFO    ] [FeatureEngineer     ] [MainThread] --- Smart Inference classified 11 unknown events.
2025-12-19 01:38:02,540 [INFO    ] [FeatureEngineer     ] [MainThread] --- Feature Engineering Complete. Shape: (101, 59)
2025-12-19 01:38:02,543 [INFO    ] [VolcanoAiPipeline   ] [MainThread] --- Gempa baru terdeteksi, tetapi di luar area fokus yang dilatih. Skip prediksi.
2025-12-19 01:39:15,486 [INFO    ] [VolcanoAiPipeline   ] [MainThread] --- Monitoring dihentikan. Melakukan penyimpanan akhir...
2025-12-19 01:39:15,489 [INFO    ] [root                ] [MainThread] --- [BUFFER SAVED] output/realtime/processed.csv
2025-12-19 01:39:15,496 [INFO    ] [VolcanoAiPipeline   ] [MainThread] --- Penyimpanan buffer live selesai.
2025-12-19 01:39:15,496 [INFO    ] [VolcanoAiPipeline   ] [MainThread] --- System shutdown. Uptime: 191.96s
