2026-01-02 17:18:02,169 [INFO    ] [root                ] [MainThread] --- Logging diinisialisasi. File: output\pipeline_20260102_171802.log
2026-01-02 17:18:02,170 [INFO    ] [root                ] [MainThread] --- ================================================================================
2026-01-02 17:18:02,171 [INFO    ] [root                ] [MainThread] ---                             VOLCANOAI SYSTEM STARTUP                            
2026-01-02 17:18:02,172 [INFO    ] [root                ] [MainThread] --- ================================================================================
2026-01-02 17:18:02,178 [INFO    ] [root                ] [MainThread] --- [Dashboard] Starting Flask server in background thread (monitoring enabled)...
2026-01-02 17:18:02,199 [INFO    ] [RealtimeSensorManager] [MainThread] --- [MIROVA] Menggunakan log terbaru: output/realtime\mirova_log_20251003-094000.txt
2026-01-02 17:18:02,199 [INFO    ] [VolcanoAiPipeline   ] [MainThread] --- Pipeline VolcanoAI 5.2.0-TITAN-EXCEL initialized successfully.
2026-01-02 17:18:02,200 [INFO    ] [VolcanoAiPipeline   ] [MainThread] --- Starting Pipeline Execution...
2026-01-02 17:18:02,201 [INFO    ] [VolcanoAiPipeline   ] [MainThread] --- 
========== PHASE 1: DATA LOADING ==========
2026-01-02 17:18:02,252 [INFO    ] [VolcanoAiPipeline   ] [MainThread] --- 
========== PHASE 2: FEATURE ENGINEERING ==========
2026-01-02 17:18:02,328 [INFO    ] [FeatureEngineer     ] [MainThread] --- >>> FE TRAIN: Initializing new preprocessor state.
2026-01-02 17:18:02,413 [WARNING ] [FeatureEngineer     ] [MainThread] --- Smart Classifier SKIPPED: Tidak ada data berlabel cukup (fallback ke rule-based).
2026-01-02 17:18:02,498 [WARNING ] [FeatureEngineer     ] [MainThread] --- Imputer Warning: Kolom berikut kosong total saat training -> diisi 0.0: ['OLI_total (W)', 'MSI_total (W)']
2026-01-02 17:18:03,024 [INFO    ] [werkzeug            ] [Thread-1 (_run)] --- [31m[1mWARNING: This is a development server. Do not use it in a production deployment. Use a production WSGI server instead.[0m
 * Running on http://127.0.0.1:5000
2026-01-02 17:18:03,025 [INFO    ] [werkzeug            ] [Thread-1 (_run)] --- [33mPress CTRL+C to quit[0m
2026-01-02 17:18:03,161 [INFO    ] [VolcanoAI.processing.feature_engineer] [MainThread] --- Preprocessor state saved to: output\feature_preprocessor.pkl
2026-01-02 17:18:03,162 [INFO    ] [FeatureEngineer     ] [MainThread] --- Feature Engineering Complete. Shape: (535, 66)
2026-01-02 17:18:03,188 [INFO    ] [FeatureEngineer     ] [MainThread] --- >>> FE TRAIN: Initializing new preprocessor state.
2026-01-02 17:18:03,231 [WARNING ] [FeatureEngineer     ] [MainThread] --- Smart Classifier SKIPPED: Tidak ada data berlabel cukup (fallback ke rule-based).
2026-01-02 17:18:03,272 [WARNING ] [FeatureEngineer     ] [MainThread] --- Imputer Warning: Kolom berikut kosong total saat training -> diisi 0.0: ['OLI_total (W)', 'MSI_total (W)']
2026-01-02 17:18:03,667 [INFO    ] [werkzeug            ] [Thread-263 (process_request_thread)] --- 127.0.0.1 - - [02/Jan/2026 17:18:03] "GET / HTTP/1.1" 200 -
2026-01-02 17:18:04,340 [INFO    ] [werkzeug            ] [Thread-334 (process_request_thread)] --- 127.0.0.1 - - [02/Jan/2026 17:18:04] "[36mGET /static/naive_bayes/confusion_matrix_latest.png HTTP/1.1[0m" 304 -
2026-01-02 17:18:04,519 [INFO    ] [werkzeug            ] [Thread-335 (process_request_thread)] --- 127.0.0.1 - - [02/Jan/2026 17:18:04] "GET /files/output/aco_results/aco_impact_zones.html HTTP/1.1" 200 -
2026-01-02 17:18:04,536 [INFO    ] [werkzeug            ] [Thread-375 (process_request_thread)] --- 127.0.0.1 - - [02/Jan/2026 17:18:04] "GET /files/output/ga_results/ga_from_aco_map.html HTTP/1.1" 200 -
2026-01-02 17:18:04,539 [INFO    ] [VolcanoAI.processing.feature_engineer] [MainThread] --- Preprocessor state saved to: output\feature_preprocessor.pkl
2026-01-02 17:18:04,558 [INFO    ] [FeatureEngineer     ] [MainThread] --- Feature Engineering Complete. Shape: (230, 66)
2026-01-02 17:18:04,577 [INFO    ] [VolcanoAiPipeline   ] [MainThread] --- 
========== PHASE 3: MODEL TRAINING ==========
2026-01-02 17:18:04,608 [DEBUG   ] [ACO_Engine_Master   ] [MainThread] --- [ACO] DataFrame masuk: 535 baris, 66 kolom
2026-01-02 17:18:04,627 [DEBUG   ] [ACO_Engine_Master   ] [MainThread] --- [ACO] Kolom: ['Acquired_Date', 'EQ_Lintang', 'EQ_Bujur', 'Magnitudo', 'Kedalaman (km)', 'Nama', 'Sumber', 'VRP_Max', 'Hembusan', 'Tektonik_Lokal', 'Tektonik_Jauh', 'Tremor_Menerus', 'Vulkanik_Dangkal', 'Vulkanik_Dalam', 'Letusan_Erupsi', 'Guguran', 'Harmonik', 'Tremor_Non_Harmonik', 'Magnitudo_Original', 'Kedalaman_Original', 'Tanggal', 'Keterangan', 'isVulkanik', 'isTektonik', 'seismic_energy_log10', 'R1_final', 'R2_final', 'R3_final', 'AreaTerdampak_km2', 'tfe_doy_sin', 'tfe_doy_cos', 'tfe_weekday_sin', 'Intensity', 'cluster_id', 'time_since_last_event_days', 'OLI_total (W)', 'MSI_total (W)', 'Magnitudo_scaled', 'Kedalaman (km)_scaled', 'seismic_energy_log10_scaled', 'time_since_last_event_days_scaled', 'impact_level', 'Magnitudo_lag1', 'Magnitudo_lag3', 'Magnitudo_roll_mean3', 'Magnitudo_roll_std3', 'Magnitudo_roll_mean7', 'Magnitudo_roll_std7', 'VRP_Max_lag1', 'VRP_Max_lag3', 'VRP_Max_roll_mean3', 'VRP_Max_roll_std3', 'VRP_Max_roll_mean7', 'VRP_Max_roll_std7', 'R3_final_lag1', 'R3_final_lag3', 'R3_final_roll_mean3', 'R3_final_roll_std3', 'R3_final_roll_mean7', 'R3_final_roll_std7', 'seismic_energy_log10_lag1', 'seismic_energy_log10_lag3', 'seismic_energy_log10_roll_mean3', 'seismic_energy_log10_roll_std3', 'seismic_energy_log10_roll_mean7', 'seismic_energy_log10_roll_std7']
2026-01-02 17:18:04,851 [DEBUG   ] [ACO_Engine_Master   ] [MainThread] ---         Acquired_Date  EQ_Lintang    EQ_Bujur  Magnitudo  Kedalaman (km)   Nama            Sumber  VRP_Max  Hembusan  Tektonik_Lokal  Tektonik_Jauh  Tremor_Menerus  Vulkanik_Dangkal  Vulkanik_Dalam  Letusan_Erupsi  Guguran  Harmonik  Tremor_Non_Harmonik  Magnitudo_Original  Kedalaman_Original             Tanggal Keterangan  isVulkanik  isTektonik  seismic_energy_log10   R1_final   R2_final   R3_final  AreaTerdampak_km2  tfe_doy_sin  tfe_doy_cos  tfe_weekday_sin  Intensity  cluster_id  time_since_last_event_days  OLI_total (W)  MSI_total (W)  Magnitudo_scaled  Kedalaman (km)_scaled  seismic_energy_log10_scaled  time_since_last_event_days_scaled impact_level  Magnitudo_lag1  Magnitudo_lag3  Magnitudo_roll_mean3  Magnitudo_roll_std3  Magnitudo_roll_mean7  Magnitudo_roll_std7  VRP_Max_lag1  VRP_Max_lag3  VRP_Max_roll_mean3  VRP_Max_roll_std3  VRP_Max_roll_mean7  VRP_Max_roll_std7  R3_final_lag1  R3_final_lag3  R3_final_roll_mean3  R3_final_roll_std3  R3_final_roll_mean7  R3_final_roll_std7  seismic_energy_log10_lag1  seismic_energy_log10_lag3  seismic_energy_log10_roll_mean3  seismic_energy_log10_roll_std3  seismic_energy_log10_roll_mean7  seismic_energy_log10_roll_std7
0 2022-01-01 07:57:00   -7.916717  112.306117       3.47              11  Kelud  VolcanoDiscovery      0.0         0               0              0               0                 1               0               0        0         0                    0                3.47                  11 2022-01-01 07:57:00    Unknown           0           1                10.005  12.631156  27.788543  50.524624        8019.661776     0.017202     0.999852        -0.974928       34.7           0                    2.777859            0.0            0.0          0.041344              -0.229508                     0.041344                           2.306543       Sedang            0.00            0.00              3.470000             0.000000                3.4700             0.000000           0.0           0.0                 0.0                0.0                 0.0                0.0       0.000000       0.000000            50.524624            0.000000            50.524624            0.000000                      0.000                      0.000                          10.0050                        0.000000                         10.00500                        0.000000
1 2022-01-02 03:26:00   -7.927617  112.260764       5.46               8  Kelud  VolcanoDiscovery      0.0         0               5              3               0                 0               0               0        0         3                    0                5.46                   8 2022-01-02 03:26:00    Unknown           0           1                12.990  19.824000  43.612800  79.296000       19753.881010     0.034398     0.999408        -0.781831       54.6           0                    0.811806            0.0            0.0          1.069767              -0.327869                     1.069767                           0.240788        Parah            3.47            0.00              4.465000             1.407142                4.4650             1.407142           0.0           0.0                 0.0                0.0                 0.0                0.0      50.524624       0.000000            64.910312           20.344435            64.910312           20.344435                     10.005                      0.000                          11.4975                        2.110714                         11.49750                        2.110714
2 2022-01-02 11:35:00   -7.933503  112.917144       3.13              65  Bromo  VolcanoDiscovery      0.0         5               1              5               0                 0               0               1        2         0                    0                3.13                  65 2022-01-02 11:35:00    Unknown           0           1                 9.495   9.651069  21.232351  38.604275        4681.884303     0.034398     0.999408        -0.781831       31.3           0                    0.339583            0.0            0.0         -0.134367               1.540984                    -0.134367                          -0.255381       Ringan            5.46            0.00              4.020000             1.258610                4.0200             1.258610           0.0           0.0                 0.0                0.0                 0.0                0.0      79.296000       0.000000            56.141633           20.919302            56.141633           20.919302                     12.990                      0.000                          10.8300                        1.887916                         10.83000                        1.887916
3 2022-01-02 16:55:00   -8.186015  114.068209       4.61              25  Raung  VolcanoDiscovery      0.0         1               0              0               0                 0               4               5        2         0                    0                4.61                  25 2022-01-02 16:55:00    Unknown           0           1                11.715  14.739725  32.427395  58.958900       10920.653238     0.034398     0.999408        -0.781831       46.1           0                    0.222222            0.0            0.0          0.630491               0.229508                     0.630491                          -0.378694        Parah            3.13            3.47              4.400000             1.179110                4.1675             1.069155           0.0           0.0                 0.0                0.0                 0.0                0.0      38.604275      50.524624            58.953058           20.345863            56.845950           17.138525                      9.495                     10.005                          11.4000                        1.768665                         11.05125                        1.603732
4 2022-01-04 08:46:00   -7.958622  112.954185       2.20               5  Bromo  VolcanoDiscovery      0.0         0               0              0               0                 0               0               0        5         0                    0                2.20                   5 2022-01-04 08:46:00    Unknown           0           1                 8.100  11.527500  25.360500  46.110000        6679.440986     0.068755     0.997634         0.781831       22.0           0                    1.660417            0.0            0.0         -0.614987              -0.426230                    -0.614987                           1.132433       Sedang            4.61            5.46              3.313333             1.215415                3.7740             1.277314           0.0           0.0                 0.0                0.0                 0.0                0.0      58.958900      79.296000            47.891058           10.293533            54.698760           15.599645                     11.715                     12.990                           9.7700                        1.823122                         10.46100                        1.915970
2026-01-02 17:18:20,781 [INFO    ] [ACO_Engine_Master   ] [MainThread] --- [ACO Iter-76] Stagnasi (41) → Smooth Reset Pheromone.
2026-01-02 17:18:27,091 [INFO    ] [ACO_Engine_Master   ] [MainThread] --- [ACO Iter-117] Stagnasi (41) → Smooth Reset Pheromone.
2026-01-02 17:18:38,311 [INFO    ] [ACO_Engine_Master   ] [MainThread] --- [ACO Iter-183] Stagnasi (41) → Smooth Reset Pheromone.
2026-01-02 17:18:40,780 [INFO    ] [ACO_Engine_Master   ] [MainThread] --- [ACO] Minimal GA input saved → C:\Users\USER\Downloads\Earthquake_Volcan\Earthquake_Volcano\output\aco_results\aco_to_ga.json (atomic)
2026-01-02 17:18:42,338 [INFO    ] [ACO_Engine_Master   ] [MainThread] --- [ACO] Visual ACO tersimpan → C:\Users\USER\Downloads\Earthquake_Volcan\Earthquake_Volcano\output\aco_results/aco_impact_zones.html
2026-01-02 17:18:42,339 [INFO    ] [VolcanoAI.GaEngine  ] [MainThread] --- 
================================================================================
2026-01-02 17:18:42,340 [INFO    ] [VolcanoAI.GaEngine  ] [MainThread] ---                  === GA ENGINE START (Input from ACO Only) ===                  
2026-01-02 17:18:42,342 [INFO    ] [VolcanoAI.GaEngine  ] [MainThread] --- ================================================================================
2026-01-02 17:19:05,269 [INFO    ] [werkzeug            ] [Thread-414 (process_request_thread)] --- 127.0.0.1 - - [02/Jan/2026 17:19:05] "GET / HTTP/1.1" 200 -
2026-01-02 17:19:05,296 [INFO    ] [VolcanoAI.GaEngine  ] [MainThread] --- GA Map saved (atomic) → output\ga_results\ga_from_aco_map.html
2026-01-02 17:19:05,298 [INFO    ] [VolcanoAI.GaEngine  ] [MainThread] ---                      === GA ENGINE COMPLETE (ACO Mode) ===                      
2026-01-02 17:19:05,299 [INFO    ] [werkzeug            ] [Thread-415 (process_request_thread)] --- 127.0.0.1 - - [02/Jan/2026 17:19:05] "[36mGET /static/naive_bayes/confusion_matrix_latest.png HTTP/1.1[0m" 304 -
2026-01-02 17:19:05,301 [INFO    ] [VolcanoAI.LstmEngine] [MainThread] --- === LSTM V6.0 TITAN TRAINING START ===
2026-01-02 17:19:05,376 [INFO    ] [werkzeug            ] [Thread-416 (process_request_thread)] --- 127.0.0.1 - - [02/Jan/2026 17:19:05] "GET /files/output/aco_results/aco_impact_zones.html HTTP/1.1" 200 -
2026-01-02 17:19:05,419 [INFO    ] [VolcanoAI.LstmEngine] [MainThread] --- Processing Cluster 0...
2026-01-02 17:19:05,452 [INFO    ] [VolcanoAI.LstmEngine] [MainThread] ---     [Tuner] Menjalankan 3 trial optimasi...
2026-01-02 17:19:06,341 [INFO    ] [werkzeug            ] [Thread-417 (process_request_thread)] --- 127.0.0.1 - - [02/Jan/2026 17:19:06] "GET /files/output/ga_results/ga_from_aco_map.html HTTP/1.1" 200 -
2026-01-02 17:19:09,093 [WARNING ] [tensorflow          ] [MainThread] --- From C:\Users\USER\Downloads\Earthquake_Volcan\Earthquake_Volcano\env\lib\site-packages\keras\src\backend\common\global_state.py:82: The name tf.reset_default_graph is deprecated. Please use tf.compat.v1.reset_default_graph instead.

2026-01-02 17:19:10,076 [INFO    ] [VolcanoAI.LstmEngine] [MainThread] --- Model LSTM berhasil dikompilasi (Standard MAE). Input: 30x6
2026-01-02 17:19:18,728 [INFO    ] [VolcanoAI.LstmEngine] [MainThread] --- Model LSTM berhasil dikompilasi (Standard MAE). Input: 30x6
2026-01-02 17:19:26,610 [INFO    ] [VolcanoAI.LstmEngine] [MainThread] --- Model LSTM berhasil dikompilasi (Standard MAE). Input: 30x6
2026-01-02 17:19:34,848 [INFO    ] [VolcanoAI.LstmEngine] [MainThread] ---     [Tuner] Parameter Terbaik: {'latent_dim': 128, 'learning_rate': 0.0001, 'dropout_rate': 0.1} (Loss: 0.5793)
2026-01-02 17:19:34,984 [INFO    ] [VolcanoAI.LstmEngine] [MainThread] --- Model LSTM berhasil dikompilasi (Standard MAE). Input: 30x6
2026-01-02 17:19:53,162 [INFO    ] [VolcanoAI.LstmEngine] [MainThread] --- [Vault] Model Cluster 0 berhasil dimuat.
2026-01-02 17:19:54,387 [INFO    ] [VolcanoAI.LstmEngine] [MainThread] --- [LSTM] Data terbaru berhasil diperkaya dengan vektor ACO, GA & CNN.
2026-01-02 17:19:54,919 [INFO    ] [VolcanoAI.LstmEngine] [MainThread] --- [LSTM] GA summary saved: output\lstm_results\lstm_ga_summary_20260102.csv
2026-01-02 17:19:54,926 [INFO    ] [VolcanoAI.LstmEngine] [MainThread] --- [LSTM] ACO summary saved: output\lstm_results\lstm_aco_summary_20260102.csv
2026-01-02 17:19:54,926 [INFO    ] [VolcanoAI.LstmEngine] [MainThread] --- [LSTM] All records saved successfully for timestamp 20260102
2026-01-02 17:19:54,927 [INFO    ] [VolcanoAI_CNN       ] [MainThread] --- === MEMULAI CNN TRAINING PIPELINE V5.0 (TITAN) ===
2026-01-02 17:19:54,931 [WARNING ] [VolcanoAI_CNN       ] [MainThread] --- [CNN] No model file for cluster 0, will fallback.
2026-01-02 17:19:55,118 [INFO    ] [VolcanoAI.LstmEngine] [MainThread] --- [Vault] Model Cluster 0 berhasil dimuat.
2026-01-02 17:19:55,123 [WARNING ] [VolcanoAI.LstmEngine] [MainThread] --- [LSTM] extract_hidden_states failed: tuple index out of range
2026-01-02 17:19:55,390 [WARNING ] [VolcanoAI_CNN       ] [MainThread] --- [CNN] Cluster 0 invalid (no model or empty spatial) → fallback area.
2026-01-02 17:19:55,395 [ERROR   ] [VolcanoAiPipeline   ] [MainThread] --- [CNN] failed → pipeline stopped: CNN returned invalid DataFrame
Traceback (most recent call last):
  File "C:\Users\USER\Downloads\Earthquake_Volcan\Earthquake_Volcano\main.py", line 347, in _run_training_flow
    raise ValueError("CNN returned invalid DataFrame")
ValueError: CNN returned invalid DataFrame
2026-01-02 17:19:55,396 [INFO    ] [VolcanoAiPipeline   ] [MainThread] --- 
========== PHASE 4: MODEL EVALUATION ==========
2026-01-02 17:19:55,397 [DEBUG   ] [ACO_Engine_Master   ] [MainThread] --- [ACO] DataFrame masuk: 230 baris, 66 kolom
2026-01-02 17:19:55,398 [DEBUG   ] [ACO_Engine_Master   ] [MainThread] --- [ACO] Kolom: ['Acquired_Date', 'EQ_Lintang', 'EQ_Bujur', 'Magnitudo', 'Kedalaman (km)', 'Nama', 'Sumber', 'VRP_Max', 'Hembusan', 'Tektonik_Lokal', 'Tektonik_Jauh', 'Tremor_Menerus', 'Vulkanik_Dangkal', 'Vulkanik_Dalam', 'Letusan_Erupsi', 'Guguran', 'Harmonik', 'Tremor_Non_Harmonik', 'Magnitudo_Original', 'Kedalaman_Original', 'Tanggal', 'Keterangan', 'isVulkanik', 'isTektonik', 'seismic_energy_log10', 'R1_final', 'R2_final', 'R3_final', 'AreaTerdampak_km2', 'tfe_doy_sin', 'tfe_doy_cos', 'tfe_weekday_sin', 'Intensity', 'cluster_id', 'time_since_last_event_days', 'OLI_total (W)', 'MSI_total (W)', 'Magnitudo_scaled', 'Kedalaman (km)_scaled', 'seismic_energy_log10_scaled', 'time_since_last_event_days_scaled', 'impact_level', 'Magnitudo_lag1', 'Magnitudo_lag3', 'Magnitudo_roll_mean3', 'Magnitudo_roll_std3', 'Magnitudo_roll_mean7', 'Magnitudo_roll_std7', 'VRP_Max_lag1', 'VRP_Max_lag3', 'VRP_Max_roll_mean3', 'VRP_Max_roll_std3', 'VRP_Max_roll_mean7', 'VRP_Max_roll_std7', 'R3_final_lag1', 'R3_final_lag3', 'R3_final_roll_mean3', 'R3_final_roll_std3', 'R3_final_roll_mean7', 'R3_final_roll_std7', 'seismic_energy_log10_lag1', 'seismic_energy_log10_lag3', 'seismic_energy_log10_roll_mean3', 'seismic_energy_log10_roll_std3', 'seismic_energy_log10_roll_mean7', 'seismic_energy_log10_roll_std7']
2026-01-02 17:19:55,422 [DEBUG   ] [ACO_Engine_Master   ] [MainThread] ---         Acquired_Date  EQ_Lintang    EQ_Bujur  Magnitudo  Kedalaman (km)   Nama            Sumber  VRP_Max  Hembusan  Tektonik_Lokal  Tektonik_Jauh  Tremor_Menerus  Vulkanik_Dangkal  Vulkanik_Dalam  Letusan_Erupsi  Guguran  Harmonik  Tremor_Non_Harmonik  Magnitudo_Original  Kedalaman_Original             Tanggal Keterangan  isVulkanik  isTektonik  seismic_energy_log10   R1_final   R2_final    R3_final  AreaTerdampak_km2  tfe_doy_sin  tfe_doy_cos  tfe_weekday_sin  Intensity  cluster_id  time_since_last_event_days  OLI_total (W)  MSI_total (W)  Magnitudo_scaled  Kedalaman (km)_scaled  seismic_energy_log10_scaled  time_since_last_event_days_scaled impact_level  Magnitudo_lag1  Magnitudo_lag3  Magnitudo_roll_mean3  Magnitudo_roll_std3  Magnitudo_roll_mean7  Magnitudo_roll_std7  VRP_Max_lag1  VRP_Max_lag3  VRP_Max_roll_mean3  VRP_Max_roll_std3  VRP_Max_roll_mean7  VRP_Max_roll_std7  R3_final_lag1  R3_final_lag3  R3_final_roll_mean3  R3_final_roll_std3  R3_final_roll_mean7  R3_final_roll_std7  seismic_energy_log10_lag1  seismic_energy_log10_lag3  seismic_energy_log10_roll_mean3  seismic_energy_log10_roll_std3  seismic_energy_log10_roll_mean7  seismic_energy_log10_roll_std7
0 2022-01-04 03:51:00   -8.120653  114.043043       3.52               6  Raung  VolcanoDiscovery      0.0         0               0              0               0                 0               0               0        0         1                    0                3.52                   6 2022-01-04 03:51:00    Unknown           0           1                10.080  14.877444  32.730378   59.509778       11125.679110     0.068755     0.997634         0.781831       35.2           0                    6.123393            0.0            0.0          0.023747              -0.452174                     0.023747                           1.422466        Parah            0.00            0.00                 3.520             0.000000                3.5200             0.000000           0.0           0.0                 0.0                0.0                 0.0                0.0       0.000000       0.000000            59.509778            0.000000            59.509778            0.000000                      0.000                      0.000                          10.0800                        0.000000                         10.08000                        0.000000
1 2022-01-05 13:34:00   -7.877878  113.010213       3.59              55  Bromo  VolcanoDiscovery      0.0         0               1              1               0                 0               2               0        1         0                    0                3.59                  55 2022-01-05 13:34:00    Unknown           0           1                10.185  11.095681  24.410498   44.382723        6188.391247     0.085906     0.996303         0.974928       35.9           0                    1.404861            0.0            0.0          0.060686               1.252174                     0.060686                           0.000314       Sedang            3.52            0.00                 3.555             0.049497                3.5550             0.049497           0.0           0.0                 0.0                0.0                 0.0                0.0      59.509778       0.000000            51.946250           10.696443            51.946250           10.696443                     10.080                      0.000                          10.1325                        0.074246                         10.13250                        0.074246
2 2022-01-09 12:54:00   -7.914583  112.297208       3.90               9  Kelud  VolcanoDiscovery      0.0         0               0              0               0                 0               2               0        0         0                    0                3.90                   9 2022-01-09 12:54:00    Unknown           0           1                10.650  14.521651  31.947633   58.086605       10599.902233     0.154204     0.988039        -0.781831       39.0           0                    3.972222            0.0            0.0          0.224274              -0.347826                     0.224274                           0.774109        Parah            3.59            0.00                 3.670             0.202237                3.6700             0.202237           0.0           0.0                 0.0                0.0                 0.0                0.0      44.382723       0.000000            53.993035            8.353139            53.993035            8.353139                     10.185                      0.000                          10.3050                        0.303356                         10.30500                        0.303356
3 2022-01-09 14:37:00   -8.103612  114.055975       1.06              19  Raung  VolcanoDiscovery      0.0         0               0              0               0                 5               0               0        0         0                    0                1.06                  19 2022-01-09 14:37:00    Unknown           0           1                 6.390   4.291109   9.440439   17.164435         925.569196     0.154204     0.988039        -0.781831       10.6           0                    0.071528            0.0            0.0         -1.274406               0.000000                    -1.274406                          -0.401549       Ringan            3.90            3.52                 2.850             1.557915                3.0175             1.315406           0.0           0.0                 0.0                0.0                 0.0                0.0      58.086605      59.509778            39.877921           20.829689            44.785885           19.636779                     10.650                     10.080                           9.0750                        2.336873                          9.32625                        1.973108
4 2022-01-11 03:09:00   -7.935505  112.952886       2.15               0  Bromo  VolcanoDiscovery      0.0         3               0              1               0                 0               4               0        3         0                    0                2.15                   0 2022-01-11 03:09:00    Unknown           0           1                 8.025  39.344375  86.557625  157.377500       77809.953700     0.188099     0.982150         0.781831       21.5           0                    1.522222            0.0            0.0         -0.699208              -0.660870                    -0.699208                           0.035686        Parah            1.06            3.59                 2.370             1.432725                2.8440             1.203424           0.0           0.0                 0.0                0.0                 0.0                0.0      17.164435      44.382723            77.542847           72.102947            67.304208           53.146746                      6.390                     10.185                           8.3550                        2.149087                          9.06600                        1.805136
2026-01-02 17:19:59,911 [INFO    ] [werkzeug            ] [Thread-418 (process_request_thread)] --- 127.0.0.1 - - [02/Jan/2026 17:19:59] "GET / HTTP/1.1" 200 -
2026-01-02 17:20:00,146 [INFO    ] [werkzeug            ] [Thread-419 (process_request_thread)] --- 127.0.0.1 - - [02/Jan/2026 17:20:00] "[36mGET /static/naive_bayes/confusion_matrix_latest.png HTTP/1.1[0m" 304 -
2026-01-02 17:20:00,296 [INFO    ] [werkzeug            ] [Thread-420 (process_request_thread)] --- 127.0.0.1 - - [02/Jan/2026 17:20:00] "GET /files/output/aco_results/aco_impact_zones.html HTTP/1.1" 200 -
2026-01-02 17:20:00,386 [INFO    ] [werkzeug            ] [Thread-421 (process_request_thread)] --- 127.0.0.1 - - [02/Jan/2026 17:20:00] "GET /files/output/ga_results/ga_from_aco_map.html HTTP/1.1" 200 -
2026-01-02 17:20:02,874 [INFO    ] [ACO_Engine_Master   ] [MainThread] --- [ACO Iter-51] Stagnasi (41) → Smooth Reset Pheromone.
2026-01-02 17:20:10,091 [INFO    ] [ACO_Engine_Master   ] [MainThread] --- [ACO Iter-92] Stagnasi (41) → Smooth Reset Pheromone.
2026-01-02 17:20:16,522 [INFO    ] [ACO_Engine_Master   ] [MainThread] --- [ACO Iter-133] Stagnasi (41) → Smooth Reset Pheromone.
2026-01-02 17:20:23,079 [INFO    ] [ACO_Engine_Master   ] [MainThread] --- [ACO Iter-174] Stagnasi (41) → Smooth Reset Pheromone.
2026-01-02 17:20:27,488 [INFO    ] [ACO_Engine_Master   ] [MainThread] --- [ACO] Minimal GA input saved → C:\Users\USER\Downloads\Earthquake_Volcan\Earthquake_Volcano\output\aco_results\aco_to_ga.json (atomic)
2026-01-02 17:20:28,151 [INFO    ] [ACO_Engine_Master   ] [MainThread] --- [ACO] Visual ACO tersimpan → C:\Users\USER\Downloads\Earthquake_Volcan\Earthquake_Volcano\output\aco_results/aco_impact_zones.html
2026-01-02 17:20:28,624 [INFO    ] [VolcanoAI.LstmEngine] [MainThread] --- [LSTM] Data terbaru berhasil diperkaya dengan vektor ACO, GA & CNN.
2026-01-02 17:20:29,240 [INFO    ] [VolcanoAI.LstmEngine] [MainThread] --- [LSTM] GA summary saved: output\lstm_results\lstm_ga_summary_20260102.csv
2026-01-02 17:20:29,244 [INFO    ] [VolcanoAI.LstmEngine] [MainThread] --- [LSTM] ACO summary saved: output\lstm_results\lstm_aco_summary_20260102.csv
2026-01-02 17:20:29,246 [INFO    ] [VolcanoAI.LstmEngine] [MainThread] --- [LSTM] All records saved successfully for timestamp 20260102
2026-01-02 17:20:29,249 [WARNING ] [VolcanoAI_CNN       ] [MainThread] --- [CNN] No model file for cluster 0, will fallback.
2026-01-02 17:20:29,442 [INFO    ] [VolcanoAI.LstmEngine] [MainThread] --- [Vault] Model Cluster 0 berhasil dimuat.
2026-01-02 17:20:29,444 [WARNING ] [VolcanoAI.LstmEngine] [MainThread] --- [LSTM] extract_hidden_states failed: tuple index out of range
2026-01-02 17:20:29,558 [WARNING ] [VolcanoAI_CNN       ] [MainThread] --- [CNN] Cluster 0 invalid (no model or empty spatial) → fallback area.
2026-01-02 17:20:29,563 [CRITICAL] [PipelineGuard       ] [MainThread] --- CRASH di _run_evaluation_flow: 'NoneType' object has no attribute 'evaluate'
2026-01-02 17:20:29,564 [CRITICAL] [VolcanoAiPipeline   ] [MainThread] --- PIPELINE FAILED: 'NoneType' object has no attribute 'evaluate'
Traceback (most recent call last):
  File "C:\Users\USER\Downloads\Earthquake_Volcan\Earthquake_Volcano\main.py", line 691, in run
    df_final, metrics, anomalies = self._run_evaluation_flow() # Panggil fungsi untuk menjalankan alur evaluasi model
  File "C:\Users\USER\Downloads\Earthquake_Volcan\Earthquake_Volcano\main.py", line 102, in wrapper
    raise e
  File "C:\Users\USER\Downloads\Earthquake_Volcan\Earthquake_Volcano\main.py", line 95, in wrapper
    return func(*args, **kwargs) # coba jalankan fungsi asli yang dilindungi
  File "C:\Users\USER\Downloads\Earthquake_Volcan\Earthquake_Volcano\main.py", line 470, in _run_evaluation_flow
    df_final, metrics = nb.evaluate(df_eval) # Lakukan evaluasi menggunakan engine Naive Bayes
AttributeError: 'NoneType' object has no attribute 'evaluate'
2026-01-02 17:20:29,565 [INFO    ] [VolcanoAiPipeline   ] [MainThread] --- System shutdown. Uptime: 147.36s
