2025-12-24 19:31:33,049 [INFO    ] [root                ] [MainThread] --- Logging diinisialisasi. File: output\pipeline_20251224_193133.log
2025-12-24 19:31:33,049 [INFO    ] [root                ] [MainThread] --- ================================================================================
2025-12-24 19:31:33,049 [INFO    ] [root                ] [MainThread] ---                             VOLCANOAI SYSTEM STARTUP                            
2025-12-24 19:31:33,049 [INFO    ] [root                ] [MainThread] --- ================================================================================
2025-12-24 19:31:33,058 [INFO    ] [root                ] [MainThread] --- [Dashboard] Starting Flask server in background thread (monitoring enabled)...
2025-12-24 19:31:33,064 [INFO    ] [RealtimeSensorManager] [MainThread] --- [MIROVA] Menggunakan log terbaru: output/realtime\mirova_log_20251003-094000.txt
2025-12-24 19:31:33,064 [INFO    ] [VolcanoAiPipeline   ] [MainThread] --- Pipeline VolcanoAI 5.2.0-TITAN-EXCEL initialized successfully.
2025-12-24 19:31:33,064 [INFO    ] [VolcanoAiPipeline   ] [MainThread] --- Starting Pipeline Execution...
2025-12-24 19:31:33,064 [INFO    ] [VolcanoAiPipeline   ] [MainThread] --- 
========== PHASE 1: DATA LOADING ==========
2025-12-24 19:31:33,080 [INFO    ] [VolcanoAiPipeline   ] [MainThread] --- 
========== PHASE 2: FEATURE ENGINEERING ==========
2025-12-24 19:31:33,111 [INFO    ] [FeatureEngineer     ] [MainThread] --- >>> FE TRAIN: Initializing new preprocessor state.
2025-12-24 19:31:33,182 [INFO    ] [FeatureEngineer     ] [MainThread] --- Smart Classifier Trained.
2025-12-24 19:31:33,203 [WARNING ] [FeatureEngineer     ] [MainThread] --- Imputer Warning: Kolom berikut kosong total saat training -> diisi 0.0: ['OLI_total (W)', 'MSI_total (W)']
2025-12-24 19:31:33,485 [INFO    ] [werkzeug            ] [Thread-1 (_run)] --- [31m[1mWARNING: This is a development server. Do not use it in a production deployment. Use a production WSGI server instead.[0m
 * Running on http://127.0.0.1:5000
2025-12-24 19:31:33,492 [INFO    ] [werkzeug            ] [Thread-1 (_run)] --- [33mPress CTRL+C to quit[0m
2025-12-24 19:31:33,687 [INFO    ] [werkzeug            ] [Thread-193 (process_request_thread)] --- 127.0.0.1 - - [24/Dec/2025 19:31:33] "GET / HTTP/1.1" 200 -
2025-12-24 19:31:33,745 [INFO    ] [VolcanoAI.processing.feature_engineer] [MainThread] --- Preprocessor state saved to: output\feature_preprocessor.pkl
2025-12-24 19:31:33,745 [INFO    ] [FeatureEngineer     ] [MainThread] --- Feature Engineering Complete. Shape: (21, 60)
2025-12-24 19:31:33,778 [INFO    ] [FeatureEngineer     ] [MainThread] --- >>> FE TRAIN: Initializing new preprocessor state.
2025-12-24 19:31:33,961 [INFO    ] [FeatureEngineer     ] [MainThread] --- Smart Classifier Trained.
2025-12-24 19:31:34,082 [INFO    ] [werkzeug            ] [Thread-207 (process_request_thread)] --- 127.0.0.1 - - [24/Dec/2025 19:31:34] "[36mGET /files/output/naive_bayes_results/confusion_matrix.png HTTP/1.1[0m" 304 -
2025-12-24 19:31:34,082 [INFO    ] [werkzeug            ] [Thread-208 (process_request_thread)] --- 127.0.0.1 - - [24/Dec/2025 19:31:34] "[36mGET /files/output/naive_bayes_results/roc_curves.png HTTP/1.1[0m" 304 -
2025-12-24 19:31:34,135 [INFO    ] [werkzeug            ] [Thread-209 (process_request_thread)] --- 127.0.0.1 - - [24/Dec/2025 19:31:34] "[36mGET /files/output/aco_results/aco_impact_zones.html HTTP/1.1[0m" 304 -
2025-12-24 19:31:34,142 [INFO    ] [werkzeug            ] [Thread-211 (process_request_thread)] --- 127.0.0.1 - - [24/Dec/2025 19:31:34] "[36mGET /files/output/cnn_results/cnn_prediction_map.html HTTP/1.1[0m" 304 -
2025-12-24 19:31:34,146 [INFO    ] [werkzeug            ] [Thread-210 (process_request_thread)] --- 127.0.0.1 - - [24/Dec/2025 19:31:34] "[36mGET /files/output/ga_results/ga_path_map.html HTTP/1.1[0m" 304 -
2025-12-24 19:31:34,425 [INFO    ] [werkzeug            ] [Thread-214 (process_request_thread)] --- 127.0.0.1 - - [24/Dec/2025 19:31:34] "[33mGET /favicon.ico HTTP/1.1[0m" 404 -
2025-12-24 19:31:36,822 [WARNING ] [FeatureEngineer     ] [MainThread] --- Imputer Warning: Kolom berikut kosong total saat training -> diisi 0.0: ['OLI_total (W)', 'MSI_total (W)']
2025-12-24 19:31:37,272 [INFO    ] [VolcanoAI.processing.feature_engineer] [MainThread] --- Preprocessor state saved to: output\feature_preprocessor.pkl
2025-12-24 19:31:37,272 [INFO    ] [FeatureEngineer     ] [MainThread] --- Feature Engineering Complete. Shape: (9, 60)
2025-12-24 19:31:37,273 [INFO    ] [VolcanoAiPipeline   ] [MainThread] --- 
========== PHASE 3: MODEL TRAINING ==========
2025-12-24 19:31:43,946 [INFO    ] [werkzeug            ] [Thread-419 (process_request_thread)] --- 127.0.0.1 - - [24/Dec/2025 19:31:43] "GET / HTTP/1.1" 200 -
2025-12-24 19:31:44,352 [INFO    ] [werkzeug            ] [Thread-421 (process_request_thread)] --- 127.0.0.1 - - [24/Dec/2025 19:31:44] "[36mGET /files/output/naive_bayes_results/confusion_matrix.png HTTP/1.1[0m" 304 -
2025-12-24 19:31:44,354 [INFO    ] [werkzeug            ] [Thread-423 (process_request_thread)] --- 127.0.0.1 - - [24/Dec/2025 19:31:44] "[36mGET /files/output/aco_results/aco_impact_zones.html HTTP/1.1[0m" 304 -
2025-12-24 19:31:44,367 [INFO    ] [werkzeug            ] [Thread-422 (process_request_thread)] --- 127.0.0.1 - - [24/Dec/2025 19:31:44] "[36mGET /files/output/naive_bayes_results/roc_curves.png HTTP/1.1[0m" 304 -
2025-12-24 19:31:44,398 [INFO    ] [werkzeug            ] [Thread-424 (process_request_thread)] --- 127.0.0.1 - - [24/Dec/2025 19:31:44] "[36mGET /files/output/ga_results/ga_path_map.html HTTP/1.1[0m" 304 -
2025-12-24 19:31:44,399 [INFO    ] [werkzeug            ] [Thread-425 (process_request_thread)] --- 127.0.0.1 - - [24/Dec/2025 19:31:44] "[36mGET /files/output/cnn_results/cnn_prediction_map.html HTTP/1.1[0m" 304 -
2025-12-24 19:31:45,115 [INFO    ] [ACO_Engine_Master   ] [MainThread] --- [ACO Iter-89] Stagnasi (41) → Smooth Reset Pheromone.
2025-12-24 19:31:50,905 [INFO    ] [ACO_Engine_Master   ] [MainThread] --- [ACO Iter-167] Stagnasi (41) → Smooth Reset Pheromone.
2025-12-24 19:31:53,400 [INFO    ] [ACO_Engine_Master   ] [MainThread] --- [ACO] Output GA tersimpan → C:\Users\USER\Downloads\Earthquake_Volcan\Earthquake_Volcano\output\aco_results\aco_to_ga.json
2025-12-24 19:31:53,752 [ERROR   ] [ACO_Engine_Master   ] [MainThread] --- Gagal menyimpan output ACO: [Errno 13] Permission denied: 'C:\\Users\\USER\\Downloads\\Earthquake_Volcan\\Earthquake_Volcano\\output\\aco_results/aco_epicenters.csv'
2025-12-24 19:31:53,793 [INFO    ] [ACO_Engine_Master   ] [MainThread] --- [ACO] Visual ACO tersimpan → C:\Users\USER\Downloads\Earthquake_Volcan\Earthquake_Volcano\output\aco_results/aco_impact_zones.html
2025-12-24 19:31:53,793 [INFO    ] [VolcanoAI.GaEngine  ] [MainThread] --- 
================================================================================
2025-12-24 19:31:53,795 [INFO    ] [VolcanoAI.GaEngine  ] [MainThread] ---                             === GA ENGINE START ===                             
2025-12-24 19:31:53,795 [INFO    ] [VolcanoAI.GaEngine  ] [MainThread] --- ================================================================================
2025-12-24 19:31:53,800 [INFO    ] [VolcanoAI.GaEngine  ] [MainThread] --- GA Evolution Start → Pop=80, Gen=150
2025-12-24 19:31:53,805 [INFO    ] [VolcanoAI.GaEngine  ] [MainThread] --- Resuming GA from checkpoint...
2025-12-24 19:31:53,830 [INFO    ] [VolcanoAI.GaEngine  ] [MainThread] --- [GA] next_event berhasil ditulis ke output\aco_results\aco_to_ga.json (valid=True)
2025-12-24 19:31:53,836 [INFO    ] [VolcanoAI.GaEngine  ] [MainThread] --- GA vector JSON saved → output\ga_results\ga_vector.json
2025-12-24 19:31:53,947 [INFO    ] [VolcanoAI.GaEngine  ] [MainThread] --- GA Map saved → output\ga_results\ga_path_map.html
2025-12-24 19:31:54,061 [INFO    ] [VolcanoAI.GaEngine  ] [MainThread] --- Excel exported → output\ga_results\ga_report.xlsx
2025-12-24 19:31:54,061 [INFO    ] [VolcanoAI.GaEngine  ] [MainThread] ---                            === GA ENGINE COMPLETE ===                           
2025-12-24 19:31:54,068 [INFO    ] [VolcanoAI.LstmEngine] [MainThread] --- === LSTM V6.0 TITAN TRAINING START ===
2025-12-24 19:31:54,083 [INFO    ] [VolcanoAI.LstmEngine] [MainThread] --- Processing Cluster 0...
2025-12-24 19:31:54,095 [WARNING ] [VolcanoAI.LstmEngine] [MainThread] --- Sample c0 terlalu sedikit (0). Skip training.
2025-12-24 19:31:54,548 [INFO    ] [VolcanoAI.LstmEngine] [MainThread] --- [Vault] Model Cluster 0 berhasil dimuat.
2025-12-24 19:31:54,552 [INFO    ] [VolcanoAI.LstmEngine] [MainThread] --- [LSTM] Saved CSV (overwrite-safe): master=output\lstm_results\lstm_records_2y_20251224.csv, recent=output\lstm_results\lstm_recent_15d_20251224.csv, anomalies=output\lstm_results\lstm_anomalies_20251224.csv
2025-12-24 19:31:54,562 [INFO    ] [VolcanoAI_CNN       ] [MainThread] --- === MEMULAI CNN TRAINING PIPELINE V5.0 (TITAN) ===
2025-12-24 19:31:54,564 [INFO    ] [VolcanoAI_CNN       ] [MainThread] --- 
>>> Training CNN Cluster 0
2025-12-24 19:31:54,755 [INFO    ] [VolcanoAI.LstmEngine] [MainThread] --- [Vault] Model Cluster 0 berhasil dimuat.
2025-12-24 19:31:54,755 [WARNING ] [VolcanoAI_CNN       ] [MainThread] --- Skip c0: Gagal get LSTM features (mungkin data kurang).
2025-12-24 19:31:55,619 [INFO    ] [VolcanoAI_CNN       ] [MainThread] --- [CNN] Loaded model for cluster 0 from disk.
2025-12-24 19:31:55,792 [INFO    ] [VolcanoAI.LstmEngine] [MainThread] --- [Vault] Model Cluster 0 berhasil dimuat.
2025-12-24 19:31:55,792 [WARNING ] [VolcanoAI_CNN       ] [MainThread] --- [CNN] Skip c0: no LSTM features — applying fallback area.
2025-12-24 19:31:55,802 [INFO    ] [VolcanoAiPipeline   ] [MainThread] --- ✅ CNN latest overwritten: output\cnn_results\results\cnn_predictions_latest.csv
2025-12-24 19:31:55,808 [INFO    ] [VolcanoAI.postprocess.cnn_csv_to_json] [MainThread] --- ✅ CNN JSON written: output\cnn_results\cnn_predictions_latest.json
2025-12-24 19:31:55,809 [INFO    ] [VolcanoAiPipeline   ] [MainThread] --- ✅ CNN JSON generated: output\cnn_results\cnn_predictions_latest.json
2025-12-24 19:31:55,824 [INFO    ] [VolcanoAI.engines.cnn_map_generator] [MainThread] --- CNNMapGenerator: map saved -> output\cnn_results\cnn_prediction_map.html
2025-12-24 19:31:55,824 [INFO    ] [VolcanoAiPipeline   ] [MainThread] --- 🗺️ CNN map generated: output\cnn_results\cnn_prediction_map.html
2025-12-24 19:31:55,832 [INFO    ] [VolcanoAiPipeline   ] [MainThread] ---  CNN archive saved: output\cnn_results\results\cnn_predictions_20251224_193155.csv
2025-12-24 19:31:55,843 [INFO    ] [VolcanoAI.NaiveBayesEngine] [MainThread] --- Fitur terpilih (7): ['Magnitudo', 'Kedalaman (km)', 'isVulkanik', 'isTektonik', 'R3_final', 'PheromoneScore', 'luas_cnn']
2025-12-24 19:31:55,856 [INFO    ] [VolcanoAI.NaiveBayesEngine] [MainThread] --- Training Naive Bayes selesai.
2025-12-24 19:31:55,856 [INFO    ] [VolcanoAiPipeline   ] [MainThread] --- 
========== PHASE 4: MODEL EVALUATION ==========
2025-12-24 19:32:03,214 [INFO    ] [ACO_Engine_Master   ] [MainThread] --- [ACO Iter-81] Stagnasi (41) → Smooth Reset Pheromone.
2025-12-24 19:32:04,348 [INFO    ] [werkzeug            ] [Thread-426 (process_request_thread)] --- 127.0.0.1 - - [24/Dec/2025 19:32:04] "GET / HTTP/1.1" 200 -
2025-12-24 19:32:04,760 [INFO    ] [werkzeug            ] [Thread-428 (process_request_thread)] --- 127.0.0.1 - - [24/Dec/2025 19:32:04] "[36mGET /files/output/naive_bayes_results/confusion_matrix.png HTTP/1.1[0m" 304 -
2025-12-24 19:32:04,792 [INFO    ] [werkzeug            ] [Thread-429 (process_request_thread)] --- 127.0.0.1 - - [24/Dec/2025 19:32:04] "[36mGET /files/output/naive_bayes_results/roc_curves.png HTTP/1.1[0m" 304 -
2025-12-24 19:32:04,800 [INFO    ] [werkzeug            ] [Thread-431 (process_request_thread)] --- 127.0.0.1 - - [24/Dec/2025 19:32:04] "GET /files/output/ga_results/ga_path_map.html HTTP/1.1" 200 -
2025-12-24 19:32:04,844 [INFO    ] [werkzeug            ] [Thread-430 (process_request_thread)] --- 127.0.0.1 - - [24/Dec/2025 19:32:04] "GET /files/output/aco_results/aco_impact_zones.html HTTP/1.1" 200 -
2025-12-24 19:32:04,885 [INFO    ] [werkzeug            ] [Thread-432 (process_request_thread)] --- 127.0.0.1 - - [24/Dec/2025 19:32:04] "GET /files/output/cnn_results/cnn_prediction_map.html HTTP/1.1" 200 -
2025-12-24 19:32:06,938 [INFO    ] [ACO_Engine_Master   ] [MainThread] --- [ACO Iter-122] Stagnasi (41) → Smooth Reset Pheromone.
2025-12-24 19:32:09,988 [INFO    ] [ACO_Engine_Master   ] [MainThread] --- [ACO Iter-163] Stagnasi (41) → Smooth Reset Pheromone.
2025-12-24 19:32:12,814 [INFO    ] [ACO_Engine_Master   ] [MainThread] --- [ACO] Output GA tersimpan → C:\Users\USER\Downloads\Earthquake_Volcan\Earthquake_Volcano\output\aco_results\aco_to_ga.json
2025-12-24 19:32:12,835 [ERROR   ] [ACO_Engine_Master   ] [MainThread] --- Gagal menyimpan output ACO: [Errno 13] Permission denied: 'C:\\Users\\USER\\Downloads\\Earthquake_Volcan\\Earthquake_Volcano\\output\\aco_results/aco_epicenters.csv'
2025-12-24 19:32:12,846 [INFO    ] [ACO_Engine_Master   ] [MainThread] --- [ACO] Visual ACO tersimpan → C:\Users\USER\Downloads\Earthquake_Volcan\Earthquake_Volcano\output\aco_results/aco_impact_zones.html
2025-12-24 19:32:12,887 [INFO    ] [VolcanoAI.LstmEngine] [MainThread] --- [LSTM] Saved CSV (overwrite-safe): master=output\lstm_results\lstm_records_2y_20251224.csv, recent=output\lstm_results\lstm_recent_15d_20251224.csv, anomalies=output\lstm_results\lstm_anomalies_20251224.csv
2025-12-24 19:32:13,034 [INFO    ] [VolcanoAI.LstmEngine] [MainThread] --- [Vault] Model Cluster 0 berhasil dimuat.
2025-12-24 19:32:13,034 [WARNING ] [VolcanoAI_CNN       ] [MainThread] --- [CNN] Skip c0: no LSTM features — applying fallback area.
2025-12-24 19:32:13,038 [ERROR   ] [VolcanoAI.NaiveBayesEngine] [MainThread] --- Evaluasi gagal: Number of classes, 2, does not match size of target_names, 3. Try specifying the labels parameter
2025-12-24 19:32:13,226 [INFO    ] [VolcanoAI.NaiveBayesEngine] [MainThread] --- Output Naive Bayes berhasil disimpan.
2025-12-24 19:32:13,230 [INFO    ] [VolcanoAiPipeline   ] [MainThread] --- Reporter metrics keys being passed: ['class_names', 'accuracy', 'confusion_matrix', 'aco_center', 'aco_area', 'aco_map', 'ga_map', 'cnn_pred_csv', 'cnn_pred_json', 'nb_confusion_png', 'nb_roc_png', 'nb_pred_csv', 'nb_metrics_json']
2025-12-24 19:32:13,274 [INFO    ] [VolcanoAI.Reporter  ] [MainThread] --- Generating Dual Dashboard HTML...
2025-12-24 19:32:13,582 [INFO    ] [VolcanoAI.Reporter  ] [MainThread] --- Dashboard berhasil dibuat: output\VolcanoAI_Analysis_STATIC.html
2025-12-24 19:32:13,593 [INFO    ] [VolcanoAI.Reporter  ] [MainThread] --- Dashboard berhasil dibuat: output\VolcanoAI_Monitor_LIVE.html
2025-12-24 19:32:13,593 [INFO    ] [VolcanoAI.Reporter  ] [MainThread] --- ✅ Dual Dashboard Updated. Files: LIVE, STATIC.
2025-12-24 19:32:13,593 [INFO    ] [VolcanoAiPipeline   ] [MainThread] --- 
========== PHASE 5: LIVE MONITORING ==========
2025-12-24 19:32:13,593 [INFO    ] [VolcanoAI.LstmEngine] [MainThread] --- Loading 21 rows to buffer.
2025-12-24 19:32:13,635 [INFO    ] [RealtimeSensorManager] [MainThread] --- [MIROVA] Berhasil membaca 13 baris dari log.
2025-12-24 19:32:18,193 [INFO    ] [VolcanoAiPipeline   ] [MainThread] --- Monitoring dihentikan. Melakukan penyimpanan akhir...
2025-12-24 19:32:18,193 [INFO    ] [root                ] [MainThread] --- [BUFFER SAVED] output/realtime/processed.csv
2025-12-24 19:32:18,201 [INFO    ] [VolcanoAiPipeline   ] [MainThread] --- Penyimpanan buffer live selesai.
2025-12-24 19:32:18,201 [INFO    ] [VolcanoAiPipeline   ] [MainThread] --- System shutdown. Uptime: 45.14s
