2026-01-01 00:15:37,112 [INFO    ] [root                ] [MainThread] --- Logging diinisialisasi. File: output\pipeline_20260101_001537.log
2026-01-01 00:15:37,113 [INFO    ] [root                ] [MainThread] --- ================================================================================
2026-01-01 00:15:37,114 [INFO    ] [root                ] [MainThread] ---                             VOLCANOAI SYSTEM STARTUP                            
2026-01-01 00:15:37,115 [INFO    ] [root                ] [MainThread] --- ================================================================================
2026-01-01 00:15:37,121 [INFO    ] [root                ] [MainThread] --- [Dashboard] Starting Flask server in background thread (monitoring enabled)...
2026-01-01 00:15:37,137 [INFO    ] [RealtimeSensorManager] [MainThread] --- [MIROVA] Menggunakan log terbaru: output/realtime\mirova_log_20251003-094000.txt
2026-01-01 00:15:37,138 [INFO    ] [VolcanoAiPipeline   ] [MainThread] --- Pipeline VolcanoAI 5.2.0-TITAN-EXCEL initialized successfully.
2026-01-01 00:15:37,139 [INFO    ] [VolcanoAiPipeline   ] [MainThread] --- Starting Pipeline Execution...
2026-01-01 00:15:37,140 [INFO    ] [VolcanoAiPipeline   ] [MainThread] --- 
========== PHASE 1: DATA LOADING ==========
2026-01-01 00:15:37,206 [INFO    ] [VolcanoAiPipeline   ] [MainThread] --- 
========== PHASE 2: FEATURE ENGINEERING ==========
2026-01-01 00:15:37,303 [INFO    ] [FeatureEngineer     ] [MainThread] --- >>> FE TRAIN: Initializing new preprocessor state.
2026-01-01 00:15:37,345 [WARNING ] [FeatureEngineer     ] [MainThread] --- Smart Classifier SKIPPED: Tidak ada data berlabel cukup (fallback ke rule-based).
2026-01-01 00:15:37,386 [WARNING ] [FeatureEngineer     ] [MainThread] --- Imputer Warning: Kolom berikut kosong total saat training -> diisi 0.0: ['OLI_total (W)', 'MSI_total (W)']
2026-01-01 00:15:38,006 [INFO    ] [VolcanoAI.processing.feature_engineer] [MainThread] --- Preprocessor state saved to: output\feature_preprocessor.pkl
2026-01-01 00:15:38,007 [INFO    ] [FeatureEngineer     ] [MainThread] --- Feature Engineering Complete. Shape: (21, 70)
2026-01-01 00:15:38,040 [INFO    ] [FeatureEngineer     ] [MainThread] --- >>> FE TRAIN: Initializing new preprocessor state.
2026-01-01 00:15:38,066 [WARNING ] [FeatureEngineer     ] [MainThread] --- Smart Classifier SKIPPED: Tidak ada data berlabel cukup (fallback ke rule-based).
2026-01-01 00:15:38,066 [INFO    ] [werkzeug            ] [Thread-1 (_run)] --- [31m[1mWARNING: This is a development server. Do not use it in a production deployment. Use a production WSGI server instead.[0m
 * Running on http://127.0.0.1:5000
2026-01-01 00:15:38,103 [INFO    ] [werkzeug            ] [Thread-1 (_run)] --- [33mPress CTRL+C to quit[0m
2026-01-01 00:15:38,325 [INFO    ] [werkzeug            ] [Thread-208 (process_request_thread)] --- 127.0.0.1 - - [01/Jan/2026 00:15:38] "GET / HTTP/1.1" 200 -
2026-01-01 00:15:38,683 [INFO    ] [werkzeug            ] [Thread-209 (process_request_thread)] --- 127.0.0.1 - - [01/Jan/2026 00:15:38] "GET /files/output/naive_bayes_results/confusion_matrix.png?v=1767201338 HTTP/1.1" 200 -
2026-01-01 00:15:38,773 [INFO    ] [werkzeug            ] [Thread-210 (process_request_thread)] --- 127.0.0.1 - - [01/Jan/2026 00:15:38] "GET /files/output/aco_results/aco_impact_zones.html HTTP/1.1" 200 -
2026-01-01 00:15:38,783 [INFO    ] [werkzeug            ] [Thread-211 (process_request_thread)] --- 127.0.0.1 - - [01/Jan/2026 00:15:38] "[36mGET /files/output/ga_results/ga_from_aco_map.html HTTP/1.1[0m" 304 -
2026-01-01 00:15:38,791 [INFO    ] [werkzeug            ] [Thread-212 (process_request_thread)] --- 127.0.0.1 - - [01/Jan/2026 00:15:38] "[36mGET /files/output/cnn_results/maps/cnn_prediction_map_20260101_001302.html HTTP/1.1[0m" 304 -
2026-01-01 00:15:41,536 [WARNING ] [FeatureEngineer     ] [MainThread] --- Imputer Warning: Kolom berikut kosong total saat training -> diisi 0.0: ['OLI_total (W)', 'MSI_total (W)']
2026-01-01 00:15:41,973 [INFO    ] [VolcanoAI.processing.feature_engineer] [MainThread] --- Preprocessor state saved to: output\feature_preprocessor.pkl
2026-01-01 00:15:41,974 [INFO    ] [FeatureEngineer     ] [MainThread] --- Feature Engineering Complete. Shape: (9, 70)
2026-01-01 00:15:41,975 [INFO    ] [VolcanoAiPipeline   ] [MainThread] --- 
========== PHASE 3: MODEL TRAINING ==========
2026-01-01 00:15:41,976 [DEBUG   ] [ACO_Engine_Master   ] [MainThread] --- [ACO] DataFrame masuk: 21 baris, 70 kolom
2026-01-01 00:15:41,977 [DEBUG   ] [ACO_Engine_Master   ] [MainThread] --- [ACO] Kolom: ['Tanggal', 'Lintang', 'Bujur', 'Magnitudo', 'Kedalaman (km)', 'Lokasi', 'Sumber', 'Acquired_Date', 'Nama', 'EQ_Lintang', 'EQ_Bujur', 'VRP_Max', 'MSI_summit (W)', 'MSI_total (W)', 'Hembusan', 'Tektonik_Lokal', 'Tektonik_Jauh', 'Tremor_Menerus', 'Vulkanik_Dangkal', 'Vulkanik_Dalam', 'Letusan_Erupsi', 'Guguran', 'Harmonik', 'Tremor_Non_Harmonik', 'Magnitudo_Original', 'Kedalaman_Original', 'Keterangan', 'isVulkanik', 'isTektonik', 'seismic_energy_log10', 'R1_final', 'R2_final', 'R3_final', 'AreaTerdampak_km2', 'tfe_doy_sin', 'tfe_doy_cos', 'tfe_weekday_sin', 'Intensity', 'cluster_id', 'time_since_last_event_days', 'OLI_total (W)', 'Magnitudo_scaled', 'Kedalaman (km)_scaled', 'seismic_energy_log10_scaled', 'time_since_last_event_days_scaled', 'impact_level', 'Magnitudo_lag1', 'Magnitudo_lag3', 'Magnitudo_roll_mean3', 'Magnitudo_roll_std3', 'Magnitudo_roll_mean7', 'Magnitudo_roll_std7', 'VRP_Max_lag1', 'VRP_Max_lag3', 'VRP_Max_roll_mean3', 'VRP_Max_roll_std3', 'VRP_Max_roll_mean7', 'VRP_Max_roll_std7', 'R3_final_lag1', 'R3_final_lag3', 'R3_final_roll_mean3', 'R3_final_roll_std3', 'R3_final_roll_mean7', 'R3_final_roll_std7', 'seismic_energy_log10_lag1', 'seismic_energy_log10_lag3', 'seismic_energy_log10_roll_mean3', 'seismic_energy_log10_roll_std3', 'seismic_energy_log10_roll_mean7', 'seismic_energy_log10_roll_std7']
2026-01-01 00:15:41,989 [DEBUG   ] [ACO_Engine_Master   ] [MainThread] ---               Tanggal  Lintang  Bujur  Magnitudo  Kedalaman (km) Lokasi            Sumber       Acquired_Date    Nama  EQ_Lintang  EQ_Bujur  VRP_Max  MSI_summit (W)  MSI_total (W)  Hembusan  Tektonik_Lokal  Tektonik_Jauh  Tremor_Menerus  Vulkanik_Dangkal  Vulkanik_Dalam  Letusan_Erupsi  Guguran  Harmonik  Tremor_Non_Harmonik  Magnitudo_Original  Kedalaman_Original Keterangan  isVulkanik  isTektonik  seismic_energy_log10   R1_final   R2_final   R3_final  AreaTerdampak_km2  tfe_doy_sin  tfe_doy_cos  tfe_weekday_sin  Intensity  cluster_id  time_since_last_event_days  OLI_total (W)  Magnitudo_scaled  Kedalaman (km)_scaled  seismic_energy_log10_scaled  time_since_last_event_days_scaled impact_level  Magnitudo_lag1  Magnitudo_lag3  Magnitudo_roll_mean3  Magnitudo_roll_std3  Magnitudo_roll_mean7  Magnitudo_roll_std7  VRP_Max_lag1  VRP_Max_lag3  VRP_Max_roll_mean3  VRP_Max_roll_std3  VRP_Max_roll_mean7  VRP_Max_roll_std7  R3_final_lag1  R3_final_lag3  R3_final_roll_mean3  R3_final_roll_std3  R3_final_roll_mean7  R3_final_roll_std7  seismic_energy_log10_lag1  seismic_energy_log10_lag3  seismic_energy_log10_roll_mean3  seismic_energy_log10_roll_std3  seismic_energy_log10_roll_mean7  seismic_energy_log10_roll_std7
0 2025-12-09 22:47:00      NaN    NaN        2.9            17.0    NaN  VolcanoDiscovery 2025-12-09 22:47:00    Ijen       -8.01    114.18      0.0             NaN            0.0         0              10              5               1                 1               1               0        0         0                    0                 2.9                17.0    Unknown           0           1                  9.15  10.043499  22.095698  40.173997        5070.373457    -0.373477     0.927640         0.781831       29.0           0                    0.349247            0.0          0.571429               1.285714                     0.571429                           0.693873       Sedang             0.0             0.0              2.900000             0.000000              2.900000              0.00000           0.0           0.0                 0.0                0.0                 0.0                0.0       0.000000       0.000000            40.173997            0.000000            40.173997            0.000000                       0.00                       0.00                             9.15                        0.000000                             9.15                        0.000000
1 2025-12-09 22:47:00      NaN    NaN        2.9            17.0    NaN  VolcanoDiscovery 2025-12-09 22:47:00   Raung       -8.01    114.18      0.0             NaN            0.0         8               6              5               1                 0               0               0        0         0                    0                 2.9                17.0    Unknown           0           1                  9.15  10.043499  22.095698  40.173997        5070.373457    -0.373477     0.927640         0.781831       29.0           0                    0.000000            0.0          0.571429               1.285714                     0.571429                          -0.042460       Sedang             2.9             0.0              2.900000             0.000000              2.900000              0.00000           0.0           0.0                 0.0                0.0                 0.0                0.0      40.173997       0.000000            40.173997            0.000000            40.173997            0.000000                       9.15                       0.00                             9.15                        0.000000                             9.15                        0.000000
2 2025-12-09 23:16:00      NaN    NaN        2.1             8.0    NaN  VolcanoDiscovery 2025-12-09 23:16:00   Bromo       -7.96    112.77      0.0             NaN            0.0         0               0              0               1                 0               1               0        0         0                    0                 2.1                 8.0    Unknown           0           1                  7.95   9.240000  20.328000  36.960000        4291.546255    -0.373477     0.927640         0.781831       21.0           0                    0.020139            0.0         -0.571429               0.000000                    -0.571429                           0.000000       Sedang             2.9             0.0              2.633333             0.461880              2.633333              0.46188           0.0           0.0                 0.0                0.0                 0.0                0.0      40.173997       0.000000            39.102664            1.855602            39.102664            1.855602                       9.15                       0.00                             8.75                        0.692820                             8.75                        0.692820
3 2025-12-09 23:16:00      NaN    NaN        2.1             8.0    NaN  VolcanoDiscovery 2025-12-09 23:16:00  Semeru       -7.96    112.77      0.0             NaN            0.0         4               0              0               0                 0               0              46        2         6                    0                 2.1                 8.0    Unknown           0           1                  7.95   9.240000  20.328000  36.960000        4291.546255    -0.373477     0.927640         0.781831       21.0           0                    0.000000            0.0         -0.571429               0.000000                    -0.571429                          -0.042460       Sedang             2.1             2.9              2.366667             0.461880              2.500000              0.46188           0.0           0.0                 0.0                0.0                 0.0                0.0      36.960000      40.173997            38.031332            1.855602            38.566998            1.855602                       7.95                       9.15                             8.35                        0.692820                             8.55                        0.692820
4 2025-12-11 03:22:00      NaN    NaN        2.2             4.0    NaN  VolcanoDiscovery 2025-12-11 03:22:00   Raung       -7.98    114.15      0.0             NaN            0.0         5               7              4               1                 0               0               0        0         0                    0                 2.2                 4.0    Unknown           0           1                  8.10  12.905000  28.391000  51.620000        8371.164440    -0.341347     0.939938         0.433884       22.0           0                    1.170833            0.0         -0.428571              -0.571429                    -0.428571                           2.426061       Sedang             2.1             2.9              2.133333             0.057735              2.440000              0.42190           0.0           0.0                 0.0                0.0                 0.0                0.0      36.960000      40.173997            41.846667            8.463955            41.177599            6.054636                       7.95                       9.15                             8.00                        0.086603                             8.46                        0.632851
2026-01-01 00:15:48,310 [INFO    ] [ACO_Engine_Master   ] [MainThread] --- [ACO Iter-57] Stagnasi (41) → Smooth Reset Pheromone.
2026-01-01 00:15:53,022 [INFO    ] [ACO_Engine_Master   ] [MainThread] --- [ACO Iter-100] Stagnasi (41) → Smooth Reset Pheromone.
2026-01-01 00:15:56,848 [INFO    ] [ACO_Engine_Master   ] [MainThread] --- [ACO Iter-141] Stagnasi (41) → Smooth Reset Pheromone.
2026-01-01 00:16:01,397 [INFO    ] [ACO_Engine_Master   ] [MainThread] --- [ACO Iter-182] Stagnasi (41) → Smooth Reset Pheromone.
2026-01-01 00:16:03,521 [INFO    ] [ACO_Engine_Master   ] [MainThread] --- [ACO] Minimal GA input saved → C:\Users\USER\Downloads\Earthquake_Volcan\Earthquake_Volcano\output\aco_results\aco_to_ga.json (atomic)
2026-01-01 00:16:03,589 [INFO    ] [werkzeug            ] [Thread-417 (process_request_thread)] --- 127.0.0.1 - - [01/Jan/2026 00:16:03] "GET / HTTP/1.1" 200 -
2026-01-01 00:16:04,106 [INFO    ] [ACO_Engine_Master   ] [MainThread] --- [ACO] Minimal GA input saved → C:\Users\USER\Downloads\Earthquake_Volcan\Earthquake_Volcano\output\aco_results\aco_to_ga.json (atomic)
2026-01-01 00:16:04,137 [INFO    ] [werkzeug            ] [Thread-418 (process_request_thread)] --- 127.0.0.1 - - [01/Jan/2026 00:16:04] "GET /files/output/naive_bayes_results/confusion_matrix.png?v=1767201357 HTTP/1.1" 200 -
2026-01-01 00:16:04,557 [INFO    ] [werkzeug            ] [Thread-419 (process_request_thread)] --- 127.0.0.1 - - [01/Jan/2026 00:16:04] "[36mGET /files/output/aco_results/aco_impact_zones.html HTTP/1.1[0m" 304 -
2026-01-01 00:16:04,592 [INFO    ] [werkzeug            ] [Thread-420 (process_request_thread)] --- 127.0.0.1 - - [01/Jan/2026 00:16:04] "[36mGET /files/output/ga_results/ga_from_aco_map.html HTTP/1.1[0m" 304 -
2026-01-01 00:16:04,595 [INFO    ] [werkzeug            ] [Thread-421 (process_request_thread)] --- 127.0.0.1 - - [01/Jan/2026 00:16:04] "[36mGET /files/output/cnn_results/maps/cnn_prediction_map_20260101_001302.html HTTP/1.1[0m" 304 -
2026-01-01 00:16:06,723 [INFO    ] [ACO_Engine_Master   ] [MainThread] --- [ACO] Visual ACO tersimpan → C:\Users\USER\Downloads\Earthquake_Volcan\Earthquake_Volcano\output\aco_results/aco_impact_zones.html
2026-01-01 00:16:06,724 [INFO    ] [VolcanoAI.GaEngine  ] [MainThread] --- 
================================================================================
2026-01-01 00:16:06,725 [INFO    ] [VolcanoAI.GaEngine  ] [MainThread] ---                  === GA ENGINE START (Input from ACO Only) ===                  
2026-01-01 00:16:06,726 [INFO    ] [VolcanoAI.GaEngine  ] [MainThread] --- ================================================================================
2026-01-01 00:16:06,740 [INFO    ] [werkzeug            ] [Thread-422 (process_request_thread)] --- 127.0.0.1 - - [01/Jan/2026 00:16:06] "GET / HTTP/1.1" 200 -
2026-01-01 00:16:06,792 [INFO    ] [werkzeug            ] [Thread-423 (process_request_thread)] --- 127.0.0.1 - - [01/Jan/2026 00:16:06] "GET /files/output/naive_bayes_results/confusion_matrix.png?v=1767201366 HTTP/1.1" 200 -
2026-01-01 00:16:06,797 [INFO    ] [werkzeug            ] [Thread-425 (process_request_thread)] --- 127.0.0.1 - - [01/Jan/2026 00:16:06] "[36mGET /files/output/ga_results/ga_from_aco_map.html HTTP/1.1[0m" 304 -
2026-01-01 00:16:06,800 [INFO    ] [werkzeug            ] [Thread-426 (process_request_thread)] --- 127.0.0.1 - - [01/Jan/2026 00:16:06] "[36mGET /files/output/cnn_results/maps/cnn_prediction_map_20260101_001302.html HTTP/1.1[0m" 304 -
2026-01-01 00:16:07,025 [INFO    ] [werkzeug            ] [Thread-424 (process_request_thread)] --- 127.0.0.1 - - [01/Jan/2026 00:16:07] "GET /files/output/aco_results/aco_impact_zones.html HTTP/1.1" 200 -
2026-01-01 00:16:07,318 [INFO    ] [VolcanoAI.GaEngine  ] [MainThread] --- GA Map saved (atomic) → output\ga_results\ga_from_aco_map.html
2026-01-01 00:16:07,319 [INFO    ] [VolcanoAI.GaEngine  ] [MainThread] ---                      === GA ENGINE COMPLETE (ACO Mode) ===                      
2026-01-01 00:16:07,319 [INFO    ] [VolcanoAI.LstmEngine] [MainThread] --- === LSTM V6.0 TITAN TRAINING START ===
2026-01-01 00:16:07,340 [INFO    ] [VolcanoAI.LstmEngine] [MainThread] --- Processing Cluster 0...
2026-01-01 00:16:07,346 [WARNING ] [VolcanoAI.LstmEngine] [MainThread] --- Sample c0 terlalu sedikit (0). Skip training.
2026-01-01 00:16:07,789 [INFO    ] [VolcanoAI.LstmEngine] [MainThread] --- [Vault] Model Cluster 0 berhasil dimuat.
2026-01-01 00:16:07,808 [INFO    ] [VolcanoAI.LstmEngine] [MainThread] --- [LSTM] Saved CSV (overwrite-safe): master=output\lstm_results\lstm_records_2y_20260101.csv, recent=output\lstm_results\lstm_recent_15d_20260101.csv, anomalies=output\lstm_results\lstm_anomalies_20260101.csv
2026-01-01 00:16:07,809 [INFO    ] [VolcanoAI_CNN       ] [MainThread] --- === MEMULAI CNN TRAINING PIPELINE V5.0 (TITAN) ===
2026-01-01 00:16:08,514 [INFO    ] [VolcanoAI_CNN       ] [MainThread] --- [CNN] Loaded model for cluster 0 from disk.
2026-01-01 00:16:08,673 [INFO    ] [VolcanoAI.LstmEngine] [MainThread] --- [Vault] Model Cluster 0 berhasil dimuat.
2026-01-01 00:16:08,674 [WARNING ] [VolcanoAI_CNN       ] [MainThread] --- [CNN] Skip c0: no LSTM features — applying fallback area.
2026-01-01 00:16:08,679 [INFO    ] [VolcanoAiPipeline   ] [MainThread] --- ✅ CNN latest overwritten: output\cnn_results\results\cnn_predictions_latest.csv
2026-01-01 00:16:08,685 [INFO    ] [VolcanoAI.postprocess.cnn_csv_to_json] [MainThread] --- ✅ CNN JSON written: output\cnn_results\cnn_predictions_latest.json
2026-01-01 00:16:08,686 [INFO    ] [VolcanoAiPipeline   ] [MainThread] --- ✅ CNN JSON generated: output\cnn_results\cnn_predictions_latest.json
2026-01-01 00:16:08,706 [INFO    ] [VolcanoAI.engines.cnn_map_generator] [MainThread] --- CNNMapGenerator: map saved -> output\cnn_results\maps\cnn_prediction_map_20260101_001608.html
2026-01-01 00:16:08,708 [INFO    ] [VolcanoAiPipeline   ] [MainThread] --- 🗺️ CNN map generated: output\cnn_results\maps\cnn_prediction_map_20260101_001608.html
2026-01-01 00:16:08,710 [INFO    ] [VolcanoAiPipeline   ] [MainThread] --- [CNN MAP] latest pointer saved → output\cnn_results\maps\latest_map.txt
2026-01-01 00:16:08,714 [INFO    ] [VolcanoAiPipeline   ] [MainThread] ---  CNN archive saved: output\cnn_results\results\cnn_predictions_20260101_001608.csv
2026-01-01 00:16:08,720 [INFO    ] [VolcanoAI.NaiveBayesEngine] [MainThread] --- Distribusi Kelas Training:
magma_status
Awas       10
Siaga       6
Waspada     3
Normal      2
Name: count, dtype: int64
2026-01-01 00:16:08,730 [INFO    ] [VolcanoAI.NaiveBayesEngine] [MainThread] --- Fitur terpilih (7): ['Magnitudo', 'Kedalaman (km)', 'isVulkanik', 'isTektonik', 'R3_final', 'PheromoneScore', 'luas_cnn']
2026-01-01 00:16:08,737 [INFO    ] [VolcanoAI.NaiveBayesEngine] [MainThread] --- Training Naive Bayes (Magma Params) selesai.
2026-01-01 00:16:08,738 [INFO    ] [VolcanoAiPipeline   ] [MainThread] --- 
========== PHASE 4: MODEL EVALUATION ==========
2026-01-01 00:16:08,740 [DEBUG   ] [ACO_Engine_Master   ] [MainThread] --- [ACO] DataFrame masuk: 9 baris, 70 kolom
2026-01-01 00:16:08,741 [DEBUG   ] [ACO_Engine_Master   ] [MainThread] --- [ACO] Kolom: ['Tanggal', 'Lintang', 'Bujur', 'Magnitudo', 'Kedalaman (km)', 'Lokasi', 'Sumber', 'Acquired_Date', 'Nama', 'EQ_Lintang', 'EQ_Bujur', 'VRP_Max', 'MSI_summit (W)', 'MSI_total (W)', 'Hembusan', 'Tektonik_Lokal', 'Tektonik_Jauh', 'Tremor_Menerus', 'Vulkanik_Dangkal', 'Vulkanik_Dalam', 'Letusan_Erupsi', 'Guguran', 'Harmonik', 'Tremor_Non_Harmonik', 'Magnitudo_Original', 'Kedalaman_Original', 'Keterangan', 'isVulkanik', 'isTektonik', 'seismic_energy_log10', 'R1_final', 'R2_final', 'R3_final', 'AreaTerdampak_km2', 'tfe_doy_sin', 'tfe_doy_cos', 'tfe_weekday_sin', 'Intensity', 'cluster_id', 'time_since_last_event_days', 'OLI_total (W)', 'Magnitudo_scaled', 'Kedalaman (km)_scaled', 'seismic_energy_log10_scaled', 'time_since_last_event_days_scaled', 'impact_level', 'Magnitudo_lag1', 'Magnitudo_lag3', 'Magnitudo_roll_mean3', 'Magnitudo_roll_std3', 'Magnitudo_roll_mean7', 'Magnitudo_roll_std7', 'VRP_Max_lag1', 'VRP_Max_lag3', 'VRP_Max_roll_mean3', 'VRP_Max_roll_std3', 'VRP_Max_roll_mean7', 'VRP_Max_roll_std7', 'R3_final_lag1', 'R3_final_lag3', 'R3_final_roll_mean3', 'R3_final_roll_std3', 'R3_final_roll_mean7', 'R3_final_roll_std7', 'seismic_energy_log10_lag1', 'seismic_energy_log10_lag3', 'seismic_energy_log10_roll_mean3', 'seismic_energy_log10_roll_std3', 'seismic_energy_log10_roll_mean7', 'seismic_energy_log10_roll_std7']
2026-01-01 00:16:08,756 [DEBUG   ] [ACO_Engine_Master   ] [MainThread] ---               Tanggal  Lintang  Bujur  Magnitudo  Kedalaman (km) Lokasi            Sumber       Acquired_Date   Nama  EQ_Lintang  EQ_Bujur  VRP_Max  MSI_summit (W)  MSI_total (W)  Hembusan  Tektonik_Lokal  Tektonik_Jauh  Tremor_Menerus  Vulkanik_Dangkal  Vulkanik_Dalam  Letusan_Erupsi  Guguran  Harmonik  Tremor_Non_Harmonik  Magnitudo_Original  Kedalaman_Original Keterangan  isVulkanik  isTektonik  seismic_energy_log10   R1_final   R2_final   R3_final  AreaTerdampak_km2  tfe_doy_sin  tfe_doy_cos  tfe_weekday_sin  Intensity  cluster_id  time_since_last_event_days  OLI_total (W)  Magnitudo_scaled  Kedalaman (km)_scaled  seismic_energy_log10_scaled  time_since_last_event_days_scaled impact_level  Magnitudo_lag1  Magnitudo_lag3  Magnitudo_roll_mean3  Magnitudo_roll_std3  Magnitudo_roll_mean7  Magnitudo_roll_std7  VRP_Max_lag1  VRP_Max_lag3  VRP_Max_roll_mean3  VRP_Max_roll_std3  VRP_Max_roll_mean7  VRP_Max_roll_std7  R3_final_lag1  R3_final_lag3  R3_final_roll_mean3  R3_final_roll_std3  R3_final_roll_mean7  R3_final_roll_std7  seismic_energy_log10_lag1  seismic_energy_log10_lag3  seismic_energy_log10_roll_mean3  seismic_energy_log10_roll_std3  seismic_energy_log10_roll_mean7  seismic_energy_log10_roll_std7
0 2025-12-12 03:22:00      NaN    NaN        2.1            11.0    NaN  VolcanoDiscovery 2025-12-12 03:22:00  Raung       -8.00    114.19      0.0             NaN            0.0        16               4              8               1                 0               0               0        0         0                    0                 2.1                11.0    Unknown           0           1                  7.95   8.385713  18.448568  33.542851        3534.677741    -0.325128     0.945670        -0.433884       21.0           0                    0.470339            0.0             -0.25                    0.0                        -0.25                           0.000000       Ringan             0.0             0.0              2.100000             0.000000              2.100000             0.000000           0.0           0.0                 0.0                0.0                 0.0                0.0       0.000000       0.000000            33.542851            0.000000            33.542851            0.000000                       0.00                       0.00                             7.95                        0.000000                             7.95                        0.000000
1 2025-12-12 03:22:00      NaN    NaN        2.1            11.0    NaN  VolcanoDiscovery 2025-12-12 03:22:00   Ijen       -8.00    114.19      0.0             NaN            0.0         1               4              1               1                 0               1               0        0         0                    0                 2.1                11.0    Unknown           0           1                  7.95   8.385713  18.448568  33.542851        3534.677741    -0.325128     0.945670        -0.433884       21.0           0                    0.000000            0.0             -0.25                    0.0                        -0.25                          -3.023605       Ringan             2.1             0.0              2.100000             0.000000              2.100000             0.000000           0.0           0.0                 0.0                0.0                 0.0                0.0      33.542851       0.000000            33.542851            0.000000            33.542851            0.000000                       7.95                       0.00                             7.95                        0.000000                             7.95                        0.000000
2 2025-12-12 05:41:00      NaN    NaN        2.2             6.0    NaN  VolcanoDiscovery 2025-12-12 05:41:00   Ijen       -7.97    114.13      0.0             NaN            0.0         1               4              1               1                 0               1               0        0         0                    0                 2.2                 6.0    Unknown           0           1                  8.10  10.636944  23.401278  42.547778        5687.267259    -0.325128     0.945670        -0.433884       22.0           0                    0.096528            0.0              0.00                   -5.0                         0.00                          -2.403069       Sedang             2.1             0.0              2.133333             0.057735              2.133333             0.057735           0.0           0.0                 0.0                0.0                 0.0                0.0      33.542851       0.000000            36.544493            5.198997            36.544493            5.198997                       7.95                       0.00                             8.00                        0.086603                             8.00                        0.086603
3 2025-12-12 18:16:00      NaN    NaN        2.0            14.0    NaN  VolcanoDiscovery 2025-12-12 18:16:00  Raung       -7.91    114.14      0.0             NaN            0.0        16               4              8               1                 0               0               0        0         0                    0                 2.0                14.0    Unknown           0           1                  7.80   7.601020  16.722245  30.404082        2904.113947    -0.325128     0.945670        -0.433884       20.0           0                    0.524306            0.0             -0.50                    3.0                        -0.50                           0.346931       Ringan             2.2             2.1              2.100000             0.100000              2.100000             0.081650           0.0           0.0                 0.0                0.0                 0.0                0.0      42.547778      33.542851            35.498237            6.303570            35.009390            5.238881                       8.10                       7.95                             7.95                        0.150000                             7.95                        0.122474
4 2025-12-13 15:03:00      NaN    NaN        3.1            10.0    NaN  VolcanoDiscovery 2025-12-13 15:03:00   Ijen       -7.98    114.24      0.0             NaN            0.0         0               6              0               1                 1               1               0        0         0                    0                 3.1                10.0    Unknown           0           1                  9.45  11.723750  25.792250  46.895000        6908.805288    -0.308812     0.951123        -0.974928       31.0           0                    0.865972            0.0              2.25                   -1.0                         2.25                           2.543359       Sedang             2.0             2.1              2.433333             0.585947              2.300000             0.452769           0.0           0.0                 0.0                0.0                 0.0                0.0      30.404082      33.542851            39.948953            8.547106            37.386512            6.988415                       7.80                       7.95                             8.45                        0.878920                             8.25                        0.679154
2026-01-01 00:16:12,391 [INFO    ] [ACO_Engine_Master   ] [MainThread] --- [ACO Iter-43] Stagnasi (41) → Smooth Reset Pheromone.
2026-01-01 00:16:16,626 [INFO    ] [ACO_Engine_Master   ] [MainThread] --- [ACO Iter-93] Stagnasi (41) → Smooth Reset Pheromone.
2026-01-01 00:16:20,474 [INFO    ] [ACO_Engine_Master   ] [MainThread] --- [ACO Iter-140] Stagnasi (41) → Smooth Reset Pheromone.
2026-01-01 00:16:24,941 [INFO    ] [ACO_Engine_Master   ] [MainThread] --- [ACO] Minimal GA input saved → C:\Users\USER\Downloads\Earthquake_Volcan\Earthquake_Volcano\output\aco_results\aco_to_ga.json (atomic)
2026-01-01 00:16:24,967 [INFO    ] [ACO_Engine_Master   ] [MainThread] --- [ACO] Minimal GA input saved → C:\Users\USER\Downloads\Earthquake_Volcan\Earthquake_Volcano\output\aco_results\aco_to_ga.json (atomic)
2026-01-01 00:16:25,002 [INFO    ] [ACO_Engine_Master   ] [MainThread] --- [ACO] Visual ACO tersimpan → C:\Users\USER\Downloads\Earthquake_Volcan\Earthquake_Volcano\output\aco_results/aco_impact_zones.html
2026-01-01 00:16:25,031 [INFO    ] [VolcanoAI.LstmEngine] [MainThread] --- [LSTM] Saved CSV (overwrite-safe): master=output\lstm_results\lstm_records_2y_20260101.csv, recent=output\lstm_results\lstm_recent_15d_20260101.csv, anomalies=output\lstm_results\lstm_anomalies_20260101.csv
2026-01-01 00:16:25,181 [INFO    ] [VolcanoAI.LstmEngine] [MainThread] --- [Vault] Model Cluster 0 berhasil dimuat.
2026-01-01 00:16:25,183 [WARNING ] [VolcanoAI_CNN       ] [MainThread] --- [CNN] Skip c0: no LSTM features — applying fallback area.
2026-01-01 00:16:25,203 [INFO    ] [VolcanoAI.NaiveBayesEngine] [MainThread] --- Unique true labels (raw): ['Waspada']
2026-01-01 00:16:25,205 [INFO    ] [VolcanoAI.NaiveBayesEngine] [MainThread] --- Unique pred labels (str): ['Waspada']
2026-01-01 00:16:25,205 [INFO    ] [VolcanoAI.NaiveBayesEngine] [MainThread] --- LabelEncoder classes (global): [np.str_('Awas'), np.str_('Normal'), np.str_('Siaga'), np.str_('Waspada')]
2026-01-01 00:16:25,206 [INFO    ] [VolcanoAI.NaiveBayesEngine] [MainThread] --- Eval start - inputs_are_encoded=False
2026-01-01 00:16:25,207 [INFO    ] [VolcanoAI.NaiveBayesEngine] [MainThread] --- unique y_true (sample): ['Waspada']
2026-01-01 00:16:25,208 [INFO    ] [VolcanoAI.NaiveBayesEngine] [MainThread] --- unique y_pred (sample): ['Waspada']
2026-01-01 00:16:25,220 [INFO    ] [VolcanoAI.NaiveBayesEngine] [MainThread] --- 
=== Classification Report ===
              precision    recall  f1-score   support

      Normal       0.00      0.00      0.00         0
     Waspada       1.00      1.00      1.00         9
       Siaga       0.00      0.00      0.00         0
        Awas       0.00      0.00      0.00         0

    accuracy                           1.00         9
   macro avg       0.25      0.25      0.25         9
weighted avg       1.00      1.00      1.00         9

2026-01-01 00:16:25,355 [WARNING ] [VolcanoAI.NaiveBayesEngine] [MainThread] --- Evaluasi skip (data mungkin kurang / error): name 'tempfile' is not defined
Traceback (most recent call last):
  File "C:\Users\USER\Downloads\Earthquake_Volcan\Earthquake_Volcano\VolcanoAI\engines\naive_bayes_engine.py", line 476, in evaluate
    self.reporter.generate_plots(metrics)
  File "C:\Users\USER\Downloads\Earthquake_Volcan\Earthquake_Volcano\VolcanoAI\engines\naive_bayes_engine.py", line 270, in generate_plots
    self._plot_cm(metrics["confusion_matrix"], metrics["class_names"])
  File "C:\Users\USER\Downloads\Earthquake_Volcan\Earthquake_Volcano\VolcanoAI\engines\naive_bayes_engine.py", line 292, in _plot_cm
    tmpf = tempfile.NamedTemporaryFile(delete=False, dir=self.output_dir, suffix=".png")
NameError: name 'tempfile' is not defined
2026-01-01 00:16:25,372 [CRITICAL] [PipelineGuard       ] [MainThread] --- CRASH di _run_evaluation_flow: name '_convert' is not defined
2026-01-01 00:16:25,374 [CRITICAL] [VolcanoAiPipeline   ] [MainThread] --- PIPELINE FAILED: name '_convert' is not defined
Traceback (most recent call last):
  File "C:\Users\USER\Downloads\Earthquake_Volcan\Earthquake_Volcano\main.py", line 659, in run
    df_final, metrics, anomalies = self._run_evaluation_flow() # Panggil fungsi untuk menjalankan alur evaluasi model
  File "C:\Users\USER\Downloads\Earthquake_Volcan\Earthquake_Volcano\main.py", line 102, in wrapper
    raise e
  File "C:\Users\USER\Downloads\Earthquake_Volcan\Earthquake_Volcano\main.py", line 95, in wrapper
    return func(*args, **kwargs) # coba jalankan fungsi asli yang dilindungi
  File "C:\Users\USER\Downloads\Earthquake_Volcan\Earthquake_Volcano\main.py", line 438, in _run_evaluation_flow
    df_final, metrics = nb.evaluate(df_eval) # Lakukan evaluasi menggunakan engine Naive Bayes
  File "C:\Users\USER\Downloads\Earthquake_Volcan\Earthquake_Volcano\VolcanoAI\engines\naive_bayes_engine.py", line 481, in evaluate
    self._save_outputs(df_out, metrics)
  File "C:\Users\USER\Downloads\Earthquake_Volcan\Earthquake_Volcano\VolcanoAI\engines\naive_bayes_engine.py", line 509, in _save_outputs
    metrics_bytes = json.dumps(metrics, indent=2, default=_convert).encode("utf-8")
NameError: name '_convert' is not defined
2026-01-01 00:16:25,375 [INFO    ] [VolcanoAiPipeline   ] [MainThread] --- System shutdown. Uptime: 48.24s
