2025-12-30 18:24:11,473 [INFO    ] [root                ] [MainThread] --- Logging diinisialisasi. File: output\pipeline_20251230_182411.log
2025-12-30 18:24:11,475 [INFO    ] [root                ] [MainThread] --- ================================================================================
2025-12-30 18:24:11,475 [INFO    ] [root                ] [MainThread] ---                             VOLCANOAI SYSTEM STARTUP                            
2025-12-30 18:24:11,479 [INFO    ] [root                ] [MainThread] --- ================================================================================
2025-12-30 18:24:11,486 [INFO    ] [root                ] [MainThread] --- [Dashboard] Starting Flask server in background thread (monitoring enabled)...
2025-12-30 18:24:11,498 [INFO    ] [RealtimeSensorManager] [MainThread] --- [MIROVA] Menggunakan log terbaru: output/realtime\mirova_log_20251003-094000.txt
2025-12-30 18:24:11,510 [INFO    ] [VolcanoAiPipeline   ] [MainThread] --- Pipeline VolcanoAI 5.2.0-TITAN-EXCEL initialized successfully.
2025-12-30 18:24:11,510 [INFO    ] [VolcanoAiPipeline   ] [MainThread] --- Starting Pipeline Execution...
2025-12-30 18:24:11,513 [INFO    ] [VolcanoAiPipeline   ] [MainThread] --- 
========== PHASE 1: DATA LOADING ==========
2025-12-30 18:24:11,528 [INFO    ] [VolcanoAiPipeline   ] [MainThread] --- 
========== PHASE 2: FEATURE ENGINEERING ==========
2025-12-30 18:24:11,608 [INFO    ] [FeatureEngineer     ] [MainThread] --- >>> FE TRAIN: Initializing new preprocessor state.
2025-12-30 18:24:11,728 [INFO    ] [FeatureEngineer     ] [MainThread] --- Smart Classifier Trained.
2025-12-30 18:24:11,770 [WARNING ] [FeatureEngineer     ] [MainThread] --- Imputer Warning: Kolom berikut kosong total saat training -> diisi 0.0: ['OLI_total (W)', 'MSI_total (W)']
2025-12-30 18:24:12,101 [INFO    ] [werkzeug            ] [Thread-1 (_run)] --- [31m[1mWARNING: This is a development server. Do not use it in a production deployment. Use a production WSGI server instead.[0m
 * Running on http://127.0.0.1:5000
2025-12-30 18:24:12,101 [INFO    ] [werkzeug            ] [Thread-1 (_run)] --- [33mPress CTRL+C to quit[0m
2025-12-30 18:24:12,375 [INFO    ] [werkzeug            ] [Thread-161 (process_request_thread)] --- 127.0.0.1 - - [30/Dec/2025 18:24:12] "GET / HTTP/1.1" 200 -
2025-12-30 18:24:12,500 [INFO    ] [VolcanoAI.processing.feature_engineer] [MainThread] --- Preprocessor state saved to: output\feature_preprocessor.pkl
2025-12-30 18:24:12,501 [INFO    ] [FeatureEngineer     ] [MainThread] --- Feature Engineering Complete. Shape: (21, 60)
2025-12-30 18:24:12,571 [INFO    ] [FeatureEngineer     ] [MainThread] --- >>> FE TRAIN: Initializing new preprocessor state.
2025-12-30 18:24:12,793 [INFO    ] [FeatureEngineer     ] [MainThread] --- Smart Classifier Trained.
2025-12-30 18:24:12,836 [INFO    ] [werkzeug            ] [Thread-162 (process_request_thread)] --- 127.0.0.1 - - [30/Dec/2025 18:24:12] "[36mGET /files/output/naive_bayes_results/confusion_matrix.png HTTP/1.1[0m" 304 -
2025-12-30 18:24:12,838 [INFO    ] [werkzeug            ] [Thread-176 (process_request_thread)] --- 127.0.0.1 - - [30/Dec/2025 18:24:12] "[36mGET /files/output/naive_bayes_results/roc_curves.png HTTP/1.1[0m" 304 -
2025-12-30 18:24:13,137 [INFO    ] [werkzeug            ] [Thread-180 (process_request_thread)] --- 127.0.0.1 - - [30/Dec/2025 18:24:13] "[36mGET /files/output/ga_results/ga_path_map.html HTTP/1.1[0m" 304 -
2025-12-30 18:24:13,141 [INFO    ] [werkzeug            ] [Thread-179 (process_request_thread)] --- 127.0.0.1 - - [30/Dec/2025 18:24:13] "GET /files/output/aco_results/aco_impact_zones.html HTTP/1.1" 200 -
2025-12-30 18:24:13,161 [INFO    ] [werkzeug            ] [Thread-181 (process_request_thread)] --- 127.0.0.1 - - [30/Dec/2025 18:24:13] "[36mGET /files/output/cnn_results/maps/cnn_prediction_map_20251230_181210.html HTTP/1.1[0m" 304 -
2025-12-30 18:24:19,259 [WARNING ] [FeatureEngineer     ] [MainThread] --- Imputer Warning: Kolom berikut kosong total saat training -> diisi 0.0: ['OLI_total (W)', 'MSI_total (W)']
2025-12-30 18:24:19,937 [INFO    ] [VolcanoAI.processing.feature_engineer] [MainThread] --- Preprocessor state saved to: output\feature_preprocessor.pkl
2025-12-30 18:24:19,938 [INFO    ] [FeatureEngineer     ] [MainThread] --- Feature Engineering Complete. Shape: (9, 60)
2025-12-30 18:24:19,939 [INFO    ] [VolcanoAiPipeline   ] [MainThread] --- 
========== PHASE 3: MODEL TRAINING ==========
2025-12-30 18:24:20,034 [INFO    ] [ACO_Engine_Master   ] [MainThread] --- [ACO] Melanjutkan dari brain state sebelumnya.
2025-12-30 18:24:36,478 [INFO    ] [ACO_Engine_Master   ] [MainThread] --- [ACO Iter-128] Stagnasi (41) → Smooth Reset Pheromone.
2025-12-30 18:24:39,836 [INFO    ] [ACO_Engine_Master   ] [MainThread] --- [ACO Iter-177] Stagnasi (41) → Smooth Reset Pheromone.
2025-12-30 18:24:41,348 [INFO    ] [ACO_Engine_Master   ] [MainThread] --- [ACO] Minimal GA input saved → C:\Users\laygenda surya putra\Documents\JOKI\gempavulkanik\output\aco_results\aco_to_ga.json
2025-12-30 18:24:41,709 [INFO    ] [ACO_Engine_Master   ] [MainThread] --- [ACO] Visual ACO tersimpan → C:\Users\laygenda surya putra\Documents\JOKI\gempavulkanik\output\aco_results/aco_impact_zones.html
2025-12-30 18:24:41,709 [INFO    ] [VolcanoAI.GaEngine  ] [MainThread] --- 
================================================================================
2025-12-30 18:24:41,709 [INFO    ] [VolcanoAI.GaEngine  ] [MainThread] ---                  === GA ENGINE START (Input from ACO Only) ===                  
2025-12-30 18:24:41,709 [INFO    ] [VolcanoAI.GaEngine  ] [MainThread] --- ================================================================================
2025-12-30 18:24:41,728 [INFO    ] [VolcanoAI.GaEngine  ] [MainThread] --- [GA] Using ACO Input: Center=(-7.9734600355438285, 114.16809722553471), Area=133.93
2025-12-30 18:24:41,732 [INFO    ] [VolcanoAI.GaEngine  ] [MainThread] --- [GA] next_event (direction-only) ditulis ke aco_to_ga.json
2025-12-30 18:24:41,750 [ERROR   ] [VolcanoAI.GaEngine  ] [MainThread] --- [GA] Error processing ACO input: "None of [Index(['EQ_Lintang', 'EQ_Bujur'], dtype='object')] are in the [columns]"
Traceback (most recent call last):
  File "C:\Users\laygenda surya putra\Documents\JOKI\gempavulkanik\VolcanoAI\engines\ga_engine.py", line 1020, in run
    self.visualizer.generate_map([], df_aco, pred, out_map_path)
  File "C:\Users\laygenda surya putra\Documents\JOKI\gempavulkanik\VolcanoAI\engines\ga_engine.py", line 749, in generate_map
    coords = df[['EQ_Lintang', 'EQ_Bujur']].values
  File "C:\Users\laygenda surya putra\Documents\JOKI\gempavulkanik\env\lib\site-packages\pandas\core\frame.py", line 4119, in __getitem__
    indexer = self.columns._get_indexer_strict(key, "columns")[1]
  File "C:\Users\laygenda surya putra\Documents\JOKI\gempavulkanik\env\lib\site-packages\pandas\core\indexes\base.py", line 6212, in _get_indexer_strict
    self._raise_if_missing(keyarr, indexer, axis_name)
  File "C:\Users\laygenda surya putra\Documents\JOKI\gempavulkanik\env\lib\site-packages\pandas\core\indexes\base.py", line 6261, in _raise_if_missing
    raise KeyError(f"None of [{key}] are in the [{axis_name}]")
KeyError: "None of [Index(['EQ_Lintang', 'EQ_Bujur'], dtype='object')] are in the [columns]"
2025-12-30 18:24:41,758 [WARNING ] [VolcanoAI.GaEngine  ] [MainThread] --- [GA] ACO Input not found. Running Standard GA (No Magnitude).
2025-12-30 18:24:41,773 [ERROR   ] [VolcanoAI.GaEngine  ] [MainThread] --- Exception in run: EvolutionaryController.run() missing 1 required positional argument: 'df_train'
2025-12-30 18:24:41,773 [CRITICAL] [PipelineGuard       ] [MainThread] --- CRASH di _run_training_flow: EvolutionaryController.run() missing 1 required positional argument: 'df_train'
2025-12-30 18:24:41,778 [CRITICAL] [VolcanoAiPipeline   ] [MainThread] --- PIPELINE FAILED: EvolutionaryController.run() missing 1 required positional argument: 'df_train'
Traceback (most recent call last):
  File "C:\Users\laygenda surya putra\Documents\JOKI\gempavulkanik\main.py", line 656, in run
    self._run_training_flow() # Panggil fungsi untuk menjalankan alur pelatihan model
  File "C:\Users\laygenda surya putra\Documents\JOKI\gempavulkanik\main.py", line 102, in wrapper
    raise e
  File "C:\Users\laygenda surya putra\Documents\JOKI\gempavulkanik\main.py", line 95, in wrapper
    return func(*args, **kwargs) # coba jalankan fungsi asli yang dilindungi
  File "C:\Users\laygenda surya putra\Documents\JOKI\gempavulkanik\main.py", line 301, in _run_training_flow
    best_path, graphs_result = self.ga_engine.run(df_processed) # Jalankan engine GA pada data yang sudah di-FE
  File "C:\Users\laygenda surya putra\Documents\JOKI\gempavulkanik\VolcanoAI\engines\ga_engine.py", line 1047, in run
    best_idx, log_df, hof = evo.run()
  File "C:\Users\laygenda surya putra\Documents\JOKI\gempavulkanik\VolcanoAI\engines\ga_engine.py", line 65, in wrapper
    raise e
  File "C:\Users\laygenda surya putra\Documents\JOKI\gempavulkanik\VolcanoAI\engines\ga_engine.py", line 62, in wrapper
    return func(*args, **kwargs)
TypeError: EvolutionaryController.run() missing 1 required positional argument: 'df_train'
2025-12-30 18:24:41,778 [INFO    ] [VolcanoAiPipeline   ] [MainThread] --- System shutdown. Uptime: 30.27s
