2025-12-21 23:47:25,296 [INFO    ] [root                ] [MainThread] --- Logging diinisialisasi. File: output\pipeline_20251221_234725.log
2025-12-21 23:47:25,296 [INFO    ] [root                ] [MainThread] --- ================================================================================
2025-12-21 23:47:25,296 [INFO    ] [root                ] [MainThread] ---                             VOLCANOAI SYSTEM STARTUP                            
2025-12-21 23:47:25,296 [INFO    ] [root                ] [MainThread] --- ================================================================================
2025-12-21 23:47:25,312 [INFO    ] [root                ] [MainThread] --- [Dashboard] Starting Flask server in background thread (monitoring enabled)...
2025-12-21 23:47:25,312 [INFO    ] [RealtimeSensorManager] [MainThread] --- [MIROVA] Menggunakan log terbaru: output/realtime\mirova_log_20251003-094000.txt
2025-12-21 23:47:25,312 [INFO    ] [VolcanoAiPipeline   ] [MainThread] --- Pipeline VolcanoAI 5.2.0-TITAN-EXCEL initialized successfully.
2025-12-21 23:47:25,312 [INFO    ] [VolcanoAiPipeline   ] [MainThread] --- Starting Pipeline Execution...
2025-12-21 23:47:25,312 [INFO    ] [VolcanoAiPipeline   ] [MainThread] --- 
========== PHASE 1: DATA LOADING ==========
2025-12-21 23:47:25,359 [INFO    ] [VolcanoAiPipeline   ] [MainThread] --- 
========== PHASE 2: FEATURE ENGINEERING ==========
2025-12-21 23:47:25,371 [INFO    ] [FeatureEngineer     ] [MainThread] --- >>> FE TRAIN: Initializing new preprocessor state.
2025-12-21 23:47:25,446 [INFO    ] [FeatureEngineer     ] [MainThread] --- Smart Classifier Trained.
2025-12-21 23:47:25,466 [WARNING ] [FeatureEngineer     ] [MainThread] --- Imputer Warning: Kolom berikut kosong total saat training -> diisi 0.0: ['OLI_total (W)', 'MSI_total (W)']
2025-12-21 23:47:25,686 [INFO    ] [werkzeug            ] [Thread-1 (_run)] --- [31m[1mWARNING: This is a development server. Do not use it in a production deployment. Use a production WSGI server instead.[0m
 * Running on http://127.0.0.1:5000
2025-12-21 23:47:25,702 [INFO    ] [werkzeug            ] [Thread-1 (_run)] --- [33mPress CTRL+C to quit[0m
2025-12-21 23:47:25,739 [INFO    ] [werkzeug            ] [Thread-129 (process_request_thread)] --- 127.0.0.1 - - [21/Dec/2025 23:47:25] "GET / HTTP/1.1" 200 -
2025-12-21 23:47:26,100 [INFO    ] [VolcanoAI.processing.feature_engineer] [MainThread] --- Preprocessor state saved to: output\feature_preprocessor.pkl
2025-12-21 23:47:26,101 [INFO    ] [FeatureEngineer     ] [MainThread] --- Feature Engineering Complete. Shape: (21, 60)
2025-12-21 23:47:26,102 [INFO    ] [FeatureEngineer     ] [MainThread] --- >>> FE TRAIN: Initializing new preprocessor state.
2025-12-21 23:47:26,255 [INFO    ] [FeatureEngineer     ] [MainThread] --- Smart Classifier Trained.
2025-12-21 23:47:26,271 [INFO    ] [werkzeug            ] [Thread-168 (process_request_thread)] --- 127.0.0.1 - - [21/Dec/2025 23:47:26] "[36mGET /files/output/naive_bayes_results/confusion_matrix.png HTTP/1.1[0m" 304 -
2025-12-21 23:47:26,273 [INFO    ] [werkzeug            ] [Thread-169 (process_request_thread)] --- 127.0.0.1 - - [21/Dec/2025 23:47:26] "[36mGET /files/output/naive_bayes_results/roc_curves.png HTTP/1.1[0m" 304 -
2025-12-21 23:47:26,326 [INFO    ] [werkzeug            ] [Thread-209 (process_request_thread)] --- 127.0.0.1 - - [21/Dec/2025 23:47:26] "[36mGET /files/output/aco_results/aco_impact_zones.html HTTP/1.1[0m" 304 -
2025-12-21 23:47:26,345 [INFO    ] [werkzeug            ] [Thread-210 (process_request_thread)] --- 127.0.0.1 - - [21/Dec/2025 23:47:26] "[36mGET /files/output/ga_results/ga_path_map.html HTTP/1.1[0m" 304 -
2025-12-21 23:47:26,363 [INFO    ] [werkzeug            ] [Thread-211 (process_request_thread)] --- 127.0.0.1 - - [21/Dec/2025 23:47:26] "[36mGET /files/output/cnn_results/cnn_prediction_map.html HTTP/1.1[0m" 304 -
2025-12-21 23:47:28,717 [WARNING ] [FeatureEngineer     ] [MainThread] --- Imputer Warning: Kolom berikut kosong total saat training -> diisi 0.0: ['OLI_total (W)', 'MSI_total (W)']
2025-12-21 23:47:29,062 [INFO    ] [VolcanoAI.processing.feature_engineer] [MainThread] --- Preprocessor state saved to: output\feature_preprocessor.pkl
2025-12-21 23:47:29,062 [INFO    ] [FeatureEngineer     ] [MainThread] --- Feature Engineering Complete. Shape: (9, 60)
2025-12-21 23:47:29,062 [INFO    ] [VolcanoAiPipeline   ] [MainThread] --- 
========== PHASE 3: MODEL TRAINING ==========
2025-12-21 23:47:29,062 [WARNING ] [ACO_Engine_Master   ] [MainThread] --- [ACO] Heuristic Matrix kosong/flat/NaN. Menggunakan Fallback Uniform distribution.
2025-12-21 23:47:29,076 [INFO    ] [ACO_Engine_Master   ] [MainThread] --- [ACO] Melanjutkan dari brain state sebelumnya.
2025-12-21 23:47:32,094 [INFO    ] [ACO_Engine_Master   ] [MainThread] --- [ACO Iter-41] Stagnasi (41) → Smooth Reset Pheromone.
2025-12-21 23:47:34,998 [INFO    ] [ACO_Engine_Master   ] [MainThread] --- [ACO Iter-82] Stagnasi (41) → Smooth Reset Pheromone.
2025-12-21 23:47:38,096 [INFO    ] [ACO_Engine_Master   ] [MainThread] --- [ACO Iter-123] Stagnasi (41) → Smooth Reset Pheromone.
2025-12-21 23:47:41,007 [INFO    ] [ACO_Engine_Master   ] [MainThread] --- [ACO Iter-164] Stagnasi (41) → Smooth Reset Pheromone.
2025-12-21 23:47:43,959 [ERROR   ] [ACO_Engine_Master   ] [MainThread] --- Gagal membuat visual ACO: Location values cannot contain NaNs.
2025-12-21 23:47:43,961 [INFO    ] [ACO_Engine_Master   ] [MainThread] --- [ACO] Output GA tersimpan → C:\Users\USER\Downloads\Earthquake_Volcan\Earthquake_Volcano\output\aco_results\aco_to_ga.json
2025-12-21 23:47:43,961 [INFO    ] [ACO_Engine_Master   ] [MainThread] --- [ACO] Impact Center: {'center_lat': nan, 'center_lon': nan, 'lat_column_used': 'Lintang', 'lon_column_used': 'Bujur'} | Impact Area (km²): 55.76676552857078
2025-12-21 23:47:43,962 [INFO    ] [VolcanoAI.GaEngine  ] [MainThread] --- 
================================================================================
2025-12-21 23:47:43,963 [INFO    ] [VolcanoAI.GaEngine  ] [MainThread] ---                             === GA ENGINE START ===                             
2025-12-21 23:47:43,963 [INFO    ] [VolcanoAI.GaEngine  ] [MainThread] --- ================================================================================
2025-12-21 23:47:43,966 [INFO    ] [VolcanoAI.GaEngine  ] [MainThread] --- GA Evolution Start → Pop=80, Gen=150
2025-12-21 23:47:43,966 [INFO    ] [VolcanoAI.GaEngine  ] [MainThread] --- Resuming GA from checkpoint...
2025-12-21 23:47:43,983 [INFO    ] [VolcanoAI.GaEngine  ] [MainThread] --- [GA] next_event berhasil ditulis ke aco_to_ga.json
2025-12-21 23:47:43,983 [INFO    ] [VolcanoAI.GaEngine  ] [MainThread] --- GA vector JSON saved → output\ga_results\ga_vector.json
2025-12-21 23:47:44,092 [INFO    ] [VolcanoAI.GaEngine  ] [MainThread] --- GA Map saved → output\ga_results\ga_path_map.html
2025-12-21 23:47:44,232 [INFO    ] [VolcanoAI.GaEngine  ] [MainThread] --- Excel exported → output\ga_results\ga_report.xlsx
2025-12-21 23:47:44,234 [INFO    ] [VolcanoAI.GaEngine  ] [MainThread] ---                            === GA ENGINE COMPLETE ===                           
2025-12-21 23:47:44,235 [INFO    ] [VolcanoAI.LstmEngine] [MainThread] --- === LSTM V6.0 TITAN TRAINING START ===
2025-12-21 23:47:44,248 [INFO    ] [VolcanoAI.LstmEngine] [MainThread] --- Processing Cluster 0...
2025-12-21 23:47:44,260 [WARNING ] [VolcanoAI.LstmEngine] [MainThread] --- Sample c0 terlalu sedikit (0). Skip training.
2025-12-21 23:47:44,699 [INFO    ] [VolcanoAI.LstmEngine] [MainThread] --- [Vault] Model Cluster 0 berhasil dimuat.
2025-12-21 23:47:44,714 [INFO    ] [VolcanoAI.LstmEngine] [MainThread] --- [LSTM] Saved CSV (overwrite-safe): master=output\lstm_results\lstm_records_2y_20251221.csv, recent=output\lstm_results\lstm_recent_15d_20251221.csv, anomalies=output\lstm_results\lstm_anomalies_20251221.csv
2025-12-21 23:47:44,714 [INFO    ] [VolcanoAI_CNN       ] [MainThread] --- === MEMULAI CNN TRAINING PIPELINE V5.0 (TITAN) ===
2025-12-21 23:47:44,718 [INFO    ] [VolcanoAI_CNN       ] [MainThread] --- 
>>> Training CNN Cluster 0
2025-12-21 23:47:44,889 [INFO    ] [VolcanoAI.LstmEngine] [MainThread] --- [Vault] Model Cluster 0 berhasil dimuat.
2025-12-21 23:47:44,889 [WARNING ] [VolcanoAI_CNN       ] [MainThread] --- Skip c0: Gagal get LSTM features (mungkin data kurang).
2025-12-21 23:47:45,819 [INFO    ] [VolcanoAI.LstmEngine] [MainThread] --- [Vault] Model Cluster 0 berhasil dimuat.
2025-12-21 23:47:45,824 [INFO    ] [VolcanoAiPipeline   ] [MainThread] --- ✅ CNN latest overwritten: output\cnn_results\results\cnn_predictions_latest.csv
2025-12-21 23:47:45,831 [INFO    ] [VolcanoAI.engines.cnn_map_generator] [MainThread] --- CNNMapGenerator: map saved -> output\cnn_results\cnn_prediction_map.html
2025-12-21 23:47:45,831 [INFO    ] [VolcanoAiPipeline   ] [MainThread] --- 🗺️ CNN map generated: output\cnn_results\cnn_prediction_map.html
2025-12-21 23:47:45,841 [INFO    ] [VolcanoAiPipeline   ] [MainThread] ---  CNN archive saved: output\cnn_results\results\cnn_predictions_20251221_234745.csv
2025-12-21 23:47:45,842 [INFO    ] [VolcanoAI.NaiveBayesEngine] [MainThread] --- Fitur terpilih (7): ['Magnitudo', 'Kedalaman (km)', 'isVulkanik', 'isTektonik', 'R3_final', 'PheromoneScore', 'luas_cnn']
2025-12-21 23:47:45,859 [INFO    ] [VolcanoAI.NaiveBayesEngine] [MainThread] --- Training Naive Bayes selesai.
2025-12-21 23:47:45,859 [INFO    ] [VolcanoAiPipeline   ] [MainThread] --- 
========== PHASE 4: MODEL EVALUATION ==========
2025-12-21 23:47:45,859 [WARNING ] [ACO_Engine_Master   ] [MainThread] --- [ACO] Heuristic Matrix kosong/flat/NaN. Menggunakan Fallback Uniform distribution.
2025-12-21 23:47:48,967 [INFO    ] [ACO_Engine_Master   ] [MainThread] --- [ACO Iter-41] Stagnasi (41) → Smooth Reset Pheromone.
2025-12-21 23:47:51,829 [INFO    ] [ACO_Engine_Master   ] [MainThread] --- [ACO Iter-82] Stagnasi (41) → Smooth Reset Pheromone.
2025-12-21 23:47:54,905 [INFO    ] [ACO_Engine_Master   ] [MainThread] --- [ACO Iter-123] Stagnasi (41) → Smooth Reset Pheromone.
2025-12-21 23:47:57,780 [INFO    ] [ACO_Engine_Master   ] [MainThread] --- [ACO Iter-164] Stagnasi (41) → Smooth Reset Pheromone.
2025-12-21 23:48:00,279 [ERROR   ] [ACO_Engine_Master   ] [MainThread] --- Gagal membuat visual ACO: Location values cannot contain NaNs.
2025-12-21 23:48:00,279 [INFO    ] [ACO_Engine_Master   ] [MainThread] --- [ACO] Output GA tersimpan → C:\Users\USER\Downloads\Earthquake_Volcan\Earthquake_Volcano\output\aco_results\aco_to_ga.json
2025-12-21 23:48:00,279 [INFO    ] [ACO_Engine_Master   ] [MainThread] --- [ACO] Impact Center: {'center_lat': nan, 'center_lon': nan, 'lat_column_used': 'Lintang', 'lon_column_used': 'Bujur'} | Impact Area (km²): 45.3090817600237
2025-12-21 23:48:00,311 [INFO    ] [VolcanoAI.LstmEngine] [MainThread] --- [LSTM] Saved CSV (overwrite-safe): master=output\lstm_results\lstm_records_2y_20251221.csv, recent=output\lstm_results\lstm_recent_15d_20251221.csv, anomalies=output\lstm_results\lstm_anomalies_20251221.csv
2025-12-21 23:48:00,482 [INFO    ] [VolcanoAI.LstmEngine] [MainThread] --- [Vault] Model Cluster 0 berhasil dimuat.
2025-12-21 23:48:00,498 [ERROR   ] [VolcanoAI.NaiveBayesEngine] [MainThread] --- Evaluasi gagal: Number of classes, 2, does not match size of target_names, 3. Try specifying the labels parameter
2025-12-21 23:48:00,994 [INFO    ] [VolcanoAI.NaiveBayesEngine] [MainThread] --- Output Naive Bayes berhasil disimpan.
2025-12-21 23:48:01,006 [INFO    ] [VolcanoAiPipeline   ] [MainThread] --- Reporter metrics keys being passed: ['class_names', 'accuracy', 'confusion_matrix', 'aco_center', 'aco_area', 'aco_map', 'ga_map', 'cnn_pred_csv', 'cnn_pred_json', 'nb_confusion_png', 'nb_roc_png', 'nb_pred_csv', 'nb_metrics_json']
2025-12-21 23:48:01,006 [INFO    ] [VolcanoAI.Reporter  ] [MainThread] --- Generating Dual Dashboard HTML...
2025-12-21 23:48:01,077 [CRITICAL] [VolcanoAiPipeline   ] [MainThread] --- PIPELINE FAILED: 'EQ_Lintang'
Traceback (most recent call last):
  File "C:\Users\USER\Downloads\Earthquake_Volcan\Earthquake_Volcano\env\lib\site-packages\pandas\core\indexes\base.py", line 3812, in get_loc
    return self._engine.get_loc(casted_key)
  File "pandas/_libs/index.pyx", line 167, in pandas._libs.index.IndexEngine.get_loc
  File "pandas/_libs/index.pyx", line 196, in pandas._libs.index.IndexEngine.get_loc
  File "pandas/_libs/hashtable_class_helper.pxi", line 7088, in pandas._libs.hashtable.PyObjectHashTable.get_item
  File "pandas/_libs/hashtable_class_helper.pxi", line 7096, in pandas._libs.hashtable.PyObjectHashTable.get_item
KeyError: 'EQ_Lintang'

The above exception was the direct cause of the following exception:

Traceback (most recent call last):
  File "C:\Users\USER\Downloads\Earthquake_Volcan\Earthquake_Volcano\main.py", line 716, in run
    self.reporter.run(df_final, final_metrics, anomalies)
  File "C:\Users\USER\Downloads\Earthquake_Volcan\Earthquake_Volcano\VolcanoAI\reporting\comprehensive_reporter.py", line 284, in run
    html_map_live = self.generate_live_map(df_ga_all, latest_row)
  File "C:\Users\USER\Downloads\Earthquake_Volcan\Earthquake_Volcano\VolcanoAI\reporting\comprehensive_reporter.py", line 196, in generate_live_map
    center = [latest_row['EQ_Lintang'], latest_row['EQ_Bujur']] if not latest_row.empty else self.default_center
  File "C:\Users\USER\Downloads\Earthquake_Volcan\Earthquake_Volcano\env\lib\site-packages\pandas\core\series.py", line 1133, in __getitem__
    return self._get_value(key)
  File "C:\Users\USER\Downloads\Earthquake_Volcan\Earthquake_Volcano\env\lib\site-packages\pandas\core\series.py", line 1249, in _get_value
    loc = self.index.get_loc(label)
  File "C:\Users\USER\Downloads\Earthquake_Volcan\Earthquake_Volcano\env\lib\site-packages\pandas\core\indexes\base.py", line 3819, in get_loc
    raise KeyError(key) from err
KeyError: 'EQ_Lintang'
2025-12-21 23:48:01,167 [INFO    ] [VolcanoAiPipeline   ] [MainThread] --- System shutdown. Uptime: 35.86s
