2025-12-17 23:50:56,505 [INFO    ] [root                ] [MainThread] --- Logging diinisialisasi. File: output\pipeline_20251217_235056.log
2025-12-17 23:50:56,507 [INFO    ] [root                ] [MainThread] --- ================================================================================
2025-12-17 23:50:56,509 [INFO    ] [root                ] [MainThread] ---                             VOLCANOAI SYSTEM STARTUP                            
2025-12-17 23:50:56,511 [INFO    ] [root                ] [MainThread] --- ================================================================================
2025-12-17 23:50:56,547 [WARNING ] [VolcanoAI.processing.realtime_data_stream] [MainThread] --- File MIROVA tidak ditemukan di path: output/realtime/mirova_log.txt
2025-12-17 23:50:56,550 [INFO    ] [VolcanoAiPipeline   ] [MainThread] --- Pipeline VolcanoAI 5.2.0-TITAN-EXCEL initialized successfully.
2025-12-17 23:50:56,552 [INFO    ] [VolcanoAiPipeline   ] [MainThread] --- Starting Pipeline Execution...
2025-12-17 23:50:56,554 [INFO    ] [VolcanoAiPipeline   ] [MainThread] --- 
========== PHASE 1: DATA LOADING ==========
2025-12-17 23:50:56,642 [INFO    ] [VolcanoAiPipeline   ] [MainThread] --- 
========== PHASE 2: FEATURE ENGINEERING ==========
2025-12-17 23:50:56,676 [INFO    ] [FeatureEngineer     ] [MainThread] --- >>> FE TRAIN: Initializing new preprocessor state.
2025-12-17 23:50:56,975 [INFO    ] [FeatureEngineer     ] [MainThread] --- Smart Classifier Trained.
2025-12-17 23:50:57,073 [WARNING ] [FeatureEngineer     ] [MainThread] --- Imputer Warning: Kolom berikut kosong total saat training -> diisi 0.0: ['OLI_total (W)', 'MSI_total (W)']
2025-12-17 23:50:57,668 [INFO    ] [VolcanoAI.processing.feature_engineer] [MainThread] --- Preprocessor state saved to: output\feature_preprocessor.pkl
2025-12-17 23:50:57,668 [INFO    ] [FeatureEngineer     ] [MainThread] --- Feature Engineering Complete. Shape: (1307, 55)
2025-12-17 23:50:57,669 [INFO    ] [FeatureEngineer     ] [MainThread] --- >>> FE TRAIN: Initializing new preprocessor state.
2025-12-17 23:50:57,852 [INFO    ] [FeatureEngineer     ] [MainThread] --- Smart Classifier Trained.
2025-12-17 23:50:57,914 [WARNING ] [FeatureEngineer     ] [MainThread] --- Imputer Warning: Kolom berikut kosong total saat training -> diisi 0.0: ['OLI_total (W)', 'MSI_total (W)']
2025-12-17 23:50:58,467 [INFO    ] [VolcanoAI.processing.feature_engineer] [MainThread] --- Preprocessor state saved to: output\feature_preprocessor.pkl
2025-12-17 23:50:58,467 [INFO    ] [FeatureEngineer     ] [MainThread] --- Feature Engineering Complete. Shape: (561, 55)
2025-12-17 23:50:58,470 [INFO    ] [VolcanoAiPipeline   ] [MainThread] --- 
========== PHASE 3: MODEL TRAINING ==========
2025-12-17 23:50:58,770 [INFO    ] [ACO_Engine_Master   ] [MainThread] --- [ACO] Melanjutkan dari brain state sebelumnya.
2025-12-17 23:51:30,274 [INFO    ] [ACO_Engine_Master   ] [MainThread] --- [ACO Iter-101] Stagnasi (41) → Smooth Reset Pheromone.
2025-12-17 23:51:40,975 [INFO    ] [ACO_Engine_Master   ] [MainThread] --- [ACO Iter-142] Stagnasi (41) → Smooth Reset Pheromone.
2025-12-17 23:51:52,513 [INFO    ] [ACO_Engine_Master   ] [MainThread] --- [ACO Iter-183] Stagnasi (41) → Smooth Reset Pheromone.
2025-12-17 23:52:00,680 [INFO    ] [ACO_Engine_Master   ] [MainThread] --- Visual ACO tersimpan: C:\Users\USER\Downloads\Earthquake_Volcan\Earthquake_Volcano\output\aco_results/aco_impact_zones.html
2025-12-17 23:52:00,685 [CRITICAL] [PipelineGuard       ] [MainThread] --- CRASH di _run_training_flow: name 'json' is not defined
2025-12-17 23:52:00,692 [CRITICAL] [VolcanoAiPipeline   ] [MainThread] --- PIPELINE FAILED: name 'json' is not defined
Traceback (most recent call last):
  File "C:\Users\USER\Downloads\Earthquake_Volcan\Earthquake_Volcano\main.py", line 505, in run
    self._run_training_flow()
  File "C:\Users\USER\Downloads\Earthquake_Volcan\Earthquake_Volcano\main.py", line 100, in wrapper
    raise e
  File "C:\Users\USER\Downloads\Earthquake_Volcan\Earthquake_Volcano\main.py", line 93, in wrapper
    return func(*args, **kwargs)
  File "C:\Users\USER\Downloads\Earthquake_Volcan\Earthquake_Volcano\main.py", line 294, in _run_training_flow
    df_processed, _ = self.aco_engine.run(df_processed)
  File "C:\Users\USER\Downloads\Earthquake_Volcan\Earthquake_Volcano\VolcanoAI\engines\aco_engine.py", line 633, in run
    return self._finalize_results(df)
  File "C:\Users\USER\Downloads\Earthquake_Volcan\Earthquake_Volcano\VolcanoAI\engines\aco_engine.py", line 696, in _finalize_results
    ga_payload = self._export_for_ga(df_out, center_info)
  File "C:\Users\USER\Downloads\Earthquake_Volcan\Earthquake_Volcano\VolcanoAI\engines\aco_engine.py", line 566, in _export_for_ga
    json.dump(ga_input, f, indent=2)
NameError: name 'json' is not defined
2025-12-17 23:52:00,696 [INFO    ] [VolcanoAiPipeline   ] [MainThread] --- System shutdown. Uptime: 64.15s
