2025-12-21 22:20:57,844 [INFO    ] [root                ] [MainThread] --- Logging diinisialisasi. File: output\pipeline_20251221_222057.log
2025-12-21 22:20:57,844 [INFO    ] [root                ] [MainThread] --- ================================================================================
2025-12-21 22:20:57,844 [INFO    ] [root                ] [MainThread] ---                             VOLCANOAI SYSTEM STARTUP                            
2025-12-21 22:20:57,844 [INFO    ] [root                ] [MainThread] --- ================================================================================
2025-12-21 22:20:57,844 [INFO    ] [root                ] [MainThread] --- [Dashboard] Starting Flask server in background thread (monitoring enabled)...
2025-12-21 22:20:57,858 [INFO    ] [RealtimeSensorManager] [MainThread] --- [MIROVA] Menggunakan log terbaru: output/realtime\mirova_log_20251003-094000.txt
2025-12-21 22:20:57,858 [INFO    ] [VolcanoAiPipeline   ] [MainThread] --- Pipeline VolcanoAI 5.2.0-TITAN-EXCEL initialized successfully.
2025-12-21 22:20:57,858 [INFO    ] [VolcanoAiPipeline   ] [MainThread] --- Starting Pipeline Execution...
2025-12-21 22:20:57,858 [INFO    ] [VolcanoAiPipeline   ] [MainThread] --- 
========== PHASE 1: DATA LOADING ==========
2025-12-21 22:20:58,150 [INFO    ] [werkzeug            ] [Thread-1 (_run)] --- [31m[1mWARNING: This is a development server. Do not use it in a production deployment. Use a production WSGI server instead.[0m
 * Running on http://127.0.0.1:5000
2025-12-21 22:20:58,150 [INFO    ] [werkzeug            ] [Thread-1 (_run)] --- [33mPress CTRL+C to quit[0m
2025-12-21 22:20:58,193 [INFO    ] [werkzeug            ] [Thread-2 (process_request_thread)] --- 127.0.0.1 - - [21/Dec/2025 22:20:58] "GET / HTTP/1.1" 200 -
2025-12-21 22:20:58,265 [INFO    ] [werkzeug            ] [Thread-3 (process_request_thread)] --- 127.0.0.1 - - [21/Dec/2025 22:20:58] "[36mGET /files/output/naive_bayes_results/confusion_matrix.png HTTP/1.1[0m" 304 -
2025-12-21 22:20:58,266 [INFO    ] [werkzeug            ] [Thread-4 (process_request_thread)] --- 127.0.0.1 - - [21/Dec/2025 22:20:58] "[36mGET /files/output/naive_bayes_results/roc_curves.png HTTP/1.1[0m" 304 -
2025-12-21 22:20:58,366 [INFO    ] [werkzeug            ] [Thread-5 (process_request_thread)] --- 127.0.0.1 - - [21/Dec/2025 22:20:58] "[36mGET /files/output/aco_results/aco_impact_zones.html HTTP/1.1[0m" 304 -
2025-12-21 22:20:58,372 [INFO    ] [werkzeug            ] [Thread-6 (process_request_thread)] --- 127.0.0.1 - - [21/Dec/2025 22:20:58] "[36mGET /files/output/ga_results/ga_path_map.html HTTP/1.1[0m" 304 -
2025-12-21 22:20:58,397 [INFO    ] [werkzeug            ] [Thread-7 (process_request_thread)] --- 127.0.0.1 - - [21/Dec/2025 22:20:58] "[36mGET /files/output/cnn_results/cnn_prediction_map.html HTTP/1.1[0m" 304 -
2025-12-21 22:20:58,538 [WARNING ] [VolcanoAI.DataLoader] [MainThread] --- [DataGuard] Kolom datetime 'Acquired_Date' tidak ditemukan. Skip.
2025-12-21 22:20:58,566 [CRITICAL] [PipelineGuard       ] [MainThread] --- CRASH di _step_load_and_split_data: Tidak ditemukan kolom tanggal. Kolom tersedia: ['Unnamed: 0', 'Unnamed: 1', 'Unnamed: 2', 'Unnamed: 3', 'Unnamed: 4', 'Unnamed: 5', 'Unnamed: 6', 'Unnamed: 7', 'Unnamed: 8']
2025-12-21 22:20:58,571 [CRITICAL] [VolcanoAiPipeline   ] [MainThread] --- PIPELINE FAILED: Tidak ditemukan kolom tanggal. Kolom tersedia: ['Unnamed: 0', 'Unnamed: 1', 'Unnamed: 2', 'Unnamed: 3', 'Unnamed: 4', 'Unnamed: 5', 'Unnamed: 6', 'Unnamed: 7', 'Unnamed: 8']
Traceback (most recent call last):
  File "C:\Users\USER\Downloads\Earthquake_Volcan\Earthquake_Volcano\main.py", line 613, in run
    if not self._step_load_and_split_data():
  File "C:\Users\USER\Downloads\Earthquake_Volcan\Earthquake_Volcano\main.py", line 100, in wrapper
    raise e
  File "C:\Users\USER\Downloads\Earthquake_Volcan\Earthquake_Volcano\main.py", line 93, in wrapper
    return func(*args, **kwargs)
  File "C:\Users\USER\Downloads\Earthquake_Volcan\Earthquake_Volcano\main.py", line 232, in _step_load_and_split_data
    df_full = self.data_loader.run()
  File "C:\Users\USER\Downloads\Earthquake_Volcan\Earthquake_Volcano\VolcanoAI\processing\data_loader.py", line 279, in run
    ).load_and_clean()
  File "C:\Users\USER\Downloads\Earthquake_Volcan\Earthquake_Volcano\VolcanoAI\processing\data_loader.py", line 191, in load_and_clean
    self._load_single(self.extra_path)
  File "C:\Users\USER\Downloads\Earthquake_Volcan\Earthquake_Volcano\VolcanoAI\processing\data_loader.py", line 144, in _load_single
    raise ValueError(
ValueError: Tidak ditemukan kolom tanggal. Kolom tersedia: ['Unnamed: 0', 'Unnamed: 1', 'Unnamed: 2', 'Unnamed: 3', 'Unnamed: 4', 'Unnamed: 5', 'Unnamed: 6', 'Unnamed: 7', 'Unnamed: 8']
2025-12-21 22:20:58,572 [INFO    ] [VolcanoAiPipeline   ] [MainThread] --- System shutdown. Uptime: 0.71s
