2025-12-10 05:47:12,274 [INFO    ] [root                ] [MainThread] --- Logging diinisialisasi. File: output\pipeline_20251210_054712.log
2025-12-10 05:47:12,275 [INFO    ] [root                ] [MainThread] --- ================================================================================
2025-12-10 05:47:12,275 [INFO    ] [root                ] [MainThread] ---                             VOLCANOAI SYSTEM STARTUP                            
2025-12-10 05:47:12,275 [INFO    ] [root                ] [MainThread] --- ================================================================================
2025-12-10 05:47:12,287 [INFO    ] [VolcanoAiPipeline   ] [MainThread] --- Pipeline VolcanoAI 5.2.0-TITAN-EXCEL initialized successfully.
2025-12-10 05:47:12,288 [INFO    ] [VolcanoAiPipeline   ] [MainThread] --- Starting Pipeline Execution...
2025-12-10 05:47:12,288 [INFO    ] [VolcanoAiPipeline   ] [MainThread] --- 
========== PHASE 1: DATA LOADING ==========
2025-12-10 05:47:12,289 [INFO    ] [SystemMonitor       ] [MainThread] --- RAM Usage: 73.3%
2025-12-10 05:47:12,300 [INFO    ] [VolcanoAiPipeline   ] [MainThread] --- Memuat data dari cache...
2025-12-10 05:47:12,326 [INFO    ] [VolcanoAiPipeline   ] [MainThread] --- 
========== PHASE 2: FEATURE ENGINEERING ==========
2025-12-10 05:47:12,335 [INFO    ] [FeatureEngineer     ] [MainThread] --- >>> FE TRAIN: Initializing new preprocessor state.
2025-12-10 05:47:12,467 [INFO    ] [FeatureEngineer     ] [MainThread] --- Smart Classifier Trained.
2025-12-10 05:47:12,526 [WARNING ] [FeatureEngineer     ] [MainThread] --- Imputer Warning: kolom kosong total → diisi 0: ['OLI_total (W)', 'MSI_total (W)']
2025-12-10 05:47:12,606 [INFO    ] [VolcanoAI.FeatureEngineer] [MainThread] --- Preprocessor state saved to: output/feature_preprocessor.pkl
2025-12-10 05:47:12,607 [INFO    ] [FeatureEngineer     ] [MainThread] --- Feature Engineering Complete. Shape: (1307, 55)
2025-12-10 05:47:12,607 [INFO    ] [FeatureEngineer     ] [MainThread] --- >>> FE TRAIN: Initializing new preprocessor state.
2025-12-10 05:47:12,704 [INFO    ] [FeatureEngineer     ] [MainThread] --- Smart Classifier Trained.
2025-12-10 05:47:12,730 [WARNING ] [FeatureEngineer     ] [MainThread] --- Imputer Warning: kolom kosong total → diisi 0: ['OLI_total (W)', 'MSI_total (W)']
2025-12-10 05:47:12,776 [INFO    ] [VolcanoAI.FeatureEngineer] [MainThread] --- Preprocessor state saved to: output/feature_preprocessor.pkl
2025-12-10 05:47:12,777 [INFO    ] [FeatureEngineer     ] [MainThread] --- Feature Engineering Complete. Shape: (561, 55)
2025-12-10 05:47:12,786 [INFO    ] [VolcanoAiPipeline   ] [MainThread] --- 
========== PHASE 3: MODEL TRAINING ==========
2025-12-10 05:47:12,787 [INFO    ] [VolcanoAiPipeline   ] [MainThread] --- Running ACO Engine (Step 1)...
2025-12-10 05:47:25,168 [INFO    ] [ACO_Engine_Master   ] [MainThread] --- [ACO] Stagnasi terdeteksi → smooth reset pheromone.
2025-12-10 05:47:40,485 [INFO    ] [ACO_Engine_Master   ] [MainThread] --- [ACO] Stagnasi terdeteksi → smooth reset pheromone.
2025-12-10 05:47:49,162 [INFO    ] [ACO_Engine_Master   ] [MainThread] --- [ACO] Stagnasi terdeteksi → smooth reset pheromone.
2025-12-10 05:47:56,217 [WARNING ] [ACO_Engine_Master   ] [MainThread] --- [ACO] Dataframe kosong atau kurang kolom untuk visualisasi.
2025-12-10 05:47:56,218 [INFO    ] [VolcanoAiPipeline   ] [MainThread] --- Running GA Engine (Step 2)...
2025-12-10 05:47:56,218 [INFO    ] [VolcanoAI.GaEngine  ] [MainThread] --- 
================================================================================
2025-12-10 05:47:56,219 [INFO    ] [VolcanoAI.GaEngine  ] [MainThread] ---                             === GA ENGINE START ===                             
2025-12-10 05:47:56,219 [INFO    ] [VolcanoAI.GaEngine  ] [MainThread] --- ================================================================================
2025-12-10 05:47:56,229 [INFO    ] [VolcanoAI.GaEngine  ] [MainThread] --- GA Evolution Start → Pop=80, Gen=150
2025-12-10 05:47:56,249 [INFO    ] [VolcanoAI.GaEngine  ] [MainThread] --- Resuming GA from checkpoint...
2025-12-10 05:48:15,962 [INFO    ] [VolcanoAI.GaEngine  ] [MainThread] --- GA Map saved → output\ga_results\ga_path_map.html
2025-12-10 05:48:21,380 [INFO    ] [VolcanoAI.GaEngine  ] [MainThread] --- Excel exported → output\ga_results\ga_report.xlsx
2025-12-10 05:48:21,383 [INFO    ] [VolcanoAI.GaEngine  ] [MainThread] ---                            === GA ENGINE COMPLETE ===                           
2025-12-10 05:48:21,386 [INFO    ] [VolcanoAiPipeline   ] [MainThread] --- Training LSTM Engine (Step 3)...
2025-12-10 05:48:21,387 [INFO    ] [VolcanoAI.LstmEngine] [MainThread] --- === LSTM V6.0 TITAN TRAINING START ===
2025-12-10 05:48:21,432 [INFO    ] [VolcanoAI.LstmEngine] [MainThread] --- Processing Cluster 0...
2025-12-10 05:48:21,445 [INFO    ] [VolcanoAI.LstmEngine] [MainThread] ---     [Tuner] Menjalankan 3 trial optimasi...
2025-12-10 05:48:22,235 [WARNING ] [tensorflow          ] [MainThread] --- From C:\Program Files\Python311\Lib\site-packages\keras\src\backend\common\global_state.py:82: The name tf.reset_default_graph is deprecated. Please use tf.compat.v1.reset_default_graph instead.

2025-12-10 05:49:19,877 [INFO    ] [VolcanoAI.LstmEngine] [MainThread] ---     [Tuner] Parameter Terbaik: {'latent_dim': 128, 'learning_rate': 0.001, 'dropout_rate': 0.3} (Loss: 0.0719)
2025-12-10 05:49:59,658 [INFO    ] [VolcanoAiPipeline   ] [MainThread] --- Training CNN Engine (Step 4)...
2025-12-10 05:49:59,659 [INFO    ] [VolcanoAI_CNN       ] [MainThread] --- === MEMULAI CNN TRAINING PIPELINE V5.0 (TITAN) ===
2025-12-10 05:49:59,659 [INFO    ] [VolcanoAI_CNN       ] [MainThread] --- 
>>> Training CNN Cluster 0
2025-12-10 05:50:02,547 [INFO    ] [VolcanoAI_CNN       ] [MainThread] ---     [CNN Tuner] Memulai 2 trial...
2025-12-10 05:50:02,597 [WARNING ] [tensorflow          ] [MainThread] --- From C:\Program Files\Python311\Lib\site-packages\keras\src\backend\common\global_state.py:82: The name tf.reset_default_graph is deprecated. Please use tf.compat.v1.reset_default_graph instead.

2025-12-10 05:51:48,107 [INFO    ] [VolcanoAI_CNN       ] [MainThread] ---     [CNN Tuner] Terbaik: {'base_filters': 16, 'learning_rate': 0.001, 'dropout': 0.1} (Loss: 0.1379)
2025-12-10 05:54:48,081 [INFO    ] [VolcanoAiPipeline   ] [MainThread] --- Training Naive Bayes Engine (Step 5)...
2025-12-10 05:54:48,121 [INFO    ] [VolcanoAI.NaiveBayesEngine] [MainThread] --- Fitur Terpilih (7): ['Magnitudo', 'Kedalaman (km)', 'isTektonik', 'R3_final', 'PheromoneScore', 'luas_cnn', 'lstm_prediction']
2025-12-10 05:54:48,165 [INFO    ] [VolcanoAI.NaiveBayesEngine] [MainThread] --- Training selesai. Model: CalibratedClassifierCV
2025-12-10 05:54:48,168 [INFO    ] [VolcanoAiPipeline   ] [MainThread] --- 
========== PHASE 4: MODEL EVALUATION ==========
2025-12-10 05:54:48,169 [INFO    ] [VolcanoAiPipeline   ] [MainThread] --- Running ACO Engine for Evaluation...
2025-12-10 05:54:58,300 [INFO    ] [ACO_Engine_Master   ] [MainThread] --- [ACO] Stagnasi terdeteksi → smooth reset pheromone.
2025-12-10 05:55:08,527 [INFO    ] [ACO_Engine_Master   ] [MainThread] --- [ACO] Stagnasi terdeteksi → smooth reset pheromone.
2025-12-10 05:55:18,157 [INFO    ] [ACO_Engine_Master   ] [MainThread] --- [ACO] Stagnasi terdeteksi → smooth reset pheromone.
2025-12-10 05:55:28,306 [INFO    ] [ACO_Engine_Master   ] [MainThread] --- [ACO] Stagnasi terdeteksi → smooth reset pheromone.
2025-12-10 05:55:29,060 [WARNING ] [ACO_Engine_Master   ] [MainThread] --- [ACO] Dataframe kosong atau kurang kolom untuk visualisasi.
2025-12-10 05:55:35,488 [INFO    ] [VolcanoAI.NaiveBayesEngine] [MainThread] --- 
=== Laporan Klasifikasi ===
              precision    recall  f1-score   support

      Ringan       0.94      0.82      0.87       109
      Sedang       0.78      0.86      0.82       211
       Parah       0.90      0.88      0.89       241

    accuracy                           0.86       561
   macro avg       0.87      0.85      0.86       561
weighted avg       0.86      0.86      0.86       561

2025-12-10 05:55:36,721 [INFO    ] [VolcanoAI.Reporter  ] [MainThread] --- Generating Dual Dashboard HTML...
2025-12-10 05:55:38,555 [INFO    ] [VolcanoAI.Reporter  ] [MainThread] --- Dashboard Updated: output\VolcanoAI_Analysis_STATIC.html
2025-12-10 05:55:38,557 [INFO    ] [VolcanoAI.Reporter  ] [MainThread] --- Dashboard Updated: output\VolcanoAI_Monitor_LIVE.html
2025-12-10 05:55:38,558 [INFO    ] [VolcanoAI.Reporter  ] [MainThread] --- ✅ Dual Dashboard Updated. Files: LIVE, STATIC.
2025-12-10 05:55:38,559 [INFO    ] [VolcanoAiPipeline   ] [MainThread] --- 
========== PHASE 5: LIVE MONITORING ==========
2025-12-10 05:55:38,560 [INFO    ] [VolcanoAiPipeline   ] [MainThread] --- System is now ACTIVE. Watching for BMKG updates...
2025-12-10 05:55:38,561 [INFO    ] [VolcanoAI.LstmEngine] [MainThread] --- Loading 1307 rows to buffer.
2025-12-10 05:55:38,616 [INFO    ] [BMKG_Sensor         ] [MainThread] --- Menghubungi Server BMKG (Mencari Gempa Jatim)...
2025-12-10 05:55:38,733 [INFO    ] [BMKG_Sensor         ] [MainThread] --- Ditemukan 1 gempa baru di area Jawa Timur.
2025-12-10 05:55:38,738 [INFO    ] [VolcanoAiPipeline   ] [MainThread] --- 🚨 DETEKSI GEMPA BARU: 1 kejadian.
2025-12-10 05:55:38,739 [CRITICAL] [VolcanoAiPipeline   ] [MainThread] --- Monitoring Error: 'LstmEngine' object has no attribute 'get_buffer'
Traceback (most recent call last):
  File "C:\Soft-project\Soft-project\TA\Earthquake_Volcano\main.py", line 445, in start_monitoring_loop
    df_hist = self.lstm_engine.get_buffer()
             ^^^^^^^^^^^^^^^^^^^^^^^^^^^
AttributeError: 'LstmEngine' object has no attribute 'get_buffer'
2025-12-10 05:55:38,741 [INFO    ] [VolcanoAiPipeline   ] [MainThread] --- System shutdown. Uptime: 506.45s
