2026-01-01 15:42:29,068 [INFO    ] [root                ] [MainThread] --- Logging diinisialisasi. File: output\pipeline_20260101_154229.log
2026-01-01 15:42:29,072 [INFO    ] [root                ] [MainThread] --- ================================================================================
2026-01-01 15:42:29,072 [INFO    ] [root                ] [MainThread] ---                             VOLCANOAI SYSTEM STARTUP                            
2026-01-01 15:42:29,073 [INFO    ] [root                ] [MainThread] --- ================================================================================
2026-01-01 15:42:29,082 [INFO    ] [root                ] [MainThread] --- [Dashboard] Starting Flask server in background thread (monitoring enabled)...
2026-01-01 15:42:29,128 [INFO    ] [RealtimeSensorManager] [MainThread] --- [MIROVA] Menggunakan log terbaru: output/realtime\mirova_log_20251003-094000.txt
2026-01-01 15:42:29,128 [INFO    ] [VolcanoAiPipeline   ] [MainThread] --- Pipeline VolcanoAI 5.2.0-TITAN-EXCEL initialized successfully.
2026-01-01 15:42:29,129 [INFO    ] [VolcanoAiPipeline   ] [MainThread] --- Starting Pipeline Execution...
2026-01-01 15:42:29,129 [INFO    ] [VolcanoAiPipeline   ] [MainThread] --- 
========== PHASE 1: DATA LOADING ==========
2026-01-01 15:42:29,152 [INFO    ] [VolcanoAiPipeline   ] [MainThread] --- 
========== PHASE 2: FEATURE ENGINEERING ==========
2026-01-01 15:42:29,190 [INFO    ] [FeatureEngineer     ] [MainThread] --- >>> FE TRAIN: Initializing new preprocessor state.
2026-01-01 15:42:29,264 [WARNING ] [FeatureEngineer     ] [MainThread] --- Smart Classifier SKIPPED: Tidak ada data berlabel cukup (fallback ke rule-based).
2026-01-01 15:42:29,380 [WARNING ] [FeatureEngineer     ] [MainThread] --- Imputer Warning: Kolom berikut kosong total saat training -> diisi 0.0: ['OLI_total (W)', 'MSI_total (W)']
2026-01-01 15:42:30,241 [INFO    ] [VolcanoAI.processing.feature_engineer] [MainThread] --- Preprocessor state saved to: output\feature_preprocessor.pkl
2026-01-01 15:42:30,242 [INFO    ] [FeatureEngineer     ] [MainThread] --- Feature Engineering Complete. Shape: (535, 66)
2026-01-01 15:42:30,322 [INFO    ] [FeatureEngineer     ] [MainThread] --- >>> FE TRAIN: Initializing new preprocessor state.
2026-01-01 15:42:30,438 [WARNING ] [FeatureEngineer     ] [MainThread] --- Smart Classifier SKIPPED: Tidak ada data berlabel cukup (fallback ke rule-based).
2026-01-01 15:42:30,529 [WARNING ] [FeatureEngineer     ] [MainThread] --- Imputer Warning: Kolom berikut kosong total saat training -> diisi 0.0: ['OLI_total (W)', 'MSI_total (W)']
2026-01-01 15:42:30,624 [INFO    ] [werkzeug            ] [Thread-1 (_run)] --- [31m[1mWARNING: This is a development server. Do not use it in a production deployment. Use a production WSGI server instead.[0m
 * Running on http://127.0.0.1:5000
2026-01-01 15:42:30,627 [INFO    ] [werkzeug            ] [Thread-1 (_run)] --- [33mPress CTRL+C to quit[0m
2026-01-01 15:42:31,007 [INFO    ] [werkzeug            ] [Thread-234 (process_request_thread)] --- 127.0.0.1 - - [01/Jan/2026 15:42:31] "GET / HTTP/1.1" 200 -
2026-01-01 15:42:31,829 [INFO    ] [VolcanoAI.processing.feature_engineer] [MainThread] --- Preprocessor state saved to: output\feature_preprocessor.pkl
2026-01-01 15:42:31,830 [INFO    ] [FeatureEngineer     ] [MainThread] --- Feature Engineering Complete. Shape: (230, 66)
2026-01-01 15:42:31,834 [INFO    ] [VolcanoAiPipeline   ] [MainThread] --- 
========== PHASE 3: MODEL TRAINING ==========
2026-01-01 15:42:31,860 [DEBUG   ] [ACO_Engine_Master   ] [MainThread] --- [ACO] DataFrame masuk: 535 baris, 66 kolom
2026-01-01 15:42:31,865 [DEBUG   ] [ACO_Engine_Master   ] [MainThread] --- [ACO] Kolom: ['Acquired_Date', 'EQ_Lintang', 'EQ_Bujur', 'Magnitudo', 'Kedalaman (km)', 'Nama', 'Sumber', 'VRP_Max', 'Hembusan', 'Tektonik_Lokal', 'Tektonik_Jauh', 'Tremor_Menerus', 'Vulkanik_Dangkal', 'Vulkanik_Dalam', 'Letusan_Erupsi', 'Guguran', 'Harmonik', 'Tremor_Non_Harmonik', 'Magnitudo_Original', 'Kedalaman_Original', 'Tanggal', 'Keterangan', 'isVulkanik', 'isTektonik', 'seismic_energy_log10', 'R1_final', 'R2_final', 'R3_final', 'AreaTerdampak_km2', 'tfe_doy_sin', 'tfe_doy_cos', 'tfe_weekday_sin', 'Intensity', 'cluster_id', 'time_since_last_event_days', 'OLI_total (W)', 'MSI_total (W)', 'Magnitudo_scaled', 'Kedalaman (km)_scaled', 'seismic_energy_log10_scaled', 'time_since_last_event_days_scaled', 'impact_level', 'Magnitudo_lag1', 'Magnitudo_lag3', 'Magnitudo_roll_mean3', 'Magnitudo_roll_std3', 'Magnitudo_roll_mean7', 'Magnitudo_roll_std7', 'VRP_Max_lag1', 'VRP_Max_lag3', 'VRP_Max_roll_mean3', 'VRP_Max_roll_std3', 'VRP_Max_roll_mean7', 'VRP_Max_roll_std7', 'R3_final_lag1', 'R3_final_lag3', 'R3_final_roll_mean3', 'R3_final_roll_std3', 'R3_final_roll_mean7', 'R3_final_roll_std7', 'seismic_energy_log10_lag1', 'seismic_energy_log10_lag3', 'seismic_energy_log10_roll_mean3', 'seismic_energy_log10_roll_std3', 'seismic_energy_log10_roll_mean7', 'seismic_energy_log10_roll_std7']
2026-01-01 15:42:31,961 [DEBUG   ] [ACO_Engine_Master   ] [MainThread] ---         Acquired_Date  EQ_Lintang    EQ_Bujur  Magnitudo  Kedalaman (km)   Nama            Sumber  VRP_Max  Hembusan  Tektonik_Lokal  Tektonik_Jauh  Tremor_Menerus  Vulkanik_Dangkal  Vulkanik_Dalam  Letusan_Erupsi  Guguran  Harmonik  Tremor_Non_Harmonik  Magnitudo_Original  Kedalaman_Original             Tanggal Keterangan  isVulkanik  isTektonik  seismic_energy_log10   R1_final   R2_final   R3_final  AreaTerdampak_km2  tfe_doy_sin  tfe_doy_cos  tfe_weekday_sin  Intensity  cluster_id  time_since_last_event_days  OLI_total (W)  MSI_total (W)  Magnitudo_scaled  Kedalaman (km)_scaled  seismic_energy_log10_scaled  time_since_last_event_days_scaled impact_level  Magnitudo_lag1  Magnitudo_lag3  Magnitudo_roll_mean3  Magnitudo_roll_std3  Magnitudo_roll_mean7  Magnitudo_roll_std7  VRP_Max_lag1  VRP_Max_lag3  VRP_Max_roll_mean3  VRP_Max_roll_std3  VRP_Max_roll_mean7  VRP_Max_roll_std7  R3_final_lag1  R3_final_lag3  R3_final_roll_mean3  R3_final_roll_std3  R3_final_roll_mean7  R3_final_roll_std7  seismic_energy_log10_lag1  seismic_energy_log10_lag3  seismic_energy_log10_roll_mean3  seismic_energy_log10_roll_std3  seismic_energy_log10_roll_mean7  seismic_energy_log10_roll_std7
0 2022-01-01 07:57:00   -7.916717  112.306117       3.47              11  Kelud  VolcanoDiscovery      0.0         0               0              0               0                 1               0               0        0         0                    0                3.47                  11 2022-01-01 07:57:00    Unknown           0           1                10.005  12.631156  27.788543  50.524624        8019.661776     0.017202     0.999852        -0.974928       34.7           0                    2.777859            0.0            0.0          0.041344              -0.229508                     0.041344                           2.306543       Sedang            0.00            0.00              3.470000             0.000000                3.4700             0.000000           0.0           0.0                 0.0                0.0                 0.0                0.0       0.000000       0.000000            50.524624            0.000000            50.524624            0.000000                      0.000                      0.000                          10.0050                        0.000000                         10.00500                        0.000000
1 2022-01-02 03:26:00   -7.927617  112.260764       5.46               8  Kelud  VolcanoDiscovery      0.0         0               5              3               0                 0               0               0        0         3                    0                5.46                   8 2022-01-02 03:26:00    Unknown           0           1                12.990  19.824000  43.612800  79.296000       19753.881010     0.034398     0.999408        -0.781831       54.6           0                    0.811806            0.0            0.0          1.069767              -0.327869                     1.069767                           0.240788        Parah            3.47            0.00              4.465000             1.407142                4.4650             1.407142           0.0           0.0                 0.0                0.0                 0.0                0.0      50.524624       0.000000            64.910312           20.344435            64.910312           20.344435                     10.005                      0.000                          11.4975                        2.110714                         11.49750                        2.110714
2 2022-01-02 11:35:00   -7.933503  112.917144       3.13              65  Bromo  VolcanoDiscovery      0.0         5               1              5               0                 0               0               1        2         0                    0                3.13                  65 2022-01-02 11:35:00    Unknown           0           1                 9.495   9.651069  21.232351  38.604275        4681.884303     0.034398     0.999408        -0.781831       31.3           0                    0.339583            0.0            0.0         -0.134367               1.540984                    -0.134367                          -0.255381       Ringan            5.46            0.00              4.020000             1.258610                4.0200             1.258610           0.0           0.0                 0.0                0.0                 0.0                0.0      79.296000       0.000000            56.141633           20.919302            56.141633           20.919302                     12.990                      0.000                          10.8300                        1.887916                         10.83000                        1.887916
3 2022-01-02 16:55:00   -8.186015  114.068209       4.61              25  Raung  VolcanoDiscovery      0.0         1               0              0               0                 0               4               5        2         0                    0                4.61                  25 2022-01-02 16:55:00    Unknown           0           1                11.715  14.739725  32.427395  58.958900       10920.653238     0.034398     0.999408        -0.781831       46.1           0                    0.222222            0.0            0.0          0.630491               0.229508                     0.630491                          -0.378694        Parah            3.13            3.47              4.400000             1.179110                4.1675             1.069155           0.0           0.0                 0.0                0.0                 0.0                0.0      38.604275      50.524624            58.953058           20.345863            56.845950           17.138525                      9.495                     10.005                          11.4000                        1.768665                         11.05125                        1.603732
4 2022-01-04 08:46:00   -7.958622  112.954185       2.20               5  Bromo  VolcanoDiscovery      0.0         0               0              0               0                 0               0               0        5         0                    0                2.20                   5 2022-01-04 08:46:00    Unknown           0           1                 8.100  11.527500  25.360500  46.110000        6679.440986     0.068755     0.997634         0.781831       22.0           0                    1.660417            0.0            0.0         -0.614987              -0.426230                    -0.614987                           1.132433       Sedang            4.61            5.46              3.313333             1.215415                3.7740             1.277314           0.0           0.0                 0.0                0.0                 0.0                0.0      58.958900      79.296000            47.891058           10.293533            54.698760           15.599645                     11.715                     12.990                           9.7700                        1.823122                         10.46100                        1.915970
2026-01-01 15:42:32,518 [INFO    ] [werkzeug            ] [Thread-350 (process_request_thread)] --- 127.0.0.1 - - [01/Jan/2026 15:42:32] "GET / HTTP/1.1" 200 -
2026-01-01 15:42:32,525 [INFO    ] [werkzeug            ] [Thread-235 (process_request_thread)] --- 127.0.0.1 - - [01/Jan/2026 15:42:32] "GET /files/output/aco_results/aco_impact_zones.html HTTP/1.1" 200 -
2026-01-01 15:42:32,641 [INFO    ] [werkzeug            ] [Thread-349 (process_request_thread)] --- 127.0.0.1 - - [01/Jan/2026 15:42:32] "GET /files/output/cnn_results/maps/cnn_prediction_map_20260101_153042.html HTTP/1.1" 200 -
2026-01-01 15:42:32,646 [INFO    ] [werkzeug            ] [Thread-348 (process_request_thread)] --- 127.0.0.1 - - [01/Jan/2026 15:42:32] "GET /files/output/ga_results/ga_from_aco_map.html HTTP/1.1" 200 -
2026-01-01 15:42:55,881 [INFO    ] [ACO_Engine_Master   ] [MainThread] --- [ACO Iter-76] Stagnasi (41) → Smooth Reset Pheromone.
2026-01-01 15:43:06,693 [INFO    ] [ACO_Engine_Master   ] [MainThread] --- [ACO Iter-117] Stagnasi (41) → Smooth Reset Pheromone.
2026-01-01 15:43:24,180 [INFO    ] [ACO_Engine_Master   ] [MainThread] --- [ACO Iter-183] Stagnasi (41) → Smooth Reset Pheromone.
2026-01-01 15:43:31,899 [INFO    ] [ACO_Engine_Master   ] [MainThread] --- [ACO] Minimal GA input saved → C:\Users\laygenda surya putra\Documents\JOKI\gempavulkanik\output\aco_results\aco_to_ga.json (atomic)
2026-01-01 15:43:32,980 [INFO    ] [werkzeug            ] [Thread-351 (process_request_thread)] --- 127.0.0.1 - - [01/Jan/2026 15:43:32] "GET / HTTP/1.1" 200 -
2026-01-01 15:43:35,666 [INFO    ] [werkzeug            ] [Thread-352 (process_request_thread)] --- 127.0.0.1 - - [01/Jan/2026 15:43:35] "GET /files/output/aco_results/aco_impact_zones.html HTTP/1.1" 200 -
2026-01-01 15:43:35,711 [INFO    ] [werkzeug            ] [Thread-353 (process_request_thread)] --- 127.0.0.1 - - [01/Jan/2026 15:43:35] "GET /files/output/ga_results/ga_from_aco_map.html HTTP/1.1" 200 -
2026-01-01 15:43:35,820 [INFO    ] [werkzeug            ] [Thread-354 (process_request_thread)] --- 127.0.0.1 - - [01/Jan/2026 15:43:35] "GET /files/output/cnn_results/maps/cnn_prediction_map_20260101_153042.html HTTP/1.1" 200 -
2026-01-01 15:43:37,547 [INFO    ] [werkzeug            ] [Thread-355 (process_request_thread)] --- 127.0.0.1 - - [01/Jan/2026 15:43:37] "GET / HTTP/1.1" 200 -
2026-01-01 15:43:38,087 [INFO    ] [ACO_Engine_Master   ] [MainThread] --- [ACO] Visual ACO tersimpan → C:\Users\laygenda surya putra\Documents\JOKI\gempavulkanik\output\aco_results/aco_impact_zones.html
2026-01-01 15:43:38,090 [INFO    ] [VolcanoAI.GaEngine  ] [MainThread] --- 
================================================================================
2026-01-01 15:43:38,092 [INFO    ] [VolcanoAI.GaEngine  ] [MainThread] ---                  === GA ENGINE START (Input from ACO Only) ===                  
2026-01-01 15:43:38,092 [INFO    ] [VolcanoAI.GaEngine  ] [MainThread] --- ================================================================================
2026-01-01 15:44:23,611 [INFO    ] [VolcanoAI.GaEngine  ] [MainThread] --- GA Map saved (atomic) → output\ga_results\ga_from_aco_map.html
2026-01-01 15:44:23,613 [INFO    ] [VolcanoAI.GaEngine  ] [MainThread] ---                      === GA ENGINE COMPLETE (ACO Mode) ===                      
2026-01-01 15:44:23,614 [INFO    ] [VolcanoAI.LstmEngine] [MainThread] --- === LSTM V6.0 TITAN TRAINING START ===
2026-01-01 15:44:23,758 [INFO    ] [VolcanoAI.LstmEngine] [MainThread] --- Processing Cluster 0...
2026-01-01 15:44:23,800 [INFO    ] [VolcanoAI.LstmEngine] [MainThread] ---     [Tuner] Menjalankan 3 trial optimasi...
2026-01-01 15:44:27,298 [WARNING ] [tensorflow          ] [MainThread] --- From C:\Users\laygenda surya putra\Documents\JOKI\gempavulkanik\env\lib\site-packages\keras\src\backend\common\global_state.py:82: The name tf.reset_default_graph is deprecated. Please use tf.compat.v1.reset_default_graph instead.

2026-01-01 15:44:28,822 [INFO    ] [VolcanoAI.LstmEngine] [MainThread] --- Model LSTM berhasil dikompilasi (Standard MAE). Input: 30x6
2026-01-01 15:44:42,862 [INFO    ] [werkzeug            ] [Thread-357 (process_request_thread)] --- 127.0.0.1 - - [01/Jan/2026 15:44:42] "GET / HTTP/1.1" 200 -
2026-01-01 15:44:46,012 [INFO    ] [VolcanoAI.LstmEngine] [MainThread] --- Model LSTM berhasil dikompilasi (Standard MAE). Input: 30x6
2026-01-01 15:45:01,382 [INFO    ] [werkzeug            ] [Thread-356 (process_request_thread)] --- 127.0.0.1 - - [01/Jan/2026 15:45:01] "GET /files/output/aco_results/aco_impact_zones.html HTTP/1.1" 200 -
2026-01-01 15:45:01,470 [INFO    ] [werkzeug            ] [Thread-358 (process_request_thread)] --- 127.0.0.1 - - [01/Jan/2026 15:45:01] "GET /files/output/ga_results/ga_from_aco_map.html HTTP/1.1" 200 -
2026-01-01 15:45:01,478 [INFO    ] [werkzeug            ] [Thread-359 (process_request_thread)] --- 127.0.0.1 - - [01/Jan/2026 15:45:01] "GET /files/output/cnn_results/maps/cnn_prediction_map_20260101_153042.html HTTP/1.1" 200 -
2026-01-01 15:45:01,572 [INFO    ] [werkzeug            ] [Thread-360 (process_request_thread)] --- 127.0.0.1 - - [01/Jan/2026 15:45:01] "GET / HTTP/1.1" 200 -
2026-01-01 15:45:08,021 [INFO    ] [VolcanoAI.LstmEngine] [MainThread] --- Model LSTM berhasil dikompilasi (Standard MAE). Input: 30x6
2026-01-01 15:45:27,280 [INFO    ] [VolcanoAI.LstmEngine] [MainThread] ---     [Tuner] Parameter Terbaik: {'latent_dim': 64, 'learning_rate': 0.0001, 'dropout_rate': 0.2} (Loss: 0.5771)
2026-01-01 15:45:27,672 [INFO    ] [VolcanoAI.LstmEngine] [MainThread] --- Model LSTM berhasil dikompilasi (Standard MAE). Input: 30x6
2026-01-01 15:46:02,966 [INFO    ] [VolcanoAI.LstmEngine] [MainThread] --- [Vault] Model Cluster 0 berhasil dimuat.
2026-01-01 15:46:06,208 [INFO    ] [VolcanoAI.LstmEngine] [MainThread] --- [LSTM] Data terbaru berhasil diperkaya dengan vektor GA & CNN.
2026-01-01 15:46:07,408 [INFO    ] [VolcanoAI.LstmEngine] [MainThread] --- [LSTM] Saved CSV (overwrite-safe): master=output\lstm_results\lstm_records_2y_20260101.csv, recent=output\lstm_results\lstm_recent_15d_20260101.csv, anomalies=output\lstm_results\lstm_anomalies_20260101.csv
2026-01-01 15:46:07,431 [INFO    ] [VolcanoAI_CNN       ] [MainThread] --- === MEMULAI CNN TRAINING PIPELINE V5.0 (TITAN) ===
2026-01-01 15:46:07,460 [WARNING ] [VolcanoAI_CNN       ] [MainThread] --- [CNN] No model file for cluster 0, will fallback.
2026-01-01 15:46:07,889 [INFO    ] [VolcanoAI.LstmEngine] [MainThread] --- [Vault] Model Cluster 0 berhasil dimuat.
2026-01-01 15:46:08,794 [WARNING ] [VolcanoAI_CNN       ] [MainThread] --- [CNN] Cluster 0 invalid (no model or empty spatial) → fallback area.
2026-01-01 15:46:08,842 [INFO    ] [VolcanoAiPipeline   ] [MainThread] --- ✅ CNN latest overwritten: output\cnn_results\results\cnn_predictions_latest.csv
2026-01-01 15:46:08,946 [INFO    ] [VolcanoAI.postprocess.cnn_csv_to_json] [MainThread] --- ✅ CNN JSON written: output\cnn_results\cnn_predictions_latest.json
2026-01-01 15:46:08,948 [INFO    ] [VolcanoAiPipeline   ] [MainThread] --- ✅ CNN JSON generated: output\cnn_results\cnn_predictions_latest.json
2026-01-01 15:46:09,181 [INFO    ] [VolcanoAI.engines.cnn_map_generator] [MainThread] --- CNNMapGenerator: map saved -> output\cnn_results\maps\cnn_prediction_map_20260101_154608.html
2026-01-01 15:46:09,183 [INFO    ] [VolcanoAiPipeline   ] [MainThread] --- 🗺️ CNN map generated: output\cnn_results\maps\cnn_prediction_map_20260101_154608.html
2026-01-01 15:46:09,209 [INFO    ] [VolcanoAiPipeline   ] [MainThread] --- [CNN MAP] latest pointer saved → output\cnn_results\maps\latest_map.txt
2026-01-01 15:46:09,242 [INFO    ] [VolcanoAiPipeline   ] [MainThread] ---  CNN archive saved: output\cnn_results\results\cnn_predictions_20260101_154609.csv
2026-01-01 15:46:09,279 [INFO    ] [VolcanoAI.NaiveBayesEngine] [MainThread] --- Distribusi Kelas Training:
magma_status
Normal     472
Waspada     40
Awas        12
Siaga       11
Name: count, dtype: int64
2026-01-01 15:46:09,419 [INFO    ] [VolcanoAI.NaiveBayesEngine] [MainThread] --- Fitur terpilih (7): ['Magnitudo', 'Kedalaman (km)', 'isTektonik', 'R3_final', 'PheromoneScore', 'luas_cnn', 'lstm_prediction']
2026-01-01 15:46:09,494 [INFO    ] [VolcanoAI.NaiveBayesEngine] [MainThread] --- Training Naive Bayes (Magma Params) selesai.
2026-01-01 15:46:09,505 [INFO    ] [VolcanoAiPipeline   ] [MainThread] --- 
========== PHASE 4: MODEL EVALUATION ==========
2026-01-01 15:46:09,524 [DEBUG   ] [ACO_Engine_Master   ] [MainThread] --- [ACO] DataFrame masuk: 230 baris, 66 kolom
2026-01-01 15:46:09,527 [DEBUG   ] [ACO_Engine_Master   ] [MainThread] --- [ACO] Kolom: ['Acquired_Date', 'EQ_Lintang', 'EQ_Bujur', 'Magnitudo', 'Kedalaman (km)', 'Nama', 'Sumber', 'VRP_Max', 'Hembusan', 'Tektonik_Lokal', 'Tektonik_Jauh', 'Tremor_Menerus', 'Vulkanik_Dangkal', 'Vulkanik_Dalam', 'Letusan_Erupsi', 'Guguran', 'Harmonik', 'Tremor_Non_Harmonik', 'Magnitudo_Original', 'Kedalaman_Original', 'Tanggal', 'Keterangan', 'isVulkanik', 'isTektonik', 'seismic_energy_log10', 'R1_final', 'R2_final', 'R3_final', 'AreaTerdampak_km2', 'tfe_doy_sin', 'tfe_doy_cos', 'tfe_weekday_sin', 'Intensity', 'cluster_id', 'time_since_last_event_days', 'OLI_total (W)', 'MSI_total (W)', 'Magnitudo_scaled', 'Kedalaman (km)_scaled', 'seismic_energy_log10_scaled', 'time_since_last_event_days_scaled', 'impact_level', 'Magnitudo_lag1', 'Magnitudo_lag3', 'Magnitudo_roll_mean3', 'Magnitudo_roll_std3', 'Magnitudo_roll_mean7', 'Magnitudo_roll_std7', 'VRP_Max_lag1', 'VRP_Max_lag3', 'VRP_Max_roll_mean3', 'VRP_Max_roll_std3', 'VRP_Max_roll_mean7', 'VRP_Max_roll_std7', 'R3_final_lag1', 'R3_final_lag3', 'R3_final_roll_mean3', 'R3_final_roll_std3', 'R3_final_roll_mean7', 'R3_final_roll_std7', 'seismic_energy_log10_lag1', 'seismic_energy_log10_lag3', 'seismic_energy_log10_roll_mean3', 'seismic_energy_log10_roll_std3', 'seismic_energy_log10_roll_mean7', 'seismic_energy_log10_roll_std7']
2026-01-01 15:46:09,579 [DEBUG   ] [ACO_Engine_Master   ] [MainThread] ---         Acquired_Date  EQ_Lintang    EQ_Bujur  Magnitudo  Kedalaman (km)   Nama            Sumber  VRP_Max  Hembusan  Tektonik_Lokal  Tektonik_Jauh  Tremor_Menerus  Vulkanik_Dangkal  Vulkanik_Dalam  Letusan_Erupsi  Guguran  Harmonik  Tremor_Non_Harmonik  Magnitudo_Original  Kedalaman_Original             Tanggal Keterangan  isVulkanik  isTektonik  seismic_energy_log10   R1_final   R2_final    R3_final  AreaTerdampak_km2  tfe_doy_sin  tfe_doy_cos  tfe_weekday_sin  Intensity  cluster_id  time_since_last_event_days  OLI_total (W)  MSI_total (W)  Magnitudo_scaled  Kedalaman (km)_scaled  seismic_energy_log10_scaled  time_since_last_event_days_scaled impact_level  Magnitudo_lag1  Magnitudo_lag3  Magnitudo_roll_mean3  Magnitudo_roll_std3  Magnitudo_roll_mean7  Magnitudo_roll_std7  VRP_Max_lag1  VRP_Max_lag3  VRP_Max_roll_mean3  VRP_Max_roll_std3  VRP_Max_roll_mean7  VRP_Max_roll_std7  R3_final_lag1  R3_final_lag3  R3_final_roll_mean3  R3_final_roll_std3  R3_final_roll_mean7  R3_final_roll_std7  seismic_energy_log10_lag1  seismic_energy_log10_lag3  seismic_energy_log10_roll_mean3  seismic_energy_log10_roll_std3  seismic_energy_log10_roll_mean7  seismic_energy_log10_roll_std7
0 2022-01-04 03:51:00   -8.120653  114.043043       3.52               6  Raung  VolcanoDiscovery      0.0         0               0              0               0                 0               0               0        0         1                    0                3.52                   6 2022-01-04 03:51:00    Unknown           0           1                10.080  14.877444  32.730378   59.509778       11125.679110     0.068755     0.997634         0.781831       35.2           0                    6.123393            0.0            0.0          0.023747              -0.452174                     0.023747                           1.422466        Parah            0.00            0.00                 3.520             0.000000                3.5200             0.000000           0.0           0.0                 0.0                0.0                 0.0                0.0       0.000000       0.000000            59.509778            0.000000            59.509778            0.000000                      0.000                      0.000                          10.0800                        0.000000                         10.08000                        0.000000
1 2022-01-05 13:34:00   -7.877878  113.010213       3.59              55  Bromo  VolcanoDiscovery      0.0         0               1              1               0                 0               2               0        1         0                    0                3.59                  55 2022-01-05 13:34:00    Unknown           0           1                10.185  11.095681  24.410498   44.382723        6188.391247     0.085906     0.996303         0.974928       35.9           0                    1.404861            0.0            0.0          0.060686               1.252174                     0.060686                           0.000314       Sedang            3.52            0.00                 3.555             0.049497                3.5550             0.049497           0.0           0.0                 0.0                0.0                 0.0                0.0      59.509778       0.000000            51.946250           10.696443            51.946250           10.696443                     10.080                      0.000                          10.1325                        0.074246                         10.13250                        0.074246
2 2022-01-09 12:54:00   -7.914583  112.297208       3.90               9  Kelud  VolcanoDiscovery      0.0         0               0              0               0                 0               2               0        0         0                    0                3.90                   9 2022-01-09 12:54:00    Unknown           0           1                10.650  14.521651  31.947633   58.086605       10599.902233     0.154204     0.988039        -0.781831       39.0           0                    3.972222            0.0            0.0          0.224274              -0.347826                     0.224274                           0.774109        Parah            3.59            0.00                 3.670             0.202237                3.6700             0.202237           0.0           0.0                 0.0                0.0                 0.0                0.0      44.382723       0.000000            53.993035            8.353139            53.993035            8.353139                     10.185                      0.000                          10.3050                        0.303356                         10.30500                        0.303356
3 2022-01-09 14:37:00   -8.103612  114.055975       1.06              19  Raung  VolcanoDiscovery      0.0         0               0              0               0                 5               0               0        0         0                    0                1.06                  19 2022-01-09 14:37:00    Unknown           0           1                 6.390   4.291109   9.440439   17.164435         925.569196     0.154204     0.988039        -0.781831       10.6           0                    0.071528            0.0            0.0         -1.274406               0.000000                    -1.274406                          -0.401549       Ringan            3.90            3.52                 2.850             1.557915                3.0175             1.315406           0.0           0.0                 0.0                0.0                 0.0                0.0      58.086605      59.509778            39.877921           20.829689            44.785885           19.636779                     10.650                     10.080                           9.0750                        2.336873                          9.32625                        1.973108
4 2022-01-11 03:09:00   -7.935505  112.952886       2.15               0  Bromo  VolcanoDiscovery      0.0         3               0              1               0                 0               4               0        3         0                    0                2.15                   0 2022-01-11 03:09:00    Unknown           0           1                 8.025  39.344375  86.557625  157.377500       77809.953700     0.188099     0.982150         0.781831       21.5           0                    1.522222            0.0            0.0         -0.699208              -0.660870                    -0.699208                           0.035686        Parah            1.06            3.59                 2.370             1.432725                2.8440             1.203424           0.0           0.0                 0.0                0.0                 0.0                0.0      17.164435      44.382723            77.542847           72.102947            67.304208           53.146746                      6.390                     10.185                           8.3550                        2.149087                          9.06600                        1.805136
2026-01-01 15:46:14,287 [INFO    ] [werkzeug            ] [Thread-361 (process_request_thread)] --- 127.0.0.1 - - [01/Jan/2026 15:46:14] "GET / HTTP/1.1" 200 -
2026-01-01 15:46:15,296 [INFO    ] [werkzeug            ] [Thread-362 (process_request_thread)] --- 127.0.0.1 - - [01/Jan/2026 15:46:15] "GET /files/output/aco_results/aco_impact_zones.html HTTP/1.1" 200 -
2026-01-01 15:46:15,323 [INFO    ] [werkzeug            ] [Thread-363 (process_request_thread)] --- 127.0.0.1 - - [01/Jan/2026 15:46:15] "GET /files/output/ga_results/ga_from_aco_map.html HTTP/1.1" 200 -
2026-01-01 15:46:15,379 [INFO    ] [werkzeug            ] [Thread-364 (process_request_thread)] --- 127.0.0.1 - - [01/Jan/2026 15:46:15] "GET /files/output/cnn_results/maps/cnn_prediction_map_20260101_154608.html HTTP/1.1" 200 -
2026-01-01 15:46:15,703 [INFO    ] [werkzeug            ] [Thread-365 (process_request_thread)] --- 127.0.0.1 - - [01/Jan/2026 15:46:15] "GET / HTTP/1.1" 200 -
2026-01-01 15:46:26,014 [INFO    ] [ACO_Engine_Master   ] [MainThread] --- [ACO Iter-51] Stagnasi (41) → Smooth Reset Pheromone.
2026-01-01 15:46:34,396 [INFO    ] [ACO_Engine_Master   ] [MainThread] --- [ACO Iter-92] Stagnasi (41) → Smooth Reset Pheromone.
2026-01-01 15:46:40,493 [INFO    ] [ACO_Engine_Master   ] [MainThread] --- [ACO Iter-133] Stagnasi (41) → Smooth Reset Pheromone.
2026-01-01 15:46:48,959 [INFO    ] [ACO_Engine_Master   ] [MainThread] --- [ACO Iter-174] Stagnasi (41) → Smooth Reset Pheromone.
2026-01-01 15:46:52,439 [INFO    ] [ACO_Engine_Master   ] [MainThread] --- [ACO] Minimal GA input saved → C:\Users\laygenda surya putra\Documents\JOKI\gempavulkanik\output\aco_results\aco_to_ga.json (atomic)
2026-01-01 15:46:54,086 [INFO    ] [ACO_Engine_Master   ] [MainThread] --- [ACO] Visual ACO tersimpan → C:\Users\laygenda surya putra\Documents\JOKI\gempavulkanik\output\aco_results/aco_impact_zones.html
2026-01-01 15:46:56,214 [INFO    ] [VolcanoAI.LstmEngine] [MainThread] --- [LSTM] Data terbaru berhasil diperkaya dengan vektor GA & CNN.
2026-01-01 15:46:57,824 [INFO    ] [VolcanoAI.LstmEngine] [MainThread] --- [LSTM] Saved CSV (overwrite-safe): master=output\lstm_results\lstm_records_2y_20260101.csv, recent=output\lstm_results\lstm_recent_15d_20260101.csv, anomalies=output\lstm_results\lstm_anomalies_20260101.csv
2026-01-01 15:46:57,841 [WARNING ] [VolcanoAI_CNN       ] [MainThread] --- [CNN] No model file for cluster 0, will fallback.
2026-01-01 15:46:58,308 [INFO    ] [VolcanoAI.LstmEngine] [MainThread] --- [Vault] Model Cluster 0 berhasil dimuat.
2026-01-01 15:46:58,478 [WARNING ] [VolcanoAI_CNN       ] [MainThread] --- [CNN] Cluster 0 invalid (no model or empty spatial) → fallback area.
2026-01-01 15:46:58,531 [INFO    ] [VolcanoAI.NaiveBayesEngine] [MainThread] --- Unique true labels (raw): ['Waspada' 'Normal' 'Siaga' 'Awas']
2026-01-01 15:46:58,535 [INFO    ] [VolcanoAI.NaiveBayesEngine] [MainThread] --- Unique pred labels (str): ['Normal' 'Waspada' 'Siaga' 'Awas']
2026-01-01 15:46:58,537 [INFO    ] [VolcanoAI.NaiveBayesEngine] [MainThread] --- LabelEncoder classes (global): [np.str_('Awas'), np.str_('Normal'), np.str_('Siaga'), np.str_('Waspada')]
2026-01-01 15:46:58,541 [INFO    ] [VolcanoAI.NaiveBayesEngine] [MainThread] --- Eval start - inputs_are_encoded=False
2026-01-01 15:46:58,547 [INFO    ] [VolcanoAI.NaiveBayesEngine] [MainThread] --- unique y_true (sample): ['Awas' 'Normal' 'Siaga' 'Waspada']
2026-01-01 15:46:58,550 [INFO    ] [VolcanoAI.NaiveBayesEngine] [MainThread] --- unique y_pred (sample): ['Awas' 'Normal' 'Siaga' 'Waspada']
2026-01-01 15:46:58,622 [INFO    ] [VolcanoAI.NaiveBayesEngine] [MainThread] --- 
=== Classification Report ===
              precision    recall  f1-score   support

      Normal       0.94      0.98      0.96       171
     Waspada       0.88      0.70      0.78        40
       Siaga       0.92      0.86      0.89        14
        Awas       0.83      1.00      0.91         5

    accuracy                           0.93       230
   macro avg       0.89      0.88      0.88       230
weighted avg       0.92      0.93      0.92       230

2026-01-01 15:46:59,010 [WARNING ] [VolcanoAI.NaiveBayesEngine] [MainThread] --- Evaluasi skip (data mungkin kurang / error): name 'shutil' is not defined
Traceback (most recent call last):
  File "C:\Users\laygenda surya putra\Documents\JOKI\gempavulkanik\VolcanoAI\engines\naive_bayes_engine.py", line 508, in evaluate
    self.reporter.generate_plots(metrics)
  File "C:\Users\laygenda surya putra\Documents\JOKI\gempavulkanik\VolcanoAI\engines\naive_bayes_engine.py", line 301, in generate_plots
    self._plot_cm(metrics["confusion_matrix"], metrics["class_names"])
  File "C:\Users\laygenda surya putra\Documents\JOKI\gempavulkanik\VolcanoAI\engines\naive_bayes_engine.py", line 333, in _plot_cm
    shutil.copy2(fullpath, tmp_generic)   # salin ke temp file di same dir
NameError: name 'shutil' is not defined
2026-01-01 15:46:59,087 [INFO    ] [VolcanoAiPipeline   ] [MainThread] --- Reporter metrics keys being passed: ['class_names', 'accuracy', 'confusion_matrix', 'report_str', 'roc_auc', 'aco_center', 'aco_area', 'aco_map', 'ga_map', 'cnn_pred_csv', 'cnn_pred_json', 'nb_pred_csv', 'nb_metrics_json']
2026-01-01 15:46:59,298 [INFO    ] [VolcanoAI.Reporter  ] [MainThread] --- Generating Dual Dashboard HTML...
2026-01-01 15:47:00,354 [WARNING ] [VolcanoAI.Reporter  ] [MainThread] --- [NB DEBUG] nb_dir = C:\Users\laygenda surya putra\Documents\JOKI\gempavulkanik\output\naive_bayes_results
2026-01-01 15:47:00,357 [WARNING ] [VolcanoAI.Reporter  ] [MainThread] --- [NB DEBUG] nb_cm_files = ['C:\\Users\\laygenda surya putra\\Documents\\JOKI\\gempavulkanik\\output\\naive_bayes_results\\confusion_matrix_20260101_084658.png', 'C:\\Users\\laygenda surya putra\\Documents\\JOKI\\gempavulkanik\\output\\naive_bayes_results\\confusion_matrix_20260101_083130.png', 'C:\\Users\\laygenda surya putra\\Documents\\JOKI\\gempavulkanik\\output\\naive_bayes_results\\confusion_matrix_20260101_082303.png', 'C:\\Users\\laygenda surya putra\\Documents\\JOKI\\gempavulkanik\\output\\naive_bayes_results\\confusion_matrix_20260101_080746.png']
2026-01-01 15:47:00,360 [WARNING ] [VolcanoAI.Reporter  ] [MainThread] --- [NB DEBUG] chosen = C:\Users\laygenda surya putra\Documents\JOKI\gempavulkanik\output\naive_bayes_results\confusion_matrix_20260101_084658.png
2026-01-01 15:47:00,447 [INFO    ] [VolcanoAI.Reporter  ] [MainThread] --- Dashboard berhasil dibuat: output\VolcanoAI_Analysis_STATIC.html
2026-01-01 15:47:00,456 [WARNING ] [VolcanoAI.Reporter  ] [MainThread] --- [NB DEBUG] nb_dir = C:\Users\laygenda surya putra\Documents\JOKI\gempavulkanik\output\naive_bayes_results
2026-01-01 15:47:00,458 [WARNING ] [VolcanoAI.Reporter  ] [MainThread] --- [NB DEBUG] nb_cm_files = ['C:\\Users\\laygenda surya putra\\Documents\\JOKI\\gempavulkanik\\output\\naive_bayes_results\\confusion_matrix_20260101_084658.png', 'C:\\Users\\laygenda surya putra\\Documents\\JOKI\\gempavulkanik\\output\\naive_bayes_results\\confusion_matrix_20260101_083130.png', 'C:\\Users\\laygenda surya putra\\Documents\\JOKI\\gempavulkanik\\output\\naive_bayes_results\\confusion_matrix_20260101_082303.png', 'C:\\Users\\laygenda surya putra\\Documents\\JOKI\\gempavulkanik\\output\\naive_bayes_results\\confusion_matrix_20260101_080746.png']
2026-01-01 15:47:00,460 [WARNING ] [VolcanoAI.Reporter  ] [MainThread] --- [NB DEBUG] chosen = C:\Users\laygenda surya putra\Documents\JOKI\gempavulkanik\output\naive_bayes_results\confusion_matrix_20260101_084658.png
2026-01-01 15:47:00,503 [INFO    ] [VolcanoAI.Reporter  ] [MainThread] --- Dashboard berhasil dibuat: output\VolcanoAI_Monitor_LIVE.html
2026-01-01 15:47:00,504 [INFO    ] [VolcanoAI.Reporter  ] [MainThread] --- ✅ Dual Dashboard Updated. Files: LIVE, STATIC.
2026-01-01 15:47:00,507 [INFO    ] [VolcanoAiPipeline   ] [MainThread] --- 
========== PHASE 5: LIVE MONITORING ==========
2026-01-01 15:47:00,509 [INFO    ] [VolcanoAI.LstmEngine] [MainThread] --- Loading 535 rows to buffer.
2026-01-01 15:47:00,628 [INFO    ] [RealtimeSensorManager] [MainThread] --- [MIROVA] Berhasil membaca 13 baris dari log.
2026-01-01 15:47:19,573 [INFO    ] [VolcanoAiPipeline   ] [MainThread] --- Monitoring dihentikan. Melakukan penyimpanan akhir...
2026-01-01 15:47:19,643 [INFO    ] [root                ] [MainThread] --- [BUFFER SAVED] output/realtime/processed.csv
2026-01-01 15:47:19,644 [INFO    ] [VolcanoAiPipeline   ] [MainThread] --- Penyimpanan buffer live selesai.
2026-01-01 15:47:19,647 [INFO    ] [VolcanoAiPipeline   ] [MainThread] --- System shutdown. Uptime: 290.52s
