2025-12-30 18:11:30,097 [INFO    ] [root                ] [MainThread] --- Logging diinisialisasi. File: output\pipeline_20251230_181130.log
2025-12-30 18:11:30,097 [INFO    ] [root                ] [MainThread] --- ================================================================================
2025-12-30 18:11:30,097 [INFO    ] [root                ] [MainThread] ---                             VOLCANOAI SYSTEM STARTUP                            
2025-12-30 18:11:30,097 [INFO    ] [root                ] [MainThread] --- ================================================================================
2025-12-30 18:11:30,115 [INFO    ] [root                ] [MainThread] --- [Dashboard] Starting Flask server in background thread (monitoring enabled)...
2025-12-30 18:11:30,135 [INFO    ] [RealtimeSensorManager] [MainThread] --- [MIROVA] Menggunakan log terbaru: output/realtime\mirova_log_20251003-094000.txt
2025-12-30 18:11:30,135 [INFO    ] [VolcanoAiPipeline   ] [MainThread] --- Pipeline VolcanoAI 5.2.0-TITAN-EXCEL initialized successfully.
2025-12-30 18:11:30,135 [INFO    ] [VolcanoAiPipeline   ] [MainThread] --- Starting Pipeline Execution...
2025-12-30 18:11:30,141 [INFO    ] [VolcanoAiPipeline   ] [MainThread] --- 
========== PHASE 1: DATA LOADING ==========
2025-12-30 18:11:30,171 [INFO    ] [VolcanoAiPipeline   ] [MainThread] --- 
========== PHASE 2: FEATURE ENGINEERING ==========
2025-12-30 18:11:30,235 [INFO    ] [FeatureEngineer     ] [MainThread] --- >>> FE TRAIN: Initializing new preprocessor state.
2025-12-30 18:11:30,381 [INFO    ] [FeatureEngineer     ] [MainThread] --- Smart Classifier Trained.
2025-12-30 18:11:30,432 [WARNING ] [FeatureEngineer     ] [MainThread] --- Imputer Warning: Kolom berikut kosong total saat training -> diisi 0.0: ['OLI_total (W)', 'MSI_total (W)']
2025-12-30 18:11:30,814 [INFO    ] [werkzeug            ] [Thread-1 (_run)] --- [31m[1mWARNING: This is a development server. Do not use it in a production deployment. Use a production WSGI server instead.[0m
 * Running on http://127.0.0.1:5000
2025-12-30 18:11:30,814 [INFO    ] [werkzeug            ] [Thread-1 (_run)] --- [33mPress CTRL+C to quit[0m
2025-12-30 18:11:30,951 [INFO    ] [VolcanoAI.processing.feature_engineer] [MainThread] --- Preprocessor state saved to: output\feature_preprocessor.pkl
2025-12-30 18:11:30,953 [INFO    ] [FeatureEngineer     ] [MainThread] --- Feature Engineering Complete. Shape: (21, 60)
2025-12-30 18:11:31,065 [INFO    ] [FeatureEngineer     ] [MainThread] --- >>> FE TRAIN: Initializing new preprocessor state.
2025-12-30 18:11:31,321 [INFO    ] [FeatureEngineer     ] [MainThread] --- Smart Classifier Trained.
2025-12-30 18:11:31,373 [INFO    ] [werkzeug            ] [Thread-175 (process_request_thread)] --- 127.0.0.1 - - [30/Dec/2025 18:11:31] "GET / HTTP/1.1" 200 -
2025-12-30 18:11:31,765 [INFO    ] [werkzeug            ] [Thread-178 (process_request_thread)] --- 127.0.0.1 - - [30/Dec/2025 18:11:31] "[36mGET /files/output/naive_bayes_results/confusion_matrix.png HTTP/1.1[0m" 304 -
2025-12-30 18:11:31,782 [INFO    ] [werkzeug            ] [Thread-174 (process_request_thread)] --- 127.0.0.1 - - [30/Dec/2025 18:11:31] "[36mGET /files/output/naive_bayes_results/roc_curves.png HTTP/1.1[0m" 304 -
2025-12-30 18:11:31,999 [INFO    ] [werkzeug            ] [Thread-179 (process_request_thread)] --- 127.0.0.1 - - [30/Dec/2025 18:11:31] "GET /files/output/aco_results/aco_impact_zones.html HTTP/1.1" 200 -
2025-12-30 18:11:32,003 [INFO    ] [werkzeug            ] [Thread-180 (process_request_thread)] --- 127.0.0.1 - - [30/Dec/2025 18:11:32] "[36mGET /files/output/ga_results/ga_path_map.html HTTP/1.1[0m" 304 -
2025-12-30 18:11:32,006 [INFO    ] [werkzeug            ] [Thread-181 (process_request_thread)] --- 127.0.0.1 - - [30/Dec/2025 18:11:32] "[36mGET /files/output/cnn_results/maps/cnn_prediction_map_20251230_154316.html HTTP/1.1[0m" 304 -
2025-12-30 18:11:36,721 [WARNING ] [FeatureEngineer     ] [MainThread] --- Imputer Warning: Kolom berikut kosong total saat training -> diisi 0.0: ['OLI_total (W)', 'MSI_total (W)']
2025-12-30 18:11:37,331 [INFO    ] [VolcanoAI.processing.feature_engineer] [MainThread] --- Preprocessor state saved to: output\feature_preprocessor.pkl
2025-12-30 18:11:37,331 [INFO    ] [FeatureEngineer     ] [MainThread] --- Feature Engineering Complete. Shape: (9, 60)
2025-12-30 18:11:37,343 [INFO    ] [VolcanoAiPipeline   ] [MainThread] --- 
========== PHASE 3: MODEL TRAINING ==========
2025-12-30 18:11:37,452 [INFO    ] [ACO_Engine_Master   ] [MainThread] --- [ACO] Melanjutkan dari brain state sebelumnya.
2025-12-30 18:11:42,051 [INFO    ] [ACO_Engine_Master   ] [MainThread] --- [ACO Iter-47] Stagnasi (41) → Smooth Reset Pheromone.
2025-12-30 18:11:48,102 [INFO    ] [ACO_Engine_Master   ] [MainThread] --- [ACO Iter-88] Stagnasi (41) → Smooth Reset Pheromone.
2025-12-30 18:11:57,449 [INFO    ] [ACO_Engine_Master   ] [MainThread] --- [ACO Iter-129] Stagnasi (41) → Smooth Reset Pheromone.
2025-12-30 18:12:01,553 [INFO    ] [ACO_Engine_Master   ] [MainThread] --- [ACO Iter-170] Stagnasi (41) → Smooth Reset Pheromone.
2025-12-30 18:12:05,857 [INFO    ] [ACO_Engine_Master   ] [MainThread] --- [ACO] Minimal GA input saved → C:\Users\laygenda surya putra\Documents\JOKI\gempavulkanik\output\aco_results\aco_to_ga.json
2025-12-30 18:12:06,640 [INFO    ] [ACO_Engine_Master   ] [MainThread] --- [ACO] Visual ACO tersimpan → C:\Users\laygenda surya putra\Documents\JOKI\gempavulkanik\output\aco_results/aco_impact_zones.html
2025-12-30 18:12:06,642 [INFO    ] [VolcanoAI.GaEngine  ] [MainThread] --- 
================================================================================
2025-12-30 18:12:06,647 [INFO    ] [VolcanoAI.GaEngine  ] [MainThread] ---                  === GA ENGINE START (Input from ACO Only) ===                  
2025-12-30 18:12:06,648 [INFO    ] [VolcanoAI.GaEngine  ] [MainThread] --- ================================================================================
2025-12-30 18:12:06,664 [INFO    ] [VolcanoAI.GaEngine  ] [MainThread] --- [GA] Using ACO Input: Center=(-7.973172727051659, 114.15295493624984), Area=133.93
2025-12-30 18:12:06,740 [INFO    ] [VolcanoAI.GaEngine  ] [MainThread] --- [GA] next_event (direction-only) ditulis ke aco_to_ga.json
2025-12-30 18:12:06,790 [ERROR   ] [VolcanoAI.GaEngine  ] [MainThread] --- [GA] Error processing ACO input: "None of [Index(['EQ_Lintang', 'EQ_Bujur'], dtype='object')] are in the [columns]"
Traceback (most recent call last):
  File "C:\Users\laygenda surya putra\Documents\JOKI\gempavulkanik\VolcanoAI\engines\ga_engine.py", line 986, in run
    self.visualizer.generate_map([], df_aco, pred, out_map_path)
  File "C:\Users\laygenda surya putra\Documents\JOKI\gempavulkanik\VolcanoAI\engines\ga_engine.py", line 715, in generate_map
    coords = df[['EQ_Lintang', 'EQ_Bujur']].values
  File "C:\Users\laygenda surya putra\Documents\JOKI\gempavulkanik\env\lib\site-packages\pandas\core\frame.py", line 4119, in __getitem__
    indexer = self.columns._get_indexer_strict(key, "columns")[1]
  File "C:\Users\laygenda surya putra\Documents\JOKI\gempavulkanik\env\lib\site-packages\pandas\core\indexes\base.py", line 6212, in _get_indexer_strict
    self._raise_if_missing(keyarr, indexer, axis_name)
  File "C:\Users\laygenda surya putra\Documents\JOKI\gempavulkanik\env\lib\site-packages\pandas\core\indexes\base.py", line 6261, in _raise_if_missing
    raise KeyError(f"None of [{key}] are in the [{axis_name}]")
KeyError: "None of [Index(['EQ_Lintang', 'EQ_Bujur'], dtype='object')] are in the [columns]"
2025-12-30 18:12:06,808 [WARNING ] [VolcanoAI.GaEngine  ] [MainThread] --- [GA] ACO Input not found. Running Standard GA (No Magnitude).
2025-12-30 18:12:06,830 [INFO    ] [VolcanoAI.GaEngine  ] [MainThread] --- GA Evolution Start → Pop=80, Gen=150
2025-12-30 18:12:06,873 [INFO    ] [VolcanoAI.GaEngine  ] [MainThread] --- Resuming GA from checkpoint...
2025-12-30 18:12:06,974 [INFO    ] [VolcanoAI.GaEngine  ] [MainThread] --- [GA] next_event (direction-only) ditulis ke aco_to_ga.json
2025-12-30 18:12:07,355 [INFO    ] [VolcanoAI.GaEngine  ] [MainThread] --- GA Map saved → output\ga_results\ga_path_map.html
2025-12-30 18:12:07,491 [INFO    ] [VolcanoAI.GaEngine  ] [MainThread] --- Excel exported → output\ga_results\ga_report.xlsx
2025-12-30 18:12:07,498 [INFO    ] [VolcanoAI.GaEngine  ] [MainThread] ---                    === GA ENGINE COMPLETE (Fallback Mode) ===                   
2025-12-30 18:12:07,498 [INFO    ] [VolcanoAI.LstmEngine] [MainThread] --- === LSTM V6.0 TITAN TRAINING START ===
2025-12-30 18:12:07,525 [INFO    ] [VolcanoAI.LstmEngine] [MainThread] --- Processing Cluster 0...
2025-12-30 18:12:07,535 [WARNING ] [VolcanoAI.LstmEngine] [MainThread] --- Sample c0 terlalu sedikit (0). Skip training.
2025-12-30 18:12:08,115 [INFO    ] [VolcanoAI.LstmEngine] [MainThread] --- [Vault] Model Cluster 0 berhasil dimuat.
2025-12-30 18:12:08,140 [INFO    ] [VolcanoAI.LstmEngine] [MainThread] --- [LSTM] Saved CSV (overwrite-safe): master=output\lstm_results\lstm_records_2y_20251230.csv, recent=output\lstm_results\lstm_recent_15d_20251230.csv, anomalies=output\lstm_results\lstm_anomalies_20251230.csv
2025-12-30 18:12:08,141 [INFO    ] [VolcanoAI_CNN       ] [MainThread] --- === MEMULAI CNN TRAINING PIPELINE V5.0 (TITAN) ===
2025-12-30 18:12:08,141 [INFO    ] [VolcanoAI_CNN       ] [MainThread] --- 
>>> Training CNN Cluster 0
2025-12-30 18:12:08,371 [INFO    ] [VolcanoAI.LstmEngine] [MainThread] --- [Vault] Model Cluster 0 berhasil dimuat.
2025-12-30 18:12:08,371 [WARNING ] [VolcanoAI_CNN       ] [MainThread] --- Skip c0: Gagal get LSTM features (mungkin data kurang).
2025-12-30 18:12:09,932 [INFO    ] [VolcanoAI_CNN       ] [MainThread] --- [CNN] Loaded model for cluster 0 from disk.
2025-12-30 18:12:10,197 [INFO    ] [VolcanoAI.LstmEngine] [MainThread] --- [Vault] Model Cluster 0 berhasil dimuat.
2025-12-30 18:12:10,198 [WARNING ] [VolcanoAI_CNN       ] [MainThread] --- [CNN] Skip c0: no LSTM features — applying fallback area.
2025-12-30 18:12:10,207 [INFO    ] [VolcanoAiPipeline   ] [MainThread] --- ✅ CNN latest overwritten: output\cnn_results\results\cnn_predictions_latest.csv
2025-12-30 18:12:10,221 [INFO    ] [VolcanoAI.postprocess.cnn_csv_to_json] [MainThread] --- ✅ CNN JSON written: output\cnn_results\cnn_predictions_latest.json
2025-12-30 18:12:10,221 [INFO    ] [VolcanoAiPipeline   ] [MainThread] --- ✅ CNN JSON generated: output\cnn_results\cnn_predictions_latest.json
2025-12-30 18:12:10,232 [INFO    ] [VolcanoAI.engines.cnn_map_generator] [MainThread] --- CNNMapGenerator: map saved -> output\cnn_results\maps\cnn_prediction_map_20251230_181210.html
2025-12-30 18:12:10,232 [INFO    ] [VolcanoAiPipeline   ] [MainThread] --- 🗺️ CNN map generated: output\cnn_results\maps\cnn_prediction_map_20251230_181210.html
2025-12-30 18:12:10,232 [INFO    ] [VolcanoAiPipeline   ] [MainThread] --- [CNN MAP] latest pointer saved → output\cnn_results\maps\latest_map.txt
2025-12-30 18:12:10,248 [INFO    ] [VolcanoAiPipeline   ] [MainThread] ---  CNN archive saved: output\cnn_results\results\cnn_predictions_20251230_181210.csv
2025-12-30 18:12:10,261 [INFO    ] [VolcanoAI.NaiveBayesEngine] [MainThread] --- Fitur terpilih (7): ['Magnitudo', 'Kedalaman (km)', 'isVulkanik', 'isTektonik', 'R3_final', 'PheromoneScore', 'luas_cnn']
2025-12-30 18:12:10,276 [INFO    ] [VolcanoAI.NaiveBayesEngine] [MainThread] --- Training Naive Bayes selesai.
2025-12-30 18:12:10,285 [INFO    ] [VolcanoAiPipeline   ] [MainThread] --- 
========== PHASE 4: MODEL EVALUATION ==========
2025-12-30 18:12:13,361 [INFO    ] [ACO_Engine_Master   ] [MainThread] --- [ACO Iter-48] Stagnasi (41) → Smooth Reset Pheromone.
2025-12-30 18:12:18,035 [INFO    ] [ACO_Engine_Master   ] [MainThread] --- [ACO Iter-123] Stagnasi (41) → Smooth Reset Pheromone.
2025-12-30 18:12:22,208 [INFO    ] [ACO_Engine_Master   ] [MainThread] --- [ACO Iter-180] Stagnasi (41) → Smooth Reset Pheromone.
2025-12-30 18:12:23,501 [INFO    ] [ACO_Engine_Master   ] [MainThread] --- [ACO] Minimal GA input saved → C:\Users\laygenda surya putra\Documents\JOKI\gempavulkanik\output\aco_results\aco_to_ga.json
2025-12-30 18:12:23,543 [INFO    ] [ACO_Engine_Master   ] [MainThread] --- [ACO] Visual ACO tersimpan → C:\Users\laygenda surya putra\Documents\JOKI\gempavulkanik\output\aco_results/aco_impact_zones.html
2025-12-30 18:12:23,587 [INFO    ] [VolcanoAI.LstmEngine] [MainThread] --- [LSTM] Saved CSV (overwrite-safe): master=output\lstm_results\lstm_records_2y_20251230.csv, recent=output\lstm_results\lstm_recent_15d_20251230.csv, anomalies=output\lstm_results\lstm_anomalies_20251230.csv
2025-12-30 18:12:23,821 [INFO    ] [VolcanoAI.LstmEngine] [MainThread] --- [Vault] Model Cluster 0 berhasil dimuat.
2025-12-30 18:12:23,821 [WARNING ] [VolcanoAI_CNN       ] [MainThread] --- [CNN] Skip c0: no LSTM features — applying fallback area.
2025-12-30 18:12:23,844 [ERROR   ] [VolcanoAI.NaiveBayesEngine] [MainThread] --- Evaluasi gagal: index 1 is out of bounds for axis 1 with size 1
2025-12-30 18:12:25,512 [INFO    ] [VolcanoAI.NaiveBayesEngine] [MainThread] --- Output Naive Bayes berhasil disimpan.
2025-12-30 18:12:25,512 [INFO    ] [VolcanoAiPipeline   ] [MainThread] --- Reporter metrics keys being passed: ['class_names', 'accuracy', 'confusion_matrix', 'report_str', 'aco_center', 'aco_area', 'aco_map', 'ga_map', 'cnn_pred_csv', 'cnn_pred_json', 'nb_confusion_png', 'nb_roc_png', 'nb_pred_csv', 'nb_metrics_json']
2025-12-30 18:12:25,581 [INFO    ] [VolcanoAI.Reporter  ] [MainThread] --- Generating Dual Dashboard HTML...
2025-12-30 18:12:25,883 [INFO    ] [VolcanoAI.Reporter  ] [MainThread] --- Dashboard berhasil dibuat: output\VolcanoAI_Analysis_STATIC.html
2025-12-30 18:12:25,894 [INFO    ] [VolcanoAI.Reporter  ] [MainThread] --- Dashboard berhasil dibuat: output\VolcanoAI_Monitor_LIVE.html
2025-12-30 18:12:25,894 [INFO    ] [VolcanoAI.Reporter  ] [MainThread] --- ✅ Dual Dashboard Updated. Files: LIVE, STATIC.
2025-12-30 18:12:25,894 [INFO    ] [VolcanoAiPipeline   ] [MainThread] --- 
========== PHASE 5: LIVE MONITORING ==========
2025-12-30 18:12:25,898 [INFO    ] [VolcanoAI.LstmEngine] [MainThread] --- Loading 21 rows to buffer.
2025-12-30 18:12:25,931 [INFO    ] [RealtimeSensorManager] [MainThread] --- [MIROVA] Berhasil membaca 13 baris dari log.
2025-12-30 18:12:32,473 [INFO    ] [werkzeug            ] [Thread-354 (process_request_thread)] --- 127.0.0.1 - - [30/Dec/2025 18:12:32] "GET / HTTP/1.1" 200 -
2025-12-30 18:12:33,155 [INFO    ] [werkzeug            ] [Thread-356 (process_request_thread)] --- 127.0.0.1 - - [30/Dec/2025 18:12:33] "[36mGET /files/output/naive_bayes_results/roc_curves.png HTTP/1.1[0m" 304 -
2025-12-30 18:12:33,156 [INFO    ] [werkzeug            ] [Thread-355 (process_request_thread)] --- 127.0.0.1 - - [30/Dec/2025 18:12:33] "GET /files/output/naive_bayes_results/confusion_matrix.png HTTP/1.1" 200 -
2025-12-30 18:12:33,409 [INFO    ] [werkzeug            ] [Thread-357 (process_request_thread)] --- 127.0.0.1 - - [30/Dec/2025 18:12:33] "GET /files/output/aco_results/aco_impact_zones.html HTTP/1.1" 200 -
2025-12-30 18:12:33,411 [INFO    ] [werkzeug            ] [Thread-358 (process_request_thread)] --- 127.0.0.1 - - [30/Dec/2025 18:12:33] "GET /files/output/ga_results/ga_path_map.html HTTP/1.1" 200 -
2025-12-30 18:12:33,413 [INFO    ] [werkzeug            ] [Thread-359 (process_request_thread)] --- 127.0.0.1 - - [30/Dec/2025 18:12:33] "GET /files/output/cnn_results/maps/cnn_prediction_map_20251230_181210.html HTTP/1.1" 200 -
2025-12-30 18:12:44,651 [INFO    ] [VolcanoAiPipeline   ] [MainThread] --- Monitoring dihentikan. Melakukan penyimpanan akhir...
2025-12-30 18:12:44,681 [INFO    ] [root                ] [MainThread] --- [BUFFER SAVED] output/realtime/processed.csv
2025-12-30 18:12:44,683 [INFO    ] [VolcanoAiPipeline   ] [MainThread] --- Penyimpanan buffer live selesai.
2025-12-30 18:12:44,685 [INFO    ] [VolcanoAiPipeline   ] [MainThread] --- System shutdown. Uptime: 74.55s
