2025-12-09 02:46:41,818 [INFO    ] [root                ] [MainThread] --- Logging diinisialisasi. File: output\pipeline_20251209_024641.log
2025-12-09 02:46:41,819 [INFO    ] [root                ] [MainThread] --- ================================================================================
2025-12-09 02:46:41,819 [INFO    ] [root                ] [MainThread] ---                             VOLCANOAI SYSTEM STARTUP                            
2025-12-09 02:46:41,819 [INFO    ] [root                ] [MainThread] --- ================================================================================
2025-12-09 02:46:41,826 [INFO    ] [VolcanoAiPipeline   ] [MainThread] --- Pipeline VolcanoAI 5.2.0-TITAN-EXCEL initialized successfully.
2025-12-09 02:46:41,826 [INFO    ] [VolcanoAiPipeline   ] [MainThread] --- Starting Pipeline Execution...
2025-12-09 02:46:41,826 [INFO    ] [VolcanoAiPipeline   ] [MainThread] --- 
========== PHASE 1: DATA LOADING ==========
2025-12-09 02:46:41,831 [INFO    ] [SystemMonitor       ] [MainThread] --- RAM Usage: 68.1%
2025-12-09 02:46:41,844 [INFO    ] [VolcanoAiPipeline   ] [MainThread] --- Memuat data dari cache...
2025-12-09 02:46:41,871 [INFO    ] [VolcanoAiPipeline   ] [MainThread] --- 
========== PHASE 2: FEATURE ENGINEERING ==========
2025-12-09 02:46:41,881 [INFO    ] [FeatureEngineer     ] [MainThread] --- >>> FE TRAIN: Initializing new preprocessor state.
2025-12-09 02:46:42,011 [INFO    ] [FeatureEngineer     ] [MainThread] --- Smart Classifier Trained.
2025-12-09 02:46:42,092 [WARNING ] [VolcanoAI.FeatureEngineer] [MainThread] --- Kolom berikut kosong total dan diisi 0: ['VRP_Max', 'OLI_total (W)', 'MSI_total (W)']
2025-12-09 02:46:42,191 [INFO    ] [VolcanoAI.FeatureEngineer] [MainThread] --- Preprocessor state saved to: output/feature_preprocessor.pkl
2025-12-09 02:46:42,191 [INFO    ] [FeatureEngineer     ] [MainThread] --- Feature Engineering Complete. Shape: (1307, 53)
2025-12-09 02:46:42,192 [INFO    ] [FeatureEngineer     ] [MainThread] --- >>> FE INFERENCE: Using existing preprocessor state.
2025-12-09 02:46:42,259 [INFO    ] [FeatureEngineer     ] [MainThread] --- Feature Engineering Complete. Shape: (561, 53)
2025-12-09 02:46:42,269 [INFO    ] [VolcanoAiPipeline   ] [MainThread] --- 
========== PHASE 3: MODEL TRAINING ==========
2025-12-09 02:46:42,270 [INFO    ] [VolcanoAiPipeline   ] [MainThread] --- Running ACO Engine (Step 1)...
2025-12-09 02:46:42,270 [INFO    ] [VolcanoAI.AcoEngine ] [MainThread] --- [DynamicAcoEngine] Memulai simulasi ACO...
2025-12-09 02:46:42,271 [INFO    ] [VolcanoAI.AcoEngine ] [MainThread] --- -> Starting Dynamic ACO simulation... (100 ants, 200 iters)
2025-12-09 02:46:42,272 [INFO    ] [VolcanoAI.AcoEngine ] [MainThread] --- [Pheromone] Adaptive Init: p_max=31.1427, p_min=0.6229
2025-12-09 02:46:42,305 [INFO    ] [VolcanoAI.AcoEngine ] [MainThread] --- -> Simulation finished.
2025-12-09 02:46:42,306 [INFO    ] [VolcanoAI.AcoEngine ] [MainThread] --- [DynamicAcoEngine] Kolom 'PheromoneScore' berhasil ditambahkan.
2025-12-09 02:46:42,366 [INFO    ] [VolcanoAI.AcoEngine ] [MainThread] ---  -> Hasil ACO disimpan di: output\aco_results\aco_dynamic_result.csv
2025-12-09 02:46:44,246 [INFO    ] [VolcanoAI.AcoEngine ] [MainThread] --- Risk Map saved: output\aco_results\visuals\peta_risiko_aco_circles.html
2025-12-09 02:46:44,586 [INFO    ] [VolcanoAI.AcoEngine ] [MainThread] ---  -> Visualisasi ACO disimpan di: output\aco_results/visuals
2025-12-09 02:46:44,586 [INFO    ] [VolcanoAiPipeline   ] [MainThread] --- Running GA Engine (Step 2)...
2025-12-09 02:46:44,586 [INFO    ] [VolcanoAI.GaEngine  ] [MainThread] --- 
================================================================================
2025-12-09 02:46:44,586 [INFO    ] [VolcanoAI.GaEngine  ] [MainThread] ---                             === GA ENGINE START ===                             
2025-12-09 02:46:44,586 [INFO    ] [VolcanoAI.GaEngine  ] [MainThread] --- ================================================================================
2025-12-09 02:46:44,592 [INFO    ] [VolcanoAI.GaEngine  ] [MainThread] --- GA Evolution Start → Pop=80, Gen=150
2025-12-09 02:46:44,616 [INFO    ] [VolcanoAI.GaEngine  ] [MainThread] --- Resuming GA from checkpoint...
2025-12-09 02:47:03,057 [INFO    ] [VolcanoAI.GaEngine  ] [MainThread] --- GA Map saved → output\ga_results\ga_path_map.html
2025-12-09 02:47:07,686 [INFO    ] [VolcanoAI.GaEngine  ] [MainThread] --- Excel exported → output\ga_results\ga_report.xlsx
2025-12-09 02:47:07,686 [INFO    ] [VolcanoAI.GaEngine  ] [MainThread] ---                            === GA ENGINE COMPLETE ===                           
2025-12-09 02:47:07,691 [INFO    ] [VolcanoAiPipeline   ] [MainThread] --- Training LSTM Engine (Step 3)...
2025-12-09 02:47:07,692 [INFO    ] [VolcanoAI.LstmEngine] [MainThread] --- === LSTM V6.0 TITAN TRAINING START ===
2025-12-09 02:47:07,730 [INFO    ] [VolcanoAI.LstmEngine] [MainThread] --- Processing Cluster 0...
2025-12-09 02:47:07,742 [INFO    ] [VolcanoAI.LstmEngine] [MainThread] ---     [Tuner] Menjalankan 3 trial optimasi...
2025-12-09 02:47:08,416 [WARNING ] [tensorflow          ] [MainThread] --- From C:\Program Files\Python311\Lib\site-packages\keras\src\backend\common\global_state.py:82: The name tf.reset_default_graph is deprecated. Please use tf.compat.v1.reset_default_graph instead.

2025-12-09 02:48:11,002 [INFO    ] [VolcanoAI.LstmEngine] [MainThread] ---     [Tuner] Parameter Terbaik: {'latent_dim': 256, 'learning_rate': 0.0001, 'dropout_rate': 0.2} (Loss: 0.1051)
2025-12-09 02:50:13,427 [INFO    ] [VolcanoAiPipeline   ] [MainThread] --- Training CNN Engine (Step 4)...
2025-12-09 02:50:13,428 [INFO    ] [VolcanoAI_CNN       ] [MainThread] --- === MEMULAI CNN TRAINING PIPELINE V5.0 (TITAN) ===
2025-12-09 02:50:13,429 [INFO    ] [VolcanoAI_CNN       ] [MainThread] --- 
>>> Training CNN Cluster 0
2025-12-09 02:50:17,233 [INFO    ] [VolcanoAI_CNN       ] [MainThread] ---     [CNN Tuner] Memulai 2 trial...
2025-12-09 02:50:17,292 [WARNING ] [tensorflow          ] [MainThread] --- From C:\Program Files\Python311\Lib\site-packages\keras\src\backend\common\global_state.py:82: The name tf.reset_default_graph is deprecated. Please use tf.compat.v1.reset_default_graph instead.

2025-12-09 02:52:59,169 [INFO    ] [VolcanoAI_CNN       ] [MainThread] ---     [CNN Tuner] Terbaik: {'base_filters': 32, 'learning_rate': 0.001, 'dropout': 0.2} (Loss: 0.1361)
2025-12-09 03:00:18,766 [INFO    ] [VolcanoAiPipeline   ] [MainThread] --- Training Naive Bayes Engine (Step 5)...
2025-12-09 03:00:18,805 [INFO    ] [VolcanoAI.NaiveBayesEngine] [MainThread] --- Fitur Terpilih (7): ['Magnitudo', 'Kedalaman (km)', 'isTektonik', 'R3_final', 'PheromoneScore', 'luas_cnn', 'lstm_prediction']
2025-12-09 03:00:18,815 [WARNING ] [VolcanoAI.NaiveBayesEngine] [MainThread] --- Calibrated CV gagal (Requesting 3-fold cross-validation but provided less than 3 examples for at least one class.), fallback ke GaussianNB biasa.
2025-12-09 03:00:18,819 [INFO    ] [VolcanoAI.NaiveBayesEngine] [MainThread] --- Training selesai. Model: GaussianNB
2025-12-09 03:00:18,821 [INFO    ] [VolcanoAiPipeline   ] [MainThread] --- 
========== PHASE 4: MODEL EVALUATION ==========
2025-12-09 03:00:18,822 [INFO    ] [VolcanoAI.AcoEngine ] [MainThread] --- [DynamicAcoEngine] Memulai simulasi ACO...
2025-12-09 03:00:18,823 [INFO    ] [VolcanoAI.AcoEngine ] [MainThread] --- -> Starting Dynamic ACO simulation... (100 ants, 200 iters)
2025-12-09 03:00:18,824 [INFO    ] [VolcanoAI.AcoEngine ] [MainThread] --- [Pheromone] Adaptive Init: p_max=25.5895, p_min=0.5118
2025-12-09 03:00:18,849 [INFO    ] [VolcanoAI.AcoEngine ] [MainThread] --- -> Simulation finished.
2025-12-09 03:00:18,850 [INFO    ] [VolcanoAI.AcoEngine ] [MainThread] --- [DynamicAcoEngine] Kolom 'PheromoneScore' berhasil ditambahkan.
2025-12-09 03:00:18,876 [INFO    ] [VolcanoAI.AcoEngine ] [MainThread] ---  -> Hasil ACO disimpan di: output\aco_results\aco_dynamic_result.csv
2025-12-09 03:00:19,668 [INFO    ] [VolcanoAI.AcoEngine ] [MainThread] --- Risk Map saved: output\aco_results\visuals\peta_risiko_aco_circles.html
2025-12-09 03:00:19,833 [INFO    ] [VolcanoAI.AcoEngine ] [MainThread] ---  -> Visualisasi ACO disimpan di: output\aco_results\test_run/visuals
2025-12-09 03:00:25,820 [INFO    ] [VolcanoAI.NaiveBayesEngine] [MainThread] --- 
=== Laporan Klasifikasi ===
              precision    recall  f1-score   support

      Ringan       0.90      1.00      0.95       404
      Sedang       0.99      0.71      0.83       157
       Parah       0.00      0.00      0.00         0

    accuracy                           0.92       561
   macro avg       0.63      0.57      0.59       561
weighted avg       0.93      0.92      0.91       561

2025-12-09 03:00:26,471 [INFO    ] [VolcanoAI.Reporter  ] [MainThread] --- Generating Dual Dashboard HTML...
2025-12-09 03:00:27,540 [INFO    ] [VolcanoAI.Reporter  ] [MainThread] --- Dashboard Updated: output\VolcanoAI_Analysis_STATIC.html
2025-12-09 03:00:27,542 [INFO    ] [VolcanoAI.Reporter  ] [MainThread] --- Dashboard Updated: output\VolcanoAI_Monitor_LIVE.html
2025-12-09 03:00:27,542 [INFO    ] [VolcanoAI.Reporter  ] [MainThread] --- ✅ Dual Dashboard Updated. Files: LIVE, STATIC.
2025-12-09 03:00:27,543 [INFO    ] [VolcanoAiPipeline   ] [MainThread] --- 
========== PHASE 5: LIVE MONITORING ==========
2025-12-09 03:00:27,543 [INFO    ] [VolcanoAiPipeline   ] [MainThread] --- System is now ACTIVE. Watching for BMKG updates...
2025-12-09 03:00:27,544 [INFO    ] [VolcanoAI.LstmEngine] [MainThread] --- Loading 1307 rows to buffer.
2025-12-09 03:00:27,579 [INFO    ] [BMKG_Sensor         ] [MainThread] --- Menghubungi Server BMKG (Mencari Gempa Jatim)...
2025-12-09 03:00:27,770 [INFO    ] [BMKG_Sensor         ] [MainThread] --- Ditemukan 1 gempa baru di area Jawa Timur.
2025-12-09 03:00:27,772 [INFO    ] [VolcanoAiPipeline   ] [MainThread] --- 🚨 DETEKSI GEMPA BARU: 1 kejadian.
2025-12-09 03:00:27,773 [INFO    ] [FeatureEngineer     ] [MainThread] --- >>> FE INFERENCE: Using existing preprocessor state.
2025-12-09 03:00:27,790 [INFO    ] [FeatureEngineer     ] [MainThread] --- Smart Inference classified 1 unknown events.
2025-12-09 03:00:27,837 [INFO    ] [FeatureEngineer     ] [MainThread] --- Feature Engineering Complete. Shape: (1, 53)
2025-12-09 03:00:27,941 [INFO    ] [VolcanoAI.NaiveBayesEngine] [MainThread] --- 
=== Laporan Klasifikasi ===
              precision    recall  f1-score   support

      Ringan       0.00      0.00      0.00       0.0
      Sedang       0.00      0.00      0.00       1.0
       Parah       0.00      0.00      0.00       0.0

    accuracy                           0.00       1.0
   macro avg       0.00      0.00      0.00       1.0
weighted avg       0.00      0.00      0.00       1.0

2025-12-09 03:00:28,536 [INFO    ] [VolcanoAiPipeline   ] [MainThread] --- Updating Dashboard Data (output\hasil_akhir_analisis.xlsx)...
2025-12-09 03:00:28,599 [INFO    ] [VolcanoAI.Reporter  ] [MainThread] --- Generating Dual Dashboard HTML...
2025-12-09 03:00:28,916 [INFO    ] [VolcanoAI.Reporter  ] [MainThread] --- Dashboard Updated: output\VolcanoAI_Analysis_STATIC.html
2025-12-09 03:00:28,917 [INFO    ] [VolcanoAI.Reporter  ] [MainThread] --- Dashboard Updated: output\VolcanoAI_Monitor_LIVE.html
2025-12-09 03:00:28,918 [INFO    ] [VolcanoAI.Reporter  ] [MainThread] --- ✅ Dual Dashboard Updated. Files: LIVE, STATIC.
2025-12-09 03:00:28,918 [INFO    ] [VolcanoAiPipeline   ] [MainThread] --- ✅ Cycle Complete.
2025-12-09 03:05:28,919 [INFO    ] [BMKG_Sensor         ] [MainThread] --- Menghubungi Server BMKG (Mencari Gempa Jatim)...
2025-12-09 03:05:29,102 [INFO    ] [BMKG_Sensor         ] [MainThread] --- Ditemukan 1 gempa baru di area Jawa Timur.
2025-12-09 03:05:29,105 [INFO    ] [VolcanoAiPipeline   ] [MainThread] --- 🚨 DETEKSI GEMPA BARU: 1 kejadian.
2025-12-09 03:05:29,106 [INFO    ] [FeatureEngineer     ] [MainThread] --- >>> FE INFERENCE: Using existing preprocessor state.
2025-12-09 03:05:29,121 [INFO    ] [FeatureEngineer     ] [MainThread] --- Smart Inference classified 1 unknown events.
2025-12-09 03:05:29,159 [INFO    ] [FeatureEngineer     ] [MainThread] --- Feature Engineering Complete. Shape: (1, 53)
2025-12-09 03:05:29,211 [INFO    ] [VolcanoAI.NaiveBayesEngine] [MainThread] --- 
=== Laporan Klasifikasi ===
              precision    recall  f1-score   support

      Ringan       0.00      0.00      0.00       0.0
      Sedang       0.00      0.00      0.00       1.0
       Parah       0.00      0.00      0.00       0.0

    accuracy                           0.00       1.0
   macro avg       0.00      0.00      0.00       1.0
weighted avg       0.00      0.00      0.00       1.0

2025-12-09 03:05:29,764 [INFO    ] [VolcanoAiPipeline   ] [MainThread] --- Updating Dashboard Data (output\hasil_akhir_analisis.xlsx)...
2025-12-09 03:05:29,811 [INFO    ] [VolcanoAI.Reporter  ] [MainThread] --- Generating Dual Dashboard HTML...
2025-12-09 03:05:30,112 [INFO    ] [VolcanoAI.Reporter  ] [MainThread] --- Dashboard Updated: output\VolcanoAI_Analysis_STATIC.html
2025-12-09 03:05:30,114 [INFO    ] [VolcanoAI.Reporter  ] [MainThread] --- Dashboard Updated: output\VolcanoAI_Monitor_LIVE.html
2025-12-09 03:05:30,114 [INFO    ] [VolcanoAI.Reporter  ] [MainThread] --- ✅ Dual Dashboard Updated. Files: LIVE, STATIC.
2025-12-09 03:05:30,115 [INFO    ] [VolcanoAiPipeline   ] [MainThread] --- ✅ Cycle Complete.
2025-12-09 03:10:30,115 [INFO    ] [BMKG_Sensor         ] [MainThread] --- Menghubungi Server BMKG (Mencari Gempa Jatim)...
2025-12-09 03:10:30,390 [INFO    ] [BMKG_Sensor         ] [MainThread] --- Ditemukan 1 gempa baru di area Jawa Timur.
2025-12-09 03:10:30,397 [INFO    ] [VolcanoAiPipeline   ] [MainThread] --- 🚨 DETEKSI GEMPA BARU: 1 kejadian.
2025-12-09 03:10:30,397 [INFO    ] [FeatureEngineer     ] [MainThread] --- >>> FE INFERENCE: Using existing preprocessor state.
2025-12-09 03:10:30,413 [INFO    ] [FeatureEngineer     ] [MainThread] --- Smart Inference classified 1 unknown events.
2025-12-09 03:10:30,462 [INFO    ] [FeatureEngineer     ] [MainThread] --- Feature Engineering Complete. Shape: (1, 53)
2025-12-09 03:10:30,518 [INFO    ] [VolcanoAI.NaiveBayesEngine] [MainThread] --- 
=== Laporan Klasifikasi ===
              precision    recall  f1-score   support

      Ringan       0.00      0.00      0.00       0.0
      Sedang       0.00      0.00      0.00       1.0
       Parah       0.00      0.00      0.00       0.0

    accuracy                           0.00       1.0
   macro avg       0.00      0.00      0.00       1.0
weighted avg       0.00      0.00      0.00       1.0

2025-12-09 03:10:31,079 [INFO    ] [VolcanoAiPipeline   ] [MainThread] --- Updating Dashboard Data (output\hasil_akhir_analisis.xlsx)...
2025-12-09 03:10:31,128 [INFO    ] [VolcanoAI.Reporter  ] [MainThread] --- Generating Dual Dashboard HTML...
2025-12-09 03:10:31,421 [INFO    ] [VolcanoAI.Reporter  ] [MainThread] --- Dashboard Updated: output\VolcanoAI_Analysis_STATIC.html
2025-12-09 03:10:31,423 [INFO    ] [VolcanoAI.Reporter  ] [MainThread] --- Dashboard Updated: output\VolcanoAI_Monitor_LIVE.html
2025-12-09 03:10:31,423 [INFO    ] [VolcanoAI.Reporter  ] [MainThread] --- ✅ Dual Dashboard Updated. Files: LIVE, STATIC.
2025-12-09 03:10:31,423 [INFO    ] [VolcanoAiPipeline   ] [MainThread] --- ✅ Cycle Complete.
2025-12-09 03:15:31,425 [INFO    ] [BMKG_Sensor         ] [MainThread] --- Menghubungi Server BMKG (Mencari Gempa Jatim)...
2025-12-09 03:15:31,580 [INFO    ] [BMKG_Sensor         ] [MainThread] --- Ditemukan 1 gempa baru di area Jawa Timur.
2025-12-09 03:15:31,580 [INFO    ] [VolcanoAiPipeline   ] [MainThread] --- 🚨 DETEKSI GEMPA BARU: 1 kejadian.
2025-12-09 03:15:31,580 [INFO    ] [FeatureEngineer     ] [MainThread] --- >>> FE INFERENCE: Using existing preprocessor state.
2025-12-09 03:15:31,606 [INFO    ] [FeatureEngineer     ] [MainThread] --- Smart Inference classified 1 unknown events.
2025-12-09 03:15:31,639 [INFO    ] [FeatureEngineer     ] [MainThread] --- Feature Engineering Complete. Shape: (1, 53)
2025-12-09 03:15:31,707 [INFO    ] [VolcanoAI.NaiveBayesEngine] [MainThread] --- 
=== Laporan Klasifikasi ===
              precision    recall  f1-score   support

      Ringan       0.00      0.00      0.00       0.0
      Sedang       0.00      0.00      0.00       1.0
       Parah       0.00      0.00      0.00       0.0

    accuracy                           0.00       1.0
   macro avg       0.00      0.00      0.00       1.0
weighted avg       0.00      0.00      0.00       1.0

2025-12-09 03:15:32,279 [INFO    ] [VolcanoAiPipeline   ] [MainThread] --- Updating Dashboard Data (output\hasil_akhir_analisis.xlsx)...
2025-12-09 03:15:32,327 [INFO    ] [VolcanoAI.Reporter  ] [MainThread] --- Generating Dual Dashboard HTML...
2025-12-09 03:15:32,639 [INFO    ] [VolcanoAI.Reporter  ] [MainThread] --- Dashboard Updated: output\VolcanoAI_Analysis_STATIC.html
2025-12-09 03:15:32,639 [INFO    ] [VolcanoAI.Reporter  ] [MainThread] --- Dashboard Updated: output\VolcanoAI_Monitor_LIVE.html
2025-12-09 03:15:32,639 [INFO    ] [VolcanoAI.Reporter  ] [MainThread] --- ✅ Dual Dashboard Updated. Files: LIVE, STATIC.
2025-12-09 03:15:32,639 [INFO    ] [VolcanoAiPipeline   ] [MainThread] --- ✅ Cycle Complete.
2025-12-09 03:20:32,647 [INFO    ] [BMKG_Sensor         ] [MainThread] --- Menghubungi Server BMKG (Mencari Gempa Jatim)...
2025-12-09 03:20:32,848 [INFO    ] [BMKG_Sensor         ] [MainThread] --- Ditemukan 1 gempa baru di area Jawa Timur.
2025-12-09 03:20:32,851 [INFO    ] [VolcanoAiPipeline   ] [MainThread] --- 🚨 DETEKSI GEMPA BARU: 1 kejadian.
2025-12-09 03:20:32,851 [INFO    ] [FeatureEngineer     ] [MainThread] --- >>> FE INFERENCE: Using existing preprocessor state.
2025-12-09 03:20:32,869 [INFO    ] [FeatureEngineer     ] [MainThread] --- Smart Inference classified 1 unknown events.
2025-12-09 03:20:32,918 [INFO    ] [FeatureEngineer     ] [MainThread] --- Feature Engineering Complete. Shape: (1, 53)
2025-12-09 03:20:32,989 [INFO    ] [VolcanoAI.NaiveBayesEngine] [MainThread] --- 
=== Laporan Klasifikasi ===
              precision    recall  f1-score   support

      Ringan       0.00      0.00      0.00       0.0
      Sedang       0.00      0.00      0.00       1.0
       Parah       0.00      0.00      0.00       0.0

    accuracy                           0.00       1.0
   macro avg       0.00      0.00      0.00       1.0
weighted avg       0.00      0.00      0.00       1.0

2025-12-09 03:20:33,660 [INFO    ] [VolcanoAiPipeline   ] [MainThread] --- Updating Dashboard Data (output\hasil_akhir_analisis.xlsx)...
2025-12-09 03:20:33,720 [INFO    ] [VolcanoAI.Reporter  ] [MainThread] --- Generating Dual Dashboard HTML...
2025-12-09 03:20:34,061 [INFO    ] [VolcanoAI.Reporter  ] [MainThread] --- Dashboard Updated: output\VolcanoAI_Analysis_STATIC.html
2025-12-09 03:20:34,063 [INFO    ] [VolcanoAI.Reporter  ] [MainThread] --- Dashboard Updated: output\VolcanoAI_Monitor_LIVE.html
2025-12-09 03:20:34,063 [INFO    ] [VolcanoAI.Reporter  ] [MainThread] --- ✅ Dual Dashboard Updated. Files: LIVE, STATIC.
2025-12-09 03:20:34,064 [INFO    ] [VolcanoAiPipeline   ] [MainThread] --- ✅ Cycle Complete.
