2026-01-20 22:18:35,644 [INFO    ] [root                ] [MainThread] --- Logging diinisialisasi. File: output\pipeline_20260120_221835.log
2026-01-20 22:18:35,645 [INFO    ] [root                ] [MainThread] --- ================================================================================
2026-01-20 22:18:35,646 [INFO    ] [root                ] [MainThread] ---                             VOLCANOAI SYSTEM STARTUP                            
2026-01-20 22:18:35,647 [INFO    ] [root                ] [MainThread] --- ================================================================================
2026-01-20 22:18:35,656 [INFO    ] [root                ] [MainThread] --- [Dashboard] Starting Flask server in background thread (monitoring enabled)...
2026-01-20 22:18:35,684 [INFO    ] [RealtimeSensorManager] [MainThread] --- [MIROVA] Menggunakan log terbaru: output/realtime\mirova_log_20251003-094000.txt
2026-01-20 22:18:35,687 [INFO    ] [VolcanoAiPipeline   ] [MainThread] --- Pipeline VolcanoAI 5.2.0-TITAN-EXCEL initialized successfully.
2026-01-20 22:18:35,688 [INFO    ] [VolcanoAiPipeline   ] [MainThread] --- Starting Pipeline Execution...
2026-01-20 22:18:35,689 [INFO    ] [VolcanoAiPipeline   ] [MainThread] --- 
========== PHASE 1: DATA LOADING ==========
2026-01-20 22:18:35,714 [INFO    ] [VolcanoAiPipeline   ] [MainThread] --- 
========== PHASE 2: FEATURE ENGINEERING ==========
2026-01-20 22:18:35,815 [INFO    ] [FeatureEngineer     ] [MainThread] --- >>> FE TRAIN: Initializing new preprocessor state.
2026-01-20 22:18:35,945 [WARNING ] [FeatureEngineer     ] [MainThread] --- Smart Classifier SKIPPED: Tidak ada data berlabel cukup (fallback ke rule-based).
2026-01-20 22:18:36,041 [WARNING ] [FeatureEngineer     ] [MainThread] --- Imputer Warning: Kolom berikut kosong total saat training -> diisi 0.0: ['OLI_total (W)', 'MSI_total (W)']
2026-01-20 22:18:36,577 [INFO    ] [werkzeug            ] [Thread-1 (_run)] --- [31m[1mWARNING: This is a development server. Do not use it in a production deployment. Use a production WSGI server instead.[0m
 * Running on http://127.0.0.1:5000
2026-01-20 22:18:36,577 [INFO    ] [werkzeug            ] [Thread-1 (_run)] --- [33mPress CTRL+C to quit[0m
2026-01-20 22:18:36,710 [INFO    ] [VolcanoAI.processing.feature_engineer] [MainThread] --- Preprocessor state saved to: output\feature_preprocessor.pkl
2026-01-20 22:18:36,712 [INFO    ] [FeatureEngineer     ] [MainThread] --- Feature Engineering Complete. Shape: (535, 66)
2026-01-20 22:18:36,772 [INFO    ] [FeatureEngineer     ] [MainThread] --- >>> FE TRAIN: Initializing new preprocessor state.
2026-01-20 22:18:36,840 [WARNING ] [FeatureEngineer     ] [MainThread] --- Smart Classifier SKIPPED: Tidak ada data berlabel cukup (fallback ke rule-based).
2026-01-20 22:18:36,865 [WARNING ] [FeatureEngineer     ] [MainThread] --- Imputer Warning: Kolom berikut kosong total saat training -> diisi 0.0: ['OLI_total (W)', 'MSI_total (W)']
2026-01-20 22:18:37,288 [INFO    ] [werkzeug            ] [Thread-189 (process_request_thread)] --- 127.0.0.1 - - [20/Jan/2026 22:18:37] "GET / HTTP/1.1" 200 -
2026-01-20 22:18:37,866 [INFO    ] [werkzeug            ] [Thread-190 (process_request_thread)] --- 127.0.0.1 - - [20/Jan/2026 22:18:37] "[36mGET /static/naive_bayes/confusion_matrix_latest.png HTTP/1.1[0m" 304 -
2026-01-20 22:18:38,361 [INFO    ] [werkzeug            ] [Thread-329 (process_request_thread)] --- 127.0.0.1 - - [20/Jan/2026 22:18:38] "GET /files/output/aco_results/aco_impact_zones.html HTTP/1.1" 200 -
2026-01-20 22:18:38,519 [INFO    ] [werkzeug            ] [Thread-349 (process_request_thread)] --- 127.0.0.1 - - [20/Jan/2026 22:18:38] "GET /files/output/ga_results/ga_from_aco_map.html HTTP/1.1" 200 -
2026-01-20 22:18:38,545 [INFO    ] [werkzeug            ] [Thread-350 (process_request_thread)] --- 127.0.0.1 - - [20/Jan/2026 22:18:38] "GET /files/output/cnn_results/maps/cnn_prediction_map_20260120_220820.html HTTP/1.1" 200 -
2026-01-20 22:18:38,660 [INFO    ] [VolcanoAI.processing.feature_engineer] [MainThread] --- Preprocessor state saved to: output\feature_preprocessor.pkl
2026-01-20 22:18:38,663 [INFO    ] [FeatureEngineer     ] [MainThread] --- Feature Engineering Complete. Shape: (230, 66)
2026-01-20 22:18:38,679 [INFO    ] [VolcanoAiPipeline   ] [MainThread] --- 
========== PHASE 3: MODEL TRAINING ==========
2026-01-20 22:18:38,682 [DEBUG   ] [ACO_Engine_Master   ] [MainThread] --- [ACO] DataFrame masuk: 535 baris, 66 kolom
2026-01-20 22:18:38,699 [DEBUG   ] [ACO_Engine_Master   ] [MainThread] --- [ACO] Kolom: ['Acquired_Date', 'EQ_Lintang', 'EQ_Bujur', 'Magnitudo', 'Kedalaman (km)', 'Nama', 'Sumber', 'VRP_Max', 'Hembusan', 'Tektonik_Lokal', 'Tektonik_Jauh', 'Tremor_Menerus', 'Vulkanik_Dangkal', 'Vulkanik_Dalam', 'Letusan_Erupsi', 'Guguran', 'Harmonik', 'Tremor_Non_Harmonik', 'Magnitudo_Original', 'Kedalaman_Original', 'Tanggal', 'Keterangan', 'isVulkanik', 'isTektonik', 'seismic_energy_log10', 'R1_final', 'R2_final', 'R3_final', 'AreaTerdampak_km2', 'tfe_doy_sin', 'tfe_doy_cos', 'tfe_weekday_sin', 'Intensity', 'cluster_id', 'time_since_last_event_days', 'OLI_total (W)', 'MSI_total (W)', 'Magnitudo_scaled', 'Kedalaman (km)_scaled', 'seismic_energy_log10_scaled', 'time_since_last_event_days_scaled', 'impact_level', 'Magnitudo_lag1', 'Magnitudo_lag3', 'Magnitudo_roll_mean3', 'Magnitudo_roll_std3', 'Magnitudo_roll_mean7', 'Magnitudo_roll_std7', 'VRP_Max_lag1', 'VRP_Max_lag3', 'VRP_Max_roll_mean3', 'VRP_Max_roll_std3', 'VRP_Max_roll_mean7', 'VRP_Max_roll_std7', 'R3_final_lag1', 'R3_final_lag3', 'R3_final_roll_mean3', 'R3_final_roll_std3', 'R3_final_roll_mean7', 'R3_final_roll_std7', 'seismic_energy_log10_lag1', 'seismic_energy_log10_lag3', 'seismic_energy_log10_roll_mean3', 'seismic_energy_log10_roll_std3', 'seismic_energy_log10_roll_mean7', 'seismic_energy_log10_roll_std7']
2026-01-20 22:18:38,862 [DEBUG   ] [ACO_Engine_Master   ] [MainThread] ---         Acquired_Date  EQ_Lintang    EQ_Bujur  Magnitudo  Kedalaman (km)   Nama            Sumber  VRP_Max  Hembusan  Tektonik_Lokal  Tektonik_Jauh  Tremor_Menerus  Vulkanik_Dangkal  Vulkanik_Dalam  Letusan_Erupsi  Guguran  Harmonik  Tremor_Non_Harmonik  Magnitudo_Original  Kedalaman_Original             Tanggal Keterangan  isVulkanik  isTektonik  seismic_energy_log10   R1_final   R2_final   R3_final  AreaTerdampak_km2  tfe_doy_sin  tfe_doy_cos  tfe_weekday_sin  Intensity  cluster_id  time_since_last_event_days  OLI_total (W)  MSI_total (W)  Magnitudo_scaled  Kedalaman (km)_scaled  seismic_energy_log10_scaled  time_since_last_event_days_scaled impact_level  Magnitudo_lag1  Magnitudo_lag3  Magnitudo_roll_mean3  Magnitudo_roll_std3  Magnitudo_roll_mean7  Magnitudo_roll_std7  VRP_Max_lag1  VRP_Max_lag3  VRP_Max_roll_mean3  VRP_Max_roll_std3  VRP_Max_roll_mean7  VRP_Max_roll_std7  R3_final_lag1  R3_final_lag3  R3_final_roll_mean3  R3_final_roll_std3  R3_final_roll_mean7  R3_final_roll_std7  seismic_energy_log10_lag1  seismic_energy_log10_lag3  seismic_energy_log10_roll_mean3  seismic_energy_log10_roll_std3  seismic_energy_log10_roll_mean7  seismic_energy_log10_roll_std7
0 2022-01-01 07:57:00   -7.916717  112.306117       3.47              11  Kelud  VolcanoDiscovery      0.0         0               0              0               0                 1               0               0        0         0                    0                3.47                  11 2022-01-01 07:57:00    Unknown           0           1                10.005  12.631156  27.788543  50.524624        8019.661776     0.017202     0.999852        -0.974928       34.7           0                    2.777859            0.0            0.0          0.041344              -0.229508                     0.041344                           2.306543       Sedang            0.00            0.00              3.470000             0.000000                3.4700             0.000000           0.0           0.0                 0.0                0.0                 0.0                0.0       0.000000       0.000000            50.524624            0.000000            50.524624            0.000000                      0.000                      0.000                          10.0050                        0.000000                         10.00500                        0.000000
1 2022-01-02 03:26:00   -7.927617  112.260764       5.46               8  Kelud  VolcanoDiscovery      0.0         0               5              3               0                 0               0               0        0         3                    0                5.46                   8 2022-01-02 03:26:00    Unknown           0           1                12.990  19.824000  43.612800  79.296000       19753.881010     0.034398     0.999408        -0.781831       54.6           0                    0.811806            0.0            0.0          1.069767              -0.327869                     1.069767                           0.240788        Parah            3.47            0.00              4.465000             1.407142                4.4650             1.407142           0.0           0.0                 0.0                0.0                 0.0                0.0      50.524624       0.000000            64.910312           20.344435            64.910312           20.344435                     10.005                      0.000                          11.4975                        2.110714                         11.49750                        2.110714
2 2022-01-02 11:35:00   -7.933503  112.917144       3.13              65  Bromo  VolcanoDiscovery      0.0         5               1              5               0                 0               0               1        2         0                    0                3.13                  65 2022-01-02 11:35:00    Unknown           0           1                 9.495   9.651069  21.232351  38.604275        4681.884303     0.034398     0.999408        -0.781831       31.3           0                    0.339583            0.0            0.0         -0.134367               1.540984                    -0.134367                          -0.255381       Ringan            5.46            0.00              4.020000             1.258610                4.0200             1.258610           0.0           0.0                 0.0                0.0                 0.0                0.0      79.296000       0.000000            56.141633           20.919302            56.141633           20.919302                     12.990                      0.000                          10.8300                        1.887916                         10.83000                        1.887916
3 2022-01-02 16:55:00   -8.186015  114.068209       4.61              25  Raung  VolcanoDiscovery      0.0         1               0              0               0                 0               4               5        2         0                    0                4.61                  25 2022-01-02 16:55:00    Unknown           0           1                11.715  14.739725  32.427395  58.958900       10920.653238     0.034398     0.999408        -0.781831       46.1           0                    0.222222            0.0            0.0          0.630491               0.229508                     0.630491                          -0.378694        Parah            3.13            3.47              4.400000             1.179110                4.1675             1.069155           0.0           0.0                 0.0                0.0                 0.0                0.0      38.604275      50.524624            58.953058           20.345863            56.845950           17.138525                      9.495                     10.005                          11.4000                        1.768665                         11.05125                        1.603732
4 2022-01-04 08:46:00   -7.958622  112.954185       2.20               5  Bromo  VolcanoDiscovery      0.0         0               0              0               0                 0               0               0        5         0                    0                2.20                   5 2022-01-04 08:46:00    Unknown           0           1                 8.100  11.527500  25.360500  46.110000        6679.440986     0.068755     0.997634         0.781831       22.0           0                    1.660417            0.0            0.0         -0.614987              -0.426230                    -0.614987                           1.132433       Sedang            4.61            5.46              3.313333             1.215415                3.7740             1.277314           0.0           0.0                 0.0                0.0                 0.0                0.0      58.958900      79.296000            47.891058           10.293533            54.698760           15.599645                     11.715                     12.990                           9.7700                        1.823122                         10.46100                        1.915970
2026-01-20 22:19:06,931 [INFO    ] [ACO_Engine_Master   ] [MainThread] --- [ACO Iter-76] Stagnasi (41) → Smooth Reset Pheromone.
2026-01-20 22:19:15,156 [INFO    ] [ACO_Engine_Master   ] [MainThread] --- [ACO Iter-117] Stagnasi (41) → Smooth Reset Pheromone.
2026-01-20 22:19:24,338 [INFO    ] [ACO_Engine_Master   ] [MainThread] --- [ACO Iter-183] Stagnasi (41) → Smooth Reset Pheromone.
2026-01-20 22:19:30,418 [INFO    ] [ACO_Engine_Master   ] [MainThread] --- [ACO] Presentation Excel tersimpan → C:\Users\laygenda surya putra\Documents\JOKI\gempavulkanik\output\aco_results/aco_presentation.xlsx
2026-01-20 22:19:30,436 [INFO    ] [ACO_Engine_Master   ] [MainThread] --- [ACO] Minimal GA input saved → C:\Users\laygenda surya putra\Documents\JOKI\gempavulkanik\output\aco_results\aco_to_ga.json (atomic)
2026-01-20 22:19:31,776 [INFO    ] [ACO_Engine_Master   ] [MainThread] --- [ACO] Visual ACO tersimpan → C:\Users\laygenda surya putra\Documents\JOKI\gempavulkanik\output\aco_results/aco_impact_zones.html
2026-01-20 22:19:31,778 [INFO    ] [VolcanoAI.GaEngine  ] [MainThread] --- 
================================================================================
2026-01-20 22:19:31,781 [INFO    ] [VolcanoAI.GaEngine  ] [MainThread] ---                  === GA ENGINE START (Input from ACO Only) ===                  
2026-01-20 22:19:31,782 [INFO    ] [VolcanoAI.GaEngine  ] [MainThread] --- ================================================================================
2026-01-20 22:19:38,428 [INFO    ] [VolcanoAI.GaEngine  ] [MainThread] --- Excel exported → output\ga_results\ga_report.xlsx
2026-01-20 22:19:52,457 [INFO    ] [werkzeug            ] [Thread-351 (process_request_thread)] --- 127.0.0.1 - - [20/Jan/2026 22:19:52] "GET / HTTP/1.1" 200 -
2026-01-20 22:19:52,963 [INFO    ] [werkzeug            ] [Thread-352 (process_request_thread)] --- 127.0.0.1 - - [20/Jan/2026 22:19:52] "[36mGET /static/naive_bayes/confusion_matrix_latest.png HTTP/1.1[0m" 304 -
2026-01-20 22:19:54,785 [INFO    ] [werkzeug            ] [Thread-353 (process_request_thread)] --- 127.0.0.1 - - [20/Jan/2026 22:19:54] "GET /files/output/aco_results/aco_impact_zones.html HTTP/1.1" 200 -
2026-01-20 22:19:54,831 [INFO    ] [werkzeug            ] [Thread-354 (process_request_thread)] --- 127.0.0.1 - - [20/Jan/2026 22:19:54] "GET /files/output/ga_results/ga_from_aco_map.html HTTP/1.1" 200 -
2026-01-20 22:19:54,848 [INFO    ] [werkzeug            ] [Thread-355 (process_request_thread)] --- 127.0.0.1 - - [20/Jan/2026 22:19:54] "GET /files/output/cnn_results/maps/cnn_prediction_map_20260120_220820.html HTTP/1.1" 200 -
2026-01-20 22:19:55,660 [ERROR   ] [VolcanoAI.GaEngine  ] [MainThread] --- [GA] Error processing ACO input: [WinError 5] Access is denied: 'C:\\Users\\laygenda surya putra\\Documents\\JOKI\\gempavulkanik\\output\\ga_results\\tmp21vlkulc.html' -> 'output\\ga_results\\ga_from_aco_map.html'
Traceback (most recent call last):
  File "C:\Users\laygenda surya putra\Documents\JOKI\gempavulkanik\VolcanoAI\engines\ga_engine.py", line 1384, in run
    self.visualizer.generate_map(
  File "C:\Users\laygenda surya putra\Documents\JOKI\gempavulkanik\VolcanoAI\engines\ga_engine.py", line 1056, in generate_map
    os.replace(tmpname, out_path)
PermissionError: [WinError 5] Access is denied: 'C:\\Users\\laygenda surya putra\\Documents\\JOKI\\gempavulkanik\\output\\ga_results\\tmp21vlkulc.html' -> 'output\\ga_results\\ga_from_aco_map.html'
2026-01-20 22:19:55,672 [WARNING ] [VolcanoAI.GaEngine  ] [MainThread] --- [GA] ACO Input not found or Error. Running Standard GA.
2026-01-20 22:19:55,683 [INFO    ] [VolcanoAI.GaEngine  ] [MainThread] --- GA Evolution Start → Pop=80, Gen=150
2026-01-20 22:20:11,835 [INFO    ] [VolcanoAI.GaEngine  ] [MainThread] --- [GA] next_event (direction-only) ditulis ke aco_to_ga.json
2026-01-20 22:20:32,438 [INFO    ] [VolcanoAiPipeline   ] [MainThread] --- System shutdown. Uptime: 116.75s
