2025-12-31 17:15:46,822 [INFO    ] [root                ] [MainThread] --- Logging diinisialisasi. File: output\pipeline_20251231_171546.log
2025-12-31 17:15:46,826 [INFO    ] [root                ] [MainThread] --- ================================================================================
2025-12-31 17:15:46,827 [INFO    ] [root                ] [MainThread] ---                             VOLCANOAI SYSTEM STARTUP                            
2025-12-31 17:15:46,828 [INFO    ] [root                ] [MainThread] --- ================================================================================
2025-12-31 17:15:46,834 [INFO    ] [root                ] [MainThread] --- [Dashboard] Starting Flask server in background thread (monitoring enabled)...
2025-12-31 17:15:46,848 [INFO    ] [RealtimeSensorManager] [MainThread] --- [MIROVA] Menggunakan log terbaru: output/realtime\mirova_log_20251003-094000.txt
2025-12-31 17:15:46,849 [INFO    ] [VolcanoAiPipeline   ] [MainThread] --- Pipeline VolcanoAI 5.2.0-TITAN-EXCEL initialized successfully.
2025-12-31 17:15:46,850 [INFO    ] [VolcanoAiPipeline   ] [MainThread] --- Starting Pipeline Execution...
2025-12-31 17:15:46,850 [INFO    ] [VolcanoAiPipeline   ] [MainThread] --- 
========== PHASE 1: DATA LOADING ==========
2025-12-31 17:15:46,927 [INFO    ] [VolcanoAiPipeline   ] [MainThread] --- 
========== PHASE 2: FEATURE ENGINEERING ==========
2025-12-31 17:15:47,010 [INFO    ] [FeatureEngineer     ] [MainThread] --- >>> FE TRAIN: Initializing new preprocessor state.
2025-12-31 17:15:47,071 [WARNING ] [FeatureEngineer     ] [MainThread] --- Smart Classifier SKIPPED: Tidak ada data berlabel cukup (fallback ke rule-based).
2025-12-31 17:15:47,123 [WARNING ] [FeatureEngineer     ] [MainThread] --- Imputer Warning: Kolom berikut kosong total saat training -> diisi 0.0: ['OLI_total (W)', 'MSI_total (W)']
2025-12-31 17:15:47,531 [INFO    ] [werkzeug            ] [Thread-1 (_run)] --- [31m[1mWARNING: This is a development server. Do not use it in a production deployment. Use a production WSGI server instead.[0m
 * Running on http://127.0.0.1:5000
2025-12-31 17:15:47,531 [INFO    ] [werkzeug            ] [Thread-1 (_run)] --- [33mPress CTRL+C to quit[0m
2025-12-31 17:15:48,032 [INFO    ] [VolcanoAI.processing.feature_engineer] [MainThread] --- Preprocessor state saved to: output\feature_preprocessor.pkl
2025-12-31 17:15:48,034 [INFO    ] [FeatureEngineer     ] [MainThread] --- Feature Engineering Complete. Shape: (21, 70)
2025-12-31 17:15:48,066 [INFO    ] [FeatureEngineer     ] [MainThread] --- >>> FE TRAIN: Initializing new preprocessor state.
2025-12-31 17:15:48,097 [WARNING ] [FeatureEngineer     ] [MainThread] --- Smart Classifier SKIPPED: Tidak ada data berlabel cukup (fallback ke rule-based).
2025-12-31 17:15:48,249 [INFO    ] [werkzeug            ] [Thread-206 (process_request_thread)] --- 127.0.0.1 - - [31/Dec/2025 17:15:48] "GET / HTTP/1.1" 200 -
2025-12-31 17:15:48,561 [INFO    ] [werkzeug            ] [Thread-210 (process_request_thread)] --- 127.0.0.1 - - [31/Dec/2025 17:15:48] "[36mGET /files/output/naive_bayes_results/confusion_matrix.png HTTP/1.1[0m" 304 -
2025-12-31 17:15:48,582 [INFO    ] [werkzeug            ] [Thread-207 (process_request_thread)] --- 127.0.0.1 - - [31/Dec/2025 17:15:48] "[36mGET /files/output/naive_bayes_results/roc_curves.png HTTP/1.1[0m" 304 -
2025-12-31 17:15:48,592 [INFO    ] [werkzeug            ] [Thread-211 (process_request_thread)] --- 127.0.0.1 - - [31/Dec/2025 17:15:48] "[36mGET /files/output/aco_results/aco_impact_zones.html HTTP/1.1[0m" 304 -
2025-12-31 17:15:48,710 [INFO    ] [werkzeug            ] [Thread-212 (process_request_thread)] --- 127.0.0.1 - - [31/Dec/2025 17:15:48] "[36mGET /files/output/ga_results/ga_from_aco_map.html HTTP/1.1[0m" 304 -
2025-12-31 17:15:48,718 [INFO    ] [werkzeug            ] [Thread-213 (process_request_thread)] --- 127.0.0.1 - - [31/Dec/2025 17:15:48] "[36mGET /files/output/cnn_results/maps/cnn_prediction_map_20251231_170320.html HTTP/1.1[0m" 304 -
2025-12-31 17:15:51,839 [WARNING ] [FeatureEngineer     ] [MainThread] --- Imputer Warning: Kolom berikut kosong total saat training -> diisi 0.0: ['OLI_total (W)', 'MSI_total (W)']
2025-12-31 17:15:52,464 [INFO    ] [VolcanoAI.processing.feature_engineer] [MainThread] --- Preprocessor state saved to: output\feature_preprocessor.pkl
2025-12-31 17:15:52,465 [INFO    ] [FeatureEngineer     ] [MainThread] --- Feature Engineering Complete. Shape: (9, 70)
2025-12-31 17:15:52,470 [INFO    ] [VolcanoAiPipeline   ] [MainThread] --- 
========== PHASE 3: MODEL TRAINING ==========
2025-12-31 17:15:52,471 [DEBUG   ] [ACO_Engine_Master   ] [MainThread] --- [ACO] DataFrame masuk: 21 baris, 70 kolom
2025-12-31 17:15:52,472 [DEBUG   ] [ACO_Engine_Master   ] [MainThread] --- [ACO] Kolom: ['Tanggal', 'Lintang', 'Bujur', 'Magnitudo', 'Kedalaman (km)', 'Lokasi', 'Sumber', 'Acquired_Date', 'Nama', 'EQ_Lintang', 'EQ_Bujur', 'VRP_Max', 'MSI_summit (W)', 'MSI_total (W)', 'Hembusan', 'Tektonik_Lokal', 'Tektonik_Jauh', 'Tremor_Menerus', 'Vulkanik_Dangkal', 'Vulkanik_Dalam', 'Letusan_Erupsi', 'Guguran', 'Harmonik', 'Tremor_Non_Harmonik', 'Magnitudo_Original', 'Kedalaman_Original', 'Keterangan', 'isVulkanik', 'isTektonik', 'seismic_energy_log10', 'R1_final', 'R2_final', 'R3_final', 'AreaTerdampak_km2', 'tfe_doy_sin', 'tfe_doy_cos', 'tfe_weekday_sin', 'Intensity', 'cluster_id', 'time_since_last_event_days', 'OLI_total (W)', 'Magnitudo_scaled', 'Kedalaman (km)_scaled', 'seismic_energy_log10_scaled', 'time_since_last_event_days_scaled', 'impact_level', 'Magnitudo_lag1', 'Magnitudo_lag3', 'Magnitudo_roll_mean3', 'Magnitudo_roll_std3', 'Magnitudo_roll_mean7', 'Magnitudo_roll_std7', 'VRP_Max_lag1', 'VRP_Max_lag3', 'VRP_Max_roll_mean3', 'VRP_Max_roll_std3', 'VRP_Max_roll_mean7', 'VRP_Max_roll_std7', 'R3_final_lag1', 'R3_final_lag3', 'R3_final_roll_mean3', 'R3_final_roll_std3', 'R3_final_roll_mean7', 'R3_final_roll_std7', 'seismic_energy_log10_lag1', 'seismic_energy_log10_lag3', 'seismic_energy_log10_roll_mean3', 'seismic_energy_log10_roll_std3', 'seismic_energy_log10_roll_mean7', 'seismic_energy_log10_roll_std7']
2025-12-31 17:15:52,491 [DEBUG   ] [ACO_Engine_Master   ] [MainThread] ---               Tanggal  Lintang  Bujur  Magnitudo  Kedalaman (km) Lokasi            Sumber       Acquired_Date    Nama  EQ_Lintang  EQ_Bujur  VRP_Max  MSI_summit (W)  MSI_total (W)  Hembusan  Tektonik_Lokal  Tektonik_Jauh  Tremor_Menerus  Vulkanik_Dangkal  Vulkanik_Dalam  Letusan_Erupsi  Guguran  Harmonik  Tremor_Non_Harmonik  Magnitudo_Original  Kedalaman_Original Keterangan  isVulkanik  isTektonik  seismic_energy_log10   R1_final   R2_final   R3_final  AreaTerdampak_km2  tfe_doy_sin  tfe_doy_cos  tfe_weekday_sin  Intensity  cluster_id  time_since_last_event_days  OLI_total (W)  Magnitudo_scaled  Kedalaman (km)_scaled  seismic_energy_log10_scaled  time_since_last_event_days_scaled impact_level  Magnitudo_lag1  Magnitudo_lag3  Magnitudo_roll_mean3  Magnitudo_roll_std3  Magnitudo_roll_mean7  Magnitudo_roll_std7  VRP_Max_lag1  VRP_Max_lag3  VRP_Max_roll_mean3  VRP_Max_roll_std3  VRP_Max_roll_mean7  VRP_Max_roll_std7  R3_final_lag1  R3_final_lag3  R3_final_roll_mean3  R3_final_roll_std3  R3_final_roll_mean7  R3_final_roll_std7  seismic_energy_log10_lag1  seismic_energy_log10_lag3  seismic_energy_log10_roll_mean3  seismic_energy_log10_roll_std3  seismic_energy_log10_roll_mean7  seismic_energy_log10_roll_std7
0 2025-12-09 22:47:00      NaN    NaN        2.9            17.0    NaN  VolcanoDiscovery 2025-12-09 22:47:00    Ijen       -8.01    114.18      0.0             NaN            0.0         0              10              5               1                 1               1               0        0         0                    0                 2.9                17.0    Unknown           0           1                  9.15  10.043499  22.095698  40.173997        5070.373457    -0.373477     0.927640         0.781831       29.0           0                    0.349247            0.0          0.571429               1.285714                     0.571429                           0.693873       Sedang             0.0             0.0              2.900000             0.000000              2.900000              0.00000           0.0           0.0                 0.0                0.0                 0.0                0.0       0.000000       0.000000            40.173997            0.000000            40.173997            0.000000                       0.00                       0.00                             9.15                        0.000000                             9.15                        0.000000
1 2025-12-09 22:47:00      NaN    NaN        2.9            17.0    NaN  VolcanoDiscovery 2025-12-09 22:47:00   Raung       -8.01    114.18      0.0             NaN            0.0         8               6              5               1                 0               0               0        0         0                    0                 2.9                17.0    Unknown           0           1                  9.15  10.043499  22.095698  40.173997        5070.373457    -0.373477     0.927640         0.781831       29.0           0                    0.000000            0.0          0.571429               1.285714                     0.571429                          -0.042460       Sedang             2.9             0.0              2.900000             0.000000              2.900000              0.00000           0.0           0.0                 0.0                0.0                 0.0                0.0      40.173997       0.000000            40.173997            0.000000            40.173997            0.000000                       9.15                       0.00                             9.15                        0.000000                             9.15                        0.000000
2 2025-12-09 23:16:00      NaN    NaN        2.1             8.0    NaN  VolcanoDiscovery 2025-12-09 23:16:00   Bromo       -7.96    112.77      0.0             NaN            0.0         0               0              0               1                 0               1               0        0         0                    0                 2.1                 8.0    Unknown           0           1                  7.95   9.240000  20.328000  36.960000        4291.546255    -0.373477     0.927640         0.781831       21.0           0                    0.020139            0.0         -0.571429               0.000000                    -0.571429                           0.000000       Sedang             2.9             0.0              2.633333             0.461880              2.633333              0.46188           0.0           0.0                 0.0                0.0                 0.0                0.0      40.173997       0.000000            39.102664            1.855602            39.102664            1.855602                       9.15                       0.00                             8.75                        0.692820                             8.75                        0.692820
3 2025-12-09 23:16:00      NaN    NaN        2.1             8.0    NaN  VolcanoDiscovery 2025-12-09 23:16:00  Semeru       -7.96    112.77      0.0             NaN            0.0         4               0              0               0                 0               0              46        2         6                    0                 2.1                 8.0    Unknown           0           1                  7.95   9.240000  20.328000  36.960000        4291.546255    -0.373477     0.927640         0.781831       21.0           0                    0.000000            0.0         -0.571429               0.000000                    -0.571429                          -0.042460       Sedang             2.1             2.9              2.366667             0.461880              2.500000              0.46188           0.0           0.0                 0.0                0.0                 0.0                0.0      36.960000      40.173997            38.031332            1.855602            38.566998            1.855602                       7.95                       9.15                             8.35                        0.692820                             8.55                        0.692820
4 2025-12-11 03:22:00      NaN    NaN        2.2             4.0    NaN  VolcanoDiscovery 2025-12-11 03:22:00   Raung       -7.98    114.15      0.0             NaN            0.0         5               7              4               1                 0               0               0        0         0                    0                 2.2                 4.0    Unknown           0           1                  8.10  12.905000  28.391000  51.620000        8371.164440    -0.341347     0.939938         0.433884       22.0           0                    1.170833            0.0         -0.428571              -0.571429                    -0.428571                           2.426061       Sedang             2.1             2.9              2.133333             0.057735              2.440000              0.42190           0.0           0.0                 0.0                0.0                 0.0                0.0      36.960000      40.173997            41.846667            8.463955            41.177599            6.054636                       7.95                       9.15                             8.00                        0.086603                             8.46                        0.632851
2025-12-31 17:15:58,180 [INFO    ] [ACO_Engine_Master   ] [MainThread] --- [ACO Iter-58] Stagnasi (41) → Smooth Reset Pheromone.
2025-12-31 17:16:01,694 [INFO    ] [ACO_Engine_Master   ] [MainThread] --- [ACO Iter-99] Stagnasi (41) → Smooth Reset Pheromone.
2025-12-31 17:16:05,528 [INFO    ] [ACO_Engine_Master   ] [MainThread] --- [ACO Iter-140] Stagnasi (41) → Smooth Reset Pheromone.
2025-12-31 17:16:09,097 [INFO    ] [ACO_Engine_Master   ] [MainThread] --- [ACO Iter-181] Stagnasi (41) → Smooth Reset Pheromone.
2025-12-31 17:16:10,499 [INFO    ] [ACO_Engine_Master   ] [MainThread] --- [ACO] Minimal GA input saved → C:\Users\USER\Downloads\Earthquake_Volcan\Earthquake_Volcano\output\aco_results\aco_to_ga.json (atomic)
2025-12-31 17:16:10,521 [INFO    ] [ACO_Engine_Master   ] [MainThread] --- [ACO] Minimal GA input saved → C:\Users\USER\Downloads\Earthquake_Volcan\Earthquake_Volcano\output\aco_results\aco_to_ga.json (atomic)
2025-12-31 17:16:10,959 [INFO    ] [ACO_Engine_Master   ] [MainThread] --- [ACO] Visual ACO tersimpan → C:\Users\USER\Downloads\Earthquake_Volcan\Earthquake_Volcano\output\aco_results/aco_impact_zones.html
2025-12-31 17:16:10,960 [INFO    ] [VolcanoAI.GaEngine  ] [MainThread] --- 
================================================================================
2025-12-31 17:16:10,961 [INFO    ] [VolcanoAI.GaEngine  ] [MainThread] ---                  === GA ENGINE START (Input from ACO Only) ===                  
2025-12-31 17:16:10,961 [INFO    ] [VolcanoAI.GaEngine  ] [MainThread] --- ================================================================================
2025-12-31 17:16:11,166 [ERROR   ] [VolcanoAI.GaEngine  ] [MainThread] --- [GA] Error processing ACO input: local variable 'os' referenced before assignment
Traceback (most recent call last):
  File "C:\Users\USER\Downloads\Earthquake_Volcan\Earthquake_Volcano\VolcanoAI\engines\ga_engine.py", line 1189, in run
    self.visualizer.generate_map(
  File "C:\Users\USER\Downloads\Earthquake_Volcan\Earthquake_Volcano\VolcanoAI\engines\ga_engine.py", line 958, in generate_map
    dirn = os.path.dirname(out_path) or "."
UnboundLocalError: local variable 'os' referenced before assignment
2025-12-31 17:16:11,170 [WARNING ] [VolcanoAI.GaEngine  ] [MainThread] --- [GA] ACO Input not found or Error. Running Standard GA.
2025-12-31 17:16:11,177 [INFO    ] [VolcanoAI.GaEngine  ] [MainThread] --- GA Evolution Start → Pop=80, Gen=150
2025-12-31 17:16:11,224 [INFO    ] [VolcanoAI.GaEngine  ] [MainThread] --- Resuming GA from checkpoint...
2025-12-31 17:16:11,251 [INFO    ] [VolcanoAI.GaEngine  ] [MainThread] --- [GA] next_event (direction-only) ditulis ke aco_to_ga.json
2025-12-31 17:16:11,286 [CRITICAL] [PipelineGuard       ] [MainThread] --- CRASH di _run_training_flow: local variable 'os' referenced before assignment
2025-12-31 17:16:11,289 [CRITICAL] [VolcanoAiPipeline   ] [MainThread] --- PIPELINE FAILED: local variable 'os' referenced before assignment
Traceback (most recent call last):
  File "C:\Users\USER\Downloads\Earthquake_Volcan\Earthquake_Volcano\main.py", line 656, in run
    self._run_training_flow() # Panggil fungsi untuk menjalankan alur pelatihan model
  File "C:\Users\USER\Downloads\Earthquake_Volcan\Earthquake_Volcano\main.py", line 102, in wrapper
    raise e
  File "C:\Users\USER\Downloads\Earthquake_Volcan\Earthquake_Volcano\main.py", line 95, in wrapper
    return func(*args, **kwargs) # coba jalankan fungsi asli yang dilindungi
  File "C:\Users\USER\Downloads\Earthquake_Volcan\Earthquake_Volcano\main.py", line 301, in _run_training_flow
    best_path, graphs_result = self.ga_engine.run(df_processed) # Jalankan engine GA pada data yang sudah di-FE
  File "C:\Users\USER\Downloads\Earthquake_Volcan\Earthquake_Volcano\VolcanoAI\engines\ga_engine.py", line 1251, in run
    self.visualizer.generate_map(safe_idx, clean_df, pred, self.map_path)
  File "C:\Users\USER\Downloads\Earthquake_Volcan\Earthquake_Volcano\VolcanoAI\engines\ga_engine.py", line 958, in generate_map
    dirn = os.path.dirname(out_path) or "."
UnboundLocalError: local variable 'os' referenced before assignment
2025-12-31 17:16:11,291 [INFO    ] [VolcanoAiPipeline   ] [MainThread] --- System shutdown. Uptime: 24.44s
