2025-12-09 09:15:00,598 [INFO    ] [root                ] [MainThread] --- Logging diinisialisasi. File: output\pipeline_20251209_091500.log
2025-12-09 09:15:00,598 [INFO    ] [root                ] [MainThread] --- ================================================================================
2025-12-09 09:15:00,598 [INFO    ] [root                ] [MainThread] ---                             VOLCANOAI SYSTEM STARTUP                            
2025-12-09 09:15:00,598 [INFO    ] [root                ] [MainThread] --- ================================================================================
2025-12-09 09:15:00,607 [INFO    ] [VolcanoAiPipeline   ] [MainThread] --- Pipeline VolcanoAI 5.2.0-TITAN-EXCEL initialized successfully.
2025-12-09 09:15:00,607 [INFO    ] [VolcanoAiPipeline   ] [MainThread] --- Starting Pipeline Execution...
2025-12-09 09:15:00,607 [INFO    ] [VolcanoAiPipeline   ] [MainThread] --- 
========== PHASE 1: DATA LOADING ==========
2025-12-09 09:15:00,607 [INFO    ] [SystemMonitor       ] [MainThread] --- RAM Usage: 68.5%
2025-12-09 09:15:00,607 [INFO    ] [VolcanoAiPipeline   ] [MainThread] --- Memuat data dari cache...
2025-12-09 09:15:00,627 [INFO    ] [VolcanoAiPipeline   ] [MainThread] --- 
========== PHASE 2: FEATURE ENGINEERING ==========
2025-12-09 09:15:00,636 [INFO    ] [FeatureEngineer     ] [MainThread] --- >>> FE TRAIN: Initializing new preprocessor state.
2025-12-09 09:15:00,753 [INFO    ] [FeatureEngineer     ] [MainThread] --- Smart Classifier Trained.
2025-12-09 09:15:00,812 [WARNING ] [VolcanoAI.FeatureEngineer] [MainThread] --- Kolom berikut kosong total dan diisi 0: ['VRP_Max', 'OLI_total (W)', 'MSI_total (W)']
2025-12-09 09:15:00,857 [INFO    ] [VolcanoAI.FeatureEngineer] [MainThread] --- Preprocessor state saved to: output/feature_preprocessor.pkl
2025-12-09 09:15:00,857 [INFO    ] [FeatureEngineer     ] [MainThread] --- Feature Engineering Complete. Shape: (1307, 53)
2025-12-09 09:15:00,857 [INFO    ] [FeatureEngineer     ] [MainThread] --- >>> FE INFERENCE: Using existing preprocessor state.
2025-12-09 09:15:00,920 [INFO    ] [FeatureEngineer     ] [MainThread] --- Feature Engineering Complete. Shape: (561, 53)
2025-12-09 09:15:00,929 [INFO    ] [VolcanoAiPipeline   ] [MainThread] --- 
========== PHASE 3: MODEL TRAINING ==========
2025-12-09 09:15:00,930 [INFO    ] [VolcanoAiPipeline   ] [MainThread] --- Running ACO Engine (Step 1)...
2025-12-09 09:15:00,931 [CRITICAL] [PipelineGuard       ] [MainThread] --- CRASH di _run_training_flow: 'Lintang'
2025-12-09 09:15:00,939 [CRITICAL] [VolcanoAiPipeline   ] [MainThread] --- PIPELINE FAILED: 'Lintang'
Traceback (most recent call last):
  File "C:\Users\mauli\AppData\Roaming\Python\Python311\site-packages\pandas\core\indexes\base.py", line 3812, in get_loc
    return self._engine.get_loc(casted_key)
           ^^^^^^^^^^^^^^^^^^^^^^^^^^^^^^^^
  File "pandas/_libs/index.pyx", line 167, in pandas._libs.index.IndexEngine.get_loc
  File "pandas/_libs/index.pyx", line 196, in pandas._libs.index.IndexEngine.get_loc
  File "pandas/_libs/hashtable_class_helper.pxi", line 7088, in pandas._libs.hashtable.PyObjectHashTable.get_item
  File "pandas/_libs/hashtable_class_helper.pxi", line 7096, in pandas._libs.hashtable.PyObjectHashTable.get_item
KeyError: 'Lintang'

The above exception was the direct cause of the following exception:

Traceback (most recent call last):
  File "C:\Soft-project\Soft-project\TA\Earthquake_Volcano\main.py", line 423, in run
    self._run_training_flow()
  File "C:\Soft-project\Soft-project\TA\Earthquake_Volcano\main.py", line 94, in wrapper
    raise e
  File "C:\Soft-project\Soft-project\TA\Earthquake_Volcano\main.py", line 87, in wrapper
    return func(*args, **kwargs)
           ^^^^^^^^^^^^^^^^^^^^^
  File "C:\Soft-project\Soft-project\TA\Earthquake_Volcano\main.py", line 276, in _run_training_flow
    df_processed = self.aco_engine.run(df_processed)
                   ^^^^^^^^^^^^^^^^^^^^^^^^^^^^^^^^^
  File "C:\Soft-project\Soft-project\TA\Earthquake_Volcano\VolcanoAI\engines\aco_engine.py", line 354, in run
    self.env_manager = EnvironmentManager(df, self.logger)
                       ^^^^^^^^^^^^^^^^^^^^^^^^^^^^^^^^^^^
  File "C:\Soft-project\Soft-project\TA\Earthquake_Volcano\VolcanoAI\engines\aco_engine.py", line 101, in __init__
    self._build_distance_matrix()
  File "C:\Soft-project\Soft-project\TA\Earthquake_Volcano\VolcanoAI\engines\aco_engine.py", line 107, in _build_distance_matrix
    lats = self.df['Lintang'].values
           ~~~~~~~^^^^^^^^^^^
  File "C:\Users\mauli\AppData\Roaming\Python\Python311\site-packages\pandas\core\frame.py", line 4107, in __getitem__
    indexer = self.columns.get_loc(key)
              ^^^^^^^^^^^^^^^^^^^^^^^^^
  File "C:\Users\mauli\AppData\Roaming\Python\Python311\site-packages\pandas\core\indexes\base.py", line 3819, in get_loc
    raise KeyError(key) from err
KeyError: 'Lintang'
2025-12-09 09:15:00,940 [INFO    ] [VolcanoAiPipeline   ] [MainThread] --- System shutdown. Uptime: 0.33s
