2025-12-12 02:40:09,306 [INFO    ] [root                ] [MainThread] --- Logging diinisialisasi. File: output\pipeline_20251212_024009.log
2025-12-12 02:40:09,306 [INFO    ] [root                ] [MainThread] --- ================================================================================
2025-12-12 02:40:09,306 [INFO    ] [root                ] [MainThread] ---                             VOLCANOAI SYSTEM STARTUP                            
2025-12-12 02:40:09,306 [INFO    ] [root                ] [MainThread] --- ================================================================================
2025-12-12 02:40:09,322 [WARNING ] [VolcanoAI.processing.realtime_data_stream] [MainThread] --- File MIROVA tidak ditemukan di path: output/realtime/mirova_log.txt
2025-12-12 02:40:09,322 [INFO    ] [VolcanoAiPipeline   ] [MainThread] --- Pipeline VolcanoAI 5.2.0-TITAN-EXCEL initialized successfully.
2025-12-12 02:40:09,322 [INFO    ] [VolcanoAiPipeline   ] [MainThread] --- Starting Pipeline Execution...
2025-12-12 02:40:09,322 [INFO    ] [VolcanoAiPipeline   ] [MainThread] --- 
========== PHASE 1: DATA LOADING ==========
2025-12-12 02:40:09,322 [INFO    ] [SystemMonitor       ] [MainThread] --- RAM Usage: 72.7%
2025-12-12 02:40:09,365 [INFO    ] [VolcanoAiPipeline   ] [MainThread] --- 
========== PHASE 2: FEATURE ENGINEERING ==========
2025-12-12 02:40:09,368 [INFO    ] [FeatureEngineer     ] [MainThread] --- >>> FE TRAIN: Initializing new preprocessor state.
2025-12-12 02:40:09,498 [INFO    ] [FeatureEngineer     ] [MainThread] --- Smart Classifier Trained.
2025-12-12 02:40:09,539 [WARNING ] [FeatureEngineer     ] [MainThread] --- Imputer Warning: Kolom berikut kosong total saat training -> diisi 0.0: ['OLI_total (W)', 'MSI_total (W)']
2025-12-12 02:40:10,071 [INFO    ] [VolcanoAI.processing.feature_engineer] [MainThread] --- Preprocessor state saved to: output\feature_preprocessor.pkl
2025-12-12 02:40:10,071 [INFO    ] [FeatureEngineer     ] [MainThread] --- Feature Engineering Complete. Shape: (1307, 55)
2025-12-12 02:40:10,071 [INFO    ] [FeatureEngineer     ] [MainThread] --- >>> FE TRAIN: Initializing new preprocessor state.
2025-12-12 02:40:10,171 [INFO    ] [FeatureEngineer     ] [MainThread] --- Smart Classifier Trained.
2025-12-12 02:40:10,196 [WARNING ] [FeatureEngineer     ] [MainThread] --- Imputer Warning: Kolom berikut kosong total saat training -> diisi 0.0: ['OLI_total (W)', 'MSI_total (W)']
2025-12-12 02:40:10,775 [INFO    ] [VolcanoAI.processing.feature_engineer] [MainThread] --- Preprocessor state saved to: output\feature_preprocessor.pkl
2025-12-12 02:40:10,776 [INFO    ] [FeatureEngineer     ] [MainThread] --- Feature Engineering Complete. Shape: (561, 55)
2025-12-12 02:40:10,777 [INFO    ] [VolcanoAiPipeline   ] [MainThread] --- 
========== PHASE 3: MODEL TRAINING ==========
2025-12-12 02:40:10,928 [INFO    ] [ACO_Engine_Master   ] [MainThread] --- [ACO] Melanjutkan dari brain state sebelumnya.
2025-12-12 02:40:23,567 [INFO    ] [ACO_Engine_Master   ] [MainThread] --- [ACO Iter-57] Stagnasi (41) → Smooth Reset Pheromone.
2025-12-12 02:40:33,445 [INFO    ] [ACO_Engine_Master   ] [MainThread] --- [ACO Iter-98] Stagnasi (41) → Smooth Reset Pheromone.
2025-12-12 02:40:42,250 [INFO    ] [ACO_Engine_Master   ] [MainThread] --- [ACO Iter-139] Stagnasi (41) → Smooth Reset Pheromone.
2025-12-12 02:40:53,041 [INFO    ] [ACO_Engine_Master   ] [MainThread] --- [ACO Iter-191] Stagnasi (41) → Smooth Reset Pheromone.
2025-12-12 02:40:55,400 [WARNING ] [ACO_Engine_Master   ] [MainThread] --- [ACO] Dataframe kosong atau kurang kolom untuk visualisasi.
2025-12-12 02:40:55,400 [INFO    ] [VolcanoAI.GaEngine  ] [MainThread] --- 
================================================================================
2025-12-12 02:40:55,400 [INFO    ] [VolcanoAI.GaEngine  ] [MainThread] ---                             === GA ENGINE START ===                             
2025-12-12 02:40:55,416 [INFO    ] [VolcanoAI.GaEngine  ] [MainThread] --- ================================================================================
2025-12-12 02:40:55,425 [INFO    ] [VolcanoAI.GaEngine  ] [MainThread] --- GA Evolution Start → Pop=80, Gen=150
2025-12-12 02:40:55,442 [INFO    ] [VolcanoAI.GaEngine  ] [MainThread] --- Resuming GA from checkpoint...
2025-12-12 02:41:15,381 [INFO    ] [VolcanoAI.GaEngine  ] [MainThread] --- GA Map saved → output\ga_results\ga_path_map.html
2025-12-12 02:41:20,504 [INFO    ] [VolcanoAI.GaEngine  ] [MainThread] --- Excel exported → output\ga_results\ga_report.xlsx
2025-12-12 02:41:20,506 [INFO    ] [VolcanoAI.GaEngine  ] [MainThread] ---                            === GA ENGINE COMPLETE ===                           
2025-12-12 02:41:20,508 [INFO    ] [VolcanoAI.LstmEngine] [MainThread] --- === LSTM V6.0 TITAN TRAINING START ===
2025-12-12 02:41:20,557 [INFO    ] [VolcanoAI.LstmEngine] [MainThread] --- Processing Cluster 0...
2025-12-12 02:41:20,575 [INFO    ] [VolcanoAI.LstmEngine] [MainThread] ---     [Tuner] Menjalankan 3 trial optimasi...
2025-12-12 02:41:21,271 [WARNING ] [tensorflow          ] [MainThread] --- From C:\Program Files\Python311\Lib\site-packages\keras\src\backend\common\global_state.py:82: The name tf.reset_default_graph is deprecated. Please use tf.compat.v1.reset_default_graph instead.

2025-12-12 02:41:21,665 [INFO    ] [VolcanoAI.LstmEngine] [MainThread] --- Model LSTM berhasil dikompilasi. Input: 30x6
2025-12-12 02:41:30,744 [INFO    ] [VolcanoAI.LstmEngine] [MainThread] --- Model LSTM berhasil dikompilasi. Input: 30x6
2025-12-12 02:41:43,259 [INFO    ] [VolcanoAI.LstmEngine] [MainThread] --- Model LSTM berhasil dikompilasi. Input: 30x6
2025-12-12 02:41:55,899 [INFO    ] [VolcanoAI.LstmEngine] [MainThread] ---     [Tuner] Parameter Terbaik: {} (Loss: inf)
2025-12-12 02:41:56,008 [INFO    ] [VolcanoAI.LstmEngine] [MainThread] --- Model LSTM berhasil dikompilasi. Input: 30x6
2025-12-12 02:42:10,268 [WARNING ] [tensorflow          ] [MainThread] --- From C:\Program Files\Python311\Lib\site-packages\keras\src\backend\tensorflow\core.py:232: The name tf.placeholder is deprecated. Please use tf.compat.v1.placeholder instead.

