2025-12-30 15:07:18,097 [INFO    ] [root                ] [MainThread] --- Logging diinisialisasi. File: output\pipeline_20251230_150718.log
2025-12-30 15:07:18,099 [INFO    ] [root                ] [MainThread] --- ================================================================================
2025-12-30 15:07:18,100 [INFO    ] [root                ] [MainThread] ---                             VOLCANOAI SYSTEM STARTUP                            
2025-12-30 15:07:18,100 [INFO    ] [root                ] [MainThread] --- ================================================================================
2025-12-30 15:07:18,104 [INFO    ] [root                ] [MainThread] --- [Dashboard] Starting Flask server in background thread (monitoring enabled)...
2025-12-30 15:07:18,115 [INFO    ] [RealtimeSensorManager] [MainThread] --- [MIROVA] Menggunakan log terbaru: output/realtime\mirova_log_20251003-094000.txt
2025-12-30 15:07:18,116 [INFO    ] [VolcanoAiPipeline   ] [MainThread] --- Pipeline VolcanoAI 5.2.0-TITAN-EXCEL initialized successfully.
2025-12-30 15:07:18,116 [INFO    ] [VolcanoAiPipeline   ] [MainThread] --- Starting Pipeline Execution...
2025-12-30 15:07:18,117 [INFO    ] [VolcanoAiPipeline   ] [MainThread] --- 
========== PHASE 1: DATA LOADING ==========
2025-12-30 15:07:18,175 [INFO    ] [VolcanoAiPipeline   ] [MainThread] --- 
========== PHASE 2: FEATURE ENGINEERING ==========
2025-12-30 15:07:18,250 [INFO    ] [FeatureEngineer     ] [MainThread] --- >>> FE TRAIN: Initializing new preprocessor state.
2025-12-30 15:07:18,464 [INFO    ] [FeatureEngineer     ] [MainThread] --- Smart Classifier Trained.
2025-12-30 15:07:18,508 [WARNING ] [FeatureEngineer     ] [MainThread] --- Imputer Warning: Kolom berikut kosong total saat training -> diisi 0.0: ['OLI_total (W)', 'MSI_total (W)']
2025-12-30 15:07:18,957 [INFO    ] [werkzeug            ] [Thread-1 (_run)] --- [31m[1mWARNING: This is a development server. Do not use it in a production deployment. Use a production WSGI server instead.[0m
 * Running on http://127.0.0.1:5000
2025-12-30 15:07:18,959 [INFO    ] [werkzeug            ] [Thread-1 (_run)] --- [33mPress CTRL+C to quit[0m
2025-12-30 15:07:19,113 [INFO    ] [werkzeug            ] [Thread-180 (process_request_thread)] --- 127.0.0.1 - - [30/Dec/2025 15:07:19] "GET / HTTP/1.1" 200 -
2025-12-30 15:07:19,366 [INFO    ] [VolcanoAI.processing.feature_engineer] [MainThread] --- Preprocessor state saved to: output\feature_preprocessor.pkl
2025-12-30 15:07:19,371 [INFO    ] [FeatureEngineer     ] [MainThread] --- Feature Engineering Complete. Shape: (21, 60)
2025-12-30 15:07:19,549 [INFO    ] [FeatureEngineer     ] [MainThread] --- >>> FE TRAIN: Initializing new preprocessor state.
2025-12-30 15:07:20,313 [INFO    ] [werkzeug            ] [Thread-207 (process_request_thread)] --- 127.0.0.1 - - [30/Dec/2025 15:07:20] "[36mGET /files/output/naive_bayes_results/roc_curves.png HTTP/1.1[0m" 304 -
2025-12-30 15:07:20,316 [INFO    ] [FeatureEngineer     ] [MainThread] --- Smart Classifier Trained.
2025-12-30 15:07:20,322 [INFO    ] [werkzeug            ] [Thread-208 (process_request_thread)] --- 127.0.0.1 - - [30/Dec/2025 15:07:20] "GET /files/output/naive_bayes_results/confusion_matrix.png HTTP/1.1" 200 -
2025-12-30 15:07:20,485 [INFO    ] [werkzeug            ] [Thread-209 (process_request_thread)] --- 127.0.0.1 - - [30/Dec/2025 15:07:20] "GET /files/output/aco_results/aco_impact_zones.html HTTP/1.1" 200 -
2025-12-30 15:07:20,651 [INFO    ] [werkzeug            ] [Thread-211 (process_request_thread)] --- 127.0.0.1 - - [30/Dec/2025 15:07:20] "GET /files/output/cnn_results/maps/cnn_prediction_map_20251230_144910.html HTTP/1.1" 200 -
2025-12-30 15:07:20,660 [INFO    ] [werkzeug            ] [Thread-210 (process_request_thread)] --- 127.0.0.1 - - [30/Dec/2025 15:07:20] "[36mGET /files/output/ga_results/ga_path_map.html HTTP/1.1[0m" 304 -
2025-12-30 15:07:24,269 [WARNING ] [FeatureEngineer     ] [MainThread] --- Imputer Warning: Kolom berikut kosong total saat training -> diisi 0.0: ['OLI_total (W)', 'MSI_total (W)']
2025-12-30 15:07:24,798 [INFO    ] [VolcanoAI.processing.feature_engineer] [MainThread] --- Preprocessor state saved to: output\feature_preprocessor.pkl
2025-12-30 15:07:24,798 [INFO    ] [FeatureEngineer     ] [MainThread] --- Feature Engineering Complete. Shape: (9, 60)
2025-12-30 15:07:24,801 [INFO    ] [VolcanoAiPipeline   ] [MainThread] --- 
========== PHASE 3: MODEL TRAINING ==========
2025-12-30 15:07:29,409 [INFO    ] [ACO_Engine_Master   ] [MainThread] --- [ACO Iter-44] Stagnasi (41) → Smooth Reset Pheromone.
2025-12-30 15:07:33,508 [INFO    ] [ACO_Engine_Master   ] [MainThread] --- [ACO Iter-85] Stagnasi (41) → Smooth Reset Pheromone.
2025-12-30 15:07:42,436 [INFO    ] [ACO_Engine_Master   ] [MainThread] --- [ACO Iter-162] Stagnasi (41) → Smooth Reset Pheromone.
2025-12-30 15:07:47,016 [INFO    ] [ACO_Engine_Master   ] [MainThread] --- [ACO] Minimal GA input saved → C:\Users\USER\Downloads\Earthquake_Volcan\Earthquake_Volcano\output\aco_results\aco_to_ga.json
2025-12-30 15:07:47,611 [INFO    ] [ACO_Engine_Master   ] [MainThread] --- [ACO] Visual ACO tersimpan → C:\Users\USER\Downloads\Earthquake_Volcan\Earthquake_Volcano\output\aco_results/aco_impact_zones.html
2025-12-30 15:07:47,612 [INFO    ] [VolcanoAI.GaEngine  ] [MainThread] --- 
================================================================================
2025-12-30 15:07:47,613 [INFO    ] [VolcanoAI.GaEngine  ] [MainThread] ---                             === GA ENGINE START ===                             
2025-12-30 15:07:47,614 [INFO    ] [VolcanoAI.GaEngine  ] [MainThread] --- ================================================================================
2025-12-30 15:07:47,668 [ERROR   ] [VolcanoAI.GaEngine  ] [MainThread] --- [GA] Error in ACO-only mode: 'lat'
Traceback (most recent call last):
  File "C:\Users\USER\Downloads\Earthquake_Volcan\Earthquake_Volcano\VolcanoAI\engines\ga_engine.py", line 1153, in run
    self._write_back_to_aco_json(pred)
  File "C:\Users\USER\Downloads\Earthquake_Volcan\Earthquake_Volcano\VolcanoAI\engines\ga_engine.py", line 1096, in _write_back_to_aco_json
    np.isfinite(next_event["lat"]) and abs(next_event["lat"]) > 1e-9,
KeyError: 'lat'
2025-12-30 15:07:47,680 [INFO    ] [VolcanoAI.GaEngine  ] [MainThread] --- GA Evolution Start → Pop=80, Gen=150
2025-12-30 15:07:47,716 [INFO    ] [VolcanoAI.GaEngine  ] [MainThread] --- Resuming GA from checkpoint...
2025-12-30 15:07:47,732 [CRITICAL] [PipelineGuard       ] [MainThread] --- CRASH di _run_training_flow: 'lat'
2025-12-30 15:07:47,735 [CRITICAL] [VolcanoAiPipeline   ] [MainThread] --- PIPELINE FAILED: 'lat'
Traceback (most recent call last):
  File "C:\Users\USER\Downloads\Earthquake_Volcan\Earthquake_Volcano\main.py", line 656, in run
    self._run_training_flow() # Panggil fungsi untuk menjalankan alur pelatihan model
  File "C:\Users\USER\Downloads\Earthquake_Volcan\Earthquake_Volcano\main.py", line 102, in wrapper
    raise e
  File "C:\Users\USER\Downloads\Earthquake_Volcan\Earthquake_Volcano\main.py", line 95, in wrapper
    return func(*args, **kwargs) # coba jalankan fungsi asli yang dilindungi
  File "C:\Users\USER\Downloads\Earthquake_Volcan\Earthquake_Volcano\main.py", line 301, in _run_training_flow
    best_path, graphs_result = self.ga_engine.run(df_processed) # Jalankan engine GA pada data yang sudah di-FE
  File "C:\Users\USER\Downloads\Earthquake_Volcan\Earthquake_Volcano\VolcanoAI\engines\ga_engine.py", line 1228, in run
    self._write_back_to_aco_json(pred)
  File "C:\Users\USER\Downloads\Earthquake_Volcan\Earthquake_Volcano\VolcanoAI\engines\ga_engine.py", line 1096, in _write_back_to_aco_json
    np.isfinite(next_event["lat"]) and abs(next_event["lat"]) > 1e-9,
KeyError: 'lat'
2025-12-30 15:07:47,736 [INFO    ] [VolcanoAiPipeline   ] [MainThread] --- System shutdown. Uptime: 29.62s
