2025-12-20 14:44:45,586 [INFO    ] [root                ] [MainThread] --- Logging diinisialisasi. File: output\pipeline_20251220_144445.log
2025-12-20 14:44:45,587 [INFO    ] [root                ] [MainThread] --- ================================================================================
2025-12-20 14:44:45,588 [INFO    ] [root                ] [MainThread] ---                             VOLCANOAI SYSTEM STARTUP                            
2025-12-20 14:44:45,588 [INFO    ] [root                ] [MainThread] --- ================================================================================
2025-12-20 14:44:45,592 [INFO    ] [root                ] [MainThread] --- [Dashboard] Starting Flask server in background thread (monitoring enabled)...
2025-12-20 14:44:45,605 [INFO    ] [RealtimeSensorManager] [MainThread] --- [MIROVA] Menggunakan log terbaru: output/realtime\mirova_log_20251003-094000.txt
2025-12-20 14:44:45,606 [INFO    ] [VolcanoAiPipeline   ] [MainThread] --- Pipeline VolcanoAI 5.2.0-TITAN-EXCEL initialized successfully.
2025-12-20 14:44:45,607 [INFO    ] [VolcanoAiPipeline   ] [MainThread] --- Starting Pipeline Execution...
2025-12-20 14:44:45,608 [INFO    ] [VolcanoAiPipeline   ] [MainThread] --- 
========== PHASE 1: DATA LOADING ==========
2025-12-20 14:44:45,640 [INFO    ] [VolcanoAiPipeline   ] [MainThread] --- 
========== PHASE 2: FEATURE ENGINEERING ==========
2025-12-20 14:44:45,657 [INFO    ] [FeatureEngineer     ] [MainThread] --- >>> FE TRAIN: Initializing new preprocessor state.
2025-12-20 14:44:45,876 [INFO    ] [FeatureEngineer     ] [MainThread] --- Smart Classifier Trained.
2025-12-20 14:44:45,999 [WARNING ] [FeatureEngineer     ] [MainThread] --- Imputer Warning: Kolom berikut kosong total saat training -> diisi 0.0: ['OLI_total (W)', 'MSI_total (W)']
2025-12-20 14:44:46,366 [INFO    ] [werkzeug            ] [Thread-1 (_run)] --- [31m[1mWARNING: This is a development server. Do not use it in a production deployment. Use a production WSGI server instead.[0m
 * Running on http://127.0.0.1:5000
2025-12-20 14:44:46,367 [INFO    ] [werkzeug            ] [Thread-1 (_run)] --- [33mPress CTRL+C to quit[0m
2025-12-20 14:44:46,585 [INFO    ] [werkzeug            ] [Thread-129 (process_request_thread)] --- 127.0.0.1 - - [20/Dec/2025 14:44:46] "GET / HTTP/1.1" 200 -
2025-12-20 14:44:47,412 [INFO    ] [VolcanoAI.processing.feature_engineer] [MainThread] --- Preprocessor state saved to: output\feature_preprocessor.pkl
2025-12-20 14:44:47,417 [INFO    ] [FeatureEngineer     ] [MainThread] --- Feature Engineering Complete. Shape: (1307, 55)
2025-12-20 14:44:47,419 [INFO    ] [FeatureEngineer     ] [MainThread] --- >>> FE TRAIN: Initializing new preprocessor state.
2025-12-20 14:44:47,706 [INFO    ] [werkzeug            ] [Thread-169 (process_request_thread)] --- 127.0.0.1 - - [20/Dec/2025 14:44:47] "[36mGET /files/output/naive_bayes_results/roc_curves.png HTTP/1.1[0m" 304 -
2025-12-20 14:44:47,747 [INFO    ] [werkzeug            ] [Thread-149 (process_request_thread)] --- 127.0.0.1 - - [20/Dec/2025 14:44:47] "[36mGET /files/output/naive_bayes_results/confusion_matrix.png HTTP/1.1[0m" 304 -
2025-12-20 14:44:47,771 [INFO    ] [werkzeug            ] [Thread-174 (process_request_thread)] --- 127.0.0.1 - - [20/Dec/2025 14:44:47] "GET /files/output/aco_results/aco_impact_zones.html HTTP/1.1" 200 -
2025-12-20 14:44:47,780 [INFO    ] [werkzeug            ] [Thread-179 (process_request_thread)] --- 127.0.0.1 - - [20/Dec/2025 14:44:47] "GET /files/output/ga_results/ga_path_map.html HTTP/1.1" 200 -
2025-12-20 14:44:47,791 [INFO    ] [werkzeug            ] [Thread-184 (process_request_thread)] --- 127.0.0.1 - - [20/Dec/2025 14:44:47] "GET /files/output/cnn_results/cnn_prediction_map.html HTTP/1.1" 200 -
2025-12-20 14:44:48,052 [INFO    ] [FeatureEngineer     ] [MainThread] --- Smart Classifier Trained.
2025-12-20 14:44:48,148 [WARNING ] [FeatureEngineer     ] [MainThread] --- Imputer Warning: Kolom berikut kosong total saat training -> diisi 0.0: ['OLI_total (W)', 'MSI_total (W)']
2025-12-20 14:44:49,384 [INFO    ] [VolcanoAI.processing.feature_engineer] [MainThread] --- Preprocessor state saved to: output\feature_preprocessor.pkl
2025-12-20 14:44:49,385 [INFO    ] [FeatureEngineer     ] [MainThread] --- Feature Engineering Complete. Shape: (561, 55)
2025-12-20 14:44:49,391 [INFO    ] [VolcanoAiPipeline   ] [MainThread] --- 
========== PHASE 3: MODEL TRAINING ==========
2025-12-20 14:44:49,876 [INFO    ] [ACO_Engine_Master   ] [MainThread] --- [ACO] Melanjutkan dari brain state sebelumnya.
2025-12-20 14:45:14,223 [INFO    ] [ACO_Engine_Master   ] [MainThread] --- [ACO Iter-41] Stagnasi (41) → Smooth Reset Pheromone.
2025-12-20 14:45:30,562 [INFO    ] [VolcanoAiPipeline   ] [MainThread] --- System shutdown. Uptime: 44.96s
