2026-01-02 14:58:02,577 [INFO    ] [root                ] [MainThread] --- Logging diinisialisasi. File: output\pipeline_20260102_145802.log
2026-01-02 14:58:02,578 [INFO    ] [root                ] [MainThread] --- ================================================================================
2026-01-02 14:58:02,579 [INFO    ] [root                ] [MainThread] ---                             VOLCANOAI SYSTEM STARTUP                            
2026-01-02 14:58:02,580 [INFO    ] [root                ] [MainThread] --- ================================================================================
2026-01-02 14:58:02,585 [INFO    ] [root                ] [MainThread] --- [Dashboard] Starting Flask server in background thread (monitoring enabled)...
2026-01-02 14:58:02,603 [INFO    ] [RealtimeSensorManager] [MainThread] --- [MIROVA] Menggunakan log terbaru: output/realtime\mirova_log_20251003-094000.txt
2026-01-02 14:58:02,605 [INFO    ] [VolcanoAiPipeline   ] [MainThread] --- Pipeline VolcanoAI 5.2.0-TITAN-EXCEL initialized successfully.
2026-01-02 14:58:02,605 [INFO    ] [VolcanoAiPipeline   ] [MainThread] --- Starting Pipeline Execution...
2026-01-02 14:58:02,608 [INFO    ] [VolcanoAiPipeline   ] [MainThread] --- 
========== PHASE 1: DATA LOADING ==========
2026-01-02 14:58:02,653 [INFO    ] [VolcanoAiPipeline   ] [MainThread] --- 
========== PHASE 2: FEATURE ENGINEERING ==========
2026-01-02 14:58:02,706 [INFO    ] [FeatureEngineer     ] [MainThread] --- >>> FE TRAIN: Initializing new preprocessor state.
2026-01-02 14:58:02,775 [WARNING ] [FeatureEngineer     ] [MainThread] --- Smart Classifier SKIPPED: Tidak ada data berlabel cukup (fallback ke rule-based).
2026-01-02 14:58:02,844 [WARNING ] [FeatureEngineer     ] [MainThread] --- Imputer Warning: Kolom berikut kosong total saat training -> diisi 0.0: ['OLI_total (W)', 'MSI_total (W)']
2026-01-02 14:58:03,313 [INFO    ] [werkzeug            ] [Thread-1 (_run)] --- [31m[1mWARNING: This is a development server. Do not use it in a production deployment. Use a production WSGI server instead.[0m
 * Running on http://127.0.0.1:5000
2026-01-02 14:58:03,314 [INFO    ] [werkzeug            ] [Thread-1 (_run)] --- [33mPress CTRL+C to quit[0m
2026-01-02 14:58:03,416 [INFO    ] [werkzeug            ] [Thread-167 (process_request_thread)] --- 127.0.0.1 - - [02/Jan/2026 14:58:03] "GET / HTTP/1.1" 200 -
2026-01-02 14:58:03,696 [INFO    ] [VolcanoAI.processing.feature_engineer] [MainThread] --- Preprocessor state saved to: output\feature_preprocessor.pkl
2026-01-02 14:58:03,698 [INFO    ] [FeatureEngineer     ] [MainThread] --- Feature Engineering Complete. Shape: (535, 66)
2026-01-02 14:58:03,804 [INFO    ] [FeatureEngineer     ] [MainThread] --- >>> FE TRAIN: Initializing new preprocessor state.
2026-01-02 14:58:03,914 [WARNING ] [FeatureEngineer     ] [MainThread] --- Smart Classifier SKIPPED: Tidak ada data berlabel cukup (fallback ke rule-based).
2026-01-02 14:58:03,993 [WARNING ] [FeatureEngineer     ] [MainThread] --- Imputer Warning: Kolom berikut kosong total saat training -> diisi 0.0: ['OLI_total (W)', 'MSI_total (W)']
2026-01-02 14:58:04,040 [INFO    ] [werkzeug            ] [Thread-210 (process_request_thread)] --- 127.0.0.1 - - [02/Jan/2026 14:58:04] "GET / HTTP/1.1" 200 -
2026-01-02 14:58:04,047 [INFO    ] [werkzeug            ] [Thread-194 (process_request_thread)] --- 127.0.0.1 - - [02/Jan/2026 14:58:04] "GET /files/output/aco_results/aco_impact_zones.html HTTP/1.1" 200 -
2026-01-02 14:58:04,077 [INFO    ] [werkzeug            ] [Thread-195 (process_request_thread)] --- 127.0.0.1 - - [02/Jan/2026 14:58:04] "GET /files/output/ga_results/ga_from_aco_map.html HTTP/1.1" 200 -
2026-01-02 14:58:04,103 [INFO    ] [werkzeug            ] [Thread-209 (process_request_thread)] --- 127.0.0.1 - - [02/Jan/2026 14:58:04] "GET /files/output/cnn_results/maps/cnn_prediction_map_20260102_144231.html HTTP/1.1" 200 -
2026-01-02 14:58:05,149 [INFO    ] [VolcanoAI.processing.feature_engineer] [MainThread] --- Preprocessor state saved to: output\feature_preprocessor.pkl
2026-01-02 14:58:05,150 [INFO    ] [FeatureEngineer     ] [MainThread] --- Feature Engineering Complete. Shape: (230, 66)
2026-01-02 14:58:05,156 [INFO    ] [VolcanoAiPipeline   ] [MainThread] --- 
========== PHASE 3: MODEL TRAINING ==========
2026-01-02 14:58:05,159 [DEBUG   ] [ACO_Engine_Master   ] [MainThread] --- [ACO] DataFrame masuk: 535 baris, 66 kolom
2026-01-02 14:58:05,162 [DEBUG   ] [ACO_Engine_Master   ] [MainThread] --- [ACO] Kolom: ['Acquired_Date', 'EQ_Lintang', 'EQ_Bujur', 'Magnitudo', 'Kedalaman (km)', 'Nama', 'Sumber', 'VRP_Max', 'Hembusan', 'Tektonik_Lokal', 'Tektonik_Jauh', 'Tremor_Menerus', 'Vulkanik_Dangkal', 'Vulkanik_Dalam', 'Letusan_Erupsi', 'Guguran', 'Harmonik', 'Tremor_Non_Harmonik', 'Magnitudo_Original', 'Kedalaman_Original', 'Tanggal', 'Keterangan', 'isVulkanik', 'isTektonik', 'seismic_energy_log10', 'R1_final', 'R2_final', 'R3_final', 'AreaTerdampak_km2', 'tfe_doy_sin', 'tfe_doy_cos', 'tfe_weekday_sin', 'Intensity', 'cluster_id', 'time_since_last_event_days', 'OLI_total (W)', 'MSI_total (W)', 'Magnitudo_scaled', 'Kedalaman (km)_scaled', 'seismic_energy_log10_scaled', 'time_since_last_event_days_scaled', 'impact_level', 'Magnitudo_lag1', 'Magnitudo_lag3', 'Magnitudo_roll_mean3', 'Magnitudo_roll_std3', 'Magnitudo_roll_mean7', 'Magnitudo_roll_std7', 'VRP_Max_lag1', 'VRP_Max_lag3', 'VRP_Max_roll_mean3', 'VRP_Max_roll_std3', 'VRP_Max_roll_mean7', 'VRP_Max_roll_std7', 'R3_final_lag1', 'R3_final_lag3', 'R3_final_roll_mean3', 'R3_final_roll_std3', 'R3_final_roll_mean7', 'R3_final_roll_std7', 'seismic_energy_log10_lag1', 'seismic_energy_log10_lag3', 'seismic_energy_log10_roll_mean3', 'seismic_energy_log10_roll_std3', 'seismic_energy_log10_roll_mean7', 'seismic_energy_log10_roll_std7']
2026-01-02 14:58:05,208 [DEBUG   ] [ACO_Engine_Master   ] [MainThread] ---         Acquired_Date  EQ_Lintang    EQ_Bujur  Magnitudo  Kedalaman (km)   Nama            Sumber  VRP_Max  Hembusan  Tektonik_Lokal  Tektonik_Jauh  Tremor_Menerus  Vulkanik_Dangkal  Vulkanik_Dalam  Letusan_Erupsi  Guguran  Harmonik  Tremor_Non_Harmonik  Magnitudo_Original  Kedalaman_Original             Tanggal Keterangan  isVulkanik  isTektonik  seismic_energy_log10   R1_final   R2_final   R3_final  AreaTerdampak_km2  tfe_doy_sin  tfe_doy_cos  tfe_weekday_sin  Intensity  cluster_id  time_since_last_event_days  OLI_total (W)  MSI_total (W)  Magnitudo_scaled  Kedalaman (km)_scaled  seismic_energy_log10_scaled  time_since_last_event_days_scaled impact_level  Magnitudo_lag1  Magnitudo_lag3  Magnitudo_roll_mean3  Magnitudo_roll_std3  Magnitudo_roll_mean7  Magnitudo_roll_std7  VRP_Max_lag1  VRP_Max_lag3  VRP_Max_roll_mean3  VRP_Max_roll_std3  VRP_Max_roll_mean7  VRP_Max_roll_std7  R3_final_lag1  R3_final_lag3  R3_final_roll_mean3  R3_final_roll_std3  R3_final_roll_mean7  R3_final_roll_std7  seismic_energy_log10_lag1  seismic_energy_log10_lag3  seismic_energy_log10_roll_mean3  seismic_energy_log10_roll_std3  seismic_energy_log10_roll_mean7  seismic_energy_log10_roll_std7
0 2022-01-01 07:57:00   -7.916717  112.306117       3.47              11  Kelud  VolcanoDiscovery      0.0         0               0              0               0                 1               0               0        0         0                    0                3.47                  11 2022-01-01 07:57:00    Unknown           0           1                10.005  12.631156  27.788543  50.524624        8019.661776     0.017202     0.999852        -0.974928       34.7           0                    2.777859            0.0            0.0          0.041344              -0.229508                     0.041344                           2.306543       Sedang            0.00            0.00              3.470000             0.000000                3.4700             0.000000           0.0           0.0                 0.0                0.0                 0.0                0.0       0.000000       0.000000            50.524624            0.000000            50.524624            0.000000                      0.000                      0.000                          10.0050                        0.000000                         10.00500                        0.000000
1 2022-01-02 03:26:00   -7.927617  112.260764       5.46               8  Kelud  VolcanoDiscovery      0.0         0               5              3               0                 0               0               0        0         3                    0                5.46                   8 2022-01-02 03:26:00    Unknown           0           1                12.990  19.824000  43.612800  79.296000       19753.881010     0.034398     0.999408        -0.781831       54.6           0                    0.811806            0.0            0.0          1.069767              -0.327869                     1.069767                           0.240788        Parah            3.47            0.00              4.465000             1.407142                4.4650             1.407142           0.0           0.0                 0.0                0.0                 0.0                0.0      50.524624       0.000000            64.910312           20.344435            64.910312           20.344435                     10.005                      0.000                          11.4975                        2.110714                         11.49750                        2.110714
2 2022-01-02 11:35:00   -7.933503  112.917144       3.13              65  Bromo  VolcanoDiscovery      0.0         5               1              5               0                 0               0               1        2         0                    0                3.13                  65 2022-01-02 11:35:00    Unknown           0           1                 9.495   9.651069  21.232351  38.604275        4681.884303     0.034398     0.999408        -0.781831       31.3           0                    0.339583            0.0            0.0         -0.134367               1.540984                    -0.134367                          -0.255381       Ringan            5.46            0.00              4.020000             1.258610                4.0200             1.258610           0.0           0.0                 0.0                0.0                 0.0                0.0      79.296000       0.000000            56.141633           20.919302            56.141633           20.919302                     12.990                      0.000                          10.8300                        1.887916                         10.83000                        1.887916
3 2022-01-02 16:55:00   -8.186015  114.068209       4.61              25  Raung  VolcanoDiscovery      0.0         1               0              0               0                 0               4               5        2         0                    0                4.61                  25 2022-01-02 16:55:00    Unknown           0           1                11.715  14.739725  32.427395  58.958900       10920.653238     0.034398     0.999408        -0.781831       46.1           0                    0.222222            0.0            0.0          0.630491               0.229508                     0.630491                          -0.378694        Parah            3.13            3.47              4.400000             1.179110                4.1675             1.069155           0.0           0.0                 0.0                0.0                 0.0                0.0      38.604275      50.524624            58.953058           20.345863            56.845950           17.138525                      9.495                     10.005                          11.4000                        1.768665                         11.05125                        1.603732
4 2022-01-04 08:46:00   -7.958622  112.954185       2.20               5  Bromo  VolcanoDiscovery      0.0         0               0              0               0                 0               0               0        5         0                    0                2.20                   5 2022-01-04 08:46:00    Unknown           0           1                 8.100  11.527500  25.360500  46.110000        6679.440986     0.068755     0.997634         0.781831       22.0           0                    1.660417            0.0            0.0         -0.614987              -0.426230                    -0.614987                           1.132433       Sedang            4.61            5.46              3.313333             1.215415                3.7740             1.277314           0.0           0.0                 0.0                0.0                 0.0                0.0      58.958900      79.296000            47.891058           10.293533            54.698760           15.599645                     11.715                     12.990                           9.7700                        1.823122                         10.46100                        1.915970
2026-01-02 14:58:25,240 [INFO    ] [ACO_Engine_Master   ] [MainThread] --- [ACO Iter-76] Stagnasi (41) → Smooth Reset Pheromone.
2026-01-02 14:58:31,186 [INFO    ] [ACO_Engine_Master   ] [MainThread] --- [ACO Iter-117] Stagnasi (41) → Smooth Reset Pheromone.
2026-01-02 14:58:41,282 [INFO    ] [ACO_Engine_Master   ] [MainThread] --- [ACO Iter-183] Stagnasi (41) → Smooth Reset Pheromone.
2026-01-02 14:58:43,695 [INFO    ] [ACO_Engine_Master   ] [MainThread] --- [ACO] Minimal GA input saved → C:\Users\USER\Downloads\Earthquake_Volcan\Earthquake_Volcano\output\aco_results\aco_to_ga.json (atomic)
2026-01-02 14:58:45,272 [INFO    ] [ACO_Engine_Master   ] [MainThread] --- [ACO] Visual ACO tersimpan → C:\Users\USER\Downloads\Earthquake_Volcan\Earthquake_Volcano\output\aco_results/aco_impact_zones.html
2026-01-02 14:58:45,273 [INFO    ] [VolcanoAI.GaEngine  ] [MainThread] --- 
================================================================================
2026-01-02 14:58:45,273 [INFO    ] [VolcanoAI.GaEngine  ] [MainThread] ---                  === GA ENGINE START (Input from ACO Only) ===                  
2026-01-02 14:58:45,274 [INFO    ] [VolcanoAI.GaEngine  ] [MainThread] --- ================================================================================
2026-01-02 14:59:05,566 [INFO    ] [werkzeug            ] [Thread-415 (process_request_thread)] --- 127.0.0.1 - - [02/Jan/2026 14:59:05] "GET / HTTP/1.1" 200 -
2026-01-02 14:59:05,985 [INFO    ] [werkzeug            ] [Thread-417 (process_request_thread)] --- 127.0.0.1 - - [02/Jan/2026 14:59:05] "GET /files/output/aco_results/aco_impact_zones.html HTTP/1.1" 200 -
2026-01-02 14:59:06,217 [INFO    ] [werkzeug            ] [Thread-418 (process_request_thread)] --- 127.0.0.1 - - [02/Jan/2026 14:59:06] "GET /files/output/ga_results/ga_from_aco_map.html HTTP/1.1" 200 -
2026-01-02 14:59:06,248 [INFO    ] [werkzeug            ] [Thread-419 (process_request_thread)] --- 127.0.0.1 - - [02/Jan/2026 14:59:06] "GET /files/output/cnn_results/maps/cnn_prediction_map_20260102_144231.html HTTP/1.1" 200 -
2026-01-02 14:59:08,032 [INFO    ] [werkzeug            ] [Thread-416 (process_request_thread)] --- 127.0.0.1 - - [02/Jan/2026 14:59:08] "GET / HTTP/1.1" 200 -
2026-01-02 14:59:08,582 [ERROR   ] [VolcanoAI.GaEngine  ] [MainThread] --- [GA] Error processing ACO input: [WinError 5] Access is denied: 'C:\\Users\\USER\\Downloads\\Earthquake_Volcan\\Earthquake_Volcano\\output\\ga_results\\tmpkvhqmxun.html' -> 'output\\ga_results\\ga_from_aco_map.html'
Traceback (most recent call last):
  File "C:\Users\USER\Downloads\Earthquake_Volcan\Earthquake_Volcano\VolcanoAI\engines\ga_engine.py", line 1188, in run
    self.visualizer.generate_map(
  File "C:\Users\USER\Downloads\Earthquake_Volcan\Earthquake_Volcano\VolcanoAI\engines\ga_engine.py", line 962, in generate_map
    os.replace(tmpname, out_path)
PermissionError: [WinError 5] Access is denied: 'C:\\Users\\USER\\Downloads\\Earthquake_Volcan\\Earthquake_Volcano\\output\\ga_results\\tmpkvhqmxun.html' -> 'output\\ga_results\\ga_from_aco_map.html'
2026-01-02 14:59:08,659 [WARNING ] [VolcanoAI.GaEngine  ] [MainThread] --- [GA] ACO Input not found or Error. Running Standard GA.
2026-01-02 14:59:08,671 [INFO    ] [VolcanoAI.GaEngine  ] [MainThread] --- GA Evolution Start → Pop=80, Gen=150
2026-01-02 14:59:29,903 [INFO    ] [VolcanoAI.GaEngine  ] [MainThread] --- [GA] next_event (direction-only) ditulis ke aco_to_ga.json
2026-01-02 14:59:43,790 [INFO    ] [VolcanoAI.GaEngine  ] [MainThread] --- GA Map saved (atomic) → output\ga_results\ga_path_map.html
2026-01-02 14:59:45,562 [INFO    ] [VolcanoAI.GaEngine  ] [MainThread] --- Excel exported → output\ga_results\ga_report.xlsx
2026-01-02 14:59:45,568 [INFO    ] [VolcanoAI.GaEngine  ] [MainThread] ---                    === GA ENGINE COMPLETE (Fallback Mode) ===                   
2026-01-02 14:59:45,569 [INFO    ] [VolcanoAI.LstmEngine] [MainThread] --- === LSTM V6.0 TITAN TRAINING START ===
2026-01-02 14:59:45,613 [INFO    ] [VolcanoAI.LstmEngine] [MainThread] --- Processing Cluster 0...
2026-01-02 14:59:45,630 [INFO    ] [VolcanoAI.LstmEngine] [MainThread] ---     [Tuner] Menjalankan 3 trial optimasi...
2026-01-02 14:59:48,062 [WARNING ] [tensorflow          ] [MainThread] --- From C:\Users\USER\Downloads\Earthquake_Volcan\Earthquake_Volcano\env\lib\site-packages\keras\src\backend\common\global_state.py:82: The name tf.reset_default_graph is deprecated. Please use tf.compat.v1.reset_default_graph instead.

2026-01-02 14:59:48,905 [INFO    ] [VolcanoAI.LstmEngine] [MainThread] --- Model LSTM berhasil dikompilasi (Standard MAE). Input: 30x6
2026-01-02 14:59:57,648 [INFO    ] [VolcanoAI.LstmEngine] [MainThread] --- Model LSTM berhasil dikompilasi (Standard MAE). Input: 30x6
2026-01-02 15:00:04,873 [INFO    ] [VolcanoAI.LstmEngine] [MainThread] --- Model LSTM berhasil dikompilasi (Standard MAE). Input: 30x6
2026-01-02 15:00:05,796 [INFO    ] [werkzeug            ] [Thread-420 (process_request_thread)] --- 127.0.0.1 - - [02/Jan/2026 15:00:05] "GET / HTTP/1.1" 200 -
2026-01-02 15:00:05,938 [INFO    ] [werkzeug            ] [Thread-422 (process_request_thread)] --- 127.0.0.1 - - [02/Jan/2026 15:00:05] "GET /files/output/aco_results/aco_impact_zones.html HTTP/1.1" 200 -
2026-01-02 15:00:05,941 [INFO    ] [werkzeug            ] [Thread-423 (process_request_thread)] --- 127.0.0.1 - - [02/Jan/2026 15:00:05] "GET /files/output/ga_results/ga_from_aco_map.html HTTP/1.1" 200 -
2026-01-02 15:00:05,964 [INFO    ] [werkzeug            ] [Thread-424 (process_request_thread)] --- 127.0.0.1 - - [02/Jan/2026 15:00:05] "GET /files/output/cnn_results/maps/cnn_prediction_map_20260102_144231.html HTTP/1.1" 200 -
2026-01-02 15:00:06,059 [INFO    ] [werkzeug            ] [Thread-421 (process_request_thread)] --- 127.0.0.1 - - [02/Jan/2026 15:00:06] "GET / HTTP/1.1" 200 -
2026-01-02 15:00:14,529 [INFO    ] [VolcanoAI.LstmEngine] [MainThread] ---     [Tuner] Parameter Terbaik: {'latent_dim': 128, 'learning_rate': 5e-05, 'dropout_rate': 0.1} (Loss: 0.5814)
2026-01-02 15:00:14,671 [INFO    ] [VolcanoAI.LstmEngine] [MainThread] --- Model LSTM berhasil dikompilasi (Standard MAE). Input: 30x6
2026-01-02 15:00:33,384 [INFO    ] [VolcanoAI.LstmEngine] [MainThread] --- [Vault] Model Cluster 0 berhasil dimuat.
2026-01-02 15:00:34,672 [INFO    ] [VolcanoAI.LstmEngine] [MainThread] --- [LSTM] Data terbaru berhasil diperkaya dengan vektor ACO, GA & CNN.
2026-01-02 15:00:35,207 [INFO    ] [VolcanoAI.LstmEngine] [MainThread] --- [LSTM] GA summary saved: output\lstm_results\lstm_ga_summary_20260102.csv
2026-01-02 15:00:35,214 [INFO    ] [VolcanoAI.LstmEngine] [MainThread] --- [LSTM] ACO summary saved: output\lstm_results\lstm_aco_summary_20260102.csv
2026-01-02 15:00:35,220 [INFO    ] [VolcanoAI.LstmEngine] [MainThread] --- [LSTM] CNN summary saved: output\lstm_results\lstm_cnn_summary_20260102.csv
2026-01-02 15:00:35,220 [INFO    ] [VolcanoAI.LstmEngine] [MainThread] --- [LSTM] All records saved successfully for timestamp 20260102
2026-01-02 15:00:35,222 [INFO    ] [VolcanoAI_CNN       ] [MainThread] --- === MEMULAI CNN TRAINING PIPELINE V5.0 (TITAN) ===
2026-01-02 15:00:35,224 [WARNING ] [VolcanoAI_CNN       ] [MainThread] --- [CNN] No model file for cluster 0, will fallback.
2026-01-02 15:00:35,410 [INFO    ] [VolcanoAI.LstmEngine] [MainThread] --- [Vault] Model Cluster 0 berhasil dimuat.
2026-01-02 15:00:35,415 [WARNING ] [VolcanoAI.LstmEngine] [MainThread] --- [LSTM] extract_hidden_states failed: tuple index out of range
2026-01-02 15:00:35,679 [WARNING ] [VolcanoAI_CNN       ] [MainThread] --- [CNN] Cluster 0 invalid (no model or empty spatial) → fallback area.
2026-01-02 15:00:35,689 [INFO    ] [VolcanoAiPipeline   ] [MainThread] --- ✅ CNN latest overwritten: output\cnn_results\results\cnn_predictions_latest.csv
2026-01-02 15:00:35,716 [INFO    ] [VolcanoAI.postprocess.cnn_csv_to_json] [MainThread] --- ✅ CNN JSON written: output\cnn_results\cnn_predictions_latest.json
2026-01-02 15:00:35,717 [INFO    ] [VolcanoAiPipeline   ] [MainThread] --- ✅ CNN JSON generated: output\cnn_results\cnn_predictions_latest.json
2026-01-02 15:00:35,749 [INFO    ] [VolcanoAI.engines.cnn_map_generator] [MainThread] --- CNNMapGenerator: map saved -> output\cnn_results\maps\cnn_prediction_map_20260102_150035.html
2026-01-02 15:00:35,750 [INFO    ] [VolcanoAiPipeline   ] [MainThread] --- 🗺️ CNN map generated: output\cnn_results\maps\cnn_prediction_map_20260102_150035.html
2026-01-02 15:00:35,765 [INFO    ] [VolcanoAiPipeline   ] [MainThread] --- [CNN MAP] latest pointer saved → output\cnn_results\maps\latest_map.txt
2026-01-02 15:00:35,770 [INFO    ] [VolcanoAiPipeline   ] [MainThread] ---  CNN archive saved: output\cnn_results\results\cnn_predictions_20260102_150035.csv
2026-01-02 15:00:35,819 [INFO    ] [VolcanoAI.NaiveBayesEngine] [MainThread] --- Distribusi Kelas Training (binary):
{'Normal': 423, 'Tidak Normal': 112}
2026-01-02 15:00:35,833 [CRITICAL] [PipelineGuard       ] [MainThread] --- CRASH di _run_training_flow: The feature names should match those that were passed during fit.
Feature names seen at fit time, yet now missing:
- isVulkanik

2026-01-02 15:00:35,840 [CRITICAL] [VolcanoAiPipeline   ] [MainThread] --- PIPELINE FAILED: The feature names should match those that were passed during fit.
Feature names seen at fit time, yet now missing:
- isVulkanik
Traceback (most recent call last):
  File "C:\Users\USER\Downloads\Earthquake_Volcan\Earthquake_Volcano\main.py", line 656, in run
    self._run_training_flow() # Panggil fungsi untuk menjalankan alur pelatihan model
  File "C:\Users\USER\Downloads\Earthquake_Volcan\Earthquake_Volcano\main.py", line 102, in wrapper
    raise e
  File "C:\Users\USER\Downloads\Earthquake_Volcan\Earthquake_Volcano\main.py", line 95, in wrapper
    return func(*args, **kwargs) # coba jalankan fungsi asli yang dilindungi
  File "C:\Users\USER\Downloads\Earthquake_Volcan\Earthquake_Volcano\main.py", line 414, in _run_training_flow
    self.nb_engine.train(df_processed) # Latih engine Naive Bayes pada data yang sudah di-FE
  File "C:\Users\USER\Downloads\Earthquake_Volcan\Earthquake_Volcano\VolcanoAI\engines\naive_bayes_engine.py", line 393, in train
    X_processed = self.preprocessor.fit_transform(df_train, y_encoded)
  File "C:\Users\USER\Downloads\Earthquake_Volcan\Earthquake_Volcano\VolcanoAI\engines\naive_bayes_engine.py", line 176, in fit_transform
    return self.pipeline.transform(df[use_cols])
  File "C:\Users\USER\Downloads\Earthquake_Volcan\Earthquake_Volcano\env\lib\site-packages\sklearn\pipeline.py", line 1093, in transform
    Xt = transform.transform(Xt, **routed_params[name].transform)
  File "C:\Users\USER\Downloads\Earthquake_Volcan\Earthquake_Volcano\env\lib\site-packages\sklearn\utils\_set_output.py", line 316, in wrapped
    data_to_wrap = f(self, X, *args, **kwargs)
  File "C:\Users\USER\Downloads\Earthquake_Volcan\Earthquake_Volcano\env\lib\site-packages\sklearn\impute\_base.py", line 625, in transform
    X = self._validate_input(X, in_fit=False)
  File "C:\Users\USER\Downloads\Earthquake_Volcan\Earthquake_Volcano\env\lib\site-packages\sklearn\impute\_base.py", line 379, in _validate_input
    raise ve
  File "C:\Users\USER\Downloads\Earthquake_Volcan\Earthquake_Volcano\env\lib\site-packages\sklearn\impute\_base.py", line 360, in _validate_input
    X = validate_data(
  File "C:\Users\USER\Downloads\Earthquake_Volcan\Earthquake_Volcano\env\lib\site-packages\sklearn\utils\validation.py", line 2929, in validate_data
    _check_feature_names(_estimator, X, reset=reset)
  File "C:\Users\USER\Downloads\Earthquake_Volcan\Earthquake_Volcano\env\lib\site-packages\sklearn\utils\validation.py", line 2787, in _check_feature_names
    raise ValueError(message)
ValueError: The feature names should match those that were passed during fit.
Feature names seen at fit time, yet now missing:
- isVulkanik

2026-01-02 15:00:35,842 [INFO    ] [VolcanoAiPipeline   ] [MainThread] --- System shutdown. Uptime: 153.24s
