2025-12-12 02:47:49,696 [INFO    ] [root                ] [MainThread] --- Logging diinisialisasi. File: output\pipeline_20251212_024749.log
2025-12-12 02:47:49,697 [INFO    ] [root                ] [MainThread] --- ================================================================================
2025-12-12 02:47:49,697 [INFO    ] [root                ] [MainThread] ---                             VOLCANOAI SYSTEM STARTUP                            
2025-12-12 02:47:49,697 [INFO    ] [root                ] [MainThread] --- ================================================================================
2025-12-12 02:47:49,706 [WARNING ] [VolcanoAI.processing.realtime_data_stream] [MainThread] --- File MIROVA tidak ditemukan di path: output/realtime/mirova_log.txt
2025-12-12 02:47:49,707 [INFO    ] [VolcanoAiPipeline   ] [MainThread] --- Pipeline VolcanoAI 5.2.0-TITAN-EXCEL initialized successfully.
2025-12-12 02:47:49,707 [INFO    ] [VolcanoAiPipeline   ] [MainThread] --- Starting Pipeline Execution...
2025-12-12 02:47:49,708 [INFO    ] [VolcanoAiPipeline   ] [MainThread] --- 
========== PHASE 1: DATA LOADING ==========
2025-12-12 02:47:49,708 [INFO    ] [SystemMonitor       ] [MainThread] --- RAM Usage: 71.8%
2025-12-12 02:47:49,724 [INFO    ] [VolcanoAiPipeline   ] [MainThread] --- 
========== PHASE 2: FEATURE ENGINEERING ==========
2025-12-12 02:47:49,724 [INFO    ] [FeatureEngineer     ] [MainThread] --- >>> FE TRAIN: Initializing new preprocessor state.
2025-12-12 02:47:49,857 [INFO    ] [FeatureEngineer     ] [MainThread] --- Smart Classifier Trained.
2025-12-12 02:47:49,905 [WARNING ] [FeatureEngineer     ] [MainThread] --- Imputer Warning: Kolom berikut kosong total saat training -> diisi 0.0: ['OLI_total (W)', 'MSI_total (W)']
2025-12-12 02:47:50,467 [INFO    ] [VolcanoAI.processing.feature_engineer] [MainThread] --- Preprocessor state saved to: output\feature_preprocessor.pkl
2025-12-12 02:47:50,467 [INFO    ] [FeatureEngineer     ] [MainThread] --- Feature Engineering Complete. Shape: (1307, 55)
2025-12-12 02:47:50,467 [INFO    ] [FeatureEngineer     ] [MainThread] --- >>> FE TRAIN: Initializing new preprocessor state.
2025-12-12 02:47:50,570 [INFO    ] [FeatureEngineer     ] [MainThread] --- Smart Classifier Trained.
2025-12-12 02:47:50,597 [WARNING ] [FeatureEngineer     ] [MainThread] --- Imputer Warning: Kolom berikut kosong total saat training -> diisi 0.0: ['OLI_total (W)', 'MSI_total (W)']
2025-12-12 02:47:51,163 [INFO    ] [VolcanoAI.processing.feature_engineer] [MainThread] --- Preprocessor state saved to: output\feature_preprocessor.pkl
2025-12-12 02:47:51,163 [INFO    ] [FeatureEngineer     ] [MainThread] --- Feature Engineering Complete. Shape: (561, 55)
2025-12-12 02:47:51,163 [INFO    ] [VolcanoAiPipeline   ] [MainThread] --- 
========== PHASE 3: MODEL TRAINING ==========
2025-12-12 02:47:51,301 [INFO    ] [ACO_Engine_Master   ] [MainThread] --- [ACO] Melanjutkan dari brain state sebelumnya.
2025-12-12 02:48:02,955 [INFO    ] [ACO_Engine_Master   ] [MainThread] --- [ACO Iter-54] Stagnasi (41) → Smooth Reset Pheromone.
2025-12-12 02:48:11,648 [INFO    ] [ACO_Engine_Master   ] [MainThread] --- [ACO Iter-95] Stagnasi (41) → Smooth Reset Pheromone.
2025-12-12 02:48:20,380 [INFO    ] [ACO_Engine_Master   ] [MainThread] --- [ACO Iter-136] Stagnasi (41) → Smooth Reset Pheromone.
2025-12-12 02:48:28,990 [INFO    ] [ACO_Engine_Master   ] [MainThread] --- [ACO Iter-177] Stagnasi (41) → Smooth Reset Pheromone.
2025-12-12 02:48:34,474 [WARNING ] [ACO_Engine_Master   ] [MainThread] --- [ACO] Dataframe kosong atau kurang kolom untuk visualisasi.
2025-12-12 02:48:34,476 [INFO    ] [VolcanoAI.GaEngine  ] [MainThread] --- 
================================================================================
2025-12-12 02:48:34,476 [INFO    ] [VolcanoAI.GaEngine  ] [MainThread] ---                             === GA ENGINE START ===                             
2025-12-12 02:48:34,477 [INFO    ] [VolcanoAI.GaEngine  ] [MainThread] --- ================================================================================
2025-12-12 02:48:34,487 [INFO    ] [VolcanoAI.GaEngine  ] [MainThread] --- GA Evolution Start → Pop=80, Gen=150
2025-12-12 02:48:34,495 [INFO    ] [VolcanoAI.GaEngine  ] [MainThread] --- Resuming GA from checkpoint...
2025-12-12 02:48:53,834 [INFO    ] [VolcanoAI.GaEngine  ] [MainThread] --- GA Map saved → output\ga_results\ga_path_map.html
2025-12-12 02:48:59,342 [INFO    ] [VolcanoAI.GaEngine  ] [MainThread] --- Excel exported → output\ga_results\ga_report.xlsx
2025-12-12 02:48:59,342 [INFO    ] [VolcanoAI.GaEngine  ] [MainThread] ---                            === GA ENGINE COMPLETE ===                           
2025-12-12 02:48:59,364 [CRITICAL] [PipelineGuard       ] [MainThread] --- CRASH di _run_training_flow: 'FeatureEngineer' object has no attribute 'transform'
2025-12-12 02:48:59,370 [CRITICAL] [VolcanoAiPipeline   ] [MainThread] --- PIPELINE FAILED: 'FeatureEngineer' object has no attribute 'transform'
Traceback (most recent call last):
  File "C:\Soft-project\Soft-project\TA\Earthquake_Volcano\main.py", line 459, in run
    self._run_training_flow()
  File "C:\Soft-project\Soft-project\TA\Earthquake_Volcano\main.py", line 100, in wrapper
    raise e
  File "C:\Soft-project\Soft-project\TA\Earthquake_Volcano\main.py", line 93, in wrapper
    return func(*args, **kwargs)
           ^^^^^^^^^^^^^^^^^^^^^
  File "C:\Soft-project\Soft-project\TA\Earthquake_Volcano\main.py", line 302, in _run_training_flow
    self.lstm_engine.train(df_processed)
  File "C:\Soft-project\Soft-project\TA\Earthquake_Volcano\VolcanoAI\engines\lstm_engine.py", line 569, in train
    df_proc = self.processor.prepare(df_train)
              ^^^^^^^^^^^^^^^^^^^^^^^^^^^^^^^^
  File "C:\Soft-project\Soft-project\TA\Earthquake_Volcano\VolcanoAI\engines\lstm_engine.py", line 536, in prepare
    df = self.fe.transform(df) # Asumsi FE.transform melakukan scaling basic dll
         ^^^^^^^^^^^^^^^^^
AttributeError: 'FeatureEngineer' object has no attribute 'transform'
2025-12-12 02:48:59,374 [INFO    ] [VolcanoAiPipeline   ] [MainThread] --- System shutdown. Uptime: 69.67s
