2025-12-30 18:01:54,864 [INFO    ] [root                ] [MainThread] --- Logging diinisialisasi. File: output\pipeline_20251230_180154.log
2025-12-30 18:01:54,864 [INFO    ] [root                ] [MainThread] --- ================================================================================
2025-12-30 18:01:54,864 [INFO    ] [root                ] [MainThread] ---                             VOLCANOAI SYSTEM STARTUP                            
2025-12-30 18:01:54,869 [INFO    ] [root                ] [MainThread] --- ================================================================================
2025-12-30 18:01:54,874 [INFO    ] [root                ] [MainThread] --- [Dashboard] Starting Flask server in background thread (monitoring enabled)...
2025-12-30 18:01:54,887 [INFO    ] [RealtimeSensorManager] [MainThread] --- [MIROVA] Menggunakan log terbaru: output/realtime\mirova_log_20251003-094000.txt
2025-12-30 18:01:54,887 [INFO    ] [VolcanoAiPipeline   ] [MainThread] --- Pipeline VolcanoAI 5.2.0-TITAN-EXCEL initialized successfully.
2025-12-30 18:01:54,887 [INFO    ] [VolcanoAiPipeline   ] [MainThread] --- Starting Pipeline Execution...
2025-12-30 18:01:54,894 [INFO    ] [VolcanoAiPipeline   ] [MainThread] --- 
========== PHASE 1: DATA LOADING ==========
2025-12-30 18:01:54,916 [INFO    ] [VolcanoAiPipeline   ] [MainThread] --- 
========== PHASE 2: FEATURE ENGINEERING ==========
2025-12-30 18:01:54,990 [INFO    ] [FeatureEngineer     ] [MainThread] --- >>> FE TRAIN: Initializing new preprocessor state.
2025-12-30 18:01:55,204 [INFO    ] [FeatureEngineer     ] [MainThread] --- Smart Classifier Trained.
2025-12-30 18:01:55,237 [WARNING ] [FeatureEngineer     ] [MainThread] --- Imputer Warning: Kolom berikut kosong total saat training -> diisi 0.0: ['OLI_total (W)', 'MSI_total (W)']
2025-12-30 18:01:55,798 [INFO    ] [VolcanoAI.processing.feature_engineer] [MainThread] --- Preprocessor state saved to: output\feature_preprocessor.pkl
2025-12-30 18:01:55,798 [INFO    ] [FeatureEngineer     ] [MainThread] --- Feature Engineering Complete. Shape: (21, 60)
2025-12-30 18:01:55,854 [INFO    ] [FeatureEngineer     ] [MainThread] --- >>> FE TRAIN: Initializing new preprocessor state.
2025-12-30 18:01:55,948 [INFO    ] [werkzeug            ] [Thread-1 (_run)] --- [31m[1mWARNING: This is a development server. Do not use it in a production deployment. Use a production WSGI server instead.[0m
 * Running on http://127.0.0.1:5000
2025-12-30 18:01:56,008 [INFO    ] [werkzeug            ] [Thread-1 (_run)] --- [33mPress CTRL+C to quit[0m
2025-12-30 18:01:56,118 [INFO    ] [FeatureEngineer     ] [MainThread] --- Smart Classifier Trained.
2025-12-30 18:01:56,425 [INFO    ] [werkzeug            ] [Thread-176 (process_request_thread)] --- 127.0.0.1 - - [30/Dec/2025 18:01:56] "GET / HTTP/1.1" 200 -
2025-12-30 18:01:56,954 [INFO    ] [werkzeug            ] [Thread-177 (process_request_thread)] --- 127.0.0.1 - - [30/Dec/2025 18:01:56] "[36mGET /files/output/naive_bayes_results/confusion_matrix.png HTTP/1.1[0m" 304 -
2025-12-30 18:01:56,957 [INFO    ] [werkzeug            ] [Thread-178 (process_request_thread)] --- 127.0.0.1 - - [30/Dec/2025 18:01:56] "[36mGET /files/output/naive_bayes_results/roc_curves.png HTTP/1.1[0m" 304 -
2025-12-30 18:01:57,130 [INFO    ] [werkzeug            ] [Thread-179 (process_request_thread)] --- 127.0.0.1 - - [30/Dec/2025 18:01:57] "GET /files/output/aco_results/aco_impact_zones.html HTTP/1.1" 200 -
2025-12-30 18:01:57,135 [INFO    ] [werkzeug            ] [Thread-180 (process_request_thread)] --- 127.0.0.1 - - [30/Dec/2025 18:01:57] "[36mGET /files/output/ga_results/ga_path_map.html HTTP/1.1[0m" 304 -
2025-12-30 18:01:57,140 [INFO    ] [werkzeug            ] [Thread-181 (process_request_thread)] --- 127.0.0.1 - - [30/Dec/2025 18:01:57] "[36mGET /files/output/cnn_results/maps/cnn_prediction_map_20251230_154316.html HTTP/1.1[0m" 304 -
2025-12-30 18:02:02,290 [WARNING ] [FeatureEngineer     ] [MainThread] --- Imputer Warning: Kolom berikut kosong total saat training -> diisi 0.0: ['OLI_total (W)', 'MSI_total (W)']
2025-12-30 18:02:02,916 [INFO    ] [VolcanoAI.processing.feature_engineer] [MainThread] --- Preprocessor state saved to: output\feature_preprocessor.pkl
2025-12-30 18:02:02,917 [INFO    ] [FeatureEngineer     ] [MainThread] --- Feature Engineering Complete. Shape: (9, 60)
2025-12-30 18:02:02,921 [INFO    ] [VolcanoAiPipeline   ] [MainThread] --- 
========== PHASE 3: MODEL TRAINING ==========
2025-12-30 18:02:03,131 [INFO    ] [ACO_Engine_Master   ] [MainThread] --- [ACO] Melanjutkan dari brain state sebelumnya.
2025-12-30 18:02:08,536 [INFO    ] [ACO_Engine_Master   ] [MainThread] --- [ACO Iter-45] Stagnasi (41) → Smooth Reset Pheromone.
2025-12-30 18:02:12,807 [INFO    ] [ACO_Engine_Master   ] [MainThread] --- [ACO Iter-86] Stagnasi (41) → Smooth Reset Pheromone.
2025-12-30 18:02:16,690 [INFO    ] [ACO_Engine_Master   ] [MainThread] --- [ACO Iter-127] Stagnasi (41) → Smooth Reset Pheromone.
2025-12-30 18:02:19,994 [INFO    ] [ACO_Engine_Master   ] [MainThread] --- [ACO Iter-168] Stagnasi (41) → Smooth Reset Pheromone.
2025-12-30 18:02:22,523 [INFO    ] [ACO_Engine_Master   ] [MainThread] --- [ACO] Minimal GA input saved → C:\Users\laygenda surya putra\Documents\JOKI\gempavulkanik\output\aco_results\aco_to_ga.json
2025-12-30 18:02:23,248 [INFO    ] [ACO_Engine_Master   ] [MainThread] --- [ACO] Visual ACO tersimpan → C:\Users\laygenda surya putra\Documents\JOKI\gempavulkanik\output\aco_results/aco_impact_zones.html
2025-12-30 18:02:23,248 [INFO    ] [VolcanoAI.GaEngine  ] [MainThread] --- 
================================================================================
2025-12-30 18:02:23,248 [INFO    ] [VolcanoAI.GaEngine  ] [MainThread] ---                  === GA ENGINE START (Input from ACO Only) ===                  
2025-12-30 18:02:23,248 [INFO    ] [VolcanoAI.GaEngine  ] [MainThread] --- ================================================================================
2025-12-30 18:02:23,253 [INFO    ] [VolcanoAI.GaEngine  ] [MainThread] --- [GA] Using ACO Input: Center=(-7.973525429830886, 114.13868876860876), Area=133.93
2025-12-30 18:02:23,275 [INFO    ] [VolcanoAI.GaEngine  ] [MainThread] --- [GA] next_event (direction-only) ditulis ke aco_to_ga.json
2025-12-30 18:02:23,299 [ERROR   ] [VolcanoAI.GaEngine  ] [MainThread] --- [GA] Error processing ACO input: "None of [Index(['EQ_Lintang', 'EQ_Bujur'], dtype='object')] are in the [columns]"
Traceback (most recent call last):
  File "C:\Users\laygenda surya putra\Documents\JOKI\gempavulkanik\VolcanoAI\engines\ga_engine.py", line 1067, in run
    self.visualizer.generate_map([], df_aco, pred, out_map_path)
  File "C:\Users\laygenda surya putra\Documents\JOKI\gempavulkanik\VolcanoAI\engines\ga_engine.py", line 701, in generate_map
    coords = df[['EQ_Lintang', 'EQ_Bujur']].values
  File "C:\Users\laygenda surya putra\Documents\JOKI\gempavulkanik\env\lib\site-packages\pandas\core\frame.py", line 4119, in __getitem__
    indexer = self.columns._get_indexer_strict(key, "columns")[1]
  File "C:\Users\laygenda surya putra\Documents\JOKI\gempavulkanik\env\lib\site-packages\pandas\core\indexes\base.py", line 6212, in _get_indexer_strict
    self._raise_if_missing(keyarr, indexer, axis_name)
  File "C:\Users\laygenda surya putra\Documents\JOKI\gempavulkanik\env\lib\site-packages\pandas\core\indexes\base.py", line 6261, in _raise_if_missing
    raise KeyError(f"None of [{key}] are in the [{axis_name}]")
KeyError: "None of [Index(['EQ_Lintang', 'EQ_Bujur'], dtype='object')] are in the [columns]"
2025-12-30 18:02:23,299 [WARNING ] [VolcanoAI.GaEngine  ] [MainThread] --- [GA] ACO Input not found. Running Standard GA (No Magnitude).
2025-12-30 18:02:23,330 [INFO    ] [VolcanoAI.GaEngine  ] [MainThread] --- GA Evolution Start → Pop=80, Gen=150
2025-12-30 18:02:23,364 [INFO    ] [VolcanoAI.GaEngine  ] [MainThread] --- Resuming GA from checkpoint...
2025-12-30 18:02:23,394 [INFO    ] [VolcanoAI.GaEngine  ] [MainThread] --- [GA] next_event (direction-only) ditulis ke aco_to_ga.json
2025-12-30 18:02:23,394 [CRITICAL] [PipelineGuard       ] [MainThread] --- CRASH di _run_training_flow: ACO center missing. Map requires ACO-first output (aco_center_lat / aco_center_lon).
2025-12-30 18:02:23,394 [CRITICAL] [VolcanoAiPipeline   ] [MainThread] --- PIPELINE FAILED: ACO center missing. Map requires ACO-first output (aco_center_lat / aco_center_lon).
Traceback (most recent call last):
  File "C:\Users\laygenda surya putra\Documents\JOKI\gempavulkanik\main.py", line 656, in run
    self._run_training_flow() # Panggil fungsi untuk menjalankan alur pelatihan model
  File "C:\Users\laygenda surya putra\Documents\JOKI\gempavulkanik\main.py", line 102, in wrapper
    raise e
  File "C:\Users\laygenda surya putra\Documents\JOKI\gempavulkanik\main.py", line 95, in wrapper
    return func(*args, **kwargs) # coba jalankan fungsi asli yang dilindungi
  File "C:\Users\laygenda surya putra\Documents\JOKI\gempavulkanik\main.py", line 301, in _run_training_flow
    best_path, graphs_result = self.ga_engine.run(df_processed) # Jalankan engine GA pada data yang sudah di-FE
  File "C:\Users\laygenda surya putra\Documents\JOKI\gempavulkanik\VolcanoAI\engines\ga_engine.py", line 1120, in run
    self.visualizer.generate_map(safe_idx, clean_df, pred, self.map_path)
  File "C:\Users\laygenda surya putra\Documents\JOKI\gempavulkanik\VolcanoAI\engines\ga_engine.py", line 686, in generate_map
    raise ValueError(
ValueError: ACO center missing. Map requires ACO-first output (aco_center_lat / aco_center_lon).
2025-12-30 18:02:23,394 [INFO    ] [VolcanoAiPipeline   ] [MainThread] --- System shutdown. Uptime: 28.51s
