2025-12-17 22:55:25,019 [INFO    ] [root                ] [MainThread] --- Logging diinisialisasi. File: output\pipeline_20251217_225525.log
2025-12-17 22:55:25,021 [INFO    ] [root                ] [MainThread] --- ================================================================================
2025-12-17 22:55:25,022 [INFO    ] [root                ] [MainThread] ---                             VOLCANOAI SYSTEM STARTUP                            
2025-12-17 22:55:25,024 [INFO    ] [root                ] [MainThread] --- ================================================================================
2025-12-17 22:55:25,061 [WARNING ] [VolcanoAI.processing.realtime_data_stream] [MainThread] --- File MIROVA tidak ditemukan di path: output/realtime/mirova_log.txt
2025-12-17 22:55:25,064 [INFO    ] [VolcanoAiPipeline   ] [MainThread] --- Pipeline VolcanoAI 5.2.0-TITAN-EXCEL initialized successfully.
2025-12-17 22:55:25,065 [INFO    ] [VolcanoAiPipeline   ] [MainThread] --- Starting Pipeline Execution...
2025-12-17 22:55:25,067 [INFO    ] [VolcanoAiPipeline   ] [MainThread] --- 
========== PHASE 1: DATA LOADING ==========
2025-12-17 22:55:25,249 [INFO    ] [VolcanoAiPipeline   ] [MainThread] --- 
========== PHASE 2: FEATURE ENGINEERING ==========
2025-12-17 22:55:25,281 [INFO    ] [FeatureEngineer     ] [MainThread] --- >>> FE TRAIN: Initializing new preprocessor state.
2025-12-17 22:55:25,483 [INFO    ] [FeatureEngineer     ] [MainThread] --- Smart Classifier Trained.
2025-12-17 22:55:25,556 [WARNING ] [FeatureEngineer     ] [MainThread] --- Imputer Warning: Kolom berikut kosong total saat training -> diisi 0.0: ['OLI_total (W)', 'MSI_total (W)']
2025-12-17 22:55:26,137 [INFO    ] [VolcanoAI.processing.feature_engineer] [MainThread] --- Preprocessor state saved to: output\feature_preprocessor.pkl
2025-12-17 22:55:26,139 [INFO    ] [FeatureEngineer     ] [MainThread] --- Feature Engineering Complete. Shape: (1307, 55)
2025-12-17 22:55:26,140 [INFO    ] [FeatureEngineer     ] [MainThread] --- >>> FE TRAIN: Initializing new preprocessor state.
2025-12-17 22:55:26,370 [INFO    ] [FeatureEngineer     ] [MainThread] --- Smart Classifier Trained.
2025-12-17 22:55:26,445 [WARNING ] [FeatureEngineer     ] [MainThread] --- Imputer Warning: Kolom berikut kosong total saat training -> diisi 0.0: ['OLI_total (W)', 'MSI_total (W)']
2025-12-17 22:55:27,259 [INFO    ] [VolcanoAI.processing.feature_engineer] [MainThread] --- Preprocessor state saved to: output\feature_preprocessor.pkl
2025-12-17 22:55:27,260 [INFO    ] [FeatureEngineer     ] [MainThread] --- Feature Engineering Complete. Shape: (561, 55)
2025-12-17 22:55:27,263 [INFO    ] [VolcanoAiPipeline   ] [MainThread] --- 
========== PHASE 3: MODEL TRAINING ==========
2025-12-17 22:56:19,672 [INFO    ] [ACO_Engine_Master   ] [MainThread] --- [ACO Iter-91] Stagnasi (41) → Smooth Reset Pheromone.
2025-12-17 22:57:10,591 [INFO    ] [ACO_Engine_Master   ] [MainThread] --- [ACO Iter-173] Stagnasi (41) → Smooth Reset Pheromone.
2025-12-17 22:57:27,422 [WARNING ] [ACO_Engine_Master   ] [MainThread] --- [ACO] Dataframe kosong atau kurang kolom untuk visualisasi.
2025-12-17 22:57:27,424 [INFO    ] [VolcanoAI.GaEngine  ] [MainThread] --- 
================================================================================
2025-12-17 22:57:27,426 [INFO    ] [VolcanoAI.GaEngine  ] [MainThread] ---                             === GA ENGINE START ===                             
2025-12-17 22:57:27,427 [INFO    ] [VolcanoAI.GaEngine  ] [MainThread] --- ================================================================================
2025-12-17 22:57:27,444 [INFO    ] [VolcanoAI.GaEngine  ] [MainThread] --- GA Evolution Start → Pop=80, Gen=150
2025-12-17 22:57:27,501 [INFO    ] [VolcanoAI.GaEngine  ] [MainThread] --- Resuming GA from checkpoint...
2025-12-17 22:58:03,633 [INFO    ] [VolcanoAI.GaEngine  ] [MainThread] --- GA Map saved → output\ga_results\ga_path_map.html
2025-12-17 22:58:14,756 [INFO    ] [VolcanoAI.GaEngine  ] [MainThread] --- Excel exported → output\ga_results\ga_report.xlsx
2025-12-17 22:58:14,763 [INFO    ] [VolcanoAI.GaEngine  ] [MainThread] ---                            === GA ENGINE COMPLETE ===                           
2025-12-17 22:58:14,766 [INFO    ] [VolcanoAI.LstmEngine] [MainThread] --- === LSTM V6.0 TITAN TRAINING START ===
2025-12-17 22:58:14,878 [INFO    ] [VolcanoAI.LstmEngine] [MainThread] --- Processing Cluster 0...
2025-12-17 22:58:14,922 [INFO    ] [VolcanoAI.LstmEngine] [MainThread] ---     [Tuner] Menjalankan 3 trial optimasi...
2025-12-17 22:58:20,154 [WARNING ] [tensorflow          ] [MainThread] --- From C:\Users\USER\Downloads\Earthquake_Volcan\Earthquake_Volcano\env\lib\site-packages\keras\src\backend\common\global_state.py:82: The name tf.reset_default_graph is deprecated. Please use tf.compat.v1.reset_default_graph instead.

2025-12-17 22:58:22,719 [INFO    ] [VolcanoAI.LstmEngine] [MainThread] --- Model LSTM berhasil dikompilasi (Standard MAE). Input: 30x6
2025-12-17 22:59:05,668 [INFO    ] [VolcanoAI.LstmEngine] [MainThread] --- Model LSTM berhasil dikompilasi (Standard MAE). Input: 30x6
2025-12-17 22:59:38,218 [INFO    ] [VolcanoAI.LstmEngine] [MainThread] --- Model LSTM berhasil dikompilasi (Standard MAE). Input: 30x6
2025-12-17 23:00:03,810 [INFO    ] [VolcanoAI.LstmEngine] [MainThread] ---     [Tuner] Parameter Terbaik: {'latent_dim': 128, 'learning_rate': 0.0005, 'dropout_rate': 0.1} (Loss: 0.5301)
2025-12-17 23:00:04,225 [INFO    ] [VolcanoAI.LstmEngine] [MainThread] --- Model LSTM berhasil dikompilasi (Standard MAE). Input: 30x6
2025-12-17 23:01:33,410 [INFO    ] [VolcanoAI.LstmEngine] [MainThread] --- [Vault] Model Cluster 0 berhasil dimuat.
2025-12-17 23:01:38,642 [INFO    ] [VolcanoAI_CNN       ] [MainThread] --- === MEMULAI CNN TRAINING PIPELINE V5.0 (TITAN) ===
2025-12-17 23:01:38,646 [INFO    ] [VolcanoAI_CNN       ] [MainThread] --- 
>>> Training CNN Cluster 0
2025-12-17 23:01:39,046 [INFO    ] [VolcanoAI.LstmEngine] [MainThread] --- [Vault] Model Cluster 0 berhasil dimuat.
2025-12-17 23:01:44,342 [INFO    ] [VolcanoAI_CNN       ] [MainThread] ---     [CNN Tuner] Memulai 2 trial...
2025-12-17 23:01:44,357 [WARNING ] [tensorflow          ] [MainThread] --- From C:\Users\USER\Downloads\Earthquake_Volcan\Earthquake_Volcano\env\lib\site-packages\keras\src\backend\common\global_state.py:82: The name tf.reset_default_graph is deprecated. Please use tf.compat.v1.reset_default_graph instead.

2025-12-17 23:13:47,073 [INFO    ] [VolcanoAI_CNN       ] [MainThread] ---     [CNN Tuner] Terbaik: {'base_filters': 16, 'learning_rate': 0.001, 'dropout': 0.1} (Loss: 0.3154)
2025-12-17 23:13:49,833 [INFO    ] [VolcanoAiPipeline   ] [MainThread] --- System shutdown. Uptime: 1104.77s
