2025-12-12 12:52:34,401 [INFO    ] [root                ] [MainThread] --- Logging diinisialisasi. File: output\pipeline_20251212_125234.log
2025-12-12 12:52:34,401 [INFO    ] [root                ] [MainThread] --- ================================================================================
2025-12-12 12:52:34,401 [INFO    ] [root                ] [MainThread] ---                             VOLCANOAI SYSTEM STARTUP                            
2025-12-12 12:52:34,401 [INFO    ] [root                ] [MainThread] --- ================================================================================
2025-12-12 12:52:34,411 [WARNING ] [VolcanoAI.processing.realtime_data_stream] [MainThread] --- File MIROVA tidak ditemukan di path: output/realtime/mirova_log.txt
2025-12-12 12:52:34,421 [INFO    ] [VolcanoAiPipeline   ] [MainThread] --- Pipeline VolcanoAI 5.2.0-TITAN-EXCEL initialized successfully.
2025-12-12 12:52:34,421 [INFO    ] [VolcanoAiPipeline   ] [MainThread] --- Starting Pipeline Execution...
2025-12-12 12:52:34,421 [INFO    ] [VolcanoAiPipeline   ] [MainThread] --- 
========== PHASE 1: DATA LOADING ==========
2025-12-12 12:52:34,421 [INFO    ] [SystemMonitor       ] [MainThread] --- RAM Usage: 76.5%
2025-12-12 12:52:34,442 [INFO    ] [VolcanoAiPipeline   ] [MainThread] --- 
========== PHASE 2: FEATURE ENGINEERING ==========
2025-12-12 12:52:34,461 [INFO    ] [FeatureEngineer     ] [MainThread] --- >>> FE TRAIN: Initializing new preprocessor state.
2025-12-12 12:52:34,648 [INFO    ] [FeatureEngineer     ] [MainThread] --- Smart Classifier Trained.
2025-12-12 12:52:34,714 [WARNING ] [FeatureEngineer     ] [MainThread] --- Imputer Warning: Kolom berikut kosong total saat training -> diisi 0.0: ['OLI_total (W)', 'MSI_total (W)']
2025-12-12 12:52:35,471 [INFO    ] [VolcanoAI.processing.feature_engineer] [MainThread] --- Preprocessor state saved to: output\feature_preprocessor.pkl
2025-12-12 12:52:35,471 [INFO    ] [FeatureEngineer     ] [MainThread] --- Feature Engineering Complete. Shape: (1307, 55)
2025-12-12 12:52:35,471 [INFO    ] [FeatureEngineer     ] [MainThread] --- >>> FE TRAIN: Initializing new preprocessor state.
2025-12-12 12:52:35,627 [INFO    ] [FeatureEngineer     ] [MainThread] --- Smart Classifier Trained.
2025-12-12 12:52:35,669 [WARNING ] [FeatureEngineer     ] [MainThread] --- Imputer Warning: Kolom berikut kosong total saat training -> diisi 0.0: ['OLI_total (W)', 'MSI_total (W)']
2025-12-12 12:52:36,407 [INFO    ] [VolcanoAI.processing.feature_engineer] [MainThread] --- Preprocessor state saved to: output\feature_preprocessor.pkl
2025-12-12 12:52:36,407 [INFO    ] [FeatureEngineer     ] [MainThread] --- Feature Engineering Complete. Shape: (561, 55)
2025-12-12 12:52:36,409 [INFO    ] [VolcanoAiPipeline   ] [MainThread] --- 
========== PHASE 3: MODEL TRAINING ==========
2025-12-12 12:53:21,835 [INFO    ] [ACO_Engine_Master   ] [MainThread] --- [ACO Iter-140] Stagnasi (41) → Smooth Reset Pheromone.
2025-12-12 12:53:35,657 [INFO    ] [ACO_Engine_Master   ] [MainThread] --- [ACO Iter-181] Stagnasi (41) → Smooth Reset Pheromone.
2025-12-12 12:53:42,665 [WARNING ] [ACO_Engine_Master   ] [MainThread] --- [ACO] Dataframe kosong atau kurang kolom untuk visualisasi.
2025-12-12 12:53:42,666 [INFO    ] [VolcanoAI.GaEngine  ] [MainThread] --- 
================================================================================
2025-12-12 12:53:42,667 [INFO    ] [VolcanoAI.GaEngine  ] [MainThread] ---                             === GA ENGINE START ===                             
2025-12-12 12:53:42,667 [INFO    ] [VolcanoAI.GaEngine  ] [MainThread] --- ================================================================================
2025-12-12 12:53:42,681 [INFO    ] [VolcanoAI.GaEngine  ] [MainThread] --- GA Evolution Start → Pop=80, Gen=150
2025-12-12 12:53:42,693 [INFO    ] [VolcanoAI.GaEngine  ] [MainThread] --- Resuming GA from checkpoint...
2025-12-12 12:54:13,881 [INFO    ] [VolcanoAI.GaEngine  ] [MainThread] --- GA Map saved → output\ga_results\ga_path_map.html
2025-12-12 12:54:22,321 [INFO    ] [VolcanoAI.GaEngine  ] [MainThread] --- Excel exported → output\ga_results\ga_report.xlsx
2025-12-12 12:54:22,326 [INFO    ] [VolcanoAI.GaEngine  ] [MainThread] ---                            === GA ENGINE COMPLETE ===                           
2025-12-12 12:54:22,326 [INFO    ] [VolcanoAI.LstmEngine] [MainThread] --- === LSTM V6.0 TITAN TRAINING START ===
2025-12-12 12:54:22,412 [INFO    ] [VolcanoAI.LstmEngine] [MainThread] --- Processing Cluster 0...
2025-12-12 12:54:22,441 [INFO    ] [VolcanoAI.LstmEngine] [MainThread] ---     [Tuner] Menjalankan 3 trial optimasi...
2025-12-12 12:54:23,566 [WARNING ] [tensorflow          ] [MainThread] --- From C:\Program Files\Python311\Lib\site-packages\keras\src\backend\common\global_state.py:82: The name tf.reset_default_graph is deprecated. Please use tf.compat.v1.reset_default_graph instead.

2025-12-12 12:54:24,241 [INFO    ] [VolcanoAI.LstmEngine] [MainThread] --- Model LSTM berhasil dikompilasi (Standard MAE). Input: 30x6
2025-12-12 12:54:40,431 [INFO    ] [VolcanoAI.LstmEngine] [MainThread] --- Model LSTM berhasil dikompilasi (Standard MAE). Input: 30x6
2025-12-12 12:54:51,722 [INFO    ] [VolcanoAI.LstmEngine] [MainThread] --- Model LSTM berhasil dikompilasi (Standard MAE). Input: 30x6
2025-12-12 12:55:02,798 [INFO    ] [VolcanoAI.LstmEngine] [MainThread] ---     [Tuner] Parameter Terbaik: {'latent_dim': 64, 'learning_rate': 0.0005, 'dropout_rate': 0.1} (Loss: 0.5294)
2025-12-12 12:55:02,984 [INFO    ] [VolcanoAI.LstmEngine] [MainThread] --- Model LSTM berhasil dikompilasi (Standard MAE). Input: 30x6
2025-12-12 12:55:23,642 [INFO    ] [VolcanoAI.LstmEngine] [MainThread] --- [Vault] Model Cluster 0 berhasil dimuat.
2025-12-12 12:55:26,287 [INFO    ] [VolcanoAI_CNN       ] [MainThread] --- === MEMULAI CNN TRAINING PIPELINE V5.0 (TITAN) ===
2025-12-12 12:55:26,287 [INFO    ] [VolcanoAI_CNN       ] [MainThread] --- 
>>> Training CNN Cluster 0
2025-12-12 12:55:26,546 [INFO    ] [VolcanoAI.LstmEngine] [MainThread] --- [Vault] Model Cluster 0 berhasil dimuat.
2025-12-12 12:55:28,962 [INFO    ] [VolcanoAI_CNN       ] [MainThread] ---     [CNN Tuner] Memulai 2 trial...
2025-12-12 12:55:29,041 [WARNING ] [tensorflow          ] [MainThread] --- From C:\Program Files\Python311\Lib\site-packages\keras\src\backend\common\global_state.py:82: The name tf.reset_default_graph is deprecated. Please use tf.compat.v1.reset_default_graph instead.

2025-12-12 12:57:36,131 [INFO    ] [VolcanoAI_CNN       ] [MainThread] ---     [CNN Tuner] Terbaik: {'base_filters': 32, 'learning_rate': 0.001, 'dropout': 0.1} (Loss: 0.3898)
2025-12-12 13:04:28,841 [INFO    ] [VolcanoAI.LstmEngine] [MainThread] --- [Vault] Model Cluster 0 berhasil dimuat.
2025-12-12 13:04:44,547 [INFO    ] [VolcanoAI.NaiveBayesEngine] [MainThread] --- Fitur Terpilih (7): ['Magnitudo', 'Kedalaman (km)', 'isTektonik', 'R3_final', 'PheromoneScore', 'luas_cnn', 'lstm_prediction']
2025-12-12 13:04:44,601 [INFO    ] [VolcanoAI.NaiveBayesEngine] [MainThread] --- Training selesai. Model: CalibratedClassifierCV
2025-12-12 13:04:44,607 [INFO    ] [VolcanoAiPipeline   ] [MainThread] --- 
========== PHASE 4: MODEL EVALUATION ==========
2025-12-12 13:04:53,845 [INFO    ] [ACO_Engine_Master   ] [MainThread] --- [ACO Iter-42] Stagnasi (41) → Smooth Reset Pheromone.
2025-12-12 13:05:03,513 [INFO    ] [ACO_Engine_Master   ] [MainThread] --- [ACO Iter-83] Stagnasi (41) → Smooth Reset Pheromone.
2025-12-12 13:05:13,136 [INFO    ] [ACO_Engine_Master   ] [MainThread] --- [ACO Iter-124] Stagnasi (41) → Smooth Reset Pheromone.
2025-12-12 13:05:23,145 [INFO    ] [ACO_Engine_Master   ] [MainThread] --- [ACO Iter-165] Stagnasi (41) → Smooth Reset Pheromone.
2025-12-12 13:05:31,806 [WARNING ] [ACO_Engine_Master   ] [MainThread] --- [ACO] Dataframe kosong atau kurang kolom untuk visualisasi.
2025-12-12 13:05:33,515 [INFO    ] [VolcanoAI.LstmEngine] [MainThread] --- [Vault] Model Cluster 0 berhasil dimuat.
2025-12-12 13:05:37,766 [INFO    ] [VolcanoAI.NaiveBayesEngine] [MainThread] --- 
=== Laporan Klasifikasi ===
              precision    recall  f1-score   support

      Ringan       0.95      0.77      0.85       109
      Sedang       0.80      0.85      0.83       211
       Parah       0.89      0.92      0.91       241

    accuracy                           0.87       561
   macro avg       0.88      0.85      0.86       561
weighted avg       0.87      0.87      0.87       561

2025-12-12 13:05:38,897 [INFO    ] [VolcanoAI.Reporter  ] [MainThread] --- Generating Dual Dashboard HTML...
2025-12-12 13:05:40,621 [INFO    ] [VolcanoAI.Reporter  ] [MainThread] --- Dashboard Updated: output\VolcanoAI_Analysis_STATIC.html
2025-12-12 13:05:40,621 [INFO    ] [VolcanoAI.Reporter  ] [MainThread] --- Dashboard Updated: output\VolcanoAI_Monitor_LIVE.html
2025-12-12 13:05:40,621 [INFO    ] [VolcanoAI.Reporter  ] [MainThread] --- ✅ Dual Dashboard Updated. Files: LIVE, STATIC.
2025-12-12 13:05:40,621 [INFO    ] [VolcanoAiPipeline   ] [MainThread] --- 
========== PHASE 5: LIVE MONITORING ==========
2025-12-12 13:05:40,621 [INFO    ] [VolcanoAI.LstmEngine] [MainThread] --- Loading 1307 rows to buffer.
2025-12-12 13:05:40,861 [INFO    ] [VolcanoAI.processing.realtime_data_stream] [MainThread] --- [BMKG] Events: 8
2025-12-12 13:05:40,863 [INFO    ] [VolcanoAiPipeline   ] [MainThread] --- 🚨 GEMPA BARU TERDETEKSI: 8
2025-12-12 13:05:40,863 [INFO    ] [FeatureEngineer     ] [MainThread] --- >>> FE INFERENCE: Using existing preprocessor state.
2025-12-12 13:05:40,914 [INFO    ] [FeatureEngineer     ] [MainThread] --- Smart Inference classified 8 unknown events.
2025-12-12 13:05:41,241 [INFO    ] [FeatureEngineer     ] [MainThread] --- Feature Engineering Complete. Shape: (98, 59)
2025-12-12 13:05:41,345 [INFO    ] [VolcanoAI.NaiveBayesEngine] [MainThread] --- 
=== Laporan Klasifikasi ===
              precision    recall  f1-score   support

      Ringan       0.00      0.00      0.00       0.0
      Sedang       0.00      0.00      0.00       8.0
       Parah       0.00      0.00      0.00       0.0

    accuracy                           0.00       8.0
   macro avg       0.00      0.00      0.00       8.0
weighted avg       0.00      0.00      0.00       8.0

2025-12-12 13:05:42,331 [INFO    ] [root                ] [MainThread] --- [BUFFER SAVED] output/realtime/processed.csv
2025-12-12 13:10:42,468 [INFO    ] [VolcanoAI.processing.realtime_data_stream] [MainThread] --- [BMKG] Events: 8
2025-12-12 13:10:42,468 [INFO    ] [VolcanoAiPipeline   ] [MainThread] --- 🚨 GEMPA BARU TERDETEKSI: 8
2025-12-12 13:10:42,476 [INFO    ] [FeatureEngineer     ] [MainThread] --- >>> FE INFERENCE: Using existing preprocessor state.
2025-12-12 13:10:42,506 [INFO    ] [FeatureEngineer     ] [MainThread] --- Smart Inference classified 16 unknown events.
2025-12-12 13:10:42,831 [INFO    ] [FeatureEngineer     ] [MainThread] --- Feature Engineering Complete. Shape: (98, 68)
2025-12-12 13:10:42,939 [INFO    ] [VolcanoAI.NaiveBayesEngine] [MainThread] --- 
=== Laporan Klasifikasi ===
              precision    recall  f1-score   support

      Ringan       0.00      0.00      0.00       0.0
      Sedang       0.00      0.00      0.00       4.0
       Parah       0.00      0.00      0.00       0.0

    accuracy                           0.00       4.0
   macro avg       0.00      0.00      0.00       4.0
weighted avg       0.00      0.00      0.00       4.0

2025-12-12 13:10:43,949 [ERROR   ] [root                ] [MainThread] --- [SAFE SAVE ERROR] output/realtime/processed.csv → [Errno 13] Permission denied: 'output/realtime/processed.csv'
2025-12-12 13:15:44,218 [INFO    ] [VolcanoAI.processing.realtime_data_stream] [MainThread] --- [BMKG] Events: 8
2025-12-12 13:15:44,225 [INFO    ] [VolcanoAiPipeline   ] [MainThread] --- 🚨 GEMPA BARU TERDETEKSI: 8
2025-12-12 13:15:44,225 [INFO    ] [FeatureEngineer     ] [MainThread] --- >>> FE INFERENCE: Using existing preprocessor state.
2025-12-12 13:15:44,259 [INFO    ] [FeatureEngineer     ] [MainThread] --- Smart Inference classified 16 unknown events.
2025-12-12 13:15:44,575 [INFO    ] [FeatureEngineer     ] [MainThread] --- Feature Engineering Complete. Shape: (98, 68)
2025-12-12 13:15:44,655 [INFO    ] [VolcanoAI.NaiveBayesEngine] [MainThread] --- 
=== Laporan Klasifikasi ===
              precision    recall  f1-score   support

      Ringan       0.00      0.00      0.00       0.0
      Sedang       0.00      0.00      0.00       4.0
       Parah       0.00      0.00      0.00       0.0

    accuracy                           0.00       4.0
   macro avg       0.00      0.00      0.00       4.0
weighted avg       0.00      0.00      0.00       4.0

2025-12-12 13:15:45,569 [INFO    ] [root                ] [MainThread] --- [BUFFER SAVED] output/realtime/processed.csv
2025-12-12 13:20:45,843 [INFO    ] [VolcanoAI.processing.realtime_data_stream] [MainThread] --- [BMKG] Events: 8
2025-12-12 13:20:45,843 [INFO    ] [VolcanoAiPipeline   ] [MainThread] --- 🚨 GEMPA BARU TERDETEKSI: 8
2025-12-12 13:20:45,849 [INFO    ] [FeatureEngineer     ] [MainThread] --- >>> FE INFERENCE: Using existing preprocessor state.
2025-12-12 13:20:45,884 [INFO    ] [FeatureEngineer     ] [MainThread] --- Smart Inference classified 16 unknown events.
2025-12-12 13:20:46,240 [INFO    ] [FeatureEngineer     ] [MainThread] --- Feature Engineering Complete. Shape: (98, 68)
2025-12-12 13:20:46,344 [INFO    ] [VolcanoAI.NaiveBayesEngine] [MainThread] --- 
=== Laporan Klasifikasi ===
              precision    recall  f1-score   support

      Ringan       0.00      0.00      0.00       0.0
      Sedang       0.00      0.00      0.00       4.0
       Parah       0.00      0.00      0.00       0.0

    accuracy                           0.00       4.0
   macro avg       0.00      0.00      0.00       4.0
weighted avg       0.00      0.00      0.00       4.0

2025-12-12 13:20:47,552 [ERROR   ] [root                ] [MainThread] --- [SAFE SAVE ERROR] output/realtime/processed.csv → [Errno 13] Permission denied: 'output/realtime/processed.csv'
