2025-12-19 02:09:51,766 [INFO    ] [root                ] [MainThread] --- Logging diinisialisasi. File: output\pipeline_20251219_020951.log
2025-12-19 02:09:51,767 [INFO    ] [root                ] [MainThread] --- ================================================================================
2025-12-19 02:09:51,767 [INFO    ] [root                ] [MainThread] ---                             VOLCANOAI SYSTEM STARTUP                            
2025-12-19 02:09:51,768 [INFO    ] [root                ] [MainThread] --- ================================================================================
2025-12-19 02:09:51,776 [WARNING ] [VolcanoAI.processing.realtime_data_stream] [MainThread] --- File MIROVA tidak ditemukan di path: output/realtime/mirova_log.txt
2025-12-19 02:09:51,776 [INFO    ] [VolcanoAiPipeline   ] [MainThread] --- Pipeline VolcanoAI 5.2.0-TITAN-EXCEL initialized successfully.
2025-12-19 02:09:51,777 [INFO    ] [VolcanoAiPipeline   ] [MainThread] --- Starting Pipeline Execution...
2025-12-19 02:09:51,777 [INFO    ] [VolcanoAiPipeline   ] [MainThread] --- 
========== PHASE 1: DATA LOADING ==========
2025-12-19 02:09:51,807 [INFO    ] [VolcanoAiPipeline   ] [MainThread] --- 
========== PHASE 2: FEATURE ENGINEERING ==========
2025-12-19 02:09:51,819 [INFO    ] [FeatureEngineer     ] [MainThread] --- >>> FE TRAIN: Initializing new preprocessor state.
2025-12-19 02:09:51,917 [INFO    ] [FeatureEngineer     ] [MainThread] --- Smart Classifier Trained.
2025-12-19 02:09:51,958 [WARNING ] [FeatureEngineer     ] [MainThread] --- Imputer Warning: Kolom berikut kosong total saat training -> diisi 0.0: ['OLI_total (W)', 'MSI_total (W)']
2025-12-19 02:09:52,389 [INFO    ] [VolcanoAI.processing.feature_engineer] [MainThread] --- Preprocessor state saved to: output\feature_preprocessor.pkl
2025-12-19 02:09:52,389 [INFO    ] [FeatureEngineer     ] [MainThread] --- Feature Engineering Complete. Shape: (1307, 55)
2025-12-19 02:09:52,390 [INFO    ] [FeatureEngineer     ] [MainThread] --- >>> FE TRAIN: Initializing new preprocessor state.
2025-12-19 02:09:52,459 [INFO    ] [FeatureEngineer     ] [MainThread] --- Smart Classifier Trained.
2025-12-19 02:09:52,477 [WARNING ] [FeatureEngineer     ] [MainThread] --- Imputer Warning: Kolom berikut kosong total saat training -> diisi 0.0: ['OLI_total (W)', 'MSI_total (W)']
2025-12-19 02:09:52,886 [INFO    ] [VolcanoAI.processing.feature_engineer] [MainThread] --- Preprocessor state saved to: output\feature_preprocessor.pkl
2025-12-19 02:09:52,887 [INFO    ] [FeatureEngineer     ] [MainThread] --- Feature Engineering Complete. Shape: (561, 55)
2025-12-19 02:09:52,899 [INFO    ] [VolcanoAiPipeline   ] [MainThread] --- 
========== PHASE 3: MODEL TRAINING ==========
2025-12-19 02:10:17,668 [INFO    ] [ACO_Engine_Master   ] [MainThread] --- [ACO Iter-126] Stagnasi (41) → Smooth Reset Pheromone.
2025-12-19 02:10:31,893 [INFO    ] [ACO_Engine_Master   ] [MainThread] --- [ACO Iter-193] Stagnasi (41) → Smooth Reset Pheromone.
2025-12-19 02:10:35,145 [INFO    ] [ACO_Engine_Master   ] [MainThread] --- Visual ACO tersimpan: C:\Users\USER\Downloads\Earthquake_Volcan\Earthquake_Volcano\output\aco_results/aco_impact_zones.html
2025-12-19 02:10:35,147 [INFO    ] [ACO_Engine_Master   ] [MainThread] --- [ACO] Output GA tersimpan → C:\Users\USER\Downloads\Earthquake_Volcan\Earthquake_Volcano\output\aco_results\aco_to_ga.json
2025-12-19 02:10:35,147 [INFO    ] [ACO_Engine_Master   ] [MainThread] --- [ACO] Impact Center: {'center_lat': -8.033175559000119, 'center_lon': 113.28450925361976, 'lat_column_used': 'Lintang', 'lon_column_used': 'Bujur'} | Impact Area (km²): 203.10487977254564
2025-12-19 02:10:35,147 [INFO    ] [VolcanoAI.GaEngine  ] [MainThread] --- 
================================================================================
2025-12-19 02:10:35,147 [INFO    ] [VolcanoAI.GaEngine  ] [MainThread] ---                             === GA ENGINE START ===                             
2025-12-19 02:10:35,147 [INFO    ] [VolcanoAI.GaEngine  ] [MainThread] --- ================================================================================
2025-12-19 02:10:35,157 [INFO    ] [VolcanoAI.GaEngine  ] [MainThread] --- GA Evolution Start → Pop=80, Gen=150
2025-12-19 02:10:35,168 [INFO    ] [VolcanoAI.GaEngine  ] [MainThread] --- Resuming GA from checkpoint...
2025-12-19 02:10:35,179 [INFO    ] [VolcanoAI.GaEngine  ] [MainThread] --- GA vector JSON saved → output\ga_results\ga_vector.json
2025-12-19 02:10:45,838 [INFO    ] [VolcanoAI.GaEngine  ] [MainThread] --- GA Map saved → output\ga_results\ga_path_map.html
2025-12-19 02:10:48,822 [INFO    ] [VolcanoAI.GaEngine  ] [MainThread] --- Excel exported → output\ga_results\ga_report.xlsx
2025-12-19 02:10:48,822 [INFO    ] [VolcanoAI.GaEngine  ] [MainThread] ---                            === GA ENGINE COMPLETE ===                           
2025-12-19 02:10:48,822 [INFO    ] [VolcanoAI.LstmEngine] [MainThread] --- === LSTM V6.0 TITAN TRAINING START ===
2025-12-19 02:10:48,857 [INFO    ] [VolcanoAI.LstmEngine] [MainThread] --- Processing Cluster 0...
2025-12-19 02:10:48,871 [INFO    ] [VolcanoAI.LstmEngine] [MainThread] ---     [Tuner] Menjalankan 3 trial optimasi...
2025-12-19 02:10:49,779 [WARNING ] [tensorflow          ] [MainThread] --- From C:\Users\USER\Downloads\Earthquake_Volcan\Earthquake_Volcano\env\lib\site-packages\keras\src\backend\common\global_state.py:82: The name tf.reset_default_graph is deprecated. Please use tf.compat.v1.reset_default_graph instead.

2025-12-19 02:10:50,119 [INFO    ] [VolcanoAI.LstmEngine] [MainThread] --- Model LSTM berhasil dikompilasi (Standard MAE). Input: 30x6
2025-12-19 02:10:56,886 [INFO    ] [VolcanoAI.LstmEngine] [MainThread] --- Model LSTM berhasil dikompilasi (Standard MAE). Input: 30x6
2025-12-19 02:11:03,383 [INFO    ] [VolcanoAI.LstmEngine] [MainThread] --- Model LSTM berhasil dikompilasi (Standard MAE). Input: 30x6
2025-12-19 02:11:09,798 [INFO    ] [VolcanoAI.LstmEngine] [MainThread] ---     [Tuner] Parameter Terbaik: {'latent_dim': 64, 'learning_rate': 5e-05, 'dropout_rate': 0.2} (Loss: 0.5303)
2025-12-19 02:11:09,878 [INFO    ] [VolcanoAI.LstmEngine] [MainThread] --- Model LSTM berhasil dikompilasi (Standard MAE). Input: 30x6
2025-12-19 02:11:21,839 [INFO    ] [VolcanoAI.LstmEngine] [MainThread] --- [Vault] Model Cluster 0 berhasil dimuat.
2025-12-19 02:11:23,518 [INFO    ] [VolcanoAI.LstmEngine] [MainThread] --- [LSTM] Saved CSV (overwrite-safe): master=output\lstm_results\lstm_records_2y_20241230.csv, recent=output\lstm_results\lstm_recent_15d_20241230.csv, anomalies=output\lstm_results\lstm_anomalies_20241230.csv
2025-12-19 02:11:23,518 [INFO    ] [VolcanoAI_CNN       ] [MainThread] --- === MEMULAI CNN TRAINING PIPELINE V5.0 (TITAN) ===
2025-12-19 02:11:23,518 [INFO    ] [VolcanoAI_CNN       ] [MainThread] --- 
>>> Training CNN Cluster 0
2025-12-19 02:11:23,630 [INFO    ] [VolcanoAI.LstmEngine] [MainThread] --- [Vault] Model Cluster 0 berhasil dimuat.
2025-12-19 02:11:23,638 [WARNING ] [VolcanoAI_CNN       ] [MainThread] --- Skip c0: Gagal get LSTM features (mungkin data kurang).
2025-12-19 02:11:24,258 [INFO    ] [VolcanoAI.LstmEngine] [MainThread] --- [Vault] Model Cluster 0 berhasil dimuat.
2025-12-19 02:11:24,263 [INFO    ] [VolcanoAiPipeline   ] [MainThread] --- ✅ CNN latest overwritten: output\cnn_results\results\cnn_predictions_latest.csv
2025-12-19 02:11:24,289 [INFO    ] [VolcanoAI.postprocess.cnn_csv_to_json] [MainThread] --- ✅ CNN JSON written: output\cnn_results\cnn_predictions_latest.json
2025-12-19 02:11:24,289 [INFO    ] [VolcanoAiPipeline   ] [MainThread] --- ✅ CNN JSON updated for client
2025-12-19 02:11:24,294 [INFO    ] [VolcanoAiPipeline   ] [MainThread] ---  CNN archive saved: output\cnn_results\results\cnn_predictions_20251219_021124.csv
2025-12-19 02:11:24,321 [INFO    ] [VolcanoAI.NaiveBayesEngine] [MainThread] --- Fitur Terpilih (7): ['Magnitudo', 'Kedalaman (km)', 'isVulkanik', 'isTektonik', 'R3_final', 'PheromoneScore', 'lstm_prediction']
2025-12-19 02:11:24,882 [INFO    ] [VolcanoAI.NaiveBayesEngine] [MainThread] --- Training selesai. Model: CalibratedClassifierCV (Classes: ['Parah' 'Ringan' 'Sedang'])
2025-12-19 02:11:24,903 [INFO    ] [VolcanoAiPipeline   ] [MainThread] --- 
========== PHASE 4: MODEL EVALUATION ==========
2025-12-19 02:11:30,599 [INFO    ] [ACO_Engine_Master   ] [MainThread] --- [ACO Iter-47] Stagnasi (41) → Smooth Reset Pheromone.
2025-12-19 02:11:35,338 [INFO    ] [ACO_Engine_Master   ] [MainThread] --- [ACO Iter-88] Stagnasi (41) → Smooth Reset Pheromone.
2025-12-19 02:11:40,056 [INFO    ] [ACO_Engine_Master   ] [MainThread] --- [ACO Iter-129] Stagnasi (41) → Smooth Reset Pheromone.
2025-12-19 02:11:44,809 [INFO    ] [ACO_Engine_Master   ] [MainThread] --- [ACO Iter-170] Stagnasi (41) → Smooth Reset Pheromone.
2025-12-19 02:11:48,922 [INFO    ] [ACO_Engine_Master   ] [MainThread] --- Visual ACO tersimpan: C:\Users\USER\Downloads\Earthquake_Volcan\Earthquake_Volcano\output\aco_results/aco_impact_zones.html
2025-12-19 02:11:48,930 [INFO    ] [ACO_Engine_Master   ] [MainThread] --- [ACO] Output GA tersimpan → C:\Users\USER\Downloads\Earthquake_Volcan\Earthquake_Volcano\output\aco_results\aco_to_ga.json
2025-12-19 02:11:48,930 [INFO    ] [ACO_Engine_Master   ] [MainThread] --- [ACO] Impact Center: {'center_lat': -8.030478281988408, 'center_lon': 113.32658849856544, 'lat_column_used': 'Lintang', 'lon_column_used': 'Bujur'} | Impact Area (km²): 210.9809668913212
2025-12-19 02:11:49,673 [INFO    ] [VolcanoAI.LstmEngine] [MainThread] --- [LSTM] Saved CSV (overwrite-safe): master=output\lstm_results\lstm_records_2y_20241230.csv, recent=output\lstm_results\lstm_recent_15d_20241230.csv, anomalies=output\lstm_results\lstm_anomalies_20241230.csv
2025-12-19 02:11:49,794 [INFO    ] [VolcanoAI.LstmEngine] [MainThread] --- [Vault] Model Cluster 0 berhasil dimuat.
2025-12-19 02:11:49,824 [ERROR   ] [VolcanoAI.NaiveBayesEngine] [MainThread] --- Evaluasi gagal: At least one label specified must be in y_true
2025-12-19 02:11:50,090 [INFO    ] [VolcanoAI.Reporter  ] [MainThread] --- Generating Dual Dashboard HTML...
2025-12-19 02:11:50,748 [INFO    ] [VolcanoAI.Reporter  ] [MainThread] --- Dashboard Updated: output\VolcanoAI_Analysis_STATIC.html
2025-12-19 02:11:50,748 [INFO    ] [VolcanoAI.Reporter  ] [MainThread] --- Dashboard Updated: output\VolcanoAI_Monitor_LIVE.html
2025-12-19 02:11:50,755 [INFO    ] [VolcanoAI.Reporter  ] [MainThread] --- ✅ Dual Dashboard Updated. Files: LIVE, STATIC.
2025-12-19 02:11:50,755 [INFO    ] [VolcanoAiPipeline   ] [MainThread] --- 
========== PHASE 5: LIVE MONITORING ==========
2025-12-19 02:11:50,755 [INFO    ] [VolcanoAI.LstmEngine] [MainThread] --- Loading 1307 rows to buffer.
2025-12-19 02:11:50,775 [INFO    ] [VolcanoAI.processing.realtime_data_stream] [MainThread] --- === RealtimeSensorManager: START Fetching Data ===
2025-12-19 02:11:50,785 [WARNING ] [VolcanoAI.processing.realtime_data_stream] [MainThread] --- [MIROVA] Log tidak ditemukan: output/realtime/mirova_log.txt
2025-12-19 02:11:51,106 [INFO    ] [VolcanoAI.processing.realtime_data_stream] [MainThread] --- [BMKG] Events: 8
2025-12-19 02:11:51,129 [INFO    ] [VolcanoAI.processing.realtime_data_stream] [MainThread] --- [Injection] Rows: 3
2025-12-19 02:11:51,130 [INFO    ] [VolcanoAI.processing.realtime_data_stream] [MainThread] --- === RealtimeSensorManager: DONE. Sizes: M(0), B(8), I(3) ===
2025-12-19 02:11:51,134 [INFO    ] [FeatureEngineer     ] [MainThread] --- >>> FE INFERENCE: Using existing preprocessor state.
2025-12-19 02:11:51,153 [INFO    ] [FeatureEngineer     ] [MainThread] --- Smart Inference classified 11 unknown events.
2025-12-19 02:11:51,385 [INFO    ] [FeatureEngineer     ] [MainThread] --- Feature Engineering Complete. Shape: (101, 59)
2025-12-19 02:11:51,390 [INFO    ] [VolcanoAiPipeline   ] [MainThread] --- Gempa baru terdeteksi, tetapi di luar area fokus yang dilatih. Skip prediksi.
2025-12-19 02:13:51,590 [INFO    ] [VolcanoAiPipeline   ] [MainThread] --- Monitoring dihentikan. Melakukan penyimpanan akhir...
2025-12-19 02:13:51,604 [INFO    ] [root                ] [MainThread] --- [BUFFER SAVED] output/realtime/processed.csv
2025-12-19 02:13:51,604 [INFO    ] [VolcanoAiPipeline   ] [MainThread] --- Penyimpanan buffer live selesai.
2025-12-19 02:13:51,606 [INFO    ] [VolcanoAiPipeline   ] [MainThread] --- System shutdown. Uptime: 239.83s
