2025-12-22 01:11:51,568 [INFO    ] [root                ] [MainThread] --- Logging diinisialisasi. File: output\pipeline_20251222_011151.log
2025-12-22 01:11:51,568 [INFO    ] [root                ] [MainThread] --- ================================================================================
2025-12-22 01:11:51,568 [INFO    ] [root                ] [MainThread] ---                             VOLCANOAI SYSTEM STARTUP                            
2025-12-22 01:11:51,568 [INFO    ] [root                ] [MainThread] --- ================================================================================
2025-12-22 01:11:51,576 [INFO    ] [root                ] [MainThread] --- [Dashboard] Starting Flask server in background thread (monitoring enabled)...
2025-12-22 01:11:51,583 [INFO    ] [RealtimeSensorManager] [MainThread] --- [MIROVA] Menggunakan log terbaru: output/realtime\mirova_log_20251003-094000.txt
2025-12-22 01:11:51,584 [INFO    ] [VolcanoAiPipeline   ] [MainThread] --- Pipeline VolcanoAI 5.2.0-TITAN-EXCEL initialized successfully.
2025-12-22 01:11:51,584 [INFO    ] [VolcanoAiPipeline   ] [MainThread] --- Starting Pipeline Execution...
2025-12-22 01:11:51,585 [INFO    ] [VolcanoAiPipeline   ] [MainThread] --- 
========== PHASE 1: DATA LOADING ==========
2025-12-22 01:11:51,619 [INFO    ] [VolcanoAiPipeline   ] [MainThread] --- 
========== PHASE 2: FEATURE ENGINEERING ==========
2025-12-22 01:11:51,632 [INFO    ] [FeatureEngineer     ] [MainThread] --- >>> FE TRAIN: Initializing new preprocessor state.
2025-12-22 01:11:51,718 [INFO    ] [FeatureEngineer     ] [MainThread] --- Smart Classifier Trained.
2025-12-22 01:11:51,743 [WARNING ] [FeatureEngineer     ] [MainThread] --- Imputer Warning: Kolom berikut kosong total saat training -> diisi 0.0: ['OLI_total (W)', 'MSI_total (W)']
2025-12-22 01:11:52,120 [INFO    ] [werkzeug            ] [Thread-1 (_run)] --- [31m[1mWARNING: This is a development server. Do not use it in a production deployment. Use a production WSGI server instead.[0m
 * Running on http://127.0.0.1:5000
2025-12-22 01:11:52,121 [INFO    ] [werkzeug            ] [Thread-1 (_run)] --- [33mPress CTRL+C to quit[0m
2025-12-22 01:11:52,567 [INFO    ] [VolcanoAI.processing.feature_engineer] [MainThread] --- Preprocessor state saved to: output\feature_preprocessor.pkl
2025-12-22 01:11:52,567 [INFO    ] [FeatureEngineer     ] [MainThread] --- Feature Engineering Complete. Shape: (21, 60)
2025-12-22 01:11:52,568 [INFO    ] [FeatureEngineer     ] [MainThread] --- >>> FE TRAIN: Initializing new preprocessor state.
2025-12-22 01:11:52,651 [INFO    ] [FeatureEngineer     ] [MainThread] --- Smart Classifier Trained.
2025-12-22 01:11:52,698 [INFO    ] [werkzeug            ] [Thread-206 (process_request_thread)] --- 127.0.0.1 - - [22/Dec/2025 01:11:52] "GET / HTTP/1.1" 200 -
2025-12-22 01:11:53,288 [INFO    ] [werkzeug            ] [Thread-214 (process_request_thread)] --- 127.0.0.1 - - [22/Dec/2025 01:11:53] "GET / HTTP/1.1" 200 -
2025-12-22 01:11:53,360 [INFO    ] [werkzeug            ] [Thread-209 (process_request_thread)] --- 127.0.0.1 - - [22/Dec/2025 01:11:53] "[36mGET /files/output/naive_bayes_results/confusion_matrix.png HTTP/1.1[0m" 304 -
2025-12-22 01:11:53,364 [INFO    ] [werkzeug            ] [Thread-210 (process_request_thread)] --- 127.0.0.1 - - [22/Dec/2025 01:11:53] "[36mGET /files/output/naive_bayes_results/roc_curves.png HTTP/1.1[0m" 304 -
2025-12-22 01:11:53,384 [INFO    ] [werkzeug            ] [Thread-215 (process_request_thread)] --- 127.0.0.1 - - [22/Dec/2025 01:11:53] "[36mGET /files/output/naive_bayes_results/confusion_matrix.png HTTP/1.1[0m" 304 -
2025-12-22 01:11:53,390 [INFO    ] [werkzeug            ] [Thread-216 (process_request_thread)] --- 127.0.0.1 - - [22/Dec/2025 01:11:53] "[36mGET /files/output/naive_bayes_results/roc_curves.png HTTP/1.1[0m" 304 -
2025-12-22 01:11:53,475 [INFO    ] [werkzeug            ] [Thread-213 (process_request_thread)] --- 127.0.0.1 - - [22/Dec/2025 01:11:53] "[36mGET /files/output/cnn_results/cnn_prediction_map.html HTTP/1.1[0m" 304 -
2025-12-22 01:11:53,478 [INFO    ] [werkzeug            ] [Thread-212 (process_request_thread)] --- 127.0.0.1 - - [22/Dec/2025 01:11:53] "[36mGET /files/output/ga_results/ga_path_map.html HTTP/1.1[0m" 304 -
2025-12-22 01:11:53,479 [INFO    ] [werkzeug            ] [Thread-211 (process_request_thread)] --- 127.0.0.1 - - [22/Dec/2025 01:11:53] "[36mGET /files/output/aco_results/aco_impact_zones.html HTTP/1.1[0m" 304 -
2025-12-22 01:11:53,499 [INFO    ] [werkzeug            ] [Thread-217 (process_request_thread)] --- 127.0.0.1 - - [22/Dec/2025 01:11:53] "[36mGET /files/output/cnn_results/cnn_prediction_map.html HTTP/1.1[0m" 304 -
2025-12-22 01:11:53,503 [INFO    ] [werkzeug            ] [Thread-218 (process_request_thread)] --- 127.0.0.1 - - [22/Dec/2025 01:11:53] "[36mGET /files/output/ga_results/ga_path_map.html HTTP/1.1[0m" 304 -
2025-12-22 01:11:53,509 [INFO    ] [werkzeug            ] [Thread-219 (process_request_thread)] --- 127.0.0.1 - - [22/Dec/2025 01:11:53] "[36mGET /files/output/aco_results/aco_impact_zones.html HTTP/1.1[0m" 304 -
2025-12-22 01:11:55,702 [WARNING ] [FeatureEngineer     ] [MainThread] --- Imputer Warning: Kolom berikut kosong total saat training -> diisi 0.0: ['OLI_total (W)', 'MSI_total (W)']
2025-12-22 01:11:56,161 [INFO    ] [VolcanoAI.processing.feature_engineer] [MainThread] --- Preprocessor state saved to: output\feature_preprocessor.pkl
2025-12-22 01:11:56,162 [INFO    ] [FeatureEngineer     ] [MainThread] --- Feature Engineering Complete. Shape: (9, 60)
2025-12-22 01:11:56,164 [INFO    ] [VolcanoAiPipeline   ] [MainThread] --- 
========== PHASE 3: MODEL TRAINING ==========
2025-12-22 01:11:56,209 [WARNING ] [ACO_Engine_Master   ] [MainThread] --- [ACO] Heuristic Matrix kosong/flat/NaN. Menggunakan Fallback uniform.
2025-12-22 01:11:59,489 [INFO    ] [ACO_Engine_Master   ] [MainThread] --- [ACO Iter-41] Stagnasi (41) → Smooth Reset Pheromone.
2025-12-22 01:12:02,377 [INFO    ] [ACO_Engine_Master   ] [MainThread] --- [ACO Iter-82] Stagnasi (41) → Smooth Reset Pheromone.
2025-12-22 01:12:05,299 [INFO    ] [ACO_Engine_Master   ] [MainThread] --- [ACO Iter-123] Stagnasi (41) → Smooth Reset Pheromone.
2025-12-22 01:12:08,101 [INFO    ] [ACO_Engine_Master   ] [MainThread] --- [ACO Iter-164] Stagnasi (41) → Smooth Reset Pheromone.
2025-12-22 01:12:10,861 [INFO    ] [VolcanoAI.GaEngine  ] [MainThread] --- 
================================================================================
2025-12-22 01:12:10,861 [INFO    ] [VolcanoAI.GaEngine  ] [MainThread] ---                             === GA ENGINE START ===                             
2025-12-22 01:12:10,861 [INFO    ] [VolcanoAI.GaEngine  ] [MainThread] --- ================================================================================
2025-12-22 01:12:10,866 [INFO    ] [VolcanoAI.GaEngine  ] [MainThread] --- GA Evolution Start → Pop=80, Gen=150
2025-12-22 01:12:10,876 [INFO    ] [VolcanoAI.GaEngine  ] [MainThread] --- Resuming GA from checkpoint...
2025-12-22 01:12:10,891 [INFO    ] [VolcanoAI.GaEngine  ] [MainThread] --- [GA] next_event berhasil ditulis ke aco_to_ga.json
2025-12-22 01:12:10,893 [INFO    ] [VolcanoAI.GaEngine  ] [MainThread] --- GA vector JSON saved → output\ga_results\ga_vector.json
2025-12-22 01:12:11,006 [INFO    ] [VolcanoAI.GaEngine  ] [MainThread] --- GA Map saved → output\ga_results\ga_path_map.html
2025-12-22 01:12:11,514 [INFO    ] [VolcanoAI.GaEngine  ] [MainThread] --- Excel exported → output\ga_results\ga_report.xlsx
2025-12-22 01:12:11,518 [INFO    ] [VolcanoAI.GaEngine  ] [MainThread] ---                            === GA ENGINE COMPLETE ===                           
2025-12-22 01:12:11,518 [INFO    ] [VolcanoAI.LstmEngine] [MainThread] --- === LSTM V6.0 TITAN TRAINING START ===
2025-12-22 01:12:11,541 [INFO    ] [VolcanoAI.LstmEngine] [MainThread] --- Processing Cluster 0...
2025-12-22 01:12:11,548 [WARNING ] [VolcanoAI.LstmEngine] [MainThread] --- Sample c0 terlalu sedikit (0). Skip training.
2025-12-22 01:12:12,157 [INFO    ] [VolcanoAI.LstmEngine] [MainThread] --- [Vault] Model Cluster 0 berhasil dimuat.
2025-12-22 01:12:12,173 [ERROR   ] [VolcanoAI.LstmEngine] [MainThread] --- [LSTM] Gagal menyimpan CSV LSTM: [Errno 13] Permission denied: 'output\\lstm_results\\lstm_recent_15d_20251222.csv'
2025-12-22 01:12:12,174 [INFO    ] [VolcanoAI_CNN       ] [MainThread] --- === MEMULAI CNN TRAINING PIPELINE V5.0 (TITAN) ===
2025-12-22 01:12:12,176 [INFO    ] [VolcanoAI_CNN       ] [MainThread] --- 
>>> Training CNN Cluster 0
2025-12-22 01:12:12,409 [INFO    ] [VolcanoAI.LstmEngine] [MainThread] --- [Vault] Model Cluster 0 berhasil dimuat.
2025-12-22 01:12:12,414 [WARNING ] [VolcanoAI_CNN       ] [MainThread] --- Skip c0: Gagal get LSTM features (mungkin data kurang).
2025-12-22 01:12:13,407 [INFO    ] [VolcanoAI.LstmEngine] [MainThread] --- [Vault] Model Cluster 0 berhasil dimuat.
2025-12-22 01:12:13,415 [INFO    ] [VolcanoAiPipeline   ] [MainThread] --- ✅ CNN latest overwritten: output\cnn_results\results\cnn_predictions_latest.csv
2025-12-22 01:12:13,432 [INFO    ] [VolcanoAI.engines.cnn_map_generator] [MainThread] --- CNNMapGenerator: map saved -> output\cnn_results\cnn_prediction_map.html
2025-12-22 01:12:13,432 [INFO    ] [VolcanoAiPipeline   ] [MainThread] --- 🗺️ CNN map generated: output\cnn_results\cnn_prediction_map.html
2025-12-22 01:12:13,437 [INFO    ] [VolcanoAiPipeline   ] [MainThread] ---  CNN archive saved: output\cnn_results\results\cnn_predictions_20251222_011213.csv
2025-12-22 01:12:13,462 [INFO    ] [VolcanoAI.NaiveBayesEngine] [MainThread] --- Fitur terpilih (7): ['Magnitudo', 'Kedalaman (km)', 'isVulkanik', 'isTektonik', 'R3_final', 'PheromoneScore', 'luas_cnn']
2025-12-22 01:12:13,470 [INFO    ] [VolcanoAI.NaiveBayesEngine] [MainThread] --- Training Naive Bayes selesai.
2025-12-22 01:12:13,470 [INFO    ] [VolcanoAiPipeline   ] [MainThread] --- 
========== PHASE 4: MODEL EVALUATION ==========
2025-12-22 01:12:13,521 [WARNING ] [ACO_Engine_Master   ] [MainThread] --- [ACO] Heuristic Matrix kosong/flat/NaN. Menggunakan Fallback uniform.
2025-12-22 01:12:17,186 [INFO    ] [ACO_Engine_Master   ] [MainThread] --- [ACO Iter-41] Stagnasi (41) → Smooth Reset Pheromone.
2025-12-22 01:12:20,318 [INFO    ] [ACO_Engine_Master   ] [MainThread] --- [ACO Iter-82] Stagnasi (41) → Smooth Reset Pheromone.
2025-12-22 01:12:23,737 [INFO    ] [ACO_Engine_Master   ] [MainThread] --- [ACO Iter-123] Stagnasi (41) → Smooth Reset Pheromone.
2025-12-22 01:12:27,159 [INFO    ] [ACO_Engine_Master   ] [MainThread] --- [ACO Iter-164] Stagnasi (41) → Smooth Reset Pheromone.
2025-12-22 01:12:30,051 [ERROR   ] [VolcanoAI.LstmEngine] [MainThread] --- [LSTM] Gagal menyimpan CSV LSTM: [Errno 13] Permission denied: 'output\\lstm_results\\lstm_recent_15d_20251222.csv'
2025-12-22 01:12:30,223 [INFO    ] [VolcanoAI.LstmEngine] [MainThread] --- [Vault] Model Cluster 0 berhasil dimuat.
2025-12-22 01:12:30,232 [ERROR   ] [VolcanoAI.NaiveBayesEngine] [MainThread] --- Evaluasi gagal: Number of classes, 2, does not match size of target_names, 3. Try specifying the labels parameter
2025-12-22 01:12:30,435 [INFO    ] [VolcanoAI.NaiveBayesEngine] [MainThread] --- Output Naive Bayes berhasil disimpan.
2025-12-22 01:12:30,438 [INFO    ] [VolcanoAiPipeline   ] [MainThread] --- Reporter metrics keys being passed: ['class_names', 'accuracy', 'confusion_matrix', 'aco_center', 'aco_area', 'aco_map', 'ga_map', 'cnn_pred_csv', 'cnn_pred_json', 'nb_confusion_png', 'nb_roc_png', 'nb_pred_csv', 'nb_metrics_json']
2025-12-22 01:12:30,485 [INFO    ] [VolcanoAI.Reporter  ] [MainThread] --- Generating Dual Dashboard HTML...
2025-12-22 01:12:30,747 [INFO    ] [VolcanoAI.Reporter  ] [MainThread] --- Dashboard berhasil dibuat: output\VolcanoAI_Analysis_STATIC.html
2025-12-22 01:12:30,758 [INFO    ] [VolcanoAI.Reporter  ] [MainThread] --- Dashboard berhasil dibuat: output\VolcanoAI_Monitor_LIVE.html
2025-12-22 01:12:30,759 [INFO    ] [VolcanoAI.Reporter  ] [MainThread] --- ✅ Dual Dashboard Updated. Files: LIVE, STATIC.
2025-12-22 01:12:30,760 [INFO    ] [VolcanoAiPipeline   ] [MainThread] --- 
========== PHASE 5: LIVE MONITORING ==========
2025-12-22 01:12:30,760 [INFO    ] [VolcanoAI.LstmEngine] [MainThread] --- Loading 21 rows to buffer.
2025-12-22 01:12:30,787 [INFO    ] [RealtimeSensorManager] [MainThread] --- [MIROVA] Berhasil membaca 13 baris dari log.
2025-12-22 01:12:53,218 [INFO    ] [werkzeug            ] [Thread-424 (process_request_thread)] --- 127.0.0.1 - - [22/Dec/2025 01:12:53] "GET / HTTP/1.1" 200 -
2025-12-22 01:12:53,242 [INFO    ] [werkzeug            ] [Thread-425 (process_request_thread)] --- 127.0.0.1 - - [22/Dec/2025 01:12:53] "GET /files/output/naive_bayes_results/confusion_matrix.png HTTP/1.1" 200 -
2025-12-22 01:12:53,243 [INFO    ] [werkzeug            ] [Thread-426 (process_request_thread)] --- 127.0.0.1 - - [22/Dec/2025 01:12:53] "[36mGET /files/output/naive_bayes_results/roc_curves.png HTTP/1.1[0m" 304 -
2025-12-22 01:12:53,265 [INFO    ] [werkzeug            ] [Thread-427 (process_request_thread)] --- 127.0.0.1 - - [22/Dec/2025 01:12:53] "[36mGET /files/output/aco_results/aco_impact_zones.html HTTP/1.1[0m" 304 -
2025-12-22 01:12:53,271 [INFO    ] [werkzeug            ] [Thread-428 (process_request_thread)] --- 127.0.0.1 - - [22/Dec/2025 01:12:53] "GET /files/output/ga_results/ga_path_map.html HTTP/1.1" 200 -
2025-12-22 01:12:53,274 [INFO    ] [werkzeug            ] [Thread-429 (process_request_thread)] --- 127.0.0.1 - - [22/Dec/2025 01:12:53] "GET /files/output/cnn_results/cnn_prediction_map.html HTTP/1.1" 200 -
2025-12-22 01:13:11,544 [INFO    ] [VolcanoAiPipeline   ] [MainThread] --- Monitoring dihentikan. Melakukan penyimpanan akhir...
2025-12-22 01:13:11,548 [INFO    ] [root                ] [MainThread] --- [BUFFER SAVED] output/realtime/processed.csv
2025-12-22 01:13:11,548 [INFO    ] [VolcanoAiPipeline   ] [MainThread] --- Penyimpanan buffer live selesai.
2025-12-22 01:13:11,549 [INFO    ] [VolcanoAiPipeline   ] [MainThread] --- System shutdown. Uptime: 79.96s
