2025-12-18 14:00:37,731 [INFO    ] [root                ] [MainThread] --- Logging diinisialisasi. File: output\pipeline_20251218_140037.log
2025-12-18 14:00:37,735 [INFO    ] [root                ] [MainThread] --- ================================================================================
2025-12-18 14:00:37,736 [INFO    ] [root                ] [MainThread] ---                             VOLCANOAI SYSTEM STARTUP                            
2025-12-18 14:00:37,737 [INFO    ] [root                ] [MainThread] --- ================================================================================
2025-12-18 14:00:37,772 [WARNING ] [VolcanoAI.processing.realtime_data_stream] [MainThread] --- File MIROVA tidak ditemukan di path: output/realtime/mirova_log.txt
2025-12-18 14:00:37,774 [INFO    ] [VolcanoAiPipeline   ] [MainThread] --- Pipeline VolcanoAI 5.2.0-TITAN-EXCEL initialized successfully.
2025-12-18 14:00:37,775 [INFO    ] [VolcanoAiPipeline   ] [MainThread] --- Starting Pipeline Execution...
2025-12-18 14:00:37,777 [INFO    ] [VolcanoAiPipeline   ] [MainThread] --- 
========== PHASE 1: DATA LOADING ==========
2025-12-18 14:00:37,823 [INFO    ] [VolcanoAiPipeline   ] [MainThread] --- 
========== PHASE 2: FEATURE ENGINEERING ==========
2025-12-18 14:00:37,827 [INFO    ] [FeatureEngineer     ] [MainThread] --- >>> FE TRAIN: Initializing new preprocessor state.
2025-12-18 14:00:38,106 [INFO    ] [FeatureEngineer     ] [MainThread] --- Smart Classifier Trained.
2025-12-18 14:00:38,206 [WARNING ] [FeatureEngineer     ] [MainThread] --- Imputer Warning: Kolom berikut kosong total saat training -> diisi 0.0: ['OLI_total (W)', 'MSI_total (W)']
2025-12-18 14:00:38,959 [INFO    ] [VolcanoAI.processing.feature_engineer] [MainThread] --- Preprocessor state saved to: output\feature_preprocessor.pkl
2025-12-18 14:00:38,959 [INFO    ] [FeatureEngineer     ] [MainThread] --- Feature Engineering Complete. Shape: (1307, 55)
2025-12-18 14:00:38,960 [INFO    ] [FeatureEngineer     ] [MainThread] --- >>> FE TRAIN: Initializing new preprocessor state.
2025-12-18 14:00:39,053 [INFO    ] [FeatureEngineer     ] [MainThread] --- Smart Classifier Trained.
2025-12-18 14:00:39,083 [WARNING ] [FeatureEngineer     ] [MainThread] --- Imputer Warning: Kolom berikut kosong total saat training -> diisi 0.0: ['OLI_total (W)', 'MSI_total (W)']
2025-12-18 14:00:39,724 [INFO    ] [VolcanoAI.processing.feature_engineer] [MainThread] --- Preprocessor state saved to: output\feature_preprocessor.pkl
2025-12-18 14:00:39,724 [INFO    ] [FeatureEngineer     ] [MainThread] --- Feature Engineering Complete. Shape: (561, 55)
2025-12-18 14:00:39,726 [INFO    ] [VolcanoAiPipeline   ] [MainThread] --- 
========== PHASE 3: MODEL TRAINING ==========
2025-12-18 14:00:40,140 [INFO    ] [ACO_Engine_Master   ] [MainThread] --- [ACO] Melanjutkan dari brain state sebelumnya.
2025-12-18 14:00:59,998 [INFO    ] [ACO_Engine_Master   ] [MainThread] --- [ACO Iter-74] Stagnasi (41) → Smooth Reset Pheromone.
2025-12-18 14:01:12,062 [INFO    ] [ACO_Engine_Master   ] [MainThread] --- [ACO Iter-115] Stagnasi (41) → Smooth Reset Pheromone.
2025-12-18 14:01:22,652 [INFO    ] [ACO_Engine_Master   ] [MainThread] --- [ACO Iter-156] Stagnasi (41) → Smooth Reset Pheromone.
2025-12-18 14:01:33,145 [INFO    ] [ACO_Engine_Master   ] [MainThread] --- [ACO Iter-197] Stagnasi (41) → Smooth Reset Pheromone.
2025-12-18 14:01:37,744 [INFO    ] [ACO_Engine_Master   ] [MainThread] --- Visual ACO tersimpan: C:\Users\laygenda surya putra\Documents\JOKI\gempavulkanik\output\aco_results/aco_impact_zones.html
2025-12-18 14:01:37,748 [INFO    ] [ACO_Engine_Master   ] [MainThread] --- [ACO] Output GA tersimpan → C:\Users\laygenda surya putra\Documents\JOKI\gempavulkanik\output\aco_results\aco_to_ga.json
2025-12-18 14:01:37,749 [INFO    ] [ACO_Engine_Master   ] [MainThread] --- [ACO] Impact Center: {'center_lat': -8.038041360912885, 'center_lon': 113.31230398567061, 'lat_column_used': 'Lintang', 'lon_column_used': 'Bujur'} | Impact Area (km²): 204.41137201210987
2025-12-18 14:01:37,751 [INFO    ] [VolcanoAI.GaEngine  ] [MainThread] --- 
================================================================================
2025-12-18 14:01:37,751 [INFO    ] [VolcanoAI.GaEngine  ] [MainThread] ---                             === GA ENGINE START ===                             
2025-12-18 14:01:37,751 [INFO    ] [VolcanoAI.GaEngine  ] [MainThread] --- ================================================================================
2025-12-18 14:01:37,765 [INFO    ] [VolcanoAI.GaEngine  ] [MainThread] --- GA Evolution Start → Pop=80, Gen=150
2025-12-18 14:01:37,786 [INFO    ] [VolcanoAI.GaEngine  ] [MainThread] --- Resuming GA from checkpoint...
2025-12-18 14:01:37,808 [INFO    ] [VolcanoAI.GaEngine  ] [MainThread] --- GA vector JSON saved → output\ga_results\ga_vector.json
2025-12-18 14:02:03,244 [INFO    ] [VolcanoAI.GaEngine  ] [MainThread] --- GA Map saved → output\ga_results\ga_path_map.html
2025-12-18 14:02:08,697 [INFO    ] [VolcanoAI.GaEngine  ] [MainThread] --- Excel exported → output\ga_results\ga_report.xlsx
2025-12-18 14:02:08,707 [INFO    ] [VolcanoAI.GaEngine  ] [MainThread] ---                            === GA ENGINE COMPLETE ===                           
2025-12-18 14:02:08,709 [INFO    ] [VolcanoAI.LstmEngine] [MainThread] --- === LSTM V6.0 TITAN TRAINING START ===
2025-12-18 14:02:08,838 [INFO    ] [VolcanoAI.LstmEngine] [MainThread] --- Processing Cluster 0...
2025-12-18 14:02:08,860 [INFO    ] [VolcanoAI.LstmEngine] [MainThread] ---     [Tuner] Menjalankan 3 trial optimasi...
2025-12-18 14:02:11,025 [WARNING ] [tensorflow          ] [MainThread] --- From C:\Users\laygenda surya putra\Documents\JOKI\gempavulkanik\env\lib\site-packages\keras\src\backend\common\global_state.py:82: The name tf.reset_default_graph is deprecated. Please use tf.compat.v1.reset_default_graph instead.

2025-12-18 14:02:12,231 [INFO    ] [VolcanoAI.LstmEngine] [MainThread] --- Model LSTM berhasil dikompilasi (Standard MAE). Input: 30x6
2025-12-18 14:02:28,911 [INFO    ] [VolcanoAI.LstmEngine] [MainThread] --- Model LSTM berhasil dikompilasi (Standard MAE). Input: 30x6
2025-12-18 14:02:51,846 [INFO    ] [VolcanoAI.LstmEngine] [MainThread] --- Model LSTM berhasil dikompilasi (Standard MAE). Input: 30x6
2025-12-18 14:03:08,557 [INFO    ] [VolcanoAI.LstmEngine] [MainThread] ---     [Tuner] Parameter Terbaik: {'latent_dim': 64, 'learning_rate': 5e-05, 'dropout_rate': 0.1} (Loss: 0.5261)
2025-12-18 14:03:08,984 [INFO    ] [VolcanoAI.LstmEngine] [MainThread] --- Model LSTM berhasil dikompilasi (Standard MAE). Input: 30x6
2025-12-18 14:03:50,575 [INFO    ] [VolcanoAI.LstmEngine] [MainThread] --- [Vault] Model Cluster 0 berhasil dimuat.
2025-12-18 14:03:55,000 [INFO    ] [VolcanoAI_CNN       ] [MainThread] --- === MEMULAI CNN TRAINING PIPELINE V5.0 (TITAN) ===
2025-12-18 14:03:55,006 [INFO    ] [VolcanoAI_CNN       ] [MainThread] --- 
>>> Training CNN Cluster 0
2025-12-18 14:03:55,192 [INFO    ] [VolcanoAI.LstmEngine] [MainThread] --- [Vault] Model Cluster 0 berhasil dimuat.
2025-12-18 14:03:58,457 [INFO    ] [VolcanoAI_CNN       ] [MainThread] ---     [CNN Tuner] Memulai 2 trial...
2025-12-18 14:03:58,469 [WARNING ] [tensorflow          ] [MainThread] --- From C:\Users\laygenda surya putra\Documents\JOKI\gempavulkanik\env\lib\site-packages\keras\src\backend\common\global_state.py:82: The name tf.reset_default_graph is deprecated. Please use tf.compat.v1.reset_default_graph instead.

2025-12-18 14:06:09,902 [INFO    ] [VolcanoAI_CNN       ] [MainThread] ---     [CNN Tuner] Terbaik: {'base_filters': 16, 'learning_rate': 0.001, 'dropout': 0.1} (Loss: 0.3369)
2025-12-18 14:06:15,080 [INFO    ] [VolcanoAiPipeline   ] [MainThread] --- System shutdown. Uptime: 337.31s
