2025-12-28 19:21:29,388 [INFO    ] [root                ] [MainThread] --- Logging diinisialisasi. File: output\pipeline_20251228_192129.log
2025-12-28 19:21:29,388 [INFO    ] [root                ] [MainThread] --- ================================================================================
2025-12-28 19:21:29,397 [INFO    ] [root                ] [MainThread] ---                             VOLCANOAI SYSTEM STARTUP                            
2025-12-28 19:21:29,397 [INFO    ] [root                ] [MainThread] --- ================================================================================
2025-12-28 19:21:29,401 [INFO    ] [root                ] [MainThread] --- [Dashboard] Starting Flask server in background thread (monitoring enabled)...
2025-12-28 19:21:29,411 [INFO    ] [RealtimeSensorManager] [MainThread] --- [MIROVA] Menggunakan log terbaru: output/realtime\mirova_log_20251003-094000.txt
2025-12-28 19:21:29,412 [INFO    ] [VolcanoAiPipeline   ] [MainThread] --- Pipeline VolcanoAI 5.2.0-TITAN-EXCEL initialized successfully.
2025-12-28 19:21:29,412 [INFO    ] [VolcanoAiPipeline   ] [MainThread] --- Starting Pipeline Execution...
2025-12-28 19:21:29,412 [INFO    ] [VolcanoAiPipeline   ] [MainThread] --- 
========== PHASE 1: DATA LOADING ==========
2025-12-28 19:21:29,467 [INFO    ] [VolcanoAiPipeline   ] [MainThread] --- 
========== PHASE 2: FEATURE ENGINEERING ==========
2025-12-28 19:21:29,519 [INFO    ] [FeatureEngineer     ] [MainThread] --- >>> FE TRAIN: Initializing new preprocessor state.
2025-12-28 19:21:29,643 [INFO    ] [FeatureEngineer     ] [MainThread] --- Smart Classifier Trained.
2025-12-28 19:21:29,682 [WARNING ] [FeatureEngineer     ] [MainThread] --- Imputer Warning: Kolom berikut kosong total saat training -> diisi 0.0: ['OLI_total (W)', 'MSI_total (W)']
2025-12-28 19:21:30,049 [INFO    ] [werkzeug            ] [Thread-1 (_run)] --- [31m[1mWARNING: This is a development server. Do not use it in a production deployment. Use a production WSGI server instead.[0m
 * Running on http://127.0.0.1:5000
2025-12-28 19:21:30,049 [INFO    ] [werkzeug            ] [Thread-1 (_run)] --- [33mPress CTRL+C to quit[0m
2025-12-28 19:21:30,457 [INFO    ] [VolcanoAI.processing.feature_engineer] [MainThread] --- Preprocessor state saved to: output\feature_preprocessor.pkl
2025-12-28 19:21:30,457 [INFO    ] [FeatureEngineer     ] [MainThread] --- Feature Engineering Complete. Shape: (21, 60)
2025-12-28 19:21:30,480 [INFO    ] [FeatureEngineer     ] [MainThread] --- >>> FE TRAIN: Initializing new preprocessor state.
2025-12-28 19:21:30,588 [INFO    ] [FeatureEngineer     ] [MainThread] --- Smart Classifier Trained.
2025-12-28 19:21:30,645 [INFO    ] [werkzeug            ] [Thread-206 (process_request_thread)] --- 127.0.0.1 - - [28/Dec/2025 19:21:30] "GET / HTTP/1.1" 200 -
2025-12-28 19:21:30,991 [INFO    ] [werkzeug            ] [Thread-210 (process_request_thread)] --- 127.0.0.1 - - [28/Dec/2025 19:21:30] "[36mGET /files/output/naive_bayes_results/roc_curves.png HTTP/1.1[0m" 304 -
2025-12-28 19:21:30,998 [INFO    ] [werkzeug            ] [Thread-207 (process_request_thread)] --- 127.0.0.1 - - [28/Dec/2025 19:21:30] "[36mGET /files/output/naive_bayes_results/confusion_matrix.png HTTP/1.1[0m" 304 -
2025-12-28 19:21:31,083 [INFO    ] [werkzeug            ] [Thread-213 (process_request_thread)] --- 127.0.0.1 - - [28/Dec/2025 19:21:31] "[36mGET /files/output/cnn_results/cnn_prediction_map.html HTTP/1.1[0m" 304 -
2025-12-28 19:21:31,093 [INFO    ] [werkzeug            ] [Thread-211 (process_request_thread)] --- 127.0.0.1 - - [28/Dec/2025 19:21:31] "[36mGET /files/output/aco_results/aco_impact_zones.html HTTP/1.1[0m" 304 -
2025-12-28 19:21:31,093 [INFO    ] [werkzeug            ] [Thread-212 (process_request_thread)] --- 127.0.0.1 - - [28/Dec/2025 19:21:31] "[36mGET /files/output/ga_results/ga_path_map.html HTTP/1.1[0m" 304 -
2025-12-28 19:21:33,497 [WARNING ] [FeatureEngineer     ] [MainThread] --- Imputer Warning: Kolom berikut kosong total saat training -> diisi 0.0: ['OLI_total (W)', 'MSI_total (W)']
2025-12-28 19:21:33,951 [INFO    ] [VolcanoAI.processing.feature_engineer] [MainThread] --- Preprocessor state saved to: output\feature_preprocessor.pkl
2025-12-28 19:21:33,952 [INFO    ] [FeatureEngineer     ] [MainThread] --- Feature Engineering Complete. Shape: (9, 60)
2025-12-28 19:21:33,954 [INFO    ] [VolcanoAiPipeline   ] [MainThread] --- 
========== PHASE 3: MODEL TRAINING ==========
2025-12-28 19:21:38,529 [INFO    ] [ACO_Engine_Master   ] [MainThread] --- [ACO Iter-55] Stagnasi (41) → Smooth Reset Pheromone.
2025-12-28 19:21:41,410 [INFO    ] [ACO_Engine_Master   ] [MainThread] --- [ACO Iter-96] Stagnasi (41) → Smooth Reset Pheromone.
2025-12-28 19:21:44,399 [INFO    ] [ACO_Engine_Master   ] [MainThread] --- [ACO Iter-137] Stagnasi (41) → Smooth Reset Pheromone.
2025-12-28 19:21:47,341 [INFO    ] [ACO_Engine_Master   ] [MainThread] --- [ACO Iter-178] Stagnasi (41) → Smooth Reset Pheromone.
2025-12-28 19:21:48,859 [INFO    ] [ACO_Engine_Master   ] [MainThread] --- [ACO] Output GA tersimpan → C:\Users\USER\Downloads\Earthquake_Volcan\Earthquake_Volcano\output\aco_results\aco_to_ga.json
2025-12-28 19:21:49,240 [INFO    ] [ACO_Engine_Master   ] [MainThread] --- [ACO] Visual ACO tersimpan → C:\Users\USER\Downloads\Earthquake_Volcan\Earthquake_Volcano\output\aco_results/aco_impact_zones.html
2025-12-28 19:21:49,240 [INFO    ] [VolcanoAI.GaEngine  ] [MainThread] --- 
================================================================================
2025-12-28 19:21:49,241 [INFO    ] [VolcanoAI.GaEngine  ] [MainThread] ---                             === GA ENGINE START ===                             
2025-12-28 19:21:49,242 [INFO    ] [VolcanoAI.GaEngine  ] [MainThread] --- ================================================================================
2025-12-28 19:21:49,248 [INFO    ] [VolcanoAI.GaEngine  ] [MainThread] --- GA Evolution Start → Pop=80, Gen=150
2025-12-28 19:21:49,254 [INFO    ] [VolcanoAI.GaEngine  ] [MainThread] --- Resuming GA from checkpoint...
2025-12-28 19:21:49,285 [INFO    ] [VolcanoAI.GaEngine  ] [MainThread] --- [GA] next_event berhasil ditulis ke output\aco_results\aco_to_ga.json (valid=True)
2025-12-28 19:21:49,287 [INFO    ] [VolcanoAI.GaEngine  ] [MainThread] --- GA vector JSON saved → output\ga_results\ga_vector.json
2025-12-28 19:21:49,397 [INFO    ] [VolcanoAI.GaEngine  ] [MainThread] --- GA Map saved → output\ga_results\ga_path_map.html
2025-12-28 19:21:49,512 [INFO    ] [VolcanoAI.GaEngine  ] [MainThread] --- Excel exported → output\ga_results\ga_report.xlsx
2025-12-28 19:21:49,515 [INFO    ] [VolcanoAI.GaEngine  ] [MainThread] ---                            === GA ENGINE COMPLETE ===                           
2025-12-28 19:21:49,516 [INFO    ] [VolcanoAI.LstmEngine] [MainThread] --- === LSTM V6.0 TITAN TRAINING START ===
2025-12-28 19:21:49,534 [INFO    ] [VolcanoAI.LstmEngine] [MainThread] --- Processing Cluster 0...
2025-12-28 19:21:49,540 [WARNING ] [VolcanoAI.LstmEngine] [MainThread] --- Sample c0 terlalu sedikit (0). Skip training.
2025-12-28 19:21:49,994 [INFO    ] [VolcanoAI.LstmEngine] [MainThread] --- [Vault] Model Cluster 0 berhasil dimuat.
2025-12-28 19:21:50,010 [INFO    ] [VolcanoAI.LstmEngine] [MainThread] --- [LSTM] Saved CSV (overwrite-safe): master=output\lstm_results\lstm_records_2y_20251228.csv, recent=output\lstm_results\lstm_recent_15d_20251228.csv, anomalies=output\lstm_results\lstm_anomalies_20251228.csv
2025-12-28 19:21:50,010 [INFO    ] [VolcanoAI_CNN       ] [MainThread] --- === MEMULAI CNN TRAINING PIPELINE V5.0 (TITAN) ===
2025-12-28 19:21:50,010 [INFO    ] [VolcanoAI_CNN       ] [MainThread] --- 
>>> Training CNN Cluster 0
2025-12-28 19:21:50,195 [INFO    ] [VolcanoAI.LstmEngine] [MainThread] --- [Vault] Model Cluster 0 berhasil dimuat.
2025-12-28 19:21:50,196 [WARNING ] [VolcanoAI_CNN       ] [MainThread] --- Skip c0: Gagal get LSTM features (mungkin data kurang).
2025-12-28 19:21:50,980 [INFO    ] [VolcanoAI_CNN       ] [MainThread] --- [CNN] Loaded model for cluster 0 from disk.
2025-12-28 19:21:51,140 [INFO    ] [VolcanoAI.LstmEngine] [MainThread] --- [Vault] Model Cluster 0 berhasil dimuat.
2025-12-28 19:21:51,141 [WARNING ] [VolcanoAI_CNN       ] [MainThread] --- [CNN] Skip c0: no LSTM features — applying fallback area.
2025-12-28 19:21:51,145 [INFO    ] [VolcanoAiPipeline   ] [MainThread] --- ✅ CNN latest overwritten: output\cnn_results\results\cnn_predictions_latest.csv
2025-12-28 19:21:51,150 [INFO    ] [VolcanoAI.postprocess.cnn_csv_to_json] [MainThread] --- ✅ CNN JSON written: output\cnn_results\cnn_predictions_latest.json
2025-12-28 19:21:51,151 [INFO    ] [VolcanoAiPipeline   ] [MainThread] --- ✅ CNN JSON generated: output\cnn_results\cnn_predictions_latest.json
2025-12-28 19:21:51,160 [INFO    ] [VolcanoAI.engines.cnn_map_generator] [MainThread] --- CNNMapGenerator: map saved -> output\cnn_results\maps\cnn_prediction_map.html
2025-12-28 19:21:51,160 [INFO    ] [VolcanoAiPipeline   ] [MainThread] --- 🗺️ CNN map generated: output\cnn_results\maps\cnn_prediction_map.html
2025-12-28 19:21:51,173 [INFO    ] [VolcanoAiPipeline   ] [MainThread] ---  CNN archive saved: output\cnn_results\results\cnn_predictions_20251228_192151.csv
2025-12-28 19:21:51,175 [CRITICAL] [PipelineGuard       ] [MainThread] --- CRASH di _run_training_flow: 'tuple' object is not callable
2025-12-28 19:21:51,177 [CRITICAL] [VolcanoAiPipeline   ] [MainThread] --- PIPELINE FAILED: 'tuple' object is not callable
Traceback (most recent call last):
  File "C:\Users\USER\Downloads\Earthquake_Volcan\Earthquake_Volcano\main.py", line 642, in run
    self._run_training_flow() # Panggil fungsi untuk menjalankan alur pelatihan model
  File "C:\Users\USER\Downloads\Earthquake_Volcan\Earthquake_Volcano\main.py", line 102, in wrapper
    raise e
  File "C:\Users\USER\Downloads\Earthquake_Volcan\Earthquake_Volcano\main.py", line 95, in wrapper
    return func(*args, **kwargs) # coba jalankan fungsi asli yang dilindungi
  File "C:\Users\USER\Downloads\Earthquake_Volcan\Earthquake_Volcano\main.py", line 400, in _run_training_flow
    self.nb_engine.train(df_processed) # Latih engine Naive Bayes pada data yang sudah di-FE
  File "C:\Users\USER\Downloads\Earthquake_Volcan\Earthquake_Volcano\VolcanoAI\engines\naive_bayes_engine.py", line 295, in train
    X_processed = self.preprocessor.fit_transform(df_train, y_encoded)  # preprocessing fitur
  File "C:\Users\USER\Downloads\Earthquake_Volcan\Earthquake_Volcano\VolcanoAI\engines\naive_bayes_engine.py", line 138, in fit_transform
    self.fit(df, target)  # fit
  File "C:\Users\USER\Downloads\Earthquake_Volcan\Earthquake_Volcano\VolcanoAI\engines\naive_bayes_engine.py", line 85, in fit
    ("scaler", StandardScaler())
TypeError: 'tuple' object is not callable
2025-12-28 19:21:51,178 [INFO    ] [VolcanoAiPipeline   ] [MainThread] --- System shutdown. Uptime: 21.77s
