2025-12-10 20:38:18,524 [INFO    ] [root                ] [MainThread] --- Logging diinisialisasi. File: output\pipeline_20251210_203818.log
2025-12-10 20:38:18,525 [INFO    ] [root                ] [MainThread] --- ================================================================================
2025-12-10 20:38:18,525 [INFO    ] [root                ] [MainThread] ---                             VOLCANOAI SYSTEM STARTUP                            
2025-12-10 20:38:18,526 [INFO    ] [root                ] [MainThread] --- ================================================================================
2025-12-10 20:38:18,538 [INFO    ] [VolcanoAiPipeline   ] [MainThread] --- Pipeline VolcanoAI 5.2.0-TITAN-EXCEL initialized successfully.
2025-12-10 20:38:18,539 [INFO    ] [VolcanoAiPipeline   ] [MainThread] --- Starting Pipeline Execution...
2025-12-10 20:38:18,539 [INFO    ] [VolcanoAiPipeline   ] [MainThread] --- 
========== PHASE 1: DATA LOADING ==========
2025-12-10 20:38:18,540 [INFO    ] [SystemMonitor       ] [MainThread] --- RAM Usage: 76.9%
2025-12-10 20:38:18,559 [INFO    ] [VolcanoAiPipeline   ] [MainThread] --- 
========== PHASE 2: FEATURE ENGINEERING ==========
2025-12-10 20:38:18,573 [INFO    ] [FeatureEngineer     ] [MainThread] --- >>> FE TRAIN: Initializing new preprocessor state.
2025-12-10 20:38:18,735 [INFO    ] [FeatureEngineer     ] [MainThread] --- Smart Classifier Trained.
2025-12-10 20:38:18,789 [WARNING ] [FeatureEngineer     ] [MainThread] --- Imputer Warning: kolom kosong total → diisi 0: ['OLI_total (W)', 'MSI_total (W)']
2025-12-10 20:38:18,849 [INFO    ] [VolcanoAI.FeatureEngineer] [MainThread] --- Preprocessor state saved to: output/feature_preprocessor.pkl
2025-12-10 20:38:18,850 [INFO    ] [FeatureEngineer     ] [MainThread] --- Feature Engineering Complete. Shape: (1307, 55)
2025-12-10 20:38:18,851 [INFO    ] [FeatureEngineer     ] [MainThread] --- >>> FE TRAIN: Initializing new preprocessor state.
2025-12-10 20:38:19,013 [INFO    ] [FeatureEngineer     ] [MainThread] --- Smart Classifier Trained.
2025-12-10 20:38:19,041 [WARNING ] [FeatureEngineer     ] [MainThread] --- Imputer Warning: kolom kosong total → diisi 0: ['OLI_total (W)', 'MSI_total (W)']
2025-12-10 20:38:19,096 [INFO    ] [VolcanoAI.FeatureEngineer] [MainThread] --- Preprocessor state saved to: output/feature_preprocessor.pkl
2025-12-10 20:38:19,096 [INFO    ] [FeatureEngineer     ] [MainThread] --- Feature Engineering Complete. Shape: (561, 55)
2025-12-10 20:38:19,105 [INFO    ] [VolcanoAiPipeline   ] [MainThread] --- 
========== PHASE 3: MODEL TRAINING ==========
2025-12-10 20:38:32,503 [INFO    ] [ACO_Engine_Master   ] [MainThread] --- [ACO] Stagnasi terdeteksi → smooth reset pheromone.
2025-12-10 20:38:43,106 [INFO    ] [ACO_Engine_Master   ] [MainThread] --- [ACO] Stagnasi terdeteksi → smooth reset pheromone.
2025-12-10 20:38:54,627 [INFO    ] [ACO_Engine_Master   ] [MainThread] --- [ACO] Stagnasi terdeteksi → smooth reset pheromone.
2025-12-10 20:39:04,095 [INFO    ] [ACO_Engine_Master   ] [MainThread] --- [ACO] Stagnasi terdeteksi → smooth reset pheromone.
2025-12-10 20:39:09,449 [WARNING ] [ACO_Engine_Master   ] [MainThread] --- [ACO] Dataframe kosong atau kurang kolom untuk visualisasi.
2025-12-10 20:39:09,449 [INFO    ] [VolcanoAI.GaEngine  ] [MainThread] --- 
================================================================================
2025-12-10 20:39:09,450 [INFO    ] [VolcanoAI.GaEngine  ] [MainThread] ---                             === GA ENGINE START ===                             
2025-12-10 20:39:09,450 [INFO    ] [VolcanoAI.GaEngine  ] [MainThread] --- ================================================================================
2025-12-10 20:39:09,460 [INFO    ] [VolcanoAI.GaEngine  ] [MainThread] --- GA Evolution Start → Pop=80, Gen=150
2025-12-10 20:39:09,471 [INFO    ] [VolcanoAI.GaEngine  ] [MainThread] --- Resuming GA from checkpoint...
2025-12-10 20:39:31,270 [INFO    ] [VolcanoAI.GaEngine  ] [MainThread] --- GA Map saved → output\ga_results\ga_path_map.html
2025-12-10 20:39:36,909 [INFO    ] [VolcanoAI.GaEngine  ] [MainThread] --- Excel exported → output\ga_results\ga_report.xlsx
2025-12-10 20:39:36,911 [INFO    ] [VolcanoAI.GaEngine  ] [MainThread] ---                            === GA ENGINE COMPLETE ===                           
2025-12-10 20:39:36,914 [INFO    ] [VolcanoAI.LstmEngine] [MainThread] --- === LSTM V6.0 TITAN TRAINING START ===
2025-12-10 20:39:36,964 [INFO    ] [VolcanoAI.LstmEngine] [MainThread] --- Processing Cluster 0...
2025-12-10 20:39:36,978 [INFO    ] [VolcanoAI.LstmEngine] [MainThread] ---     [Tuner] Menjalankan 3 trial optimasi...
2025-12-10 20:39:37,687 [WARNING ] [tensorflow          ] [MainThread] --- From C:\Program Files\Python311\Lib\site-packages\keras\src\backend\common\global_state.py:82: The name tf.reset_default_graph is deprecated. Please use tf.compat.v1.reset_default_graph instead.

2025-12-10 20:41:03,946 [INFO    ] [VolcanoAI.LstmEngine] [MainThread] ---     [Tuner] Parameter Terbaik: {'latent_dim': 256, 'learning_rate': 0.001, 'dropout_rate': 0.3} (Loss: 0.0748)
2025-12-10 20:43:36,456 [INFO    ] [VolcanoAI_CNN       ] [MainThread] --- === MEMULAI CNN TRAINING PIPELINE V5.0 (TITAN) ===
2025-12-10 20:43:36,456 [INFO    ] [VolcanoAI_CNN       ] [MainThread] --- 
>>> Training CNN Cluster 0
2025-12-10 20:43:40,465 [INFO    ] [VolcanoAI_CNN       ] [MainThread] ---     [CNN Tuner] Memulai 2 trial...
2025-12-10 20:43:40,507 [WARNING ] [tensorflow          ] [MainThread] --- From C:\Program Files\Python311\Lib\site-packages\keras\src\backend\common\global_state.py:82: The name tf.reset_default_graph is deprecated. Please use tf.compat.v1.reset_default_graph instead.

2025-12-10 20:45:53,401 [INFO    ] [VolcanoAI_CNN       ] [MainThread] ---     [CNN Tuner] Terbaik: {'base_filters': 32, 'learning_rate': 0.001, 'dropout': 0.1} (Loss: 0.1406)
2025-12-10 20:53:55,828 [INFO    ] [VolcanoAI.NaiveBayesEngine] [MainThread] --- Fitur Terpilih (7): ['Magnitudo', 'Kedalaman (km)', 'isTektonik', 'R3_final', 'PheromoneScore', 'luas_cnn', 'lstm_prediction']
2025-12-10 20:53:55,866 [INFO    ] [VolcanoAI.NaiveBayesEngine] [MainThread] --- Training selesai. Model: CalibratedClassifierCV
2025-12-10 20:53:55,868 [INFO    ] [VolcanoAiPipeline   ] [MainThread] --- 
========== PHASE 4: MODEL EVALUATION ==========
2025-12-10 20:54:03,331 [INFO    ] [ACO_Engine_Master   ] [MainThread] --- [ACO] Stagnasi terdeteksi → smooth reset pheromone.
2025-12-10 20:54:17,443 [INFO    ] [ACO_Engine_Master   ] [MainThread] --- [ACO] Stagnasi terdeteksi → smooth reset pheromone.
2025-12-10 20:54:24,061 [INFO    ] [ACO_Engine_Master   ] [MainThread] --- [ACO] Stagnasi terdeteksi → smooth reset pheromone.
2025-12-10 20:54:27,261 [WARNING ] [ACO_Engine_Master   ] [MainThread] --- [ACO] Dataframe kosong atau kurang kolom untuk visualisasi.
2025-12-10 20:54:33,963 [INFO    ] [VolcanoAI.NaiveBayesEngine] [MainThread] --- 
=== Laporan Klasifikasi ===
              precision    recall  f1-score   support

      Ringan       0.92      0.83      0.88       109
      Sedang       0.78      0.85      0.82       211
       Parah       0.90      0.87      0.88       241

    accuracy                           0.86       561
   macro avg       0.87      0.85      0.86       561
weighted avg       0.86      0.86      0.86       561

2025-12-10 20:54:34,637 [INFO    ] [VolcanoAI.Reporter  ] [MainThread] --- Generating Dual Dashboard HTML...
2025-12-10 20:54:35,724 [INFO    ] [VolcanoAI.Reporter  ] [MainThread] --- Dashboard Updated: output\VolcanoAI_Analysis_STATIC.html
2025-12-10 20:54:35,726 [INFO    ] [VolcanoAI.Reporter  ] [MainThread] --- Dashboard Updated: output\VolcanoAI_Monitor_LIVE.html
2025-12-10 20:54:35,727 [INFO    ] [VolcanoAI.Reporter  ] [MainThread] --- ✅ Dual Dashboard Updated. Files: LIVE, STATIC.
2025-12-10 20:54:35,727 [INFO    ] [VolcanoAiPipeline   ] [MainThread] --- 
========== PHASE 5: LIVE MONITORING ==========
2025-12-10 20:54:35,728 [INFO    ] [VolcanoAI.LstmEngine] [MainThread] --- Loading 1307 rows to buffer.
2025-12-10 20:54:35,942 [INFO    ] [RealtimeSensorManager] [MainThread] --- [BMKG] Events: 8
2025-12-10 20:54:35,943 [INFO    ] [VolcanoAiPipeline   ] [MainThread] --- 🚨 GEMPA BARU TERDETEKSI: 8
2025-12-10 20:54:35,950 [INFO    ] [FeatureEngineer     ] [MainThread] --- >>> FE INFERENCE: Using existing preprocessor state.
2025-12-10 20:54:35,972 [INFO    ] [FeatureEngineer     ] [MainThread] --- Smart Inference classified 8 unknown events.
2025-12-10 20:54:36,016 [INFO    ] [FeatureEngineer     ] [MainThread] --- Feature Engineering Complete. Shape: (98, 59)
2025-12-10 20:54:36,082 [INFO    ] [VolcanoAI.NaiveBayesEngine] [MainThread] --- 
=== Laporan Klasifikasi ===
              precision    recall  f1-score   support

      Ringan       0.00      0.00      0.00       0.0
      Sedang       0.00      0.00      0.00       8.0
       Parah       0.00      0.00      0.00       0.0

    accuracy                           0.00       8.0
   macro avg       0.00      0.00      0.00       8.0
weighted avg       0.00      0.00      0.00       8.0

2025-12-10 20:59:37,378 [INFO    ] [RealtimeSensorManager] [MainThread] --- [BMKG] Events: 8
2025-12-10 20:59:37,379 [INFO    ] [VolcanoAiPipeline   ] [MainThread] --- 🚨 GEMPA BARU TERDETEKSI: 8
2025-12-10 20:59:37,383 [INFO    ] [FeatureEngineer     ] [MainThread] --- >>> FE INFERENCE: Using existing preprocessor state.
2025-12-10 20:59:37,399 [INFO    ] [FeatureEngineer     ] [MainThread] --- Smart Inference classified 16 unknown events.
2025-12-10 20:59:37,438 [INFO    ] [FeatureEngineer     ] [MainThread] --- Feature Engineering Complete. Shape: (98, 68)
2025-12-10 20:59:37,494 [INFO    ] [VolcanoAI.NaiveBayesEngine] [MainThread] --- 
=== Laporan Klasifikasi ===
              precision    recall  f1-score   support

      Ringan       0.00      0.00      0.00       0.0
      Sedang       0.00      0.00      0.00       4.0
       Parah       0.00      0.00      0.00       0.0

    accuracy                           0.00       4.0
   macro avg       0.00      0.00      0.00       4.0
weighted avg       0.00      0.00      0.00       4.0

2025-12-10 21:04:41,356 [INFO    ] [RealtimeSensorManager] [MainThread] --- [BMKG] Events: 8
2025-12-10 21:04:41,357 [INFO    ] [VolcanoAiPipeline   ] [MainThread] --- 🚨 GEMPA BARU TERDETEKSI: 8
2025-12-10 21:04:41,361 [INFO    ] [FeatureEngineer     ] [MainThread] --- >>> FE INFERENCE: Using existing preprocessor state.
2025-12-10 21:04:41,379 [INFO    ] [FeatureEngineer     ] [MainThread] --- Smart Inference classified 16 unknown events.
2025-12-10 21:04:41,424 [INFO    ] [FeatureEngineer     ] [MainThread] --- Feature Engineering Complete. Shape: (98, 68)
2025-12-10 21:04:41,493 [INFO    ] [VolcanoAI.NaiveBayesEngine] [MainThread] --- 
=== Laporan Klasifikasi ===
              precision    recall  f1-score   support

      Ringan       0.00      0.00      0.00       0.0
      Sedang       0.00      0.00      0.00       4.0
       Parah       0.00      0.00      0.00       0.0

    accuracy                           0.00       4.0
   macro avg       0.00      0.00      0.00       4.0
weighted avg       0.00      0.00      0.00       4.0

2025-12-10 21:09:43,504 [INFO    ] [RealtimeSensorManager] [MainThread] --- [BMKG] Events: 8
2025-12-10 21:09:43,505 [INFO    ] [VolcanoAiPipeline   ] [MainThread] --- 🚨 GEMPA BARU TERDETEKSI: 8
2025-12-10 21:09:43,509 [INFO    ] [FeatureEngineer     ] [MainThread] --- >>> FE INFERENCE: Using existing preprocessor state.
2025-12-10 21:09:43,526 [INFO    ] [FeatureEngineer     ] [MainThread] --- Smart Inference classified 16 unknown events.
2025-12-10 21:09:43,564 [INFO    ] [FeatureEngineer     ] [MainThread] --- Feature Engineering Complete. Shape: (98, 68)
2025-12-10 21:09:43,623 [INFO    ] [VolcanoAI.NaiveBayesEngine] [MainThread] --- 
=== Laporan Klasifikasi ===
              precision    recall  f1-score   support

      Ringan       0.00      0.00      0.00       0.0
      Sedang       0.00      0.00      0.00       4.0
       Parah       0.00      0.00      0.00       0.0

    accuracy                           0.00       4.0
   macro avg       0.00      0.00      0.00       4.0
weighted avg       0.00      0.00      0.00       4.0

2025-12-10 21:14:44,535 [INFO    ] [RealtimeSensorManager] [MainThread] --- [BMKG] Events: 8
2025-12-10 21:14:44,535 [INFO    ] [VolcanoAiPipeline   ] [MainThread] --- 🚨 GEMPA BARU TERDETEKSI: 8
2025-12-10 21:14:44,539 [INFO    ] [FeatureEngineer     ] [MainThread] --- >>> FE INFERENCE: Using existing preprocessor state.
2025-12-10 21:14:44,556 [INFO    ] [FeatureEngineer     ] [MainThread] --- Smart Inference classified 16 unknown events.
2025-12-10 21:14:44,596 [INFO    ] [FeatureEngineer     ] [MainThread] --- Feature Engineering Complete. Shape: (98, 68)
2025-12-10 21:14:44,654 [INFO    ] [VolcanoAI.NaiveBayesEngine] [MainThread] --- 
=== Laporan Klasifikasi ===
              precision    recall  f1-score   support

      Ringan       0.00      0.00      0.00       0.0
      Sedang       0.00      0.00      0.00       4.0
       Parah       0.00      0.00      0.00       0.0

    accuracy                           0.00       4.0
   macro avg       0.00      0.00      0.00       4.0
weighted avg       0.00      0.00      0.00       4.0

2025-12-10 21:19:56,418 [INFO    ] [RealtimeSensorManager] [MainThread] --- [BMKG] Events: 8
2025-12-10 21:19:56,420 [INFO    ] [VolcanoAiPipeline   ] [MainThread] --- 🚨 GEMPA BARU TERDETEKSI: 8
2025-12-10 21:19:56,424 [INFO    ] [FeatureEngineer     ] [MainThread] --- >>> FE INFERENCE: Using existing preprocessor state.
2025-12-10 21:19:56,443 [INFO    ] [FeatureEngineer     ] [MainThread] --- Smart Inference classified 16 unknown events.
2025-12-10 21:19:56,490 [INFO    ] [FeatureEngineer     ] [MainThread] --- Feature Engineering Complete. Shape: (98, 68)
2025-12-10 21:19:56,557 [INFO    ] [VolcanoAI.NaiveBayesEngine] [MainThread] --- 
=== Laporan Klasifikasi ===
              precision    recall  f1-score   support

      Ringan       0.00      0.00      0.00       0.0
      Sedang       0.00      0.00      0.00       4.0
       Parah       0.00      0.00      0.00       0.0

    accuracy                           0.00       4.0
   macro avg       0.00      0.00      0.00       4.0
weighted avg       0.00      0.00      0.00       4.0

2025-12-10 21:24:57,844 [INFO    ] [RealtimeSensorManager] [MainThread] --- [BMKG] Events: 8
2025-12-10 21:24:57,845 [INFO    ] [VolcanoAiPipeline   ] [MainThread] --- 🚨 GEMPA BARU TERDETEKSI: 8
2025-12-10 21:24:57,849 [INFO    ] [FeatureEngineer     ] [MainThread] --- >>> FE INFERENCE: Using existing preprocessor state.
2025-12-10 21:24:57,891 [INFO    ] [FeatureEngineer     ] [MainThread] --- Smart Inference classified 16 unknown events.
2025-12-10 21:24:57,954 [INFO    ] [FeatureEngineer     ] [MainThread] --- Feature Engineering Complete. Shape: (98, 68)
2025-12-10 21:24:58,022 [INFO    ] [VolcanoAI.NaiveBayesEngine] [MainThread] --- 
=== Laporan Klasifikasi ===
              precision    recall  f1-score   support

      Ringan       0.00      0.00      0.00       0.0
      Sedang       0.00      0.00      0.00       4.0
       Parah       0.00      0.00      0.00       0.0

    accuracy                           0.00       4.0
   macro avg       0.00      0.00      0.00       4.0
weighted avg       0.00      0.00      0.00       4.0

2025-12-10 21:29:58,933 [INFO    ] [RealtimeSensorManager] [MainThread] --- [BMKG] Events: 8
2025-12-10 21:29:58,934 [INFO    ] [VolcanoAiPipeline   ] [MainThread] --- 🚨 GEMPA BARU TERDETEKSI: 8
2025-12-10 21:29:58,937 [INFO    ] [FeatureEngineer     ] [MainThread] --- >>> FE INFERENCE: Using existing preprocessor state.
2025-12-10 21:29:58,953 [INFO    ] [FeatureEngineer     ] [MainThread] --- Smart Inference classified 16 unknown events.
2025-12-10 21:29:58,992 [INFO    ] [FeatureEngineer     ] [MainThread] --- Feature Engineering Complete. Shape: (98, 68)
2025-12-10 21:29:59,050 [INFO    ] [VolcanoAI.NaiveBayesEngine] [MainThread] --- 
=== Laporan Klasifikasi ===
              precision    recall  f1-score   support

      Ringan       0.00      0.00      0.00       0.0
      Sedang       0.00      0.00      0.00       4.0
       Parah       0.00      0.00      0.00       0.0

    accuracy                           0.00       4.0
   macro avg       0.00      0.00      0.00       4.0
weighted avg       0.00      0.00      0.00       4.0

2025-12-10 21:34:59,852 [INFO    ] [RealtimeSensorManager] [MainThread] --- [BMKG] Events: 8
2025-12-10 21:34:59,854 [INFO    ] [VolcanoAiPipeline   ] [MainThread] --- 🚨 GEMPA BARU TERDETEKSI: 8
2025-12-10 21:34:59,860 [INFO    ] [FeatureEngineer     ] [MainThread] --- >>> FE INFERENCE: Using existing preprocessor state.
2025-12-10 21:34:59,882 [INFO    ] [FeatureEngineer     ] [MainThread] --- Smart Inference classified 16 unknown events.
2025-12-10 21:34:59,943 [INFO    ] [FeatureEngineer     ] [MainThread] --- Feature Engineering Complete. Shape: (98, 68)
2025-12-10 21:35:00,044 [INFO    ] [VolcanoAI.NaiveBayesEngine] [MainThread] --- 
=== Laporan Klasifikasi ===
              precision    recall  f1-score   support

      Ringan       0.00      0.00      0.00       0.0
      Sedang       0.00      0.00      0.00       4.0
       Parah       0.00      0.00      0.00       0.0

    accuracy                           0.00       4.0
   macro avg       0.00      0.00      0.00       4.0
weighted avg       0.00      0.00      0.00       4.0

2025-12-10 21:40:00,980 [INFO    ] [RealtimeSensorManager] [MainThread] --- [BMKG] Events: 8
2025-12-10 21:40:00,982 [INFO    ] [VolcanoAiPipeline   ] [MainThread] --- 🚨 GEMPA BARU TERDETEKSI: 8
2025-12-10 21:40:00,986 [INFO    ] [FeatureEngineer     ] [MainThread] --- >>> FE INFERENCE: Using existing preprocessor state.
2025-12-10 21:40:01,003 [INFO    ] [FeatureEngineer     ] [MainThread] --- Smart Inference classified 16 unknown events.
2025-12-10 21:40:01,040 [INFO    ] [FeatureEngineer     ] [MainThread] --- Feature Engineering Complete. Shape: (98, 68)
2025-12-10 21:40:01,103 [INFO    ] [VolcanoAI.NaiveBayesEngine] [MainThread] --- 
=== Laporan Klasifikasi ===
              precision    recall  f1-score   support

      Ringan       0.00      0.00      0.00       0.0
      Sedang       0.00      0.00      0.00       4.0
       Parah       0.00      0.00      0.00       0.0

    accuracy                           0.00       4.0
   macro avg       0.00      0.00      0.00       4.0
weighted avg       0.00      0.00      0.00       4.0

