2025-12-19 13:48:28,114 [INFO    ] [root                ] [MainThread] --- Logging diinisialisasi. File: output\pipeline_20251219_134828.log
2025-12-19 13:48:28,115 [INFO    ] [root                ] [MainThread] --- ================================================================================
2025-12-19 13:48:28,116 [INFO    ] [root                ] [MainThread] ---                             VOLCANOAI SYSTEM STARTUP                            
2025-12-19 13:48:28,116 [INFO    ] [root                ] [MainThread] --- ================================================================================
2025-12-19 13:48:28,139 [WARNING ] [VolcanoAI.processing.realtime_data_stream] [MainThread] --- File MIROVA tidak ditemukan di path: output/realtime/mirova_log.txt
2025-12-19 13:48:28,140 [INFO    ] [VolcanoAiPipeline   ] [MainThread] --- Pipeline VolcanoAI 5.2.0-TITAN-EXCEL initialized successfully.
2025-12-19 13:48:28,142 [INFO    ] [VolcanoAiPipeline   ] [MainThread] --- Starting Pipeline Execution...
2025-12-19 13:48:28,143 [INFO    ] [VolcanoAiPipeline   ] [MainThread] --- 
========== PHASE 1: DATA LOADING ==========
2025-12-19 13:48:28,226 [INFO    ] [VolcanoAiPipeline   ] [MainThread] --- 
========== PHASE 2: FEATURE ENGINEERING ==========
2025-12-19 13:48:28,260 [INFO    ] [FeatureEngineer     ] [MainThread] --- >>> FE TRAIN: Initializing new preprocessor state.
2025-12-19 13:48:28,651 [INFO    ] [FeatureEngineer     ] [MainThread] --- Smart Classifier Trained.
2025-12-19 13:48:28,763 [WARNING ] [FeatureEngineer     ] [MainThread] --- Imputer Warning: Kolom berikut kosong total saat training -> diisi 0.0: ['OLI_total (W)', 'MSI_total (W)']
2025-12-19 13:48:29,380 [INFO    ] [VolcanoAI.processing.feature_engineer] [MainThread] --- Preprocessor state saved to: output\feature_preprocessor.pkl
2025-12-19 13:48:29,381 [INFO    ] [FeatureEngineer     ] [MainThread] --- Feature Engineering Complete. Shape: (1307, 55)
2025-12-19 13:48:29,382 [INFO    ] [FeatureEngineer     ] [MainThread] --- >>> FE TRAIN: Initializing new preprocessor state.
2025-12-19 13:48:29,495 [INFO    ] [FeatureEngineer     ] [MainThread] --- Smart Classifier Trained.
2025-12-19 13:48:29,522 [WARNING ] [FeatureEngineer     ] [MainThread] --- Imputer Warning: Kolom berikut kosong total saat training -> diisi 0.0: ['OLI_total (W)', 'MSI_total (W)']
2025-12-19 13:48:30,135 [INFO    ] [VolcanoAI.processing.feature_engineer] [MainThread] --- Preprocessor state saved to: output\feature_preprocessor.pkl
2025-12-19 13:48:30,136 [INFO    ] [FeatureEngineer     ] [MainThread] --- Feature Engineering Complete. Shape: (561, 55)
2025-12-19 13:48:30,152 [INFO    ] [VolcanoAiPipeline   ] [MainThread] --- 
========== PHASE 3: MODEL TRAINING ==========
2025-12-19 13:48:48,187 [INFO    ] [ACO_Engine_Master   ] [MainThread] --- [ACO Iter-61] Stagnasi (41) → Smooth Reset Pheromone.
2025-12-19 13:48:58,935 [INFO    ] [ACO_Engine_Master   ] [MainThread] --- [ACO Iter-102] Stagnasi (41) → Smooth Reset Pheromone.
2025-12-19 13:49:09,872 [INFO    ] [ACO_Engine_Master   ] [MainThread] --- [ACO Iter-143] Stagnasi (41) → Smooth Reset Pheromone.
2025-12-19 13:49:21,095 [INFO    ] [ACO_Engine_Master   ] [MainThread] --- [ACO Iter-184] Stagnasi (41) → Smooth Reset Pheromone.
2025-12-19 13:49:29,225 [INFO    ] [ACO_Engine_Master   ] [MainThread] --- Visual ACO tersimpan: C:\Users\USER\Downloads\Earthquake_Volcan\Earthquake_Volcano\output\aco_results/aco_impact_zones.html
2025-12-19 13:49:29,230 [INFO    ] [ACO_Engine_Master   ] [MainThread] --- [ACO] Output GA tersimpan → C:\Users\USER\Downloads\Earthquake_Volcan\Earthquake_Volcano\output\aco_results\aco_to_ga.json
2025-12-19 13:49:29,232 [INFO    ] [ACO_Engine_Master   ] [MainThread] --- [ACO] Impact Center: {'center_lat': -8.038666244503519, 'center_lon': 113.3431373936828, 'lat_column_used': 'Lintang', 'lon_column_used': 'Bujur'} | Impact Area (km²): 198.8847205511255
2025-12-19 13:49:29,233 [INFO    ] [VolcanoAI.GaEngine  ] [MainThread] --- 
================================================================================
2025-12-19 13:49:29,235 [INFO    ] [VolcanoAI.GaEngine  ] [MainThread] ---                             === GA ENGINE START ===                             
2025-12-19 13:49:29,236 [INFO    ] [VolcanoAI.GaEngine  ] [MainThread] --- ================================================================================
2025-12-19 13:49:29,250 [INFO    ] [VolcanoAI.GaEngine  ] [MainThread] --- GA Evolution Start → Pop=80, Gen=150
2025-12-19 13:49:29,307 [INFO    ] [VolcanoAI.GaEngine  ] [MainThread] --- Resuming GA from checkpoint...
2025-12-19 13:49:29,340 [INFO    ] [VolcanoAI.GaEngine  ] [MainThread] --- GA vector JSON saved → output\ga_results\ga_vector.json
2025-12-19 13:49:46,030 [INFO    ] [VolcanoAI.GaEngine  ] [MainThread] --- GA Map saved → output\ga_results\ga_path_map.html
2025-12-19 13:49:50,608 [INFO    ] [VolcanoAI.GaEngine  ] [MainThread] --- Excel exported → output\ga_results\ga_report.xlsx
2025-12-19 13:49:50,610 [INFO    ] [VolcanoAI.GaEngine  ] [MainThread] ---                            === GA ENGINE COMPLETE ===                           
2025-12-19 13:49:50,611 [INFO    ] [VolcanoAI.LstmEngine] [MainThread] --- === LSTM V6.0 TITAN TRAINING START ===
2025-12-19 13:49:50,654 [INFO    ] [VolcanoAI.LstmEngine] [MainThread] --- Processing Cluster 0...
2025-12-19 13:49:50,672 [INFO    ] [VolcanoAI.LstmEngine] [MainThread] ---     [Tuner] Menjalankan 3 trial optimasi...
2025-12-19 13:49:52,088 [WARNING ] [tensorflow          ] [MainThread] --- From C:\Users\USER\Downloads\Earthquake_Volcan\Earthquake_Volcano\env\lib\site-packages\keras\src\backend\common\global_state.py:82: The name tf.reset_default_graph is deprecated. Please use tf.compat.v1.reset_default_graph instead.

2025-12-19 13:49:52,742 [INFO    ] [VolcanoAI.LstmEngine] [MainThread] --- Model LSTM berhasil dikompilasi (Standard MAE). Input: 30x6
2025-12-19 13:50:06,422 [INFO    ] [VolcanoAI.LstmEngine] [MainThread] --- Model LSTM berhasil dikompilasi (Standard MAE). Input: 30x6
2025-12-19 13:50:26,686 [INFO    ] [VolcanoAI.LstmEngine] [MainThread] --- Model LSTM berhasil dikompilasi (Standard MAE). Input: 30x6
2025-12-19 13:50:41,573 [INFO    ] [VolcanoAI.LstmEngine] [MainThread] ---     [Tuner] Parameter Terbaik: {'latent_dim': 64, 'learning_rate': 0.0001, 'dropout_rate': 0.1} (Loss: 0.5292)
2025-12-19 13:50:41,869 [INFO    ] [VolcanoAI.LstmEngine] [MainThread] --- Model LSTM berhasil dikompilasi (Standard MAE). Input: 30x6
2025-12-19 13:51:16,856 [INFO    ] [VolcanoAI.LstmEngine] [MainThread] --- [Vault] Model Cluster 0 berhasil dimuat.
2025-12-19 13:51:19,755 [INFO    ] [VolcanoAI.LstmEngine] [MainThread] --- [LSTM] Saved CSV (overwrite-safe): master=output\lstm_results\lstm_records_2y_20241230.csv, recent=output\lstm_results\lstm_recent_15d_20241230.csv, anomalies=output\lstm_results\lstm_anomalies_20241230.csv
2025-12-19 13:51:19,756 [INFO    ] [VolcanoAI_CNN       ] [MainThread] --- === MEMULAI CNN TRAINING PIPELINE V5.0 (TITAN) ===
2025-12-19 13:51:19,757 [INFO    ] [VolcanoAI_CNN       ] [MainThread] --- 
>>> Training CNN Cluster 0
2025-12-19 13:51:19,954 [INFO    ] [VolcanoAI.LstmEngine] [MainThread] --- [Vault] Model Cluster 0 berhasil dimuat.
2025-12-19 13:51:19,961 [WARNING ] [VolcanoAI_CNN       ] [MainThread] --- Skip c0: Gagal get LSTM features (mungkin data kurang).
2025-12-19 13:51:20,988 [INFO    ] [VolcanoAI.LstmEngine] [MainThread] --- [Vault] Model Cluster 0 berhasil dimuat.
2025-12-19 13:51:21,005 [INFO    ] [VolcanoAiPipeline   ] [MainThread] --- ✅ CNN latest overwritten: output\cnn_results\results\cnn_predictions_latest.csv
2025-12-19 13:51:21,082 [INFO    ] [VolcanoAI.postprocess.cnn_csv_to_json] [MainThread] --- ✅ CNN JSON written: output\cnn_results\cnn_predictions_latest.json
2025-12-19 13:51:21,083 [INFO    ] [VolcanoAiPipeline   ] [MainThread] --- ✅ CNN JSON updated for client
2025-12-19 13:51:21,091 [INFO    ] [VolcanoAiPipeline   ] [MainThread] ---  CNN archive saved: output\cnn_results\results\cnn_predictions_20251219_135121.csv
2025-12-19 13:51:21,141 [INFO    ] [VolcanoAI.NaiveBayesEngine] [MainThread] --- Fitur Terpilih (7): ['Magnitudo', 'Kedalaman (km)', 'isVulkanik', 'isTektonik', 'R3_final', 'PheromoneScore', 'lstm_prediction']
2025-12-19 13:51:23,448 [INFO    ] [VolcanoAI.NaiveBayesEngine] [MainThread] --- Training selesai. Model: CalibratedClassifierCV (Classes: ['Parah' 'Ringan' 'Sedang'])
2025-12-19 13:51:23,522 [INFO    ] [VolcanoAiPipeline   ] [MainThread] --- 
========== PHASE 4: MODEL EVALUATION ==========
2025-12-19 13:51:34,594 [INFO    ] [ACO_Engine_Master   ] [MainThread] --- [ACO Iter-60] Stagnasi (41) → Smooth Reset Pheromone.
2025-12-19 13:51:46,750 [INFO    ] [ACO_Engine_Master   ] [MainThread] --- [ACO Iter-101] Stagnasi (41) → Smooth Reset Pheromone.
2025-12-19 13:52:44,789 [INFO    ] [ACO_Engine_Master   ] [MainThread] --- [ACO Iter-157] Stagnasi (41) → Smooth Reset Pheromone.
2025-12-19 13:53:07,113 [INFO    ] [ACO_Engine_Master   ] [MainThread] --- Visual ACO tersimpan: C:\Users\USER\Downloads\Earthquake_Volcan\Earthquake_Volcano\output\aco_results/aco_impact_zones.html
2025-12-19 13:53:07,123 [INFO    ] [ACO_Engine_Master   ] [MainThread] --- [ACO] Output GA tersimpan → C:\Users\USER\Downloads\Earthquake_Volcan\Earthquake_Volcano\output\aco_results\aco_to_ga.json
2025-12-19 13:53:07,125 [INFO    ] [ACO_Engine_Master   ] [MainThread] --- [ACO] Impact Center: {'center_lat': -8.029902657177464, 'center_lon': 113.3336733520494, 'lat_column_used': 'Lintang', 'lon_column_used': 'Bujur'} | Impact Area (km²): 211.87322205169926
2025-12-19 13:53:09,455 [INFO    ] [VolcanoAI.LstmEngine] [MainThread] --- [LSTM] Saved CSV (overwrite-safe): master=output\lstm_results\lstm_records_2y_20241230.csv, recent=output\lstm_results\lstm_recent_15d_20241230.csv, anomalies=output\lstm_results\lstm_anomalies_20241230.csv
2025-12-19 13:53:09,699 [INFO    ] [VolcanoAI.LstmEngine] [MainThread] --- [Vault] Model Cluster 0 berhasil dimuat.
2025-12-19 13:53:09,783 [ERROR   ] [VolcanoAI.NaiveBayesEngine] [MainThread] --- Evaluasi gagal: At least one label specified must be in y_true
2025-12-19 13:53:10,196 [INFO    ] [VolcanoAI.Reporter  ] [MainThread] --- Generating Dual Dashboard HTML...
2025-12-19 13:53:11,849 [CRITICAL] [VolcanoAiPipeline   ] [MainThread] --- PIPELINE FAILED: [Errno 2] No such file or directory: 'C:\\Users\\USER\\Downloads\\Earthquake_Volcan\\Earthquake_Volcano\\VolcanoAI\\reporting\\templates\\monitor_live_template.html'
Traceback (most recent call last):
  File "C:\Users\USER\Downloads\Earthquake_Volcan\Earthquake_Volcano\main.py", line 610, in run
    self.reporter.run(df_final, metrics, anomalies)
  File "C:\Users\USER\Downloads\Earthquake_Volcan\Earthquake_Volcano\VolcanoAI\reporting\comprehensive_reporter.py", line 278, in run
    self._build_and_save_dashboard(self.dashboard_path_static, html_map_static, latest_row, img_trend, is_live=False)
  File "C:\Users\USER\Downloads\Earthquake_Volcan\Earthquake_Volcano\VolcanoAI\reporting\comprehensive_reporter.py", line 327, in _build_and_save_dashboard
    template_html = template_path.read_text(encoding="utf-8")
  File "C:\Users\USER\AppData\Local\Programs\Python\Python310\lib\pathlib.py", line 1134, in read_text
    with self.open(mode='r', encoding=encoding, errors=errors) as f:
  File "C:\Users\USER\AppData\Local\Programs\Python\Python310\lib\pathlib.py", line 1119, in open
    return self._accessor.open(self, mode, buffering, encoding, errors,
FileNotFoundError: [Errno 2] No such file or directory: 'C:\\Users\\USER\\Downloads\\Earthquake_Volcan\\Earthquake_Volcano\\VolcanoAI\\reporting\\templates\\monitor_live_template.html'
2025-12-19 13:53:11,967 [INFO    ] [VolcanoAiPipeline   ] [MainThread] --- System shutdown. Uptime: 283.82s
